# lattice-scale --inv-acoustic-scale=1 "ark:gunzip -c exp/mono/decode/lat.*.gz|" ark:- | lattice-add-penalty --word-ins-penalty=0.0 ark:- ark:- | lattice-best-path --word-symbol-table=exp/mono/graph/words.txt ark:- ark,t:exp/mono/decode/scoring/1.tra 
# Started at Sat Dec 23 22:01:39 IST 2017
#
lattice-best-path --word-symbol-table=exp/mono/graph/words.txt ark:- ark,t:exp/mono/decode/scoring/1.tra 
lattice-add-penalty --word-ins-penalty=0.0 ark:- ark:- 
lattice-scale --inv-acoustic-scale=1 'ark:gunzip -c exp/mono/decode/lat.*.gz|' ark:- 
LOG (lattice-best-path[5.3]:main():lattice-best-path.cc:99) For utterance hi2501M0001, best cost 55.5176 + 67663.3 = 67718.9 over 698 frames.
hi2501M0001 dhobina jaba sokara utxhatii to dekhatii ki cookaa saapha padxaa hei oora bartana mamqje hue hei 
LOG (lattice-best-path[5.3]:main():lattice-best-path.cc:99) For utterance hi2501M0002, best cost 42.4712 + 65324 = 65366.4 over 698 frames.
hi2501M0002 yahaamq se lagabhaga paamqca miila daksxinxa pashcima meq katxaghara gaamqva hei 
LOG (lattice-best-path[5.3]:main():lattice-best-path.cc:99) For utterance hi2501M0003, best cost 74.8891 + 68175.8 = 68250.7 over 698 frames.
hi2501M0003 maaluuma ho jeise megha paanii paanii ho gae hoq oora bijaliyaamq txukadxe txukadxe ho gaii hoq 
LOG (lattice-best-path[5.3]:main():lattice-best-path.cc:99) For utterance hi2501M0004, best cost 76.8248 + 65458.9 = 65535.7 over 698 frames.
hi2501M0004 bhuumi ke usane vaha cavannii saaga khariidate samaya eka buudxhaii oorata ko bhii dii 
LOG (lattice-best-path[5.3]:main():lattice-best-path.cc:99) For utterance hi2501M0005, best cost 79.9282 + 67588.9 = 67668.8 over 698 frames.
hi2501M0005 ruupakumaarii isa kathana ko use acchii kii daastaana se jyaadaa mahatva nahii denaa caahatii 
LOG (lattice-best-path[5.3]:main():lattice-best-path.cc:99) For utterance hi2501M0006, best cost 67.0276 + 65285.3 = 65352.3 over 698 frames.
hi2501M0006 usame se harii ghaasa ke caraagaahoq kaa badxaa hii sundara drushya dikhaaii detaa thaa 
LOG (lattice-best-path[5.3]:main():lattice-best-path.cc:99) For utterance hi2501M0007, best cost 70.5884 + 67382.8 = 67453.4 over 698 frames.
hi2501M0007 phira dhiire dhiire use piinaa hii nahii duudha kii kii botala pahacaananaa bhii aayaa 
LOG (lattice-best-path[5.3]:main():lattice-best-path.cc:99) For utterance hi2501M0008, best cost 77.7048 + 65806.6 = 65884.3 over 698 frames.
hi2501M0008 agale dina vaha bhii icchaa se bhare hue tiina theile lekara mahilaa ke paasa aayaa 
LOG (lattice-best-path[5.3]:main():lattice-best-path.cc:99) For utterance hi2501M0009, best cost 91.01 + 67670.7 = 67761.7 over 698 frames.
hi2501M0009 yaha oora idhara usakii donoq bahaneq bhii vyaahii jaane ke baada apane patiyoq ke saatha calii gaii thii 
LOG (lattice-best-path[5.3]:main():lattice-best-path.cc:99) For utterance hi2501M0010, best cost 83.4903 + 67161.7 = 67245.2 over 698 frames.
hi2501M0010 cadxdxhaa ne vyathita svara se kahaa calo dekha lo magara tiina caara ghara kii hote heiq 
LOG (lattice-best-path[5.3]:main():lattice-best-path.cc:99) For utterance hi2501M0011, best cost 55.609 + 67001.5 = 67057.1 over 698 frames.
hi2501M0011 dhobina jaba sokara utxhatii to dekhatii ki cookaa saapha padxaa hei oora bartana mamqje hue hei 
LOG (lattice-best-path[5.3]:main():lattice-best-path.cc:99) For utterance hi2501M0012, best cost 42.4246 + 62715.3 = 62757.7 over 698 frames.
hi2501M0012 yahaamq se lagabhaga paamqca miila daksxinxa pashcima meq katxaghara gaamqva hei 
LOG (lattice-best-path[5.3]:main():lattice-best-path.cc:99) For utterance hi2501M0013, best cost 114.054 + 67344.2 = 67458.3 over 698 frames.
hi2501M0013 meq itanaa badxaa vishvaasaghaata na karanaa caahie ghara mana kii kii meq kaii jaa hei 
LOG (lattice-best-path[5.3]:main():lattice-best-path.cc:99) For utterance hi2501M0014, best cost 90.1351 + 65604 = 65694.1 over 698 frames.
hi2501M0014 buudxhaii ko bahuta kiyaa aavaaja meq bolate dekha maqgala ko badxaa aashcarya huaa 
LOG (lattice-best-path[5.3]:main():lattice-best-path.cc:99) For utterance hi2501M0015, best cost 54.1146 + 62432.1 = 62486.2 over 698 frames.
hi2501M0015 prukruti oora manusxya ki biica taalamela saqbhava hogaa kyaa 
LOG (lattice-best-path[5.3]:main():lattice-best-path.cc:99) For utterance hi2501M0016, best cost 82.4369 + 66553.8 = 66636.2 over 698 frames.
hi2501M0016 kucha samaya baada do raaja girjaaghara kii miinaara kii marammata karane khela ne ho 
LOG (lattice-best-path[5.3]:main():lattice-best-path.cc:99) For utterance hi2501M0017, best cost 100.928 + 68397.1 = 68498 over 698 frames.
hi2501M0017 do sadxaqka bacapana meq gaamqva se do kosa duura se shuruu hotii thii oora kosoq duura calii jaatii thiiq 
LOG (lattice-best-path[5.3]:main():lattice-best-path.cc:99) For utterance hi2501M0018, best cost 70.203 + 64953.2 = 65023.4 over 698 frames.
hi2501M0018 eisaa jaana padxaa vaha kucha javaaba denaa caahataa hei magara shabda nahii mila rahe heiq 
LOG (lattice-best-path[5.3]:main():lattice-best-path.cc:99) For utterance hi2501M0019, best cost 59.4118 + 65835.6 = 65895 over 698 frames.
hi2501M0019 laalamanxi ke jaane ke baada meiqne vasiiyata kaa duusaraa anuccheda padxhaqa 
LOG (lattice-best-path[5.3]:main():lattice-best-path.cc:99) For utterance hi2501M0020, best cost 68.9655 + 66389.7 = 66458.7 over 698 frames.
hi2501M0020 ve subaha shaama bhagavaana kii puujaa karate oora dopahara meq ladxaqkiyoq ko padxhaqate the 
LOG (lattice-best-path[5.3]:main():lattice-best-path.cc:99) For utterance hi2502M0021, best cost 55.9 + 65486 = 65541.9 over 698 frames.
hi2502M0021 dhobina jaba sokara utxhatii to dekhatii ki cookaa saapha padxaa hei oora bartana mamqje hue hei 
LOG (lattice-best-path[5.3]:main():lattice-best-path.cc:99) For utterance hi2502M0022, best cost 44.7293 + 61892.3 = 61937 over 698 frames.
hi2502M0022 yahaamq se lagabhaga paamqca miila daksxinxa pashcima meq katxaghara gaamqva hei 
LOG (lattice-best-path[5.3]:main():lattice-best-path.cc:99) For utterance hi2502M0023, best cost 68.9755 + 65595.5 = 65664.5 over 698 frames.
hi2502M0023 mujhe gaqguu ke saqtusxtxa oora sukhii jiivana para eka prkaara kii iirsxyaa hotii thiiq 
LOG (lattice-best-path[5.3]:main():lattice-best-path.cc:99) For utterance hi2502M0024, best cost 43.8503 + 62652.1 = 62696 over 698 frames.
hi2502M0024 meiqne unheq dhiiraja baqdhaayaa gurudeva dila chotxaa mata kiijiye 
LOG (lattice-best-path[5.3]:main():lattice-best-path.cc:99) For utterance hi2502M0025, best cost 85.549 + 64817.7 = 64903.2 over 698 frames.
hi2502M0025 svabhaava meq kucha garimaa aa gaii hei oora baataciita karane meq jaakara catura ho gayaa hei 
LOG (lattice-best-path[5.3]:main():lattice-best-path.cc:99) For utterance hi2502M0026, best cost 93.3796 + 65031.2 = 65124.6 over 698 frames.
hi2502M0026 sacamuca sii ve kabuutaroq ke badxae laadxa caava oora pyaara se dekhabhaala karate the 
LOG (lattice-best-path[5.3]:main():lattice-best-path.cc:99) For utterance hi2502M0027, best cost 91.1977 + 68342.6 = 68433.8 over 698 frames.
hi2502M0027 eisaa alookika prema tathaa vishvaasa dekhakara raajaa mana hii mana botala ucita ho rahaa thaa 
LOG (lattice-best-path[5.3]:main():lattice-best-path.cc:99) For utterance hi2502M0028, best cost 69.1009 + 64015.7 = 64084.8 over 698 frames.
hi2502M0028 paamqca mahiine pahale meine aakaasha meq eka tiira chodxaqa thaa ladxaqkii ne javaaba diyaa hei 
LOG (lattice-best-path[5.3]:main():lattice-best-path.cc:99) For utterance hi2502M0029, best cost 95.8267 + 66999.9 = 67095.7 over 698 frames.
hi2502M0029 ujaalii raatoq meq jaba saba loga so jaate taba harii ki ke thaapatii dikhaayii detii 
LOG (lattice-best-path[5.3]:main():lattice-best-path.cc:99) For utterance hi2502M0030, best cost 70.9052 + 66478.5 = 66549.4 over 698 frames.
hi2502M0030 usane ucita kishtoq meq chatipuurti kii raashi vasuula karane kii vyavasthaa kara dii hei 
LOG (lattice-best-path[5.3]:main():lattice-best-path.cc:99) For utterance hi2502M0031, best cost 53.4911 + 66024.4 = 66077.9 over 698 frames.
hi2502M0031 dhobina jaba sokara utxhatii to dekhatii ki cookaa saapha padxaa hei oora bartana mamqje hue hei 
LOG (lattice-best-path[5.3]:main():lattice-best-path.cc:99) For utterance hi2502M0032, best cost 41.6851 + 61122.6 = 61164.3 over 698 frames.
hi2502M0032 yahaamq se lagabhaga paamqca miila daksxinxa pashcima meq katxaghara gaamqva hei 
LOG (lattice-best-path[5.3]:main():lattice-best-path.cc:99) For utterance hi2502M0033, best cost 83.666 + 64032.7 = 64116.4 over 698 frames.
hi2502M0033 adhikaaqsha vyaktiyoq kii kii ko khetii para kii nirbhara rahanaa padxaqtaa hei 
LOG (lattice-best-path[5.3]:main():lattice-best-path.cc:99) For utterance hi2502M0034, best cost 41.8069 + 59812.3 = 59854.1 over 698 frames.
hi2502M0034 rasa kii buunda hamaare mana ko bhaatii thii 
LOG (lattice-best-path[5.3]:main():lattice-best-path.cc:99) For utterance hi2502M0035, best cost 59.6271 + 63150.8 = 63210.5 over 698 frames.
hi2502M0035 upabhoktaaoq ko bhii ucita muulyoq para krusxi padaartha mila jaate hei 
LOG (lattice-best-path[5.3]:main():lattice-best-path.cc:99) For utterance hi2502M0036, best cost 80.739 + 62974 = 63054.8 over 698 frames.
hi2502M0036 badxhaqte hue udyogoq ke lie ne kacce maaxla tathaa karane hei 
LOG (lattice-best-path[5.3]:main():lattice-best-path.cc:99) For utterance hi2502M0037, best cost 92.2507 + 65567.3 = 65659.6 over 698 frames.
hi2502M0037 raajaa ke mahala ke pichavaadxae rakhane ke do badxaa oora puraanaa suukhaa vruksxa thaa 
LOG (lattice-best-path[5.3]:main():lattice-best-path.cc:99) For utterance hi2502M0038, best cost 67.3536 + 65450.5 = 65517.8 over 698 frames.
hi2502M0038 mandiroq kaa vaastushilpa udxaiisaa meq naagra sheilii ke mandiroq ke kaaphii nikatxa hei 
LOG (lattice-best-path[5.3]:main():lattice-best-path.cc:99) For utterance hi2502M0039, best cost 67.1162 + 67139.9 = 67207 over 698 frames.
hi2502M0039 bhuumi ke upajaauupana ke aadhaara para siimaabandii kaa stara pacaasa ekadxaq taka hei 
LOG (lattice-best-path[5.3]:main():lattice-best-path.cc:99) For utterance hi2502M0040, best cost 98.2514 + 65643.7 = 65741.9 over 698 frames.
hi2502M0040 isake baada tumhaarii jo biica ho usase kaho vaha kara oora aba puurii ho jaaegii 
LOG (lattice-best-path[5.3]:main():lattice-best-path.cc:99) For utterance hi2503M0041, best cost 51.6013 + 62236.7 = 62288.3 over 698 frames.
hi2503M0041 dhobina jaba sokara utxhatii to dekhatii ki cookaa saapha padxaa hei oora bartana mamqje hue hei 
LOG (lattice-best-path[5.3]:main():lattice-best-path.cc:99) For utterance hi2503M0042, best cost 57.5878 + 61774.6 = 61832.2 over 698 frames.
hi2503M0042 kyaa se lagabhaga paamqca miila daksxinxa pashcima meq katxaghara gaamqva hei hei 
LOG (lattice-best-path[5.3]:main():lattice-best-path.cc:99) For utterance hi2503M0043, best cost 81.1765 + 62286.3 = 62367.4 over 698 frames.
hi2503M0043 meiq doodxaqkara daravaaje se nikala jaanaa caahataa kii kahiiq mutxhabhedxaq na ho jaa hei 
LOG (lattice-best-path[5.3]:main():lattice-best-path.cc:99) For utterance hi2503M0044, best cost 65.6499 + 62703.9 = 62769.5 over 698 frames.
hi2503M0044 taba donoq na jaane kisa deivii preranxaa se eka madhushaalaa ke saamane aa pahumqce 
LOG (lattice-best-path[5.3]:main():lattice-best-path.cc:99) For utterance hi2503M0045, best cost 69.0378 + 61149.5 = 61218.6 over 698 frames.
hi2503M0045 mahaaraajaa ne jijnyaasaa puurnxa drusxtxi se mahaaraanii kii ora dekhate mana kaa 
LOG (lattice-best-path[5.3]:main():lattice-best-path.cc:99) For utterance hi2503M0046, best cost 54.8843 + 62278.6 = 62333.5 over 698 frames.
hi2503M0046 turanta usane lutxeroq kii ora ghuumakara kahaa yaha koovaa bilakula jhuutxhaa hei 
LOG (lattice-best-path[5.3]:main():lattice-best-path.cc:99) For utterance hi2503M0047, best cost 73.8596 + 64554.2 = 64628.1 over 698 frames.
hi2503M0047 tuu ekadama jhuutxhii hei setxhanii ne apanii dhaaranxaa para saccaaii kii ora lagaa dii 
LOG (lattice-best-path[5.3]:main():lattice-best-path.cc:99) For utterance hi2503M0048, best cost 82.2918 + 63655.2 = 63737.5 over 698 frames.
hi2503M0048 unhoqne desha meq kucha kotxhii kaa saqghatxana khadxaqa kiyaa jo itihaasa meq advitiiya hei 
LOG (lattice-best-path[5.3]:main():lattice-best-path.cc:99) For utterance hi2503M0049, best cost 30.0257 + 56723.4 = 56753.4 over 698 frames.
hi2503M0049 paartxii sattaa ke khilaapha hei 
LOG (lattice-best-path[5.3]:main():lattice-best-path.cc:99) For utterance hi2503M0050, best cost 91.6695 + 60700 = 60791.7 over 698 frames.
hi2503M0050 coodharii ne apane ko de samaapta kiyaa oora apanii jagaha para kaama detii 
LOG (lattice-best-path[5.3]:main():lattice-best-path.cc:99) For utterance hi2503M0051, best cost 51.8218 + 64871.8 = 64923.6 over 698 frames.
hi2503M0051 dhobina jaba sokara utxhatii to dekhatii ki cookaa saapha padxaa hei oora bartana mamqje hue hei 
LOG (lattice-best-path[5.3]:main():lattice-best-path.cc:99) For utterance hi2503M0052, best cost 40.4421 + 60438.4 = 60478.9 over 698 frames.
hi2503M0052 yahaamq se lagabhaga paamqca miila daksxinxa pashcima meq katxaghara gaamqva hei 
LOG (lattice-best-path[5.3]:main():lattice-best-path.cc:99) For utterance hi2503M0053, best cost 63.3812 + 60649.4 = 60712.8 over 698 frames.
hi2503M0053 ve aba vahaamq para noo dasa hajaara phutxa kii uumqcaaii para milate hei 
LOG (lattice-best-path[5.3]:main():lattice-best-path.cc:99) For utterance hi2503M0054, best cost 95.7263 + 64414.4 = 64510.2 over 698 frames.
hi2503M0054 ko samaya pahale kii baata hei kii kisii ke eka dhanii oora vyasta vyaapaarii rahataa thaa 
LOG (lattice-best-path[5.3]:main():lattice-best-path.cc:99) For utterance hi2503M0055, best cost 87.6933 + 65168.3 = 65256 over 698 frames.
hi2503M0055 sabuuta heiq ve do caara pedxaq jo idhara udhara uge hue hei baaki saba kaatxa dxaale gae hei 
LOG (lattice-best-path[5.3]:main():lattice-best-path.cc:99) For utterance hi2503M0056, best cost 78.2201 + 64656.6 = 64734.8 over 698 frames.
hi2503M0056 to vaha kyoq usa pratisxtxhaa oora sammmaana ko tyaaga de jo usakii bahuta 
LOG (lattice-best-path[5.3]:main():lattice-best-path.cc:99) For utterance hi2503M0057, best cost 73.9886 + 63527.3 = 63601.3 over 698 frames.
hi2503M0057 biimaarii ke coothe dina aacaarya cuudxaqamanxi ne buudxhaii ko dekha kara use bulaayaa thaa 
LOG (lattice-best-path[5.3]:main():lattice-best-path.cc:99) For utterance hi2503M0058, best cost 123.39 + 63922 = 64045.4 over 698 frames.
hi2503M0058 ve kahane lage diivaanajii aapane bhii dasa ki ghodxe ke baahara ko socaa hei kyaa hei 
LOG (lattice-best-path[5.3]:main():lattice-best-path.cc:99) For utterance hi2503M0059, best cost 106.776 + 65861.6 = 65968.4 over 698 frames.
hi2503M0059 apane saqkatxamocana ke makaana kaa uuparii khanxdxa meiq jagatpati mishra se mishra jaa ko detaa heiq 
LOG (lattice-best-path[5.3]:main():lattice-best-path.cc:99) For utterance hi2503M0060, best cost 55.7708 + 60347.4 = 60403.2 over 698 frames.
hi2503M0060 jo vidyaa ghamaqdxii banaa de usase murkha ne acchaa 
LOG (lattice-best-path[5.3]:main():lattice-best-path.cc:99) For utterance hi2504M0061, best cost 63.1684 + 65220.2 = 65283.4 over 698 frames.
hi2504M0061 dhobina jaba sokara utxhatii to dekhatii ki ki cookaa saapha padxaa hei oora bartana mamqje hue hei 
LOG (lattice-best-path[5.3]:main():lattice-best-path.cc:99) For utterance hi2504M0062, best cost 58.7785 + 63362 = 63420.7 over 698 frames.
hi2504M0062 yahaamq se lagabhaga paamqca miila daksxinxa pashcima ke meq katxaghara gaamqva hei 
LOG (lattice-best-path[5.3]:main():lattice-best-path.cc:99) For utterance hi2504M0063, best cost 36.5854 + 58585.5 = 58622.1 over 698 frames.
hi2504M0063 puurva yuga meq maanava aalasii nahiiq thaa 
LOG (lattice-best-path[5.3]:main():lattice-best-path.cc:99) For utterance hi2504M0064, best cost 78.7976 + 65915.2 = 65994 over 698 frames.
hi2504M0064 yaha suucanaa sadana meq kaaqgresa mukhya sabase sacetaka diipacaqda baqdhu ne dii 
LOG (lattice-best-path[5.3]:main():lattice-best-path.cc:99) For utterance hi2504M0065, best cost 78.9935 + 62170.2 = 62249.2 over 698 frames.
hi2504M0065 ise kahaa diyaa hei sabase badxaii aparaadhii to hamaarii sarakaara dii hei 
LOG (lattice-best-path[5.3]:main():lattice-best-path.cc:99) For utterance hi2504M0066, best cost 68.0873 + 61665.9 = 61734 over 698 frames.
hi2504M0066 hamaarii sarakaara ne saqvidhaana meq meq saqkalpa ghosxita bhii kiyaa hei 
LOG (lattice-best-path[5.3]:main():lattice-best-path.cc:99) For utterance hi2504M0067, best cost 24.8198 + 57477.3 = 57502.2 over 698 frames.
hi2504M0067 aaja vahaamq paartxii hei 
LOG (lattice-best-path[5.3]:main():lattice-best-path.cc:99) For utterance hi2504M0068, best cost 43.6945 + 57891.2 = 57934.9 over 698 frames.
hi2504M0068 dhyeya lagabhaga biisa phutxa uumqcaa hei 
LOG (lattice-best-path[5.3]:main():lattice-best-path.cc:99) For utterance hi2504M0069, best cost 69.5494 + 59953.7 = 60023.2 over 698 frames.
hi2504M0069 maakapaa ke khela kaaryakartaaoq ko ghaayala kara diyaa diyaa 
LOG (lattice-best-path[5.3]:main():lattice-best-path.cc:99) For utterance hi2504M0070, best cost 55.7997 + 63655.8 = 63711.6 over 698 frames.
hi2504M0070 betxara sambandhii isa khoja ke kaaranxa veijnyaanika jagata unakii ora aakrusxtxa huaa 
LOG (lattice-best-path[5.3]:main():lattice-best-path.cc:99) For utterance hi2504M0071, best cost 63.2663 + 63454.2 = 63517.5 over 698 frames.
hi2504M0071 dhobina jaba sokara utxhatii to dekhatii ki ki cookaa saapha padxaa hei oora bartana mamqje hue hei 
LOG (lattice-best-path[5.3]:main():lattice-best-path.cc:99) For utterance hi2504M0072, best cost 42.4757 + 62812.7 = 62855.2 over 698 frames.
hi2504M0072 yahaamq se lagabhaga paamqca miila daksxinxa pashcima meq katxaghara gaamqva hei 
LOG (lattice-best-path[5.3]:main():lattice-best-path.cc:99) For utterance hi2504M0073, best cost 50.9135 + 61751.5 = 61802.4 over 698 frames.
hi2504M0073 yahaamq para aadivaasii lokakalaa ke lagabhaga saba namuune heiq 
LOG (lattice-best-path[5.3]:main():lattice-best-path.cc:99) For utterance hi2504M0074, best cost 54.5154 + 62822.9 = 62877.5 over 698 frames.
hi2504M0074 dekho naa mere peira dina para dina mujhe majabuura kiye jaa rahe heiq 
LOG (lattice-best-path[5.3]:main():lattice-best-path.cc:99) For utterance hi2504M0075, best cost 79.4411 + 59450.1 = 59529.6 over 698 frames.
hi2504M0075 kapadxe pahanuuqgii para noo apanii se do dhulavaakara aa 
LOG (lattice-best-path[5.3]:main():lattice-best-path.cc:99) For utterance hi2504M0076, best cost 55.6349 + 62352.5 = 62408.1 over 698 frames.
hi2504M0076 kyaa shaadii isiilie huyii thii ki saaraa jiivana ghutxa ghutxa kara kaatxaa jaaye 
LOG (lattice-best-path[5.3]:main():lattice-best-path.cc:99) For utterance hi2504M0077, best cost 33.8955 + 56043.6 = 56077.5 over 698 frames.
hi2504M0077 yaha dekhaa jaataa hei hei 
LOG (lattice-best-path[5.3]:main():lattice-best-path.cc:99) For utterance hi2504M0078, best cost 27.1118 + 57749.5 = 57776.6 over 698 frames.
hi2504M0078 meiqne kalara txiivii khariidaa hei 
LOG (lattice-best-path[5.3]:main():lattice-best-path.cc:99) For utterance hi2504M0079, best cost 76.3672 + 64587.6 = 64663.9 over 698 frames.
hi2504M0079 sastii saakha ke upalabdha na hone ke kaaranxa bhaarata meq byaaja kii dara bahuta uumqcii rahatii hei 
LOG (lattice-best-path[5.3]:main():lattice-best-path.cc:99) For utterance hi2504M0080, best cost 83.6354 + 64758.4 = 64842 over 698 frames.
hi2504M0080 para jaba suqdarii kisii taraha maanii to use acchii apanaa dharma lekara behataashaa bhaage 
LOG (lattice-best-path[5.3]:main():lattice-best-path.cc:99) For utterance hi2505M0081, best cost 58.8069 + 68754.8 = 68813.6 over 698 frames.
hi2505M0081 dhobina jaba sokara utxhatii to dekhatii ki cookaa saapha padxaa hei oora bartana mamqje 
LOG (lattice-best-path[5.3]:main():lattice-best-path.cc:99) For utterance hi2505M0082, best cost 42.9345 + 62786.3 = 62829.2 over 698 frames.
hi2505M0082 yahaamq se lagabhaga paamqca miila daksxinxa pashcima meq katxaghara gaamqva hei 
LOG (lattice-best-path[5.3]:main():lattice-best-path.cc:99) For utterance hi2505M0083, best cost 89.4558 + 65307.7 = 65397.1 over 698 frames.
hi2505M0083 vaha thodxae samaya taka cupa rahaa phira bolaa hamaaraa itanii dukhii mata to hei 
LOG (lattice-best-path[5.3]:main():lattice-best-path.cc:99) For utterance hi2505M0084, best cost 46.1694 + 65623.6 = 65669.8 over 698 frames.
hi2505M0084 dhanurdhaarinxii ladxaqkii daravaaje ke saamane ghaata lagaae beitxhii thii 
LOG (lattice-best-path[5.3]:main():lattice-best-path.cc:99) For utterance hi2505M0085, best cost 91.0793 + 64510.7 = 64601.8 over 698 frames.
hi2505M0085 koii oora upaaya to thaa nahiiq isalie vaha gaamqva chodxaq jaqgala meq jaa basaa hei 
LOG (lattice-best-path[5.3]:main():lattice-best-path.cc:99) For utterance hi2505M0086, best cost 78.941 + 66000.3 = 66079.3 over 698 frames.
hi2505M0086 aadhii raata hote kii baaghoq kii dahaadxaq oora bhedxaiyoq kii ciikha sunaayii dene lagatii hei 
LOG (lattice-best-path[5.3]:main():lattice-best-path.cc:99) For utterance hi2505M0087, best cost 68.8884 + 65657.1 = 65726 over 698 frames.
hi2505M0087 usane phira vahii pataa baagha ke shava para ragadxaqa oora vaha punarjiivita ho gayaa 
LOG (lattice-best-path[5.3]:main():lattice-best-path.cc:99) For utterance hi2505M0088, best cost 92.104 + 65889.6 = 65981.7 over 698 frames.
hi2505M0088 saqgrahaalaya meq deshabhara use ikatxhtxhii kii gayii kalaa kii amuulya vastueq rakhii dii hei 
LOG (lattice-best-path[5.3]:main():lattice-best-path.cc:99) For utterance hi2505M0089, best cost 27.2649 + 56871.2 = 56898.5 over 698 frames.
hi2505M0089 paartxii sattaa meq hei 
LOG (lattice-best-path[5.3]:main():lattice-best-path.cc:99) For utterance hi2505M0090, best cost 75.9651 + 66001.6 = 66077.6 over 698 frames.
hi2505M0090 gaamqva ke baalaka baalikaaoq meq isa vilaksxanxa khela ne abhuutapuurva saahasa bhara diyaa 
LOG (lattice-best-path[5.3]:main():lattice-best-path.cc:99) For utterance hi2505M0091, best cost 54.5684 + 66377.7 = 66432.3 over 698 frames.
hi2505M0091 dhobina jaba sokara utxhatii to dekhatii ki cookaa saapha padxaa hei oora bartana mamqje hue hei 
LOG (lattice-best-path[5.3]:main():lattice-best-path.cc:99) For utterance hi2505M0092, best cost 70.0441 + 62235.6 = 62305.6 over 698 frames.
hi2505M0092 yahaamq se lagabhaga paamqca miila pashcima daksxinxa meq katxaghara gaamqva hei 
LOG (lattice-best-path[5.3]:main():lattice-best-path.cc:99) For utterance hi2505M0093, best cost 78.132 + 61641.4 = 61719.5 over 698 frames.
hi2505M0093 vaha para desha kaaqgresa ke alpasaqkhyaka sela ke mukhiyaa hei 
LOG (lattice-best-path[5.3]:main():lattice-best-path.cc:99) For utterance hi2505M0094, best cost 52.9095 + 60217.2 = 60270.1 over 698 frames.
hi2505M0094 puure desha meq isase dxaakasevaa lagabhaga txhappa ho gaii hei 
LOG (lattice-best-path[5.3]:main():lattice-best-path.cc:99) For utterance hi2505M0095, best cost 85.1839 + 64500.2 = 64585.4 over 698 frames.
hi2505M0095 saqbhava hei yaha maamalaa nirnxaya ke lie ika keqdriiya maqtrii maqdxala ke saamane rakhaa jaae 
LOG (lattice-best-path[5.3]:main():lattice-best-path.cc:99) For utterance hi2505M0096, best cost 64.3709 + 62236.2 = 62300.6 over 698 frames.
hi2505M0096 bhagata ke anusaara mahattvapuurnxa kaauqtxaroq para kaama phoorana hei 
LOG (lattice-best-path[5.3]:main():lattice-best-path.cc:99) For utterance hi2505M0097, best cost 73.4442 + 63536.5 = 63609.9 over 698 frames.
hi2505M0097 suqdaralaala patxavaa sarakaara ne nae jailoq ke gatxhana kii ghosxanxaa kii tiina hei 
LOG (lattice-best-path[5.3]:main():lattice-best-path.cc:99) For utterance hi2505M0098, best cost 117.639 + 64690.2 = 64807.9 over 698 frames.
hi2505M0098 eisaa saqketa hei kii se patxasana anya meq eise ghuse anya tatvoq kii dii na jaane kisa 
LOG (lattice-best-path[5.3]:main():lattice-best-path.cc:99) For utterance hi2505M0099, best cost 106.596 + 63294.4 = 63401 over 698 frames.
hi2505M0099 jeise ke modii stxiilsa ke tiina meq janavarii ise taalaabaqdii lagii huyii hei 
LOG (lattice-best-path[5.3]:main():lattice-best-path.cc:99) For utterance hi2505M0100, best cost 89.1996 + 65783 = 65872.2 over 698 frames.
hi2505M0100 mahaaraanxaa vikramaaditya kaa raaja bhii to eisaa nahiiq thaa ki loga unase prema rasa the 
LOG (lattice-best-path[5.3]:main():lattice-best-path.cc:99) For utterance hi2508M0101, best cost 49.9123 + 64019.4 = 64069.3 over 698 frames.
hi2508M0101 dhobina jaba sokara utxhatii to dekhatii ki cookaa saapha padxaa hei oora bartana mamqje hue hei 
LOG (lattice-best-path[5.3]:main():lattice-best-path.cc:99) For utterance hi2508M0102, best cost 47.356 + 61643.6 = 61690.9 over 698 frames.
hi2508M0102 yaha yahaamq se lagabhaga paamqca miila daksxinxa pashcima meq katxaghara gaamqva hei 
LOG (lattice-best-path[5.3]:main():lattice-best-path.cc:99) For utterance hi2508M0103, best cost 66.5553 + 63753.2 = 63819.8 over 698 frames.
hi2508M0103 yaha maqdxapa lagabhaga dasa tiira uumqce gola staqbhoq para txikaa hei 
LOG (lattice-best-path[5.3]:main():lattice-best-path.cc:99) For utterance hi2508M0104, best cost 82.7234 + 67055.7 = 67138.5 over 698 frames.
hi2508M0104 alabattaa kaii oora apsaraaoq kii muurtiyoq apane puure bhagata ke saatha aa gaii hei 
LOG (lattice-best-path[5.3]:main():lattice-best-path.cc:99) For utterance hi2508M0105, best cost 53.5112 + 62388.9 = 62442.4 over 698 frames.
hi2508M0105 jaiqdagii ika kaamqtxaa hei cubhanaa hii isakii kahaanii hei hei 
LOG (lattice-best-path[5.3]:main():lattice-best-path.cc:99) For utterance hi2508M0106, best cost 33.4942 + 59233.9 = 59267.4 over 698 frames.
hi2508M0106 aalasii manusxya paakhaqdxii hote hei 
LOG (lattice-best-path[5.3]:main():lattice-best-path.cc:99) For utterance hi2508M0107, best cost 51.0662 + 59454 = 59505.1 over 698 frames.
hi2508M0107 paartxii ko nyaaya kiye hei hei 
LOG (lattice-best-path[5.3]:main():lattice-best-path.cc:99) For utterance hi2508M0108, best cost 42.7446 + 59060.2 = 59103 over 698 frames.
hi2508M0108 bhaarata meq yaha saba saadhana upalabdha hei 
LOG (lattice-best-path[5.3]:main():lattice-best-path.cc:99) For utterance hi2508M0109, best cost 29.3843 + 57545.6 = 57575 over 698 frames.
hi2508M0109 uttara spasxtxa hei hei 
LOG (lattice-best-path[5.3]:main():lattice-best-path.cc:99) For utterance hi2508M0110, best cost 85.0086 + 66663.7 = 66748.7 over 698 frames.
hi2508M0110 cadxdxaa bhagavaan nahiiq the kii unakii eka nigaaha dekha lene se amruta barasa jaataa hei 
LOG (lattice-best-path[5.3]:main():lattice-best-path.cc:99) For utterance hi2508M0111, best cost 50.062 + 64414.1 = 64464.1 over 698 frames.
hi2508M0111 dhobina jaba sokara utxhatii to dekhatii ki cookaa saapha padxaa hei oora bartana mamqje hue hei 
LOG (lattice-best-path[5.3]:main():lattice-best-path.cc:99) For utterance hi2508M0112, best cost 37.842 + 59969.6 = 60007.5 over 698 frames.
hi2508M0112 yahaamq se lagabhaga paamqca miila daksxinxa pashcima meq katxaghara gaamqva hei 
LOG (lattice-best-path[5.3]:main():lattice-best-path.cc:99) For utterance hi2508M0113, best cost 61.5092 + 64144.4 = 64205.9 over 698 frames.
hi2508M0113 inakaa shilpa sooqdarya bhuuta kaala meq banii muurtiyoq meq milataa hei hei 
LOG (lattice-best-path[5.3]:main():lattice-best-path.cc:99) For utterance hi2508M0114, best cost 66.8338 + 66361.3 = 66428.1 over 698 frames.
hi2508M0114 pradhaana shivaalaya ke baahara lagabhaga biisa phutxa lambaaii kaa kaa gola maqdxapa hei 
LOG (lattice-best-path[5.3]:main():lattice-best-path.cc:99) For utterance hi2508M0115, best cost 88.3534 + 70677.7 = 70766 over 698 frames.
hi2508M0115 saata soo varsxa puurva ke lagabhaga vastra udyoga patxasana udyoga oora koyalaa udyoga aarambha huaa hei 
LOG (lattice-best-path[5.3]:main():lattice-best-path.cc:99) For utterance hi2508M0116, best cost 108.411 + 65257.5 = 65365.9 over 698 frames.
hi2508M0116 usane apane baabaa se kara diyaa kii meq isa pacaraqgii vaalii ise kii vivaaha karanaa hei 
LOG (lattice-best-path[5.3]:main():lattice-best-path.cc:99) For utterance hi2508M0117, best cost 53.0994 + 58728.7 = 58781.8 over 698 frames.
hi2508M0117 paartxii ko aaqdolana karanaa caaya hei hei 
LOG (lattice-best-path[5.3]:main():lattice-best-path.cc:99) For utterance hi2508M0118, best cost 88.0936 + 63815.1 = 63903.2 over 698 frames.
hi2508M0118 aaiisiiesaii skuula ke baccoq kaa dii parinxaama aksara behatara nahiiq hotaa hei hei 
LOG (lattice-best-path[5.3]:main():lattice-best-path.cc:99) For utterance hi2508M0119, best cost 48.2354 + 58685.2 = 58733.4 over 698 frames.
hi2508M0119 ise maadaka sthaana kii miinaara kahaa hei 
LOG (lattice-scale[5.3]:main():lattice-scale.cc:90) Done 140 lattices.
LOG (lattice-best-path[5.3]:main():lattice-best-path.cc:99) For utterance hi2508M0120, best cost 60.3753 + 63111.5 = 63171.9 over 698 frames.
hi2508M0120 yaha shabda una dinoq iqgleiqdxa ke eka samaacaara patra ne likhe the hei 
LOG (lattice-best-path[5.3]:main():lattice-best-path.cc:99) For utterance hi2509M0121, best cost 56.5154 + 63920.9 = 63977.4 over 698 frames.
hi2509M0121 dhobina jaba sokara utxhatii to dekhatii ki cookaa saapha padxaa oora bartana mamqje hue hei 
LOG (lattice-best-path[5.3]:main():lattice-best-path.cc:99) For utterance hi2509M0122, best cost 39.3589 + 60734.9 = 60774.3 over 698 frames.
hi2509M0122 yahaamq se lagabhaga paamqca miila daksxinxa pashcima meq katxaghara gaamqva hei 
LOG (lattice-best-path[5.3]:main():lattice-best-path.cc:99) For utterance hi2509M0123, best cost 62.7821 + 66910.4 = 66973.2 over 698 frames.
hi2509M0123 isake saqsthaana ne kacce lohe oora ispaata kaa utpaadana aarambha kara diyaa hei 
LOG (lattice-best-path[5.3]:main():lattice-best-path.cc:99) For utterance hi2509M0124, best cost 74.5344 + 65898.4 = 65972.9 over 698 frames.
hi2509M0124 dhyeya laakha rupayaa prativarsxa yaanii baaraha hajaara paaqca soo rupayaa mahiinaa hogii hei 
LOG (lattice-best-path[5.3]:main():lattice-best-path.cc:99) For utterance hi2509M0125, best cost 70.3402 + 64247 = 64317.3 over 698 frames.
hi2509M0125 riyaasata kii sukha samruddhi dekha kara unheq mahaaraaja kii kushalataa kaa pataa calegaa hei 
LOG (lattice-best-path[5.3]:main():lattice-best-path.cc:99) For utterance hi2509M0126, best cost 47.9987 + 63336.4 = 63384.4 over 698 frames.
hi2509M0126 hiqdii bhaasxaa eka sashakta praaciina oora samruddha bhaasxaa hei 
LOG (lattice-best-path[5.3]:main():lattice-best-path.cc:99) For utterance hi2509M0127, best cost 66.3837 + 63037.8 = 63104.2 over 698 frames.
hi2509M0127 kyaa vaastava meq hama itane aajaqada heiq ki hama kanaatxa plesa jaa sakate hei 
LOG (lattice-best-path[5.3]:main():lattice-best-path.cc:99) For utterance hi2509M0128, best cost 58.8248 + 59251 = 59309.8 over 698 frames.
hi2509M0128 kara diyaa na dostii ke rishte kaa kaqtla hei hei 
LOG (lattice-best-path[5.3]:main():lattice-best-path.cc:99) For utterance hi2509M0129, best cost 51.4151 + 60045.8 = 60097.2 over 698 frames.
hi2509M0129 dikhaa dii na iqsaana ne dimaagii juunuuna ke shakla hei 
LOG (lattice-best-path[5.3]:main():lattice-best-path.cc:99) For utterance hi2509M0130, best cost 84.8917 + 65351.6 = 65436.5 over 698 frames.
hi2509M0130 girane ke kaaranxa unako badxaii cotxa aayii oora aba ve khadxae bhii ne ho sakate hei 
LOG (lattice-best-path[5.3]:main():lattice-best-path.cc:99) For utterance hi2509M0131, best cost 56.838 + 64425.3 = 64482.2 over 698 frames.
hi2509M0131 dhobina jaba sokara utxhatii to dekhatii ki cookaa saapha padxaa oora bartana mamqje hue hei 
LOG (lattice-best-path[5.3]:main():lattice-best-path.cc:99) For utterance hi2509M0132, best cost 38.3329 + 60057.8 = 60096.2 over 698 frames.
hi2509M0132 yahaamq se lagabhaga paamqca miila daksxinxa pashcima meq katxaghara gaamqva hei 
LOG (lattice-add-penalty[5.3]:main():lattice-add-penalty.cc:62) Done adding word insertion penalty to 140 lattices.
LOG (lattice-best-path[5.3]:main():lattice-best-path.cc:99) For utterance hi2509M0133, best cost 78.8596 + 63729.9 = 63808.8 over 698 frames.
hi2509M0133 keidii ko jiivita rakhane ke lene usa samaya iishvara kaa badxaqa varadaana thaa hei 
LOG (lattice-best-path[5.3]:main():lattice-best-path.cc:99) For utterance hi2509M0134, best cost 55.6122 + 61337.9 = 61393.6 over 698 frames.
hi2509M0134 unhoqne apanii isa khoja kaa pradarshana iqgleiqdxa meq bhii kiyaa hei 
LOG (lattice-best-path[5.3]:main():lattice-best-path.cc:99) For utterance hi2509M0135, best cost 71.206 + 66309.7 = 66380.9 over 698 frames.
hi2509M0135 usane paqjaaba kaa adhikaaqsha bhaaga jiitaa oora hinduu raajya kii aadhaarashilaa rakhii se 
LOG (lattice-best-path[5.3]:main():lattice-best-path.cc:99) For utterance hi2509M0136, best cost 78.1801 + 66207.9 = 66286.1 over 698 frames.
hi2509M0136 jaqraa sii cuuq capadxaq kii to aastiina cadxhaqa kara oora peiqtare badala kara khadxaqa ho jaauumqgaa hei 
LOG (lattice-best-path[5.3]:main():lattice-best-path.cc:99) For utterance hi2509M0137, best cost 85.4752 + 64880.8 = 64966.3 over 698 frames.
hi2509M0137 isake maadhava ne kotxhii meq jaakara dekhaa to usakii caaya txhaqdxii ho gaii thii hei 
LOG (lattice-best-path[5.3]:main():lattice-best-path.cc:99) For utterance hi2509M0138, best cost 56.4957 + 64577.7 = 64634.2 over 698 frames.
hi2509M0138 taaqkhula loga manxipurii jaana jaatiyoq meq shresxtxha yoddhaa maane jaate hei 
LOG (lattice-best-path[5.3]:main():lattice-best-path.cc:99) For utterance hi2509M0139, best cost 78.9565 + 67606.3 = 67685.2 over 698 frames.
hi2509M0139 yahii saccii mitrataa kii kasootxii hei sabase jhuutxhe mitroq para kabhii vishvaasa mata karanaa hei 
LOG (lattice-best-path[5.3]:main():lattice-best-path.cc:99) For utterance hi2509M0140, best cost 106.578 + 67449.9 = 67556.5 over 698 frames.
hi2509M0140 hamaaraa dhyeya acchii kara use sahakaarii khetii karanaa hei naa kii dabaava dxaalakara hei 
LOG (lattice-best-path[5.3]:main():lattice-best-path.cc:124) Overall cost per frame is 91.3551 = 0.0965156 [graph] + 91.2586 [acoustic] over 97720 frames.
LOG (lattice-best-path[5.3]:main():lattice-best-path.cc:128) Done 140 lattices, failed for 0
# Accounting: time=1 threads=1
# Ended (code 0) at Sat Dec 23 22:01:40 IST 2017, elapsed time 1 seconds
