# lattice-scale --inv-acoustic-scale=29 "ark:gunzip -c exp/mono/decode/lat.*.gz|" ark:- | lattice-add-penalty --word-ins-penalty=0.0 ark:- ark:- | lattice-best-path --word-symbol-table=exp/mono/graph/words.txt ark:- ark,t:exp/mono/decode/scoring/29.tra 
# Started at Sat Dec 23 22:01:44 IST 2017
#
lattice-best-path --word-symbol-table=exp/mono/graph/words.txt ark:- ark,t:exp/mono/decode/scoring/29.tra 
lattice-add-penalty --word-ins-penalty=0.0 ark:- ark:- 
lattice-scale --inv-acoustic-scale=29 'ark:gunzip -c exp/mono/decode/lat.*.gz|' ark:- 
LOG (lattice-best-path[5.3]:main():lattice-best-path.cc:99) For utterance hi2501M0001, best cost 55.5176 + 2333.22 = 2388.74 over 698 frames.
hi2501M0001 dhobina jaba sokara utxhatii to dekhatii ki cookaa saapha padxaa hei oora bartana mamqje hue hei 
LOG (lattice-best-path[5.3]:main():lattice-best-path.cc:99) For utterance hi2501M0002, best cost 42.4712 + 2252.55 = 2295.02 over 698 frames.
hi2501M0002 yahaamq se lagabhaga paamqca miila daksxinxa pashcima meq katxaghara gaamqva hei 
LOG (lattice-best-path[5.3]:main():lattice-best-path.cc:99) For utterance hi2501M0003, best cost 74.8891 + 2350.89 = 2425.78 over 698 frames.
hi2501M0003 maaluuma ho jeise megha paanii paanii ho gae hoq oora bijaliyaamq txukadxe txukadxe ho gaii hoq 
LOG (lattice-best-path[5.3]:main():lattice-best-path.cc:99) For utterance hi2501M0004, best cost 64.88 + 2259.41 = 2324.29 over 698 frames.
hi2501M0004 bhuula se usane vaha cavannii saaga khariidate samaya eka buudxhaii oorata ko bhaatii thii 
LOG (lattice-best-path[5.3]:main():lattice-best-path.cc:99) For utterance hi2501M0005, best cost 66.6099 + 2334.9 = 2401.51 over 698 frames.
hi2501M0005 ruupakumaarii isa kathana ko shekhacillii kii daastaana se jyaadaa mahatva nahii denaa caahatii 
LOG (lattice-best-path[5.3]:main():lattice-best-path.cc:99) For utterance hi2501M0006, best cost 67.0276 + 2251.22 = 2318.24 over 698 frames.
hi2501M0006 usame se harii ghaasa ke caraagaahoq kaa badxaa hii sundara drushya dikhaaii detaa thaa 
LOG (lattice-best-path[5.3]:main():lattice-best-path.cc:99) For utterance hi2501M0007, best cost 63.6057 + 2325.06 = 2388.66 over 698 frames.
hi2501M0007 phira dhiire dhiire use piinaa hii nahii duudha kii botala pahacaananaa bhii aayaa 
LOG (lattice-best-path[5.3]:main():lattice-best-path.cc:99) For utterance hi2501M0008, best cost 68.4457 + 2271.62 = 2340.06 over 698 frames.
hi2501M0008 agale dina vaha biijoq se bhare hue tiina theile lekara mahilaa ke paasa aayaa 
LOG (lattice-best-path[5.3]:main():lattice-best-path.cc:99) For utterance hi2501M0009, best cost 77.4436 + 2335.16 = 2412.6 over 698 frames.
hi2501M0009 oora idhara usakii donoq bahaneq bhii vyaahii jaane ke baada apane patiyoq ke saatha calii gaii thiiq 
LOG (lattice-best-path[5.3]:main():lattice-best-path.cc:99) For utterance hi2501M0010, best cost 68.6734 + 2320.58 = 2389.25 over 698 frames.
hi2501M0010 cadxdxhaa ne vyathita svara se kahaa calo dekha lo magara tiina caara ghaqtxe ho gae heiq 
LOG (lattice-best-path[5.3]:main():lattice-best-path.cc:99) For utterance hi2501M0011, best cost 55.609 + 2310.4 = 2366.01 over 698 frames.
hi2501M0011 dhobina jaba sokara utxhatii to dekhatii ki cookaa saapha padxaa hei oora bartana mamqje hue hei 
LOG (lattice-best-path[5.3]:main():lattice-best-path.cc:99) For utterance hi2501M0012, best cost 42.4246 + 2162.6 = 2205.02 over 698 frames.
hi2501M0012 yahaamq se lagabhaga paamqca miila daksxinxa pashcima meq katxaghara gaamqva hei 
LOG (lattice-best-path[5.3]:main():lattice-best-path.cc:99) For utterance hi2501M0013, best cost 57.4619 + 2336.24 = 2393.71 over 698 frames.
hi2501M0013 meiq itanaa badxaa vishvaasaghaata na karuumqgaa caahie ghara mitxtxii hii hei 
LOG (lattice-best-path[5.3]:main():lattice-best-path.cc:99) For utterance hi2501M0014, best cost 67.7453 + 2268.94 = 2336.69 over 698 frames.
hi2501M0014 tuu ekadama jhuutxhii ki aavaaja meq bolate dekha maqgala ko badxaa aashcarya huaa 
LOG (lattice-best-path[5.3]:main():lattice-best-path.cc:99) For utterance hi2501M0015, best cost 47.446 + 2153.49 = 2200.94 over 698 frames.
hi2501M0015 prukruti oora manusxya ke biica taalamela saqbhava hogaa kyaa 
LOG (lattice-best-path[5.3]:main():lattice-best-path.cc:99) For utterance hi2501M0016, best cost 62.6561 + 2301.34 = 2363.99 over 698 frames.
hi2501M0016 kucha samaya baada do raaja girjaaghara kii miinaara kii marammata karane heiq 
LOG (lattice-best-path[5.3]:main():lattice-best-path.cc:99) For utterance hi2501M0017, best cost 83.1709 + 2362.09 = 2445.26 over 698 frames.
hi2501M0017 jo sadxaqka bacapana meq gaamqva se do kosa duura se shuruu hotii thiiq oora kosoq duura calii jaatii thiiq 
LOG (lattice-best-path[5.3]:main():lattice-best-path.cc:99) For utterance hi2501M0018, best cost 70.203 + 2239.77 = 2309.97 over 698 frames.
hi2501M0018 eisaa jaana padxaa vaha kucha javaaba denaa caahataa hei magara shabda nahii mila rahe heiq 
LOG (lattice-best-path[5.3]:main():lattice-best-path.cc:99) For utterance hi2501M0019, best cost 59.4118 + 2270.19 = 2329.6 over 698 frames.
hi2501M0019 laalamanxi ke jaane ke baada meiqne vasiiyata kaa duusaraa anuccheda padxhaqa 
LOG (lattice-best-path[5.3]:main():lattice-best-path.cc:99) For utterance hi2501M0020, best cost 68.9655 + 2289.3 = 2358.27 over 698 frames.
hi2501M0020 ve subaha shaama bhagavaana kii puujaa karate oora dopahara meq ladxaqkiyoq ko padxhaqate the 
LOG (lattice-best-path[5.3]:main():lattice-best-path.cc:99) For utterance hi2502M0021, best cost 55.9 + 2258.14 = 2314.04 over 698 frames.
hi2502M0021 dhobina jaba sokara utxhatii to dekhatii ki cookaa saapha padxaa hei oora bartana mamqje hue hei 
LOG (lattice-best-path[5.3]:main():lattice-best-path.cc:99) For utterance hi2502M0022, best cost 44.7293 + 2134.22 = 2178.95 over 698 frames.
hi2502M0022 yahaamq se lagabhaga paamqca miila daksxinxa pashcima meq katxaghara gaamqva hei 
LOG (lattice-best-path[5.3]:main():lattice-best-path.cc:99) For utterance hi2502M0023, best cost 68.6534 + 2261.97 = 2330.63 over 698 frames.
hi2502M0023 mujhe gaqguu ke saqtusxtxa oora sukhii jiivana para eka prkaara kii iirsxyaa hotii thii 
LOG (lattice-best-path[5.3]:main():lattice-best-path.cc:99) For utterance hi2502M0024, best cost 43.8503 + 2160.42 = 2204.27 over 698 frames.
hi2502M0024 meiqne unheq dhiiraja baqdhaayaa gurudeva dila chotxaa mata kiijiye 
LOG (lattice-best-path[5.3]:main():lattice-best-path.cc:99) For utterance hi2502M0025, best cost 76.9586 + 2237.57 = 2314.53 over 698 frames.
hi2502M0025 svabhaava meq kucha garimaa aa gaii hei oora baataciita karane meq jyaadaa catura ho gayaa hei 
LOG (lattice-best-path[5.3]:main():lattice-best-path.cc:99) For utterance hi2502M0026, best cost 77.8514 + 2245.72 = 2323.58 over 698 frames.
hi2502M0026 sacamuca kii ve kabuutaroq kii badxae laadxa caava oora pyaara se dekhabhaala karate the 
LOG (lattice-best-path[5.3]:main():lattice-best-path.cc:99) For utterance hi2502M0027, best cost 69.4082 + 2363.39 = 2432.8 over 698 frames.
hi2502M0027 eisaa alookika prema tathaa vishvaasa dekhakara raajaa mana hii mana bahuta lajjita ho rahaa thaa 
LOG (lattice-best-path[5.3]:main():lattice-best-path.cc:99) For utterance hi2502M0028, best cost 67.5981 + 2207.64 = 2275.24 over 698 frames.
hi2502M0028 paamqca mahiine pahale meine aakaasha meq eka tiira chodxaqa thaa ladxaqkii ne javaaba diyaa 
LOG (lattice-best-path[5.3]:main():lattice-best-path.cc:99) For utterance hi2502M0029, best cost 71.4129 + 2320.48 = 2391.9 over 698 frames.
hi2502M0029 ujaalii raatoq meq jaba saba loga so jaate taba bhii vaha iiqtxe thaapatii dikhaayii detii 
LOG (lattice-best-path[5.3]:main():lattice-best-path.cc:99) For utterance hi2502M0030, best cost 70.9052 + 2292.36 = 2363.27 over 698 frames.
hi2502M0030 usane ucita kishtoq meq chatipuurti kii raashi vasuula karane kii vyavasthaa kara dii hei 
LOG (lattice-best-path[5.3]:main():lattice-best-path.cc:99) For utterance hi2502M0031, best cost 53.4911 + 2276.7 = 2330.19 over 698 frames.
hi2502M0031 dhobina jaba sokara utxhatii to dekhatii ki cookaa saapha padxaa hei oora bartana mamqje hue hei 
LOG (lattice-best-path[5.3]:main():lattice-best-path.cc:99) For utterance hi2502M0032, best cost 41.6851 + 2107.68 = 2149.36 over 698 frames.
hi2502M0032 yahaamq se lagabhaga paamqca miila daksxinxa pashcima meq katxaghara gaamqva hei 
LOG (lattice-best-path[5.3]:main():lattice-best-path.cc:99) For utterance hi2502M0033, best cost 66.7685 + 2212.15 = 2278.92 over 698 frames.
hi2502M0033 adhikaaqsha vyaktiyoq kii ko khetii para hii nirbhara rahanaa padxaqtaa hei 
LOG (lattice-best-path[5.3]:main():lattice-best-path.cc:99) For utterance hi2502M0034, best cost 41.8069 + 2062.49 = 2104.3 over 698 frames.
hi2502M0034 rasa kii buunda hamaare mana ko bhaatii thii 
LOG (lattice-best-path[5.3]:main():lattice-best-path.cc:99) For utterance hi2502M0035, best cost 54.7313 + 2178.59 = 2233.32 over 698 frames.
hi2502M0035 upabhoktaaoq ko bhii ucita muulyoq para krusxi padaartha mila jaate heiq 
LOG (lattice-best-path[5.3]:main():lattice-best-path.cc:99) For utterance hi2502M0036, best cost 56.3948 + 2180.02 = 2236.41 over 698 frames.
hi2502M0036 badxhaqte hue udyogoq ke ne kacce maaxla peidaa karane heiq 
LOG (lattice-best-path[5.3]:main():lattice-best-path.cc:99) For utterance hi2502M0037, best cost 67.7445 + 2267.21 = 2334.96 over 698 frames.
hi2502M0037 raajaa ke mahala ke pichavaadxae eka bahuta badxaa oora puraanaa suukhaa vruksxa thaa 
LOG (lattice-best-path[5.3]:main():lattice-best-path.cc:99) For utterance hi2502M0038, best cost 67.3536 + 2256.91 = 2324.27 over 698 frames.
hi2502M0038 mandiroq kaa vaastushilpa udxaiisaa meq naagra sheilii ke mandiroq ke kaaphii nikatxa hei 
LOG (lattice-best-path[5.3]:main():lattice-best-path.cc:99) For utterance hi2502M0039, best cost 67.1162 + 2315.17 = 2382.29 over 698 frames.
hi2502M0039 bhuumi ke upajaauupana ke aadhaara para siimaabandii kaa stara pacaasa ekadxaq taka hei 
LOG (lattice-best-path[5.3]:main():lattice-best-path.cc:99) For utterance hi2502M0040, best cost 67.0596 + 2273.81 = 2340.87 over 698 frames.
hi2502M0040 isake baada tumhaarii jo bhii icchaa ho usase kaho vaha phoorana puurii ho jaaegii 
LOG (lattice-best-path[5.3]:main():lattice-best-path.cc:99) For utterance hi2503M0041, best cost 51.6013 + 2146.09 = 2197.69 over 698 frames.
hi2503M0041 dhobina jaba sokara utxhatii to dekhatii ki cookaa saapha padxaa hei oora bartana mamqje hue hei 
LOG (lattice-best-path[5.3]:main():lattice-best-path.cc:99) For utterance hi2503M0042, best cost 40.1182 + 2134.75 = 2174.87 over 698 frames.
hi2503M0042 yahaamq se lagabhaga paamqca miila daksxinxa pashcima meq katxaghara gaamqva hei 
LOG (lattice-best-path[5.3]:main():lattice-best-path.cc:99) For utterance hi2503M0043, best cost 69.4577 + 2150.34 = 2219.8 over 698 frames.
hi2503M0043 meiq doodxaqkara daravaaje se nikala jaanaa caahataa thaa kii kahiiq mutxhabhedxaq na hue hei 
LOG (lattice-best-path[5.3]:main():lattice-best-path.cc:99) For utterance hi2503M0044, best cost 65.6499 + 2162.2 = 2227.85 over 698 frames.
hi2503M0044 taba donoq na jaane kisa deivii preranxaa se eka madhushaalaa ke saamane aa pahumqce 
LOG (lattice-best-path[5.3]:main():lattice-best-path.cc:99) For utterance hi2503M0045, best cost 60.353 + 2109.91 = 2170.27 over 698 frames.
hi2503M0045 mahaaraajaa ne jijnyaasaa puurnxa drusxtxi se mahaaraanii kii ora dekhate hue kahaa 
LOG (lattice-best-path[5.3]:main():lattice-best-path.cc:99) For utterance hi2503M0046, best cost 54.8843 + 2147.54 = 2202.42 over 698 frames.
hi2503M0046 turanta usane lutxeroq kii ora ghuumakara kahaa yaha koovaa bilakula jhuutxhaa hei 
LOG (lattice-best-path[5.3]:main():lattice-best-path.cc:99) For utterance hi2503M0047, best cost 65.9077 + 2227.07 = 2292.98 over 698 frames.
hi2503M0047 tuu ekadama jhuutxhii hei setxhanii ne apanii dhaaranxaa para saccaaii kii mohara lagaa dii 
LOG (lattice-best-path[5.3]:main():lattice-best-path.cc:99) For utterance hi2503M0048, best cost 75.9253 + 2195.8 = 2271.73 over 698 frames.
hi2503M0048 unhoqne desha meq kucha uccakotxi kaa saqghatxana khadxaqa kiyaa jo itihaasa meq advitiiya hei 
LOG (lattice-best-path[5.3]:main():lattice-best-path.cc:99) For utterance hi2503M0049, best cost 30.0257 + 1955.98 = 1986 over 698 frames.
hi2503M0049 paartxii sattaa ke khilaapha hei 
LOG (lattice-best-path[5.3]:main():lattice-best-path.cc:99) For utterance hi2503M0050, best cost 60.3892 + 2102.93 = 2163.32 over 698 frames.
hi2503M0050 coodharii ne apanaa upadesha samaapta kiyaa oora apanii jagaha para aa beitxhe 
LOG (lattice-best-path[5.3]:main():lattice-best-path.cc:99) For utterance hi2503M0051, best cost 51.8218 + 2236.96 = 2288.78 over 698 frames.
hi2503M0051 dhobina jaba sokara utxhatii to dekhatii ki cookaa saapha padxaa hei oora bartana mamqje hue hei 
LOG (lattice-best-path[5.3]:main():lattice-best-path.cc:99) For utterance hi2503M0052, best cost 40.4421 + 2084.08 = 2124.53 over 698 frames.
hi2503M0052 yahaamq se lagabhaga paamqca miila daksxinxa pashcima meq katxaghara gaamqva hei 
LOG (lattice-best-path[5.3]:main():lattice-best-path.cc:99) For utterance hi2503M0053, best cost 58.2892 + 2091.59 = 2149.88 over 698 frames.
hi2503M0053 ve aba vahaamq para noo dasa hajaara phutxa kii uumqcaaii para milate heiq 
LOG (lattice-best-path[5.3]:main():lattice-best-path.cc:99) For utterance hi2503M0054, best cost 78.6214 + 2225.06 = 2303.68 over 698 frames.
hi2503M0054 kucha samaya pahale kii baata hei kii kisii jagaha eka dhanii oora vyasta vyaapaarii rahataa thaa 
LOG (lattice-best-path[5.3]:main():lattice-best-path.cc:99) For utterance hi2503M0055, best cost 75.109 + 2248.2 = 2323.3 over 698 frames.
hi2503M0055 sabuuta heiq ve do caara pedxaq jo idhara udhara uge hue heiq baaki saba kaatxa dxaale gae 
LOG (lattice-best-path[5.3]:main():lattice-best-path.cc:99) For utterance hi2503M0056, best cost 71.6034 + 2231.24 = 2302.85 over 698 frames.
hi2503M0056 to vaha kyoq usa pratisxtxhaa oora sammmaana ko tyaaga de jo usakii bapootii 
LOG (lattice-best-path[5.3]:main():lattice-best-path.cc:99) For utterance hi2503M0057, best cost 67.1421 + 2192.77 = 2259.91 over 698 frames.
hi2503M0057 biimaarii ke coothe dina aacaarya cuudxaqamanxi ne buudxhaii ko bheja kara use bulaayaa thaa 
LOG (lattice-best-path[5.3]:main():lattice-best-path.cc:99) For utterance hi2503M0058, best cost 65.172 + 2224.35 = 2289.53 over 698 frames.
hi2503M0058 ve kahane lage diivaanajii aapane priqsa ke doore ke baare meq kucha socaa hei 
LOG (lattice-best-path[5.3]:main():lattice-best-path.cc:99) For utterance hi2503M0059, best cost 76.1778 + 2277.46 = 2353.64 over 698 frames.
hi2503M0059 apane saqkatxamocana ke makaana kaa uuparii khanxdxa meiq jagatpati mishra mishra ko detaa huumq 
LOG (lattice-best-path[5.3]:main():lattice-best-path.cc:99) For utterance hi2503M0060, best cost 43.671 + 2084.3 = 2127.97 over 698 frames.
hi2503M0060 jo vidyaa ghamaqdxii banaa de usase murkha rahanaa hii acchaa 
LOG (lattice-best-path[5.3]:main():lattice-best-path.cc:99) For utterance hi2504M0061, best cost 53.9241 + 2251.15 = 2305.08 over 698 frames.
hi2504M0061 dhobina jaba sokara utxhatii to dekhatii ki cookaa saapha padxaa hei oora bartana mamqje hue hei 
LOG (lattice-best-path[5.3]:main():lattice-best-path.cc:99) For utterance hi2504M0062, best cost 43.2679 + 2192.11 = 2235.38 over 698 frames.
hi2504M0062 yahaamq se lagabhaga paamqca miila daksxinxa pashcima meq katxaghara gaamqva hei 
LOG (lattice-best-path[5.3]:main():lattice-best-path.cc:99) For utterance hi2504M0063, best cost 36.5854 + 2020.19 = 2056.77 over 698 frames.
hi2504M0063 puurva yuga meq maanava aalasii nahiiq thaa 
LOG (lattice-best-path[5.3]:main():lattice-best-path.cc:99) For utterance hi2504M0064, best cost 69.4647 + 2274.9 = 2344.37 over 698 frames.
hi2504M0064 yaha suucanaa sadana meq kaaqgresa mukhya sacetaka sacetaka diipacaqda baqdhu ne dii 
LOG (lattice-best-path[5.3]:main():lattice-best-path.cc:99) For utterance hi2504M0065, best cost 56.4146 + 2151.37 = 2207.79 over 698 frames.
hi2504M0065 isameq kahaa hei sabase badxaii aparaadhii to hamaarii sarakaara hii hei 
LOG (lattice-best-path[5.3]:main():lattice-best-path.cc:99) For utterance hi2504M0066, best cost 52.7443 + 2128.61 = 2181.36 over 698 frames.
hi2504M0066 hamaarii sarakaara ne saqvidhaana meq saqkalpa ghosxita nahiiq kiyaa hei 
LOG (lattice-best-path[5.3]:main():lattice-best-path.cc:99) For utterance hi2504M0067, best cost 24.8198 + 1981.98 = 2006.8 over 698 frames.
hi2504M0067 aaja vahaamq paartxii hei 
LOG (lattice-best-path[5.3]:main():lattice-best-path.cc:99) For utterance hi2504M0068, best cost 32.1374 + 1998.64 = 2030.78 over 698 frames.
hi2504M0068 yaha lagabhaga biisa phutxa uumqcaa hei 
LOG (lattice-best-path[5.3]:main():lattice-best-path.cc:99) For utterance hi2504M0069, best cost 47.911 + 2073.83 = 2121.74 over 698 frames.
hi2504M0069 maakapaa ke chaha kaaryakartaaoq ko ghaayala kara diyaa gayaa 
LOG (lattice-best-path[5.3]:main():lattice-best-path.cc:99) For utterance hi2504M0070, best cost 55.7997 + 2195.03 = 2250.83 over 698 frames.
hi2504M0070 betxara sambandhii isa khoja ke kaaranxa veijnyaanika jagata unakii ora aakrusxtxa huaa 
LOG (lattice-best-path[5.3]:main():lattice-best-path.cc:99) For utterance hi2504M0071, best cost 53.9848 + 2189.87 = 2243.85 over 698 frames.
hi2504M0071 dhobina jaba sokara utxhatii to dekhatii ki cookaa saapha padxaa hei oora bartana mamqje hue hei 
LOG (lattice-best-path[5.3]:main():lattice-best-path.cc:99) For utterance hi2504M0072, best cost 42.4757 + 2165.96 = 2208.43 over 698 frames.
hi2504M0072 yahaamq se lagabhaga paamqca miila daksxinxa pashcima meq katxaghara gaamqva hei 
LOG (lattice-best-path[5.3]:main():lattice-best-path.cc:99) For utterance hi2504M0073, best cost 50.9135 + 2129.36 = 2180.27 over 698 frames.
hi2504M0073 yahaamq para aadivaasii lokakalaa ke lagabhaga saba namuune heiq 
LOG (lattice-best-path[5.3]:main():lattice-best-path.cc:99) For utterance hi2504M0074, best cost 54.5154 + 2166.31 = 2220.82 over 698 frames.
hi2504M0074 dekho naa mere peira dina para dina mujhe majabuura kiye jaa rahe heiq 
LOG (lattice-best-path[5.3]:main():lattice-best-path.cc:99) For utterance hi2504M0075, best cost 39.2584 + 2064.13 = 2103.39 over 698 frames.
hi2504M0075 kapadxe pahanuuqgii para laaqdxrii meq dhulavaakara 
LOG (lattice-best-path[5.3]:main():lattice-best-path.cc:99) For utterance hi2504M0076, best cost 55.6349 + 2150.09 = 2205.72 over 698 frames.
hi2504M0076 kyaa shaadii isiilie huyii thii ki saaraa jiivana ghutxa ghutxa kara kaatxaa jaaye 
LOG (lattice-best-path[5.3]:main():lattice-best-path.cc:99) For utterance hi2504M0077, best cost 25.4711 + 1935.58 = 1961.05 over 698 frames.
hi2504M0077 yaha dekhaa jaataa hei 
LOG (lattice-best-path[5.3]:main():lattice-best-path.cc:99) For utterance hi2504M0078, best cost 27.1118 + 1991.36 = 2018.47 over 698 frames.
hi2504M0078 meiqne kalara txiivii khariidaa hei 
LOG (lattice-best-path[5.3]:main():lattice-best-path.cc:99) For utterance hi2504M0079, best cost 76.3672 + 2227.16 = 2303.52 over 698 frames.
hi2504M0079 sastii saakha ke upalabdha na hone ke kaaranxa bhaarata meq byaaja kii dara bahuta uumqcii rahatii hei 
LOG (lattice-best-path[5.3]:main():lattice-best-path.cc:99) For utterance hi2504M0080, best cost 62.1155 + 2239.89 = 2302.01 over 698 frames.
hi2504M0080 dhobina jaba suqdarii kisii taraha na maanii to setxhajii apanaa dharma lekara behataashaa bhaage 
LOG (lattice-best-path[5.3]:main():lattice-best-path.cc:99) For utterance hi2505M0081, best cost 58.8069 + 2370.85 = 2429.66 over 698 frames.
hi2505M0081 dhobina jaba sokara utxhatii to dekhatii ki cookaa saapha padxaa hei oora bartana mamqje 
LOG (lattice-best-path[5.3]:main():lattice-best-path.cc:99) For utterance hi2505M0082, best cost 42.9345 + 2165.05 = 2207.98 over 698 frames.
hi2505M0082 yahaamq se lagabhaga paamqca miila daksxinxa pashcima meq katxaghara gaamqva hei 
LOG (lattice-best-path[5.3]:main():lattice-best-path.cc:99) For utterance hi2505M0083, best cost 80.6751 + 2253.88 = 2334.56 over 698 frames.
hi2505M0083 vaha thodxae samaya taka cupa rahaa phira bolaa hamaaraa itanii dukhii mata ho 
LOG (lattice-best-path[5.3]:main():lattice-best-path.cc:99) For utterance hi2505M0084, best cost 46.1694 + 2262.88 = 2309.05 over 698 frames.
hi2505M0084 dhanurdhaarinxii ladxaqkii daravaaje ke saamane ghaata lagaae beitxhii thii 
LOG (lattice-best-path[5.3]:main():lattice-best-path.cc:99) For utterance hi2505M0085, best cost 77.7385 + 2225.65 = 2303.39 over 698 frames.
hi2505M0085 koii oora upaaya to thaa nahiiq isalie vaha biijoq chodxaq jaqgala meq jaa basaa 
LOG (lattice-best-path[5.3]:main():lattice-best-path.cc:99) For utterance hi2505M0086, best cost 78.941 + 2275.87 = 2354.81 over 698 frames.
hi2505M0086 aadhii raata hote kii baaghoq kii dahaadxaq oora bhedxaiyoq kii ciikha sunaayii dene lagatii hei 
LOG (lattice-best-path[5.3]:main():lattice-best-path.cc:99) For utterance hi2505M0087, best cost 68.8884 + 2264.04 = 2332.93 over 698 frames.
hi2505M0087 usane phira vahii pataa baagha ke shava para ragadxaqa oora vaha punarjiivita ho gayaa 
LOG (lattice-best-path[5.3]:main():lattice-best-path.cc:99) For utterance hi2505M0088, best cost 70.7948 + 2277.44 = 2348.24 over 698 frames.
hi2505M0088 saqgrahaalaya meq deshabhara se ikatxhtxhii kii gayii kalaa kii amuulya vastueq rakhii gayii hei 
LOG (lattice-best-path[5.3]:main():lattice-best-path.cc:99) For utterance hi2505M0089, best cost 27.2649 + 1961.08 = 1988.34 over 698 frames.
hi2505M0089 paartxii sattaa meq hei 
LOG (lattice-best-path[5.3]:main():lattice-best-path.cc:99) For utterance hi2505M0090, best cost 70.6837 + 2277.53 = 2348.22 over 698 frames.
hi2505M0090 jaane ke baalaka baalikaaoq meq isa vilaksxanxa khela ne abhuutapuurva saahasa bhara diyaa 
LOG (lattice-best-path[5.3]:main():lattice-best-path.cc:99) For utterance hi2505M0091, best cost 54.5684 + 2288.89 = 2343.46 over 698 frames.
hi2505M0091 dhobina jaba sokara utxhatii to dekhatii ki cookaa saapha padxaa hei oora bartana mamqje hue hei 
LOG (lattice-best-path[5.3]:main():lattice-best-path.cc:99) For utterance hi2505M0092, best cost 42.4323 + 2156.29 = 2198.72 over 698 frames.
hi2505M0092 yahaamq se lagabhaga paamqca miila daksxinxa pashcima meq katxaghara gaamqva hei 
LOG (lattice-best-path[5.3]:main():lattice-best-path.cc:99) For utterance hi2505M0093, best cost 50.1098 + 2135.33 = 2185.44 over 698 frames.
hi2505M0093 ve pradesha kaaqgresa ke alpasaqkhyaka sela ke mukhiyaa heiq 
LOG (lattice-best-path[5.3]:main():lattice-best-path.cc:99) For utterance hi2505M0094, best cost 52.9095 + 2076.46 = 2129.37 over 698 frames.
hi2505M0094 puure desha meq isase dxaakasevaa lagabhaga txhappa ho gaii hei 
LOG (lattice-best-path[5.3]:main():lattice-best-path.cc:99) For utterance hi2505M0095, best cost 66.6514 + 2230.86 = 2297.51 over 698 frames.
hi2505M0095 saqbhava hei yaha maamalaa nirnxaya ke lie keqdriiya maqtrii maqdxala ke saamane rakhaa jaae 
LOG (lattice-best-path[5.3]:main():lattice-best-path.cc:99) For utterance hi2505M0096, best cost 54.2029 + 2148.21 = 2202.42 over 698 frames.
hi2505M0096 bhagata ke anusaara mahattvapuurnxa kaauqtxaroq para kaama ho rahaa hei 
LOG (lattice-best-path[5.3]:main():lattice-best-path.cc:99) For utterance hi2505M0097, best cost 60.6696 + 2193.95 = 2254.61 over 698 frames.
hi2505M0097 suqdaralaala patxavaa sarakaara ne nae jailoq ke gatxhana kii ghosxanxaa kii thii 
LOG (lattice-best-path[5.3]:main():lattice-best-path.cc:99) For utterance hi2505M0098, best cost 85.1633 + 2242.08 = 2327.25 over 698 frames.
hi2505M0098 eisaa saqketa hei kii oora sammmaana meq eise ghuse anya tatvoq kaii bhii vyaahii jaane kisa 
LOG (lattice-best-path[5.3]:main():lattice-best-path.cc:99) For utterance hi2505M0099, best cost 59.3221 + 2199 = 2258.32 over 698 frames.
hi2505M0099 yasa ke modii stxiilsa pheiktxarii meq janavarii se taalaabaqdii lagii huyii hei 
LOG (lattice-best-path[5.3]:main():lattice-best-path.cc:99) For utterance hi2505M0100, best cost 71.9933 + 2273.64 = 2345.63 over 698 frames.
hi2505M0100 mahaaraanxaa vikramaaditya kaa raaja bhii to eisaa nahiiq thaa ki loga unase prema rakhate 
LOG (lattice-best-path[5.3]:main():lattice-best-path.cc:99) For utterance hi2508M0101, best cost 49.9123 + 2207.57 = 2257.48 over 698 frames.
hi2508M0101 dhobina jaba sokara utxhatii to dekhatii ki cookaa saapha padxaa hei oora bartana mamqje hue hei 
LOG (lattice-best-path[5.3]:main():lattice-best-path.cc:99) For utterance hi2508M0102, best cost 37.8731 + 2127.51 = 2165.38 over 698 frames.
hi2508M0102 yahaamq se lagabhaga paamqca miila daksxinxa pashcima meq katxaghara gaamqva hei 
LOG (lattice-best-path[5.3]:main():lattice-best-path.cc:99) For utterance hi2508M0103, best cost 49.8589 + 2202.89 = 2252.75 over 698 frames.
hi2508M0103 yaha maqdxapa lagabhaga dasa phutxa uumqce gola staqbhoq para txikaa hei 
LOG (lattice-best-path[5.3]:main():lattice-best-path.cc:99) For utterance hi2508M0104, best cost 63.7868 + 2318.61 = 2382.39 over 698 frames.
hi2508M0104 alabattaa kaii oora apsaraaoq kii muurtiyoq apane puure veibhava ke saatha kadxaii heiq 
LOG (lattice-best-path[5.3]:main():lattice-best-path.cc:99) For utterance hi2508M0105, best cost 43.4337 + 2153.23 = 2196.66 over 698 frames.
hi2508M0105 jaiqdagii ika kaamqtxaa hei cubhanaa hii isakii kahaanii hei 
LOG (lattice-best-path[5.3]:main():lattice-best-path.cc:99) For utterance hi2508M0106, best cost 30.275 + 2043.42 = 2073.7 over 698 frames.
hi2508M0106 aalasii manusxya paakhaqdxii hote heiq 
LOG (lattice-best-path[5.3]:main():lattice-best-path.cc:99) For utterance hi2508M0107, best cost 33.4479 + 2056.32 = 2089.76 over 698 frames.
hi2508M0107 paartxii ko nyaaya caahie hei 
LOG (lattice-best-path[5.3]:main():lattice-best-path.cc:99) For utterance hi2508M0108, best cost 39.5678 + 2037.64 = 2077.21 over 698 frames.
hi2508M0108 bhaarata meq yaha saba saadhana upalabdha heiq 
LOG (lattice-best-path[5.3]:main():lattice-best-path.cc:99) For utterance hi2508M0109, best cost 20.4078 + 1986.61 = 2007.01 over 698 frames.
hi2508M0109 uttara spasxtxa hei 
LOG (lattice-best-path[5.3]:main():lattice-best-path.cc:99) For utterance hi2508M0110, best cost 64.5752 + 2305.31 = 2369.88 over 698 frames.
hi2508M0110 cadxdxaa bhagavaan nahiiq the kii unake ika nigaaha dekha lene se amruta barasa jaataa hei 
LOG (lattice-best-path[5.3]:main():lattice-best-path.cc:99) For utterance hi2508M0111, best cost 50.062 + 2221.17 = 2271.24 over 698 frames.
hi2508M0111 dhobina jaba sokara utxhatii to dekhatii ki cookaa saapha padxaa hei oora bartana mamqje hue hei 
LOG (lattice-best-path[5.3]:main():lattice-best-path.cc:99) For utterance hi2508M0112, best cost 37.842 + 2067.92 = 2105.76 over 698 frames.
hi2508M0112 yahaamq se lagabhaga paamqca miila daksxinxa pashcima meq katxaghara gaamqva hei 
LOG (lattice-best-path[5.3]:main():lattice-best-path.cc:99) For utterance hi2508M0113, best cost 52.6256 + 2216.25 = 2268.88 over 698 frames.
hi2508M0113 inakaa shilpa sooqdarya bhuuta kaala meq banii muurtiyoq meq milataa hei 
LOG (lattice-best-path[5.3]:main():lattice-best-path.cc:99) For utterance hi2508M0114, best cost 58.6018 + 2289.53 = 2348.13 over 698 frames.
hi2508M0114 pradhaana shivaalaya ke baahara lagabhaga biisa phutxa lambaaii kaa gola maqdxapa hei 
LOG (lattice-best-path[5.3]:main():lattice-best-path.cc:99) For utterance hi2508M0115, best cost 74.8584 + 2440.56 = 2515.42 over 698 frames.
hi2508M0115 saata soo varsxa puurva ke lagabhaga vastra udyoga patxasana udyoga oora koyalaa udyoga aarambha hue hei 
LOG (lattice-best-path[5.3]:main():lattice-best-path.cc:99) For utterance hi2508M0116, best cost 80.7138 + 2256.79 = 2337.51 over 698 frames.
hi2508M0116 usane apane baabaa se kaha diyaa kii meq isa pacaraqgii vaalii se hii vivaaha karuumqgaa hei 
LOG (lattice-best-path[5.3]:main():lattice-best-path.cc:99) For utterance hi2508M0117, best cost 28.6208 + 2032.6 = 2061.22 over 698 frames.
hi2508M0117 paartxii ko aaqdolana karanaa hei 
LOG (lattice-best-path[5.3]:main():lattice-best-path.cc:99) For utterance hi2508M0118, best cost 57.4471 + 2211.64 = 2269.09 over 698 frames.
hi2508M0118 aaiisiiesaii skuula ke baccoq kaa parinxaama bhii aksara behatara nahiiq hotaa hei 
LOG (lattice-best-path[5.3]:main():lattice-best-path.cc:99) For utterance hi2508M0119, best cost 29.2335 + 2029.86 = 2059.09 over 698 frames.
hi2508M0119 ise maadaka sthaana shrruqgaara kahaa hei 
LOG (lattice-best-path[5.3]:main():lattice-best-path.cc:99) For utterance hi2508M0120, best cost 60.3753 + 2176.26 = 2236.64 over 698 frames.
hi2508M0120 yaha shabda una dinoq iqgleiqdxa ke eka samaacaara patra ne likhe the hei 
LOG (lattice-scale[5.3]:main():lattice-scale.cc:90) Done 140 lattices.
LOG (lattice-best-path[5.3]:main():lattice-best-path.cc:99) For utterance hi2509M0121, best cost 51.5433 + 2205.86 = 2257.4 over 698 frames.
hi2509M0121 dhobina jaba sokara utxhatii to dekhatii ki cookaa saapha padxaa hei oora bartana mamqje hue hei 
LOG (lattice-best-path[5.3]:main():lattice-best-path.cc:99) For utterance hi2509M0122, best cost 39.3589 + 2094.31 = 2133.67 over 698 frames.
hi2509M0122 yahaamq se lagabhaga paamqca miila daksxinxa pashcima meq katxaghara gaamqva hei 
LOG (lattice-best-path[5.3]:main():lattice-best-path.cc:99) For utterance hi2509M0123, best cost 62.7821 + 2307.26 = 2370.04 over 698 frames.
hi2509M0123 isake saqsthaana ne kacce lohe oora ispaata kaa utpaadana aarambha kara diyaa hei 
LOG (lattice-best-path[5.3]:main():lattice-best-path.cc:99) For utterance hi2509M0124, best cost 59.4423 + 2276.85 = 2336.29 over 698 frames.
hi2509M0124 dxedxhaq laakha rupayaa prativarsxa yaanii baaraha hajaara paaqca soo rupayaa mahiinaa hogii hei 
LOG (lattice-best-path[5.3]:main():lattice-best-path.cc:99) For utterance hi2509M0125, best cost 70.3402 + 2215.41 = 2285.75 over 698 frames.
hi2509M0125 riyaasata kii sukha samruddhi dekha kara unheq mahaaraaja kii kushalataa kaa pataa calegaa hei 
LOG (lattice-best-path[5.3]:main():lattice-best-path.cc:99) For utterance hi2509M0126, best cost 47.9987 + 2184.01 = 2232.01 over 698 frames.
hi2509M0126 hiqdii bhaasxaa eka sashakta praaciina oora samruddha bhaasxaa hei 
LOG (lattice-best-path[5.3]:main():lattice-best-path.cc:99) For utterance hi2509M0127, best cost 61.1909 + 2174.65 = 2235.84 over 698 frames.
hi2509M0127 kyaa vaastava meq hama itane aajaqada heiq ki hama kanaatxa plesa jaa sakate heiq 
LOG (lattice-best-path[5.3]:main():lattice-best-path.cc:99) For utterance hi2509M0128, best cost 49.7885 + 2048.96 = 2098.74 over 698 frames.
hi2509M0128 kara diyaa na dostii ke rishte kaa kaqtla hei 
LOG (lattice-best-path[5.3]:main():lattice-best-path.cc:99) For utterance hi2509M0129, best cost 51.4151 + 2070.54 = 2121.96 over 698 frames.
hi2509M0129 dikhaa dii na iqsaana ne dimaagii juunuuna ke shakla hei 
LOG (lattice-best-path[5.3]:main():lattice-best-path.cc:99) For utterance hi2509M0130, best cost 70.728 + 2257.07 = 2327.8 over 698 frames.
hi2509M0130 girane ke kaaranxa unako badxaii cotxa aayii oora aba ve khadxae bhii nahiiq ho sakate heiq 
LOG (lattice-best-path[5.3]:main():lattice-best-path.cc:99) For utterance hi2509M0131, best cost 52.8265 + 2222.93 = 2275.76 over 698 frames.
hi2509M0131 dhobina jaba sokara utxhatii to dekhatii ki cookaa saapha padxaa hei oora bartana mamqje hue hei 
LOG (lattice-best-path[5.3]:main():lattice-best-path.cc:99) For utterance hi2509M0132, best cost 38.3329 + 2070.96 = 2109.29 over 698 frames.
hi2509M0132 yahaamq se lagabhaga paamqca miila daksxinxa pashcima meq katxaghara gaamqva hei 
LOG (lattice-add-penalty[5.3]:main():lattice-add-penalty.cc:62) Done adding word insertion penalty to 140 lattices.
LOG (lattice-best-path[5.3]:main():lattice-best-path.cc:99) For utterance hi2509M0133, best cost 64.9918 + 2202.45 = 2267.44 over 698 frames.
hi2509M0133 keidii ko jiivita rakhane ke lie usa samaya iishvara kaa badxaqa varadaana thaa hei 
LOG (lattice-best-path[5.3]:main():lattice-best-path.cc:99) For utterance hi2509M0134, best cost 55.6122 + 2115.1 = 2170.71 over 698 frames.
hi2509M0134 unhoqne apanii isa khoja kaa pradarshana iqgleiqdxa meq bhii kiyaa hei 
LOG (lattice-best-path[5.3]:main():lattice-best-path.cc:99) For utterance hi2509M0135, best cost 65.5159 + 2286.82 = 2352.34 over 698 frames.
hi2509M0135 usane paqjaaba kaa adhikaaqsha bhaaga jiitaa oora hinduu raajya kii aadhaarashilaa rakhii hei 
LOG (lattice-best-path[5.3]:main():lattice-best-path.cc:99) For utterance hi2509M0136, best cost 72.917 + 2286.02 = 2358.94 over 698 frames.
hi2509M0136 jaqraa sii cuuq capadxaq kii to aastiina cadxhaqa kara oora peiqtare badala kara khadxaqa ho gayaa hei 
LOG (lattice-best-path[5.3]:main():lattice-best-path.cc:99) For utterance hi2509M0137, best cost 62.8649 + 2242.47 = 2305.33 over 698 frames.
hi2509M0137 savere maadhava ne kotxhii meq jaakara dekhaa to usakii caaya txhaqdxii ho gayii hei 
LOG (lattice-best-path[5.3]:main():lattice-best-path.cc:99) For utterance hi2509M0138, best cost 51.8944 + 2228.8 = 2280.69 over 698 frames.
hi2509M0138 taaqkhula loga manxipurii jaana jaatiyoq meq shresxtxha yoddhaa maane jaate heiq 
LOG (lattice-best-path[5.3]:main():lattice-best-path.cc:99) For utterance hi2509M0139, best cost 74.6733 + 2332.48 = 2407.15 over 698 frames.
hi2509M0139 yahii saccii mitrataa kii kasootxii hei aba se jhuutxhe mitroq para kabhii vishvaasa mata karanaa hei 
LOG (lattice-best-path[5.3]:main():lattice-best-path.cc:99) For utterance hi2509M0140, best cost 71.9529 + 2336.95 = 2408.91 over 698 frames.
hi2509M0140 hamaaraa dhyeya eicchika ruupa se sahakaarii khetii karanaa hei na kii dabaava dxaalakara hei 
LOG (lattice-best-path[5.3]:main():lattice-best-path.cc:124) Overall cost per frame is 3.2331 = 0.0820709 [graph] + 3.15103 [acoustic] over 97720 frames.
LOG (lattice-best-path[5.3]:main():lattice-best-path.cc:128) Done 140 lattices, failed for 0
# Accounting: time=0 threads=1
# Ended (code 0) at Sat Dec 23 22:01:44 IST 2017, elapsed time 0 seconds
