# compute-mfcc-feats --verbose=2 --config=conf/mfcc.conf scp,p:exp/make_mfcc/train/mfcc/wav_train.2.scp ark:- | copy-feats --compress=true ark:- ark,scp:/home/kunal/Kaldi_Workspace/kaldi-master/egs/HindiASR_ver2/data/train/data/raw_mfcc_train.2.ark,/home/kunal/Kaldi_Workspace/kaldi-master/egs/HindiASR_ver2/data/train/data/raw_mfcc_train.2.scp 
# Started at Sat Dec 23 21:36:01 IST 2017
#
compute-mfcc-feats --verbose=2 --config=conf/mfcc.conf scp,p:exp/make_mfcc/train/mfcc/wav_train.2.scp ark:- 
copy-feats --compress=true ark:- ark,scp:/home/kunal/Kaldi_Workspace/kaldi-master/egs/HindiASR_ver2/data/train/data/raw_mfcc_train.2.ark,/home/kunal/Kaldi_Workspace/kaldi-master/egs/HindiASR_ver2/data/train/data/raw_mfcc_train.2.scp 
VLOG[2] (compute-mfcc-feats[5.3]:main():compute-mfcc-feats.cc:173) Processed features for key hi2502M0119
VLOG[2] (compute-mfcc-feats[5.3]:main():compute-mfcc-feats.cc:173) Processed features for key hi2502M0120
VLOG[2] (compute-mfcc-feats[5.3]:main():compute-mfcc-feats.cc:173) Processed features for key hi2502M0121
VLOG[2] (compute-mfcc-feats[5.3]:main():compute-mfcc-feats.cc:173) Processed features for key hi2502M0122
VLOG[2] (compute-mfcc-feats[5.3]:main():compute-mfcc-feats.cc:173) Processed features for key hi2502M0123
VLOG[2] (compute-mfcc-feats[5.3]:main():compute-mfcc-feats.cc:173) Processed features for key hi2502M0124
VLOG[2] (compute-mfcc-feats[5.3]:main():compute-mfcc-feats.cc:173) Processed features for key hi2502M0125
VLOG[2] (compute-mfcc-feats[5.3]:main():compute-mfcc-feats.cc:173) Processed features for key hi2502M0126
VLOG[2] (compute-mfcc-feats[5.3]:main():compute-mfcc-feats.cc:173) Processed features for key hi2502M0127
LOG (compute-mfcc-feats[5.3]:main():compute-mfcc-feats.cc:172) Processed 10 utterances
VLOG[2] (compute-mfcc-feats[5.3]:main():compute-mfcc-feats.cc:173) Processed features for key hi2502M0128
VLOG[2] (compute-mfcc-feats[5.3]:main():compute-mfcc-feats.cc:173) Processed features for key hi2502M0129
VLOG[2] (compute-mfcc-feats[5.3]:main():compute-mfcc-feats.cc:173) Processed features for key hi2502M0130
VLOG[2] (compute-mfcc-feats[5.3]:main():compute-mfcc-feats.cc:173) Processed features for key hi2502M0131
VLOG[2] (compute-mfcc-feats[5.3]:main():compute-mfcc-feats.cc:173) Processed features for key hi2502M0132
VLOG[2] (compute-mfcc-feats[5.3]:main():compute-mfcc-feats.cc:173) Processed features for key hi2502M0133
VLOG[2] (compute-mfcc-feats[5.3]:main():compute-mfcc-feats.cc:173) Processed features for key hi2502M0134
VLOG[2] (compute-mfcc-feats[5.3]:main():compute-mfcc-feats.cc:173) Processed features for key hi2502M0135
VLOG[2] (compute-mfcc-feats[5.3]:main():compute-mfcc-feats.cc:173) Processed features for key hi2502M0136
VLOG[2] (compute-mfcc-feats[5.3]:main():compute-mfcc-feats.cc:173) Processed features for key hi2502M0137
LOG (compute-mfcc-feats[5.3]:main():compute-mfcc-feats.cc:172) Processed 20 utterances
VLOG[2] (compute-mfcc-feats[5.3]:main():compute-mfcc-feats.cc:173) Processed features for key hi2502M0138
VLOG[2] (compute-mfcc-feats[5.3]:main():compute-mfcc-feats.cc:173) Processed features for key hi2502M0139
VLOG[2] (compute-mfcc-feats[5.3]:main():compute-mfcc-feats.cc:173) Processed features for key hi2502M0140
VLOG[2] (compute-mfcc-feats[5.3]:main():compute-mfcc-feats.cc:173) Processed features for key hi2502M0141
VLOG[2] (compute-mfcc-feats[5.3]:main():compute-mfcc-feats.cc:173) Processed features for key hi2502M0142
VLOG[2] (compute-mfcc-feats[5.3]:main():compute-mfcc-feats.cc:173) Processed features for key hi2502M0143
VLOG[2] (compute-mfcc-feats[5.3]:main():compute-mfcc-feats.cc:173) Processed features for key hi2502M0144
VLOG[2] (compute-mfcc-feats[5.3]:main():compute-mfcc-feats.cc:173) Processed features for key hi2502M0145
VLOG[2] (compute-mfcc-feats[5.3]:main():compute-mfcc-feats.cc:173) Processed features for key hi2502M0146
VLOG[2] (compute-mfcc-feats[5.3]:main():compute-mfcc-feats.cc:173) Processed features for key hi2502M0147
LOG (compute-mfcc-feats[5.3]:main():compute-mfcc-feats.cc:172) Processed 30 utterances
VLOG[2] (compute-mfcc-feats[5.3]:main():compute-mfcc-feats.cc:173) Processed features for key hi2502M0148
VLOG[2] (compute-mfcc-feats[5.3]:main():compute-mfcc-feats.cc:173) Processed features for key hi2502M0149
VLOG[2] (compute-mfcc-feats[5.3]:main():compute-mfcc-feats.cc:173) Processed features for key hi2502M0150
VLOG[2] (compute-mfcc-feats[5.3]:main():compute-mfcc-feats.cc:173) Processed features for key hi2503M0001
VLOG[2] (compute-mfcc-feats[5.3]:main():compute-mfcc-feats.cc:173) Processed features for key hi2503M0002
VLOG[2] (compute-mfcc-feats[5.3]:main():compute-mfcc-feats.cc:173) Processed features for key hi2503M0003
VLOG[2] (compute-mfcc-feats[5.3]:main():compute-mfcc-feats.cc:173) Processed features for key hi2503M0004
VLOG[2] (compute-mfcc-feats[5.3]:main():compute-mfcc-feats.cc:173) Processed features for key hi2503M0005
VLOG[2] (compute-mfcc-feats[5.3]:main():compute-mfcc-feats.cc:173) Processed features for key hi2503M0006
VLOG[2] (compute-mfcc-feats[5.3]:main():compute-mfcc-feats.cc:173) Processed features for key hi2503M0007
LOG (compute-mfcc-feats[5.3]:main():compute-mfcc-feats.cc:172) Processed 40 utterances
VLOG[2] (compute-mfcc-feats[5.3]:main():compute-mfcc-feats.cc:173) Processed features for key hi2503M0008
VLOG[2] (compute-mfcc-feats[5.3]:main():compute-mfcc-feats.cc:173) Processed features for key hi2503M0009
VLOG[2] (compute-mfcc-feats[5.3]:main():compute-mfcc-feats.cc:173) Processed features for key hi2503M0010
VLOG[2] (compute-mfcc-feats[5.3]:main():compute-mfcc-feats.cc:173) Processed features for key hi2503M0011
VLOG[2] (compute-mfcc-feats[5.3]:main():compute-mfcc-feats.cc:173) Processed features for key hi2503M0012
VLOG[2] (compute-mfcc-feats[5.3]:main():compute-mfcc-feats.cc:173) Processed features for key hi2503M0013
VLOG[2] (compute-mfcc-feats[5.3]:main():compute-mfcc-feats.cc:173) Processed features for key hi2503M0014
VLOG[2] (compute-mfcc-feats[5.3]:main():compute-mfcc-feats.cc:173) Processed features for key hi2503M0015
VLOG[2] (compute-mfcc-feats[5.3]:main():compute-mfcc-feats.cc:173) Processed features for key hi2503M0016
VLOG[2] (compute-mfcc-feats[5.3]:main():compute-mfcc-feats.cc:173) Processed features for key hi2503M0017
LOG (compute-mfcc-feats[5.3]:main():compute-mfcc-feats.cc:172) Processed 50 utterances
VLOG[2] (compute-mfcc-feats[5.3]:main():compute-mfcc-feats.cc:173) Processed features for key hi2503M0018
VLOG[2] (compute-mfcc-feats[5.3]:main():compute-mfcc-feats.cc:173) Processed features for key hi2503M0019
VLOG[2] (compute-mfcc-feats[5.3]:main():compute-mfcc-feats.cc:173) Processed features for key hi2503M0020
VLOG[2] (compute-mfcc-feats[5.3]:main():compute-mfcc-feats.cc:173) Processed features for key hi2503M0021
VLOG[2] (compute-mfcc-feats[5.3]:main():compute-mfcc-feats.cc:173) Processed features for key hi2503M0022
VLOG[2] (compute-mfcc-feats[5.3]:main():compute-mfcc-feats.cc:173) Processed features for key hi2503M0023
VLOG[2] (compute-mfcc-feats[5.3]:main():compute-mfcc-feats.cc:173) Processed features for key hi2503M0024
VLOG[2] (compute-mfcc-feats[5.3]:main():compute-mfcc-feats.cc:173) Processed features for key hi2503M0025
VLOG[2] (compute-mfcc-feats[5.3]:main():compute-mfcc-feats.cc:173) Processed features for key hi2503M0026
VLOG[2] (compute-mfcc-feats[5.3]:main():compute-mfcc-feats.cc:173) Processed features for key hi2503M0027
LOG (compute-mfcc-feats[5.3]:main():compute-mfcc-feats.cc:172) Processed 60 utterances
VLOG[2] (compute-mfcc-feats[5.3]:main():compute-mfcc-feats.cc:173) Processed features for key hi2503M0028
VLOG[2] (compute-mfcc-feats[5.3]:main():compute-mfcc-feats.cc:173) Processed features for key hi2503M0029
VLOG[2] (compute-mfcc-feats[5.3]:main():compute-mfcc-feats.cc:173) Processed features for key hi2503M0030
VLOG[2] (compute-mfcc-feats[5.3]:main():compute-mfcc-feats.cc:173) Processed features for key hi2503M0031
VLOG[2] (compute-mfcc-feats[5.3]:main():compute-mfcc-feats.cc:173) Processed features for key hi2503M0032
VLOG[2] (compute-mfcc-feats[5.3]:main():compute-mfcc-feats.cc:173) Processed features for key hi2503M0033
VLOG[2] (compute-mfcc-feats[5.3]:main():compute-mfcc-feats.cc:173) Processed features for key hi2503M0034
VLOG[2] (compute-mfcc-feats[5.3]:main():compute-mfcc-feats.cc:173) Processed features for key hi2503M0035
VLOG[2] (compute-mfcc-feats[5.3]:main():compute-mfcc-feats.cc:173) Processed features for key hi2503M0036
VLOG[2] (compute-mfcc-feats[5.3]:main():compute-mfcc-feats.cc:173) Processed features for key hi2503M0037
LOG (compute-mfcc-feats[5.3]:main():compute-mfcc-feats.cc:172) Processed 70 utterances
VLOG[2] (compute-mfcc-feats[5.3]:main():compute-mfcc-feats.cc:173) Processed features for key hi2503M0038
VLOG[2] (compute-mfcc-feats[5.3]:main():compute-mfcc-feats.cc:173) Processed features for key hi2503M0039
VLOG[2] (compute-mfcc-feats[5.3]:main():compute-mfcc-feats.cc:173) Processed features for key hi2503M0040
VLOG[2] (compute-mfcc-feats[5.3]:main():compute-mfcc-feats.cc:173) Processed features for key hi2503M0061
VLOG[2] (compute-mfcc-feats[5.3]:main():compute-mfcc-feats.cc:173) Processed features for key hi2503M0062
VLOG[2] (compute-mfcc-feats[5.3]:main():compute-mfcc-feats.cc:173) Processed features for key hi2503M0063
VLOG[2] (compute-mfcc-feats[5.3]:main():compute-mfcc-feats.cc:173) Processed features for key hi2503M0064
VLOG[2] (compute-mfcc-feats[5.3]:main():compute-mfcc-feats.cc:173) Processed features for key hi2503M0065
VLOG[2] (compute-mfcc-feats[5.3]:main():compute-mfcc-feats.cc:173) Processed features for key hi2503M0066
VLOG[2] (compute-mfcc-feats[5.3]:main():compute-mfcc-feats.cc:173) Processed features for key hi2503M0067
LOG (compute-mfcc-feats[5.3]:main():compute-mfcc-feats.cc:172) Processed 80 utterances
VLOG[2] (compute-mfcc-feats[5.3]:main():compute-mfcc-feats.cc:173) Processed features for key hi2503M0068
VLOG[2] (compute-mfcc-feats[5.3]:main():compute-mfcc-feats.cc:173) Processed features for key hi2503M0069
VLOG[2] (compute-mfcc-feats[5.3]:main():compute-mfcc-feats.cc:173) Processed features for key hi2503M0070
VLOG[2] (compute-mfcc-feats[5.3]:main():compute-mfcc-feats.cc:173) Processed features for key hi2503M0071
VLOG[2] (compute-mfcc-feats[5.3]:main():compute-mfcc-feats.cc:173) Processed features for key hi2503M0072
VLOG[2] (compute-mfcc-feats[5.3]:main():compute-mfcc-feats.cc:173) Processed features for key hi2503M0073
VLOG[2] (compute-mfcc-feats[5.3]:main():compute-mfcc-feats.cc:173) Processed features for key hi2503M0074
VLOG[2] (compute-mfcc-feats[5.3]:main():compute-mfcc-feats.cc:173) Processed features for key hi2503M0075
VLOG[2] (compute-mfcc-feats[5.3]:main():compute-mfcc-feats.cc:173) Processed features for key hi2503M0076
VLOG[2] (compute-mfcc-feats[5.3]:main():compute-mfcc-feats.cc:173) Processed features for key hi2503M0077
LOG (compute-mfcc-feats[5.3]:main():compute-mfcc-feats.cc:172) Processed 90 utterances
VLOG[2] (compute-mfcc-feats[5.3]:main():compute-mfcc-feats.cc:173) Processed features for key hi2503M0078
VLOG[2] (compute-mfcc-feats[5.3]:main():compute-mfcc-feats.cc:173) Processed features for key hi2503M0079
VLOG[2] (compute-mfcc-feats[5.3]:main():compute-mfcc-feats.cc:173) Processed features for key hi2503M0080
VLOG[2] (compute-mfcc-feats[5.3]:main():compute-mfcc-feats.cc:173) Processed features for key hi2503M0081
VLOG[2] (compute-mfcc-feats[5.3]:main():compute-mfcc-feats.cc:173) Processed features for key hi2503M0082
VLOG[2] (compute-mfcc-feats[5.3]:main():compute-mfcc-feats.cc:173) Processed features for key hi2503M0083
VLOG[2] (compute-mfcc-feats[5.3]:main():compute-mfcc-feats.cc:173) Processed features for key hi2503M0084
VLOG[2] (compute-mfcc-feats[5.3]:main():compute-mfcc-feats.cc:173) Processed features for key hi2503M0085
VLOG[2] (compute-mfcc-feats[5.3]:main():compute-mfcc-feats.cc:173) Processed features for key hi2503M0086
VLOG[2] (compute-mfcc-feats[5.3]:main():compute-mfcc-feats.cc:173) Processed features for key hi2503M0087
LOG (compute-mfcc-feats[5.3]:main():compute-mfcc-feats.cc:172) Processed 100 utterances
VLOG[2] (compute-mfcc-feats[5.3]:main():compute-mfcc-feats.cc:173) Processed features for key hi2503M0088
VLOG[2] (compute-mfcc-feats[5.3]:main():compute-mfcc-feats.cc:173) Processed features for key hi2503M0089
VLOG[2] (compute-mfcc-feats[5.3]:main():compute-mfcc-feats.cc:173) Processed features for key hi2503M0090
VLOG[2] (compute-mfcc-feats[5.3]:main():compute-mfcc-feats.cc:173) Processed features for key hi2503M0091
VLOG[2] (compute-mfcc-feats[5.3]:main():compute-mfcc-feats.cc:173) Processed features for key hi2503M0092
VLOG[2] (compute-mfcc-feats[5.3]:main():compute-mfcc-feats.cc:173) Processed features for key hi2503M0093
VLOG[2] (compute-mfcc-feats[5.3]:main():compute-mfcc-feats.cc:173) Processed features for key hi2503M0094
VLOG[2] (compute-mfcc-feats[5.3]:main():compute-mfcc-feats.cc:173) Processed features for key hi2503M0095
VLOG[2] (compute-mfcc-feats[5.3]:main():compute-mfcc-feats.cc:173) Processed features for key hi2503M0096
VLOG[2] (compute-mfcc-feats[5.3]:main():compute-mfcc-feats.cc:173) Processed features for key hi2503M0097
LOG (compute-mfcc-feats[5.3]:main():compute-mfcc-feats.cc:172) Processed 110 utterances
VLOG[2] (compute-mfcc-feats[5.3]:main():compute-mfcc-feats.cc:173) Processed features for key hi2503M0098
VLOG[2] (compute-mfcc-feats[5.3]:main():compute-mfcc-feats.cc:173) Processed features for key hi2503M0099
VLOG[2] (compute-mfcc-feats[5.3]:main():compute-mfcc-feats.cc:173) Processed features for key hi2503M0100
VLOG[2] (compute-mfcc-feats[5.3]:main():compute-mfcc-feats.cc:173) Processed features for key hi2503M0101
VLOG[2] (compute-mfcc-feats[5.3]:main():compute-mfcc-feats.cc:173) Processed features for key hi2503M0102
VLOG[2] (compute-mfcc-feats[5.3]:main():compute-mfcc-feats.cc:173) Processed features for key hi2503M0103
VLOG[2] (compute-mfcc-feats[5.3]:main():compute-mfcc-feats.cc:173) Processed features for key hi2503M0104
VLOG[2] (compute-mfcc-feats[5.3]:main():compute-mfcc-feats.cc:173) Processed features for key hi2503M0105
VLOG[2] (compute-mfcc-feats[5.3]:main():compute-mfcc-feats.cc:173) Processed features for key hi2503M0106
VLOG[2] (compute-mfcc-feats[5.3]:main():compute-mfcc-feats.cc:173) Processed features for key hi2503M0107
LOG (compute-mfcc-feats[5.3]:main():compute-mfcc-feats.cc:172) Processed 120 utterances
VLOG[2] (compute-mfcc-feats[5.3]:main():compute-mfcc-feats.cc:173) Processed features for key hi2503M0108
VLOG[2] (compute-mfcc-feats[5.3]:main():compute-mfcc-feats.cc:173) Processed features for key hi2503M0109
VLOG[2] (compute-mfcc-feats[5.3]:main():compute-mfcc-feats.cc:173) Processed features for key hi2503M0110
VLOG[2] (compute-mfcc-feats[5.3]:main():compute-mfcc-feats.cc:173) Processed features for key hi2503M0111
VLOG[2] (compute-mfcc-feats[5.3]:main():compute-mfcc-feats.cc:173) Processed features for key hi2503M0112
VLOG[2] (compute-mfcc-feats[5.3]:main():compute-mfcc-feats.cc:173) Processed features for key hi2503M0113
VLOG[2] (compute-mfcc-feats[5.3]:main():compute-mfcc-feats.cc:173) Processed features for key hi2503M0114
VLOG[2] (compute-mfcc-feats[5.3]:main():compute-mfcc-feats.cc:173) Processed features for key hi2503M0115
VLOG[2] (compute-mfcc-feats[5.3]:main():compute-mfcc-feats.cc:173) Processed features for key hi2503M0116
VLOG[2] (compute-mfcc-feats[5.3]:main():compute-mfcc-feats.cc:173) Processed features for key hi2503M0117
LOG (compute-mfcc-feats[5.3]:main():compute-mfcc-feats.cc:172) Processed 130 utterances
VLOG[2] (compute-mfcc-feats[5.3]:main():compute-mfcc-feats.cc:173) Processed features for key hi2503M0118
VLOG[2] (compute-mfcc-feats[5.3]:main():compute-mfcc-feats.cc:173) Processed features for key hi2503M0119
VLOG[2] (compute-mfcc-feats[5.3]:main():compute-mfcc-feats.cc:173) Processed features for key hi2503M0120
VLOG[2] (compute-mfcc-feats[5.3]:main():compute-mfcc-feats.cc:173) Processed features for key hi2503M0121
VLOG[2] (compute-mfcc-feats[5.3]:main():compute-mfcc-feats.cc:173) Processed features for key hi2503M0122
VLOG[2] (compute-mfcc-feats[5.3]:main():compute-mfcc-feats.cc:173) Processed features for key hi2503M0123
VLOG[2] (compute-mfcc-feats[5.3]:main():compute-mfcc-feats.cc:173) Processed features for key hi2503M0124
VLOG[2] (compute-mfcc-feats[5.3]:main():compute-mfcc-feats.cc:173) Processed features for key hi2503M0125
VLOG[2] (compute-mfcc-feats[5.3]:main():compute-mfcc-feats.cc:173) Processed features for key hi2503M0126
VLOG[2] (compute-mfcc-feats[5.3]:main():compute-mfcc-feats.cc:173) Processed features for key hi2503M0127
LOG (compute-mfcc-feats[5.3]:main():compute-mfcc-feats.cc:172) Processed 140 utterances
VLOG[2] (compute-mfcc-feats[5.3]:main():compute-mfcc-feats.cc:173) Processed features for key hi2503M0128
VLOG[2] (compute-mfcc-feats[5.3]:main():compute-mfcc-feats.cc:173) Processed features for key hi2503M0129
VLOG[2] (compute-mfcc-feats[5.3]:main():compute-mfcc-feats.cc:173) Processed features for key hi2503M0130
VLOG[2] (compute-mfcc-feats[5.3]:main():compute-mfcc-feats.cc:173) Processed features for key hi2503M0131
VLOG[2] (compute-mfcc-feats[5.3]:main():compute-mfcc-feats.cc:173) Processed features for key hi2503M0132
VLOG[2] (compute-mfcc-feats[5.3]:main():compute-mfcc-feats.cc:173) Processed features for key hi2503M0133
VLOG[2] (compute-mfcc-feats[5.3]:main():compute-mfcc-feats.cc:173) Processed features for key hi2503M0134
VLOG[2] (compute-mfcc-feats[5.3]:main():compute-mfcc-feats.cc:173) Processed features for key hi2503M0135
VLOG[2] (compute-mfcc-feats[5.3]:main():compute-mfcc-feats.cc:173) Processed features for key hi2503M0136
VLOG[2] (compute-mfcc-feats[5.3]:main():compute-mfcc-feats.cc:173) Processed features for key hi2503M0137
LOG (compute-mfcc-feats[5.3]:main():compute-mfcc-feats.cc:172) Processed 150 utterances
VLOG[2] (compute-mfcc-feats[5.3]:main():compute-mfcc-feats.cc:173) Processed features for key hi2503M0138
VLOG[2] (compute-mfcc-feats[5.3]:main():compute-mfcc-feats.cc:173) Processed features for key hi2503M0139
VLOG[2] (compute-mfcc-feats[5.3]:main():compute-mfcc-feats.cc:173) Processed features for key hi2503M0140
VLOG[2] (compute-mfcc-feats[5.3]:main():compute-mfcc-feats.cc:173) Processed features for key hi2503M0141
VLOG[2] (compute-mfcc-feats[5.3]:main():compute-mfcc-feats.cc:173) Processed features for key hi2503M0142
VLOG[2] (compute-mfcc-feats[5.3]:main():compute-mfcc-feats.cc:173) Processed features for key hi2503M0143
VLOG[2] (compute-mfcc-feats[5.3]:main():compute-mfcc-feats.cc:173) Processed features for key hi2503M0144
VLOG[2] (compute-mfcc-feats[5.3]:main():compute-mfcc-feats.cc:173) Processed features for key hi2503M0145
VLOG[2] (compute-mfcc-feats[5.3]:main():compute-mfcc-feats.cc:173) Processed features for key hi2503M0146
VLOG[2] (compute-mfcc-feats[5.3]:main():compute-mfcc-feats.cc:173) Processed features for key hi2503M0147
LOG (compute-mfcc-feats[5.3]:main():compute-mfcc-feats.cc:172) Processed 160 utterances
VLOG[2] (compute-mfcc-feats[5.3]:main():compute-mfcc-feats.cc:173) Processed features for key hi2503M0148
VLOG[2] (compute-mfcc-feats[5.3]:main():compute-mfcc-feats.cc:173) Processed features for key hi2503M0149
VLOG[2] (compute-mfcc-feats[5.3]:main():compute-mfcc-feats.cc:173) Processed features for key hi2503M0150
VLOG[2] (compute-mfcc-feats[5.3]:main():compute-mfcc-feats.cc:173) Processed features for key hi2504M0001
VLOG[2] (compute-mfcc-feats[5.3]:main():compute-mfcc-feats.cc:173) Processed features for key hi2504M0002
VLOG[2] (compute-mfcc-feats[5.3]:main():compute-mfcc-feats.cc:173) Processed features for key hi2504M0003
VLOG[2] (compute-mfcc-feats[5.3]:main():compute-mfcc-feats.cc:173) Processed features for key hi2504M0004
VLOG[2] (compute-mfcc-feats[5.3]:main():compute-mfcc-feats.cc:173) Processed features for key hi2504M0005
VLOG[2] (compute-mfcc-feats[5.3]:main():compute-mfcc-feats.cc:173) Processed features for key hi2504M0006
VLOG[2] (compute-mfcc-feats[5.3]:main():compute-mfcc-feats.cc:173) Processed features for key hi2504M0007
LOG (compute-mfcc-feats[5.3]:main():compute-mfcc-feats.cc:172) Processed 170 utterances
VLOG[2] (compute-mfcc-feats[5.3]:main():compute-mfcc-feats.cc:173) Processed features for key hi2504M0008
VLOG[2] (compute-mfcc-feats[5.3]:main():compute-mfcc-feats.cc:173) Processed features for key hi2504M0009
VLOG[2] (compute-mfcc-feats[5.3]:main():compute-mfcc-feats.cc:173) Processed features for key hi2504M0010
VLOG[2] (compute-mfcc-feats[5.3]:main():compute-mfcc-feats.cc:173) Processed features for key hi2504M0011
VLOG[2] (compute-mfcc-feats[5.3]:main():compute-mfcc-feats.cc:173) Processed features for key hi2504M0012
VLOG[2] (compute-mfcc-feats[5.3]:main():compute-mfcc-feats.cc:173) Processed features for key hi2504M0013
VLOG[2] (compute-mfcc-feats[5.3]:main():compute-mfcc-feats.cc:173) Processed features for key hi2504M0014
VLOG[2] (compute-mfcc-feats[5.3]:main():compute-mfcc-feats.cc:173) Processed features for key hi2504M0015
VLOG[2] (compute-mfcc-feats[5.3]:main():compute-mfcc-feats.cc:173) Processed features for key hi2504M0016
VLOG[2] (compute-mfcc-feats[5.3]:main():compute-mfcc-feats.cc:173) Processed features for key hi2504M0017
LOG (compute-mfcc-feats[5.3]:main():compute-mfcc-feats.cc:172) Processed 180 utterances
VLOG[2] (compute-mfcc-feats[5.3]:main():compute-mfcc-feats.cc:173) Processed features for key hi2504M0018
VLOG[2] (compute-mfcc-feats[5.3]:main():compute-mfcc-feats.cc:173) Processed features for key hi2504M0019
VLOG[2] (compute-mfcc-feats[5.3]:main():compute-mfcc-feats.cc:173) Processed features for key hi2504M0020
VLOG[2] (compute-mfcc-feats[5.3]:main():compute-mfcc-feats.cc:173) Processed features for key hi2504M0021
VLOG[2] (compute-mfcc-feats[5.3]:main():compute-mfcc-feats.cc:173) Processed features for key hi2504M0022
VLOG[2] (compute-mfcc-feats[5.3]:main():compute-mfcc-feats.cc:173) Processed features for key hi2504M0023
VLOG[2] (compute-mfcc-feats[5.3]:main():compute-mfcc-feats.cc:173) Processed features for key hi2504M0024
VLOG[2] (compute-mfcc-feats[5.3]:main():compute-mfcc-feats.cc:173) Processed features for key hi2504M0025
VLOG[2] (compute-mfcc-feats[5.3]:main():compute-mfcc-feats.cc:173) Processed features for key hi2504M0026
VLOG[2] (compute-mfcc-feats[5.3]:main():compute-mfcc-feats.cc:173) Processed features for key hi2504M0027
LOG (compute-mfcc-feats[5.3]:main():compute-mfcc-feats.cc:172) Processed 190 utterances
VLOG[2] (compute-mfcc-feats[5.3]:main():compute-mfcc-feats.cc:173) Processed features for key hi2504M0028
VLOG[2] (compute-mfcc-feats[5.3]:main():compute-mfcc-feats.cc:173) Processed features for key hi2504M0029
VLOG[2] (compute-mfcc-feats[5.3]:main():compute-mfcc-feats.cc:173) Processed features for key hi2504M0030
VLOG[2] (compute-mfcc-feats[5.3]:main():compute-mfcc-feats.cc:173) Processed features for key hi2504M0031
VLOG[2] (compute-mfcc-feats[5.3]:main():compute-mfcc-feats.cc:173) Processed features for key hi2504M0032
VLOG[2] (compute-mfcc-feats[5.3]:main():compute-mfcc-feats.cc:173) Processed features for key hi2504M0033
VLOG[2] (compute-mfcc-feats[5.3]:main():compute-mfcc-feats.cc:173) Processed features for key hi2504M0034
VLOG[2] (compute-mfcc-feats[5.3]:main():compute-mfcc-feats.cc:173) Processed features for key hi2504M0035
VLOG[2] (compute-mfcc-feats[5.3]:main():compute-mfcc-feats.cc:173) Processed features for key hi2504M0036
VLOG[2] (compute-mfcc-feats[5.3]:main():compute-mfcc-feats.cc:173) Processed features for key hi2504M0037
LOG (compute-mfcc-feats[5.3]:main():compute-mfcc-feats.cc:172) Processed 200 utterances
VLOG[2] (compute-mfcc-feats[5.3]:main():compute-mfcc-feats.cc:173) Processed features for key hi2504M0038
VLOG[2] (compute-mfcc-feats[5.3]:main():compute-mfcc-feats.cc:173) Processed features for key hi2504M0039
VLOG[2] (compute-mfcc-feats[5.3]:main():compute-mfcc-feats.cc:173) Processed features for key hi2504M0040
VLOG[2] (compute-mfcc-feats[5.3]:main():compute-mfcc-feats.cc:173) Processed features for key hi2504M0041
VLOG[2] (compute-mfcc-feats[5.3]:main():compute-mfcc-feats.cc:173) Processed features for key hi2504M0042
VLOG[2] (compute-mfcc-feats[5.3]:main():compute-mfcc-feats.cc:173) Processed features for key hi2504M0043
VLOG[2] (compute-mfcc-feats[5.3]:main():compute-mfcc-feats.cc:173) Processed features for key hi2504M0044
VLOG[2] (compute-mfcc-feats[5.3]:main():compute-mfcc-feats.cc:173) Processed features for key hi2504M0045
VLOG[2] (compute-mfcc-feats[5.3]:main():compute-mfcc-feats.cc:173) Processed features for key hi2504M0046
VLOG[2] (compute-mfcc-feats[5.3]:main():compute-mfcc-feats.cc:173) Processed features for key hi2504M0047
LOG (compute-mfcc-feats[5.3]:main():compute-mfcc-feats.cc:172) Processed 210 utterances
VLOG[2] (compute-mfcc-feats[5.3]:main():compute-mfcc-feats.cc:173) Processed features for key hi2504M0048
VLOG[2] (compute-mfcc-feats[5.3]:main():compute-mfcc-feats.cc:173) Processed features for key hi2504M0049
VLOG[2] (compute-mfcc-feats[5.3]:main():compute-mfcc-feats.cc:173) Processed features for key hi2504M0050
VLOG[2] (compute-mfcc-feats[5.3]:main():compute-mfcc-feats.cc:173) Processed features for key hi2504M0051
VLOG[2] (compute-mfcc-feats[5.3]:main():compute-mfcc-feats.cc:173) Processed features for key hi2504M0052
VLOG[2] (compute-mfcc-feats[5.3]:main():compute-mfcc-feats.cc:173) Processed features for key hi2504M0053
VLOG[2] (compute-mfcc-feats[5.3]:main():compute-mfcc-feats.cc:173) Processed features for key hi2504M0054
VLOG[2] (compute-mfcc-feats[5.3]:main():compute-mfcc-feats.cc:173) Processed features for key hi2504M0055
VLOG[2] (compute-mfcc-feats[5.3]:main():compute-mfcc-feats.cc:173) Processed features for key hi2504M0056
VLOG[2] (compute-mfcc-feats[5.3]:main():compute-mfcc-feats.cc:173) Processed features for key hi2504M0057
LOG (compute-mfcc-feats[5.3]:main():compute-mfcc-feats.cc:172) Processed 220 utterances
VLOG[2] (compute-mfcc-feats[5.3]:main():compute-mfcc-feats.cc:173) Processed features for key hi2504M0058
VLOG[2] (compute-mfcc-feats[5.3]:main():compute-mfcc-feats.cc:173) Processed features for key hi2504M0059
VLOG[2] (compute-mfcc-feats[5.3]:main():compute-mfcc-feats.cc:173) Processed features for key hi2504M0060
VLOG[2] (compute-mfcc-feats[5.3]:main():compute-mfcc-feats.cc:173) Processed features for key hi2504M0081
VLOG[2] (compute-mfcc-feats[5.3]:main():compute-mfcc-feats.cc:173) Processed features for key hi2504M0082
VLOG[2] (compute-mfcc-feats[5.3]:main():compute-mfcc-feats.cc:173) Processed features for key hi2504M0083
VLOG[2] (compute-mfcc-feats[5.3]:main():compute-mfcc-feats.cc:173) Processed features for key hi2504M0084
VLOG[2] (compute-mfcc-feats[5.3]:main():compute-mfcc-feats.cc:173) Processed features for key hi2504M0085
VLOG[2] (compute-mfcc-feats[5.3]:main():compute-mfcc-feats.cc:173) Processed features for key hi2504M0086
LOG (compute-mfcc-feats[5.3]:main():compute-mfcc-feats.cc:176)  Done 228 out of 228 utterances.
LOG (copy-feats[5.3]:main():copy-feats.cc:143) Copied 228 feature matrices.
# Accounting: time=32 threads=1
# Ended (code 0) at Sat Dec 23 21:36:33 IST 2017, elapsed time 32 seconds
