# compute-mfcc-feats --verbose=2 --config=conf/mfcc.conf scp,p:exp/make_mfcc/train/mfcc/wav_train.3.scp ark:- | copy-feats --compress=true ark:- ark,scp:/home/kunal/Kaldi_Workspace/kaldi-master/egs/HindiASR_ver2/data/train/data/raw_mfcc_train.3.ark,/home/kunal/Kaldi_Workspace/kaldi-master/egs/HindiASR_ver2/data/train/data/raw_mfcc_train.3.scp 
# Started at Sat Dec 23 21:36:01 IST 2017
#
compute-mfcc-feats --verbose=2 --config=conf/mfcc.conf scp,p:exp/make_mfcc/train/mfcc/wav_train.3.scp ark:- 
copy-feats --compress=true ark:- ark,scp:/home/kunal/Kaldi_Workspace/kaldi-master/egs/HindiASR_ver2/data/train/data/raw_mfcc_train.3.ark,/home/kunal/Kaldi_Workspace/kaldi-master/egs/HindiASR_ver2/data/train/data/raw_mfcc_train.3.scp 
VLOG[2] (compute-mfcc-feats[5.3]:main():compute-mfcc-feats.cc:173) Processed features for key hi2504M0087
VLOG[2] (compute-mfcc-feats[5.3]:main():compute-mfcc-feats.cc:173) Processed features for key hi2504M0088
VLOG[2] (compute-mfcc-feats[5.3]:main():compute-mfcc-feats.cc:173) Processed features for key hi2504M0089
VLOG[2] (compute-mfcc-feats[5.3]:main():compute-mfcc-feats.cc:173) Processed features for key hi2504M0090
VLOG[2] (compute-mfcc-feats[5.3]:main():compute-mfcc-feats.cc:173) Processed features for key hi2504M0091
VLOG[2] (compute-mfcc-feats[5.3]:main():compute-mfcc-feats.cc:173) Processed features for key hi2504M0092
VLOG[2] (compute-mfcc-feats[5.3]:main():compute-mfcc-feats.cc:173) Processed features for key hi2504M0093
VLOG[2] (compute-mfcc-feats[5.3]:main():compute-mfcc-feats.cc:173) Processed features for key hi2504M0094
VLOG[2] (compute-mfcc-feats[5.3]:main():compute-mfcc-feats.cc:173) Processed features for key hi2504M0095
LOG (compute-mfcc-feats[5.3]:main():compute-mfcc-feats.cc:172) Processed 10 utterances
VLOG[2] (compute-mfcc-feats[5.3]:main():compute-mfcc-feats.cc:173) Processed features for key hi2504M0096
VLOG[2] (compute-mfcc-feats[5.3]:main():compute-mfcc-feats.cc:173) Processed features for key hi2504M0097
VLOG[2] (compute-mfcc-feats[5.3]:main():compute-mfcc-feats.cc:173) Processed features for key hi2504M0098
VLOG[2] (compute-mfcc-feats[5.3]:main():compute-mfcc-feats.cc:173) Processed features for key hi2504M0099
VLOG[2] (compute-mfcc-feats[5.3]:main():compute-mfcc-feats.cc:173) Processed features for key hi2504M0100
VLOG[2] (compute-mfcc-feats[5.3]:main():compute-mfcc-feats.cc:173) Processed features for key hi2504M0101
VLOG[2] (compute-mfcc-feats[5.3]:main():compute-mfcc-feats.cc:173) Processed features for key hi2504M0102
VLOG[2] (compute-mfcc-feats[5.3]:main():compute-mfcc-feats.cc:173) Processed features for key hi2504M0103
VLOG[2] (compute-mfcc-feats[5.3]:main():compute-mfcc-feats.cc:173) Processed features for key hi2504M0104
VLOG[2] (compute-mfcc-feats[5.3]:main():compute-mfcc-feats.cc:173) Processed features for key hi2504M0105
LOG (compute-mfcc-feats[5.3]:main():compute-mfcc-feats.cc:172) Processed 20 utterances
VLOG[2] (compute-mfcc-feats[5.3]:main():compute-mfcc-feats.cc:173) Processed features for key hi2504M0106
VLOG[2] (compute-mfcc-feats[5.3]:main():compute-mfcc-feats.cc:173) Processed features for key hi2504M0107
VLOG[2] (compute-mfcc-feats[5.3]:main():compute-mfcc-feats.cc:173) Processed features for key hi2504M0108
VLOG[2] (compute-mfcc-feats[5.3]:main():compute-mfcc-feats.cc:173) Processed features for key hi2504M0109
VLOG[2] (compute-mfcc-feats[5.3]:main():compute-mfcc-feats.cc:173) Processed features for key hi2504M0110
VLOG[2] (compute-mfcc-feats[5.3]:main():compute-mfcc-feats.cc:173) Processed features for key hi2504M0111
VLOG[2] (compute-mfcc-feats[5.3]:main():compute-mfcc-feats.cc:173) Processed features for key hi2504M0112
VLOG[2] (compute-mfcc-feats[5.3]:main():compute-mfcc-feats.cc:173) Processed features for key hi2504M0113
VLOG[2] (compute-mfcc-feats[5.3]:main():compute-mfcc-feats.cc:173) Processed features for key hi2504M0114
VLOG[2] (compute-mfcc-feats[5.3]:main():compute-mfcc-feats.cc:173) Processed features for key hi2504M0115
LOG (compute-mfcc-feats[5.3]:main():compute-mfcc-feats.cc:172) Processed 30 utterances
VLOG[2] (compute-mfcc-feats[5.3]:main():compute-mfcc-feats.cc:173) Processed features for key hi2504M0116
VLOG[2] (compute-mfcc-feats[5.3]:main():compute-mfcc-feats.cc:173) Processed features for key hi2504M0117
VLOG[2] (compute-mfcc-feats[5.3]:main():compute-mfcc-feats.cc:173) Processed features for key hi2504M0118
VLOG[2] (compute-mfcc-feats[5.3]:main():compute-mfcc-feats.cc:173) Processed features for key hi2504M0119
VLOG[2] (compute-mfcc-feats[5.3]:main():compute-mfcc-feats.cc:173) Processed features for key hi2504M0120
VLOG[2] (compute-mfcc-feats[5.3]:main():compute-mfcc-feats.cc:173) Processed features for key hi2504M0121
VLOG[2] (compute-mfcc-feats[5.3]:main():compute-mfcc-feats.cc:173) Processed features for key hi2504M0122
VLOG[2] (compute-mfcc-feats[5.3]:main():compute-mfcc-feats.cc:173) Processed features for key hi2504M0123
VLOG[2] (compute-mfcc-feats[5.3]:main():compute-mfcc-feats.cc:173) Processed features for key hi2504M0124
VLOG[2] (compute-mfcc-feats[5.3]:main():compute-mfcc-feats.cc:173) Processed features for key hi2504M0125
LOG (compute-mfcc-feats[5.3]:main():compute-mfcc-feats.cc:172) Processed 40 utterances
VLOG[2] (compute-mfcc-feats[5.3]:main():compute-mfcc-feats.cc:173) Processed features for key hi2504M0126
VLOG[2] (compute-mfcc-feats[5.3]:main():compute-mfcc-feats.cc:173) Processed features for key hi2504M0127
VLOG[2] (compute-mfcc-feats[5.3]:main():compute-mfcc-feats.cc:173) Processed features for key hi2504M0128
VLOG[2] (compute-mfcc-feats[5.3]:main():compute-mfcc-feats.cc:173) Processed features for key hi2504M0129
VLOG[2] (compute-mfcc-feats[5.3]:main():compute-mfcc-feats.cc:173) Processed features for key hi2504M0130
VLOG[2] (compute-mfcc-feats[5.3]:main():compute-mfcc-feats.cc:173) Processed features for key hi2504M0131
VLOG[2] (compute-mfcc-feats[5.3]:main():compute-mfcc-feats.cc:173) Processed features for key hi2504M0132
VLOG[2] (compute-mfcc-feats[5.3]:main():compute-mfcc-feats.cc:173) Processed features for key hi2504M0133
VLOG[2] (compute-mfcc-feats[5.3]:main():compute-mfcc-feats.cc:173) Processed features for key hi2504M0134
VLOG[2] (compute-mfcc-feats[5.3]:main():compute-mfcc-feats.cc:173) Processed features for key hi2504M0135
LOG (compute-mfcc-feats[5.3]:main():compute-mfcc-feats.cc:172) Processed 50 utterances
VLOG[2] (compute-mfcc-feats[5.3]:main():compute-mfcc-feats.cc:173) Processed features for key hi2504M0136
VLOG[2] (compute-mfcc-feats[5.3]:main():compute-mfcc-feats.cc:173) Processed features for key hi2504M0137
VLOG[2] (compute-mfcc-feats[5.3]:main():compute-mfcc-feats.cc:173) Processed features for key hi2504M0138
VLOG[2] (compute-mfcc-feats[5.3]:main():compute-mfcc-feats.cc:173) Processed features for key hi2504M0139
VLOG[2] (compute-mfcc-feats[5.3]:main():compute-mfcc-feats.cc:173) Processed features for key hi2504M0140
VLOG[2] (compute-mfcc-feats[5.3]:main():compute-mfcc-feats.cc:173) Processed features for key hi2504M0141
VLOG[2] (compute-mfcc-feats[5.3]:main():compute-mfcc-feats.cc:173) Processed features for key hi2504M0142
VLOG[2] (compute-mfcc-feats[5.3]:main():compute-mfcc-feats.cc:173) Processed features for key hi2504M0143
VLOG[2] (compute-mfcc-feats[5.3]:main():compute-mfcc-feats.cc:173) Processed features for key hi2504M0144
VLOG[2] (compute-mfcc-feats[5.3]:main():compute-mfcc-feats.cc:173) Processed features for key hi2504M0145
LOG (compute-mfcc-feats[5.3]:main():compute-mfcc-feats.cc:172) Processed 60 utterances
VLOG[2] (compute-mfcc-feats[5.3]:main():compute-mfcc-feats.cc:173) Processed features for key hi2504M0146
VLOG[2] (compute-mfcc-feats[5.3]:main():compute-mfcc-feats.cc:173) Processed features for key hi2504M0147
VLOG[2] (compute-mfcc-feats[5.3]:main():compute-mfcc-feats.cc:173) Processed features for key hi2504M0148
VLOG[2] (compute-mfcc-feats[5.3]:main():compute-mfcc-feats.cc:173) Processed features for key hi2504M0149
VLOG[2] (compute-mfcc-feats[5.3]:main():compute-mfcc-feats.cc:173) Processed features for key hi2504M0150
VLOG[2] (compute-mfcc-feats[5.3]:main():compute-mfcc-feats.cc:173) Processed features for key hi2505M0001
VLOG[2] (compute-mfcc-feats[5.3]:main():compute-mfcc-feats.cc:173) Processed features for key hi2505M0002
VLOG[2] (compute-mfcc-feats[5.3]:main():compute-mfcc-feats.cc:173) Processed features for key hi2505M0003
VLOG[2] (compute-mfcc-feats[5.3]:main():compute-mfcc-feats.cc:173) Processed features for key hi2505M0004
VLOG[2] (compute-mfcc-feats[5.3]:main():compute-mfcc-feats.cc:173) Processed features for key hi2505M0005
LOG (compute-mfcc-feats[5.3]:main():compute-mfcc-feats.cc:172) Processed 70 utterances
VLOG[2] (compute-mfcc-feats[5.3]:main():compute-mfcc-feats.cc:173) Processed features for key hi2505M0006
VLOG[2] (compute-mfcc-feats[5.3]:main():compute-mfcc-feats.cc:173) Processed features for key hi2505M0007
VLOG[2] (compute-mfcc-feats[5.3]:main():compute-mfcc-feats.cc:173) Processed features for key hi2505M0008
VLOG[2] (compute-mfcc-feats[5.3]:main():compute-mfcc-feats.cc:173) Processed features for key hi2505M0009
VLOG[2] (compute-mfcc-feats[5.3]:main():compute-mfcc-feats.cc:173) Processed features for key hi2505M0010
VLOG[2] (compute-mfcc-feats[5.3]:main():compute-mfcc-feats.cc:173) Processed features for key hi2505M0011
VLOG[2] (compute-mfcc-feats[5.3]:main():compute-mfcc-feats.cc:173) Processed features for key hi2505M0012
VLOG[2] (compute-mfcc-feats[5.3]:main():compute-mfcc-feats.cc:173) Processed features for key hi2505M0013
VLOG[2] (compute-mfcc-feats[5.3]:main():compute-mfcc-feats.cc:173) Processed features for key hi2505M0014
VLOG[2] (compute-mfcc-feats[5.3]:main():compute-mfcc-feats.cc:173) Processed features for key hi2505M0015
LOG (compute-mfcc-feats[5.3]:main():compute-mfcc-feats.cc:172) Processed 80 utterances
VLOG[2] (compute-mfcc-feats[5.3]:main():compute-mfcc-feats.cc:173) Processed features for key hi2505M0016
VLOG[2] (compute-mfcc-feats[5.3]:main():compute-mfcc-feats.cc:173) Processed features for key hi2505M0017
VLOG[2] (compute-mfcc-feats[5.3]:main():compute-mfcc-feats.cc:173) Processed features for key hi2505M0018
VLOG[2] (compute-mfcc-feats[5.3]:main():compute-mfcc-feats.cc:173) Processed features for key hi2505M0019
VLOG[2] (compute-mfcc-feats[5.3]:main():compute-mfcc-feats.cc:173) Processed features for key hi2505M0020
VLOG[2] (compute-mfcc-feats[5.3]:main():compute-mfcc-feats.cc:173) Processed features for key hi2505M0021
VLOG[2] (compute-mfcc-feats[5.3]:main():compute-mfcc-feats.cc:173) Processed features for key hi2505M0022
VLOG[2] (compute-mfcc-feats[5.3]:main():compute-mfcc-feats.cc:173) Processed features for key hi2505M0023
VLOG[2] (compute-mfcc-feats[5.3]:main():compute-mfcc-feats.cc:173) Processed features for key hi2505M0024
VLOG[2] (compute-mfcc-feats[5.3]:main():compute-mfcc-feats.cc:173) Processed features for key hi2505M0025
LOG (compute-mfcc-feats[5.3]:main():compute-mfcc-feats.cc:172) Processed 90 utterances
VLOG[2] (compute-mfcc-feats[5.3]:main():compute-mfcc-feats.cc:173) Processed features for key hi2505M0026
VLOG[2] (compute-mfcc-feats[5.3]:main():compute-mfcc-feats.cc:173) Processed features for key hi2505M0027
VLOG[2] (compute-mfcc-feats[5.3]:main():compute-mfcc-feats.cc:173) Processed features for key hi2505M0028
VLOG[2] (compute-mfcc-feats[5.3]:main():compute-mfcc-feats.cc:173) Processed features for key hi2505M0029
VLOG[2] (compute-mfcc-feats[5.3]:main():compute-mfcc-feats.cc:173) Processed features for key hi2505M0030
VLOG[2] (compute-mfcc-feats[5.3]:main():compute-mfcc-feats.cc:173) Processed features for key hi2505M0031
VLOG[2] (compute-mfcc-feats[5.3]:main():compute-mfcc-feats.cc:173) Processed features for key hi2505M0032
VLOG[2] (compute-mfcc-feats[5.3]:main():compute-mfcc-feats.cc:173) Processed features for key hi2505M0033
VLOG[2] (compute-mfcc-feats[5.3]:main():compute-mfcc-feats.cc:173) Processed features for key hi2505M0034
VLOG[2] (compute-mfcc-feats[5.3]:main():compute-mfcc-feats.cc:173) Processed features for key hi2505M0035
LOG (compute-mfcc-feats[5.3]:main():compute-mfcc-feats.cc:172) Processed 100 utterances
VLOG[2] (compute-mfcc-feats[5.3]:main():compute-mfcc-feats.cc:173) Processed features for key hi2505M0036
VLOG[2] (compute-mfcc-feats[5.3]:main():compute-mfcc-feats.cc:173) Processed features for key hi2505M0037
VLOG[2] (compute-mfcc-feats[5.3]:main():compute-mfcc-feats.cc:173) Processed features for key hi2505M0038
VLOG[2] (compute-mfcc-feats[5.3]:main():compute-mfcc-feats.cc:173) Processed features for key hi2505M0039
VLOG[2] (compute-mfcc-feats[5.3]:main():compute-mfcc-feats.cc:173) Processed features for key hi2505M0040
VLOG[2] (compute-mfcc-feats[5.3]:main():compute-mfcc-feats.cc:173) Processed features for key hi2505M0041
VLOG[2] (compute-mfcc-feats[5.3]:main():compute-mfcc-feats.cc:173) Processed features for key hi2505M0042
VLOG[2] (compute-mfcc-feats[5.3]:main():compute-mfcc-feats.cc:173) Processed features for key hi2505M0043
VLOG[2] (compute-mfcc-feats[5.3]:main():compute-mfcc-feats.cc:173) Processed features for key hi2505M0044
VLOG[2] (compute-mfcc-feats[5.3]:main():compute-mfcc-feats.cc:173) Processed features for key hi2505M0045
LOG (compute-mfcc-feats[5.3]:main():compute-mfcc-feats.cc:172) Processed 110 utterances
VLOG[2] (compute-mfcc-feats[5.3]:main():compute-mfcc-feats.cc:173) Processed features for key hi2505M0046
VLOG[2] (compute-mfcc-feats[5.3]:main():compute-mfcc-feats.cc:173) Processed features for key hi2505M0047
VLOG[2] (compute-mfcc-feats[5.3]:main():compute-mfcc-feats.cc:173) Processed features for key hi2505M0048
VLOG[2] (compute-mfcc-feats[5.3]:main():compute-mfcc-feats.cc:173) Processed features for key hi2505M0049
VLOG[2] (compute-mfcc-feats[5.3]:main():compute-mfcc-feats.cc:173) Processed features for key hi2505M0050
VLOG[2] (compute-mfcc-feats[5.3]:main():compute-mfcc-feats.cc:173) Processed features for key hi2505M0051
VLOG[2] (compute-mfcc-feats[5.3]:main():compute-mfcc-feats.cc:173) Processed features for key hi2505M0052
VLOG[2] (compute-mfcc-feats[5.3]:main():compute-mfcc-feats.cc:173) Processed features for key hi2505M0053
VLOG[2] (compute-mfcc-feats[5.3]:main():compute-mfcc-feats.cc:173) Processed features for key hi2505M0054
VLOG[2] (compute-mfcc-feats[5.3]:main():compute-mfcc-feats.cc:173) Processed features for key hi2505M0055
LOG (compute-mfcc-feats[5.3]:main():compute-mfcc-feats.cc:172) Processed 120 utterances
VLOG[2] (compute-mfcc-feats[5.3]:main():compute-mfcc-feats.cc:173) Processed features for key hi2505M0056
VLOG[2] (compute-mfcc-feats[5.3]:main():compute-mfcc-feats.cc:173) Processed features for key hi2505M0057
VLOG[2] (compute-mfcc-feats[5.3]:main():compute-mfcc-feats.cc:173) Processed features for key hi2505M0058
VLOG[2] (compute-mfcc-feats[5.3]:main():compute-mfcc-feats.cc:173) Processed features for key hi2505M0059
VLOG[2] (compute-mfcc-feats[5.3]:main():compute-mfcc-feats.cc:173) Processed features for key hi2505M0060
VLOG[2] (compute-mfcc-feats[5.3]:main():compute-mfcc-feats.cc:173) Processed features for key hi2505M0061
VLOG[2] (compute-mfcc-feats[5.3]:main():compute-mfcc-feats.cc:173) Processed features for key hi2505M0062
VLOG[2] (compute-mfcc-feats[5.3]:main():compute-mfcc-feats.cc:173) Processed features for key hi2505M0063
VLOG[2] (compute-mfcc-feats[5.3]:main():compute-mfcc-feats.cc:173) Processed features for key hi2505M0064
VLOG[2] (compute-mfcc-feats[5.3]:main():compute-mfcc-feats.cc:173) Processed features for key hi2505M0065
LOG (compute-mfcc-feats[5.3]:main():compute-mfcc-feats.cc:172) Processed 130 utterances
VLOG[2] (compute-mfcc-feats[5.3]:main():compute-mfcc-feats.cc:173) Processed features for key hi2505M0066
VLOG[2] (compute-mfcc-feats[5.3]:main():compute-mfcc-feats.cc:173) Processed features for key hi2505M0067
VLOG[2] (compute-mfcc-feats[5.3]:main():compute-mfcc-feats.cc:173) Processed features for key hi2505M0068
VLOG[2] (compute-mfcc-feats[5.3]:main():compute-mfcc-feats.cc:173) Processed features for key hi2505M0069
VLOG[2] (compute-mfcc-feats[5.3]:main():compute-mfcc-feats.cc:173) Processed features for key hi2505M0070
VLOG[2] (compute-mfcc-feats[5.3]:main():compute-mfcc-feats.cc:173) Processed features for key hi2505M0071
VLOG[2] (compute-mfcc-feats[5.3]:main():compute-mfcc-feats.cc:173) Processed features for key hi2505M0072
VLOG[2] (compute-mfcc-feats[5.3]:main():compute-mfcc-feats.cc:173) Processed features for key hi2505M0073
VLOG[2] (compute-mfcc-feats[5.3]:main():compute-mfcc-feats.cc:173) Processed features for key hi2505M0074
VLOG[2] (compute-mfcc-feats[5.3]:main():compute-mfcc-feats.cc:173) Processed features for key hi2505M0075
LOG (compute-mfcc-feats[5.3]:main():compute-mfcc-feats.cc:172) Processed 140 utterances
VLOG[2] (compute-mfcc-feats[5.3]:main():compute-mfcc-feats.cc:173) Processed features for key hi2505M0076
VLOG[2] (compute-mfcc-feats[5.3]:main():compute-mfcc-feats.cc:173) Processed features for key hi2505M0077
VLOG[2] (compute-mfcc-feats[5.3]:main():compute-mfcc-feats.cc:173) Processed features for key hi2505M0078
VLOG[2] (compute-mfcc-feats[5.3]:main():compute-mfcc-feats.cc:173) Processed features for key hi2505M0079
VLOG[2] (compute-mfcc-feats[5.3]:main():compute-mfcc-feats.cc:173) Processed features for key hi2505M0080
VLOG[2] (compute-mfcc-feats[5.3]:main():compute-mfcc-feats.cc:173) Processed features for key hi2505M0101
VLOG[2] (compute-mfcc-feats[5.3]:main():compute-mfcc-feats.cc:173) Processed features for key hi2505M0102
VLOG[2] (compute-mfcc-feats[5.3]:main():compute-mfcc-feats.cc:173) Processed features for key hi2505M0103
VLOG[2] (compute-mfcc-feats[5.3]:main():compute-mfcc-feats.cc:173) Processed features for key hi2505M0104
VLOG[2] (compute-mfcc-feats[5.3]:main():compute-mfcc-feats.cc:173) Processed features for key hi2505M0105
LOG (compute-mfcc-feats[5.3]:main():compute-mfcc-feats.cc:172) Processed 150 utterances
VLOG[2] (compute-mfcc-feats[5.3]:main():compute-mfcc-feats.cc:173) Processed features for key hi2505M0106
VLOG[2] (compute-mfcc-feats[5.3]:main():compute-mfcc-feats.cc:173) Processed features for key hi2505M0107
VLOG[2] (compute-mfcc-feats[5.3]:main():compute-mfcc-feats.cc:173) Processed features for key hi2505M0108
VLOG[2] (compute-mfcc-feats[5.3]:main():compute-mfcc-feats.cc:173) Processed features for key hi2505M0109
VLOG[2] (compute-mfcc-feats[5.3]:main():compute-mfcc-feats.cc:173) Processed features for key hi2505M0110
VLOG[2] (compute-mfcc-feats[5.3]:main():compute-mfcc-feats.cc:173) Processed features for key hi2505M0111
VLOG[2] (compute-mfcc-feats[5.3]:main():compute-mfcc-feats.cc:173) Processed features for key hi2505M0112
VLOG[2] (compute-mfcc-feats[5.3]:main():compute-mfcc-feats.cc:173) Processed features for key hi2505M0113
VLOG[2] (compute-mfcc-feats[5.3]:main():compute-mfcc-feats.cc:173) Processed features for key hi2505M0114
VLOG[2] (compute-mfcc-feats[5.3]:main():compute-mfcc-feats.cc:173) Processed features for key hi2505M0115
LOG (compute-mfcc-feats[5.3]:main():compute-mfcc-feats.cc:172) Processed 160 utterances
VLOG[2] (compute-mfcc-feats[5.3]:main():compute-mfcc-feats.cc:173) Processed features for key hi2505M0116
VLOG[2] (compute-mfcc-feats[5.3]:main():compute-mfcc-feats.cc:173) Processed features for key hi2505M0117
VLOG[2] (compute-mfcc-feats[5.3]:main():compute-mfcc-feats.cc:173) Processed features for key hi2505M0118
VLOG[2] (compute-mfcc-feats[5.3]:main():compute-mfcc-feats.cc:173) Processed features for key hi2505M0119
VLOG[2] (compute-mfcc-feats[5.3]:main():compute-mfcc-feats.cc:173) Processed features for key hi2505M0120
VLOG[2] (compute-mfcc-feats[5.3]:main():compute-mfcc-feats.cc:173) Processed features for key hi2505M0121
VLOG[2] (compute-mfcc-feats[5.3]:main():compute-mfcc-feats.cc:173) Processed features for key hi2505M0122
VLOG[2] (compute-mfcc-feats[5.3]:main():compute-mfcc-feats.cc:173) Processed features for key hi2505M0123
VLOG[2] (compute-mfcc-feats[5.3]:main():compute-mfcc-feats.cc:173) Processed features for key hi2505M0124
VLOG[2] (compute-mfcc-feats[5.3]:main():compute-mfcc-feats.cc:173) Processed features for key hi2505M0125
LOG (compute-mfcc-feats[5.3]:main():compute-mfcc-feats.cc:172) Processed 170 utterances
VLOG[2] (compute-mfcc-feats[5.3]:main():compute-mfcc-feats.cc:173) Processed features for key hi2505M0126
VLOG[2] (compute-mfcc-feats[5.3]:main():compute-mfcc-feats.cc:173) Processed features for key hi2505M0127
VLOG[2] (compute-mfcc-feats[5.3]:main():compute-mfcc-feats.cc:173) Processed features for key hi2505M0128
VLOG[2] (compute-mfcc-feats[5.3]:main():compute-mfcc-feats.cc:173) Processed features for key hi2505M0129
VLOG[2] (compute-mfcc-feats[5.3]:main():compute-mfcc-feats.cc:173) Processed features for key hi2505M0130
VLOG[2] (compute-mfcc-feats[5.3]:main():compute-mfcc-feats.cc:173) Processed features for key hi2505M0131
VLOG[2] (compute-mfcc-feats[5.3]:main():compute-mfcc-feats.cc:173) Processed features for key hi2505M0132
VLOG[2] (compute-mfcc-feats[5.3]:main():compute-mfcc-feats.cc:173) Processed features for key hi2505M0133
VLOG[2] (compute-mfcc-feats[5.3]:main():compute-mfcc-feats.cc:173) Processed features for key hi2505M0134
VLOG[2] (compute-mfcc-feats[5.3]:main():compute-mfcc-feats.cc:173) Processed features for key hi2505M0135
LOG (compute-mfcc-feats[5.3]:main():compute-mfcc-feats.cc:172) Processed 180 utterances
VLOG[2] (compute-mfcc-feats[5.3]:main():compute-mfcc-feats.cc:173) Processed features for key hi2505M0136
VLOG[2] (compute-mfcc-feats[5.3]:main():compute-mfcc-feats.cc:173) Processed features for key hi2505M0137
VLOG[2] (compute-mfcc-feats[5.3]:main():compute-mfcc-feats.cc:173) Processed features for key hi2505M0138
VLOG[2] (compute-mfcc-feats[5.3]:main():compute-mfcc-feats.cc:173) Processed features for key hi2505M0139
VLOG[2] (compute-mfcc-feats[5.3]:main():compute-mfcc-feats.cc:173) Processed features for key hi2505M0140
VLOG[2] (compute-mfcc-feats[5.3]:main():compute-mfcc-feats.cc:173) Processed features for key hi2505M0141
VLOG[2] (compute-mfcc-feats[5.3]:main():compute-mfcc-feats.cc:173) Processed features for key hi2505M0142
VLOG[2] (compute-mfcc-feats[5.3]:main():compute-mfcc-feats.cc:173) Processed features for key hi2505M0143
VLOG[2] (compute-mfcc-feats[5.3]:main():compute-mfcc-feats.cc:173) Processed features for key hi2505M0144
VLOG[2] (compute-mfcc-feats[5.3]:main():compute-mfcc-feats.cc:173) Processed features for key hi2505M0145
LOG (compute-mfcc-feats[5.3]:main():compute-mfcc-feats.cc:172) Processed 190 utterances
VLOG[2] (compute-mfcc-feats[5.3]:main():compute-mfcc-feats.cc:173) Processed features for key hi2505M0146
VLOG[2] (compute-mfcc-feats[5.3]:main():compute-mfcc-feats.cc:173) Processed features for key hi2505M0147
VLOG[2] (compute-mfcc-feats[5.3]:main():compute-mfcc-feats.cc:173) Processed features for key hi2505M0148
VLOG[2] (compute-mfcc-feats[5.3]:main():compute-mfcc-feats.cc:173) Processed features for key hi2505M0149
VLOG[2] (compute-mfcc-feats[5.3]:main():compute-mfcc-feats.cc:173) Processed features for key hi2505M0150
VLOG[2] (compute-mfcc-feats[5.3]:main():compute-mfcc-feats.cc:173) Processed features for key hi2508M0001
VLOG[2] (compute-mfcc-feats[5.3]:main():compute-mfcc-feats.cc:173) Processed features for key hi2508M0002
VLOG[2] (compute-mfcc-feats[5.3]:main():compute-mfcc-feats.cc:173) Processed features for key hi2508M0003
VLOG[2] (compute-mfcc-feats[5.3]:main():compute-mfcc-feats.cc:173) Processed features for key hi2508M0004
VLOG[2] (compute-mfcc-feats[5.3]:main():compute-mfcc-feats.cc:173) Processed features for key hi2508M0005
LOG (compute-mfcc-feats[5.3]:main():compute-mfcc-feats.cc:172) Processed 200 utterances
VLOG[2] (compute-mfcc-feats[5.3]:main():compute-mfcc-feats.cc:173) Processed features for key hi2508M0006
VLOG[2] (compute-mfcc-feats[5.3]:main():compute-mfcc-feats.cc:173) Processed features for key hi2508M0007
VLOG[2] (compute-mfcc-feats[5.3]:main():compute-mfcc-feats.cc:173) Processed features for key hi2508M0008
VLOG[2] (compute-mfcc-feats[5.3]:main():compute-mfcc-feats.cc:173) Processed features for key hi2508M0009
VLOG[2] (compute-mfcc-feats[5.3]:main():compute-mfcc-feats.cc:173) Processed features for key hi2508M0010
VLOG[2] (compute-mfcc-feats[5.3]:main():compute-mfcc-feats.cc:173) Processed features for key hi2508M0011
VLOG[2] (compute-mfcc-feats[5.3]:main():compute-mfcc-feats.cc:173) Processed features for key hi2508M0012
VLOG[2] (compute-mfcc-feats[5.3]:main():compute-mfcc-feats.cc:173) Processed features for key hi2508M0013
VLOG[2] (compute-mfcc-feats[5.3]:main():compute-mfcc-feats.cc:173) Processed features for key hi2508M0014
VLOG[2] (compute-mfcc-feats[5.3]:main():compute-mfcc-feats.cc:173) Processed features for key hi2508M0015
LOG (compute-mfcc-feats[5.3]:main():compute-mfcc-feats.cc:172) Processed 210 utterances
VLOG[2] (compute-mfcc-feats[5.3]:main():compute-mfcc-feats.cc:173) Processed features for key hi2508M0016
VLOG[2] (compute-mfcc-feats[5.3]:main():compute-mfcc-feats.cc:173) Processed features for key hi2508M0017
VLOG[2] (compute-mfcc-feats[5.3]:main():compute-mfcc-feats.cc:173) Processed features for key hi2508M0018
VLOG[2] (compute-mfcc-feats[5.3]:main():compute-mfcc-feats.cc:173) Processed features for key hi2508M0019
VLOG[2] (compute-mfcc-feats[5.3]:main():compute-mfcc-feats.cc:173) Processed features for key hi2508M0020
VLOG[2] (compute-mfcc-feats[5.3]:main():compute-mfcc-feats.cc:173) Processed features for key hi2508M0021
VLOG[2] (compute-mfcc-feats[5.3]:main():compute-mfcc-feats.cc:173) Processed features for key hi2508M0022
VLOG[2] (compute-mfcc-feats[5.3]:main():compute-mfcc-feats.cc:173) Processed features for key hi2508M0023
VLOG[2] (compute-mfcc-feats[5.3]:main():compute-mfcc-feats.cc:173) Processed features for key hi2508M0024
VLOG[2] (compute-mfcc-feats[5.3]:main():compute-mfcc-feats.cc:173) Processed features for key hi2508M0025
LOG (compute-mfcc-feats[5.3]:main():compute-mfcc-feats.cc:172) Processed 220 utterances
VLOG[2] (compute-mfcc-feats[5.3]:main():compute-mfcc-feats.cc:173) Processed features for key hi2508M0026
VLOG[2] (compute-mfcc-feats[5.3]:main():compute-mfcc-feats.cc:173) Processed features for key hi2508M0027
VLOG[2] (compute-mfcc-feats[5.3]:main():compute-mfcc-feats.cc:173) Processed features for key hi2508M0028
VLOG[2] (compute-mfcc-feats[5.3]:main():compute-mfcc-feats.cc:173) Processed features for key hi2508M0029
VLOG[2] (compute-mfcc-feats[5.3]:main():compute-mfcc-feats.cc:173) Processed features for key hi2508M0030
VLOG[2] (compute-mfcc-feats[5.3]:main():compute-mfcc-feats.cc:173) Processed features for key hi2508M0031
VLOG[2] (compute-mfcc-feats[5.3]:main():compute-mfcc-feats.cc:173) Processed features for key hi2508M0032
VLOG[2] (compute-mfcc-feats[5.3]:main():compute-mfcc-feats.cc:173) Processed features for key hi2508M0033
LOG (compute-mfcc-feats[5.3]:main():compute-mfcc-feats.cc:176)  Done 227 out of 227 utterances.
LOG (copy-feats[5.3]:main():copy-feats.cc:143) Copied 227 feature matrices.
# Accounting: time=32 threads=1
# Ended (code 0) at Sat Dec 23 21:36:33 IST 2017, elapsed time 32 seconds
