# gunzip -c exp/DNN/decode/depth_stats_tmp.*.gz | steps/diagnostic/analyze_lattice_depth_stats.py exp/tri/graph 
# Started at Sun Dec 24 10:01:58 IST 2017
#
The total amount of data analyzed assuming 100 frames per second is 0.3 hours
Overall, lattice depth (10,50,90-percentile)=(1,1,3) and mean=2.5
Nonsilence phones as a group account for 72.6% of frames, with lattice depth (10,50,90-percentile)=(1,1,3) and mean=1.7
Phone sil accounts for 27.4% of frames, with lattice depth (10,50,90-percentile)=(1,1,5) and mean=4.6
Phone ei_E accounts for 9.2% of frames, with lattice depth (10,50,90-percentile)=(1,1,4) and mean=2.0
Phone a_I accounts for 3.8% of frames, with lattice depth (10,50,90-percentile)=(1,1,2) and mean=1.4
Phone ii_E accounts for 3.5% of frames, with lattice depth (10,50,90-percentile)=(1,1,3) and mean=1.8
Phone aa_I accounts for 3.2% of frames, with lattice depth (10,50,90-percentile)=(1,1,2) and mean=1.4
Phone aa_E accounts for 2.8% of frames, with lattice depth (10,50,90-percentile)=(1,1,2) and mean=2.0
Phone ee_E accounts for 2.7% of frames, with lattice depth (10,50,90-percentile)=(1,1,4) and mean=2.0
Phone h_B accounts for 2.4% of frames, with lattice depth (10,50,90-percentile)=(1,1,4) and mean=2.6
Phone s_B accounts for 2.0% of frames, with lattice depth (10,50,90-percentile)=(1,1,2) and mean=1.5
Phone k_B accounts for 1.9% of frames, with lattice depth (10,50,90-percentile)=(1,1,2) and mean=1.6
Phone ei_I accounts for 1.6% of frames, with lattice depth (10,50,90-percentile)=(1,3,5) and mean=2.7
Phone m_B accounts for 1.5% of frames, with lattice depth (10,50,90-percentile)=(1,1,2) and mean=1.9
Phone ee_I accounts for 1.4% of frames, with lattice depth (10,50,90-percentile)=(1,1,2) and mean=1.7
Phone t_I accounts for 1.2% of frames, with lattice depth (10,50,90-percentile)=(1,1,2) and mean=1.2
Phone r_E accounts for 1.2% of frames, with lattice depth (10,50,90-percentile)=(1,1,2) and mean=1.7
Phone p_B accounts for 1.1% of frames, with lattice depth (10,50,90-percentile)=(1,1,1) and mean=1.3
Phone n_E accounts for 1.1% of frames, with lattice depth (10,50,90-percentile)=(1,1,3) and mean=1.8
Phone n_I accounts for 1.0% of frames, with lattice depth (10,50,90-percentile)=(1,1,2) and mean=1.4
Phone o_I accounts for 1.0% of frames, with lattice depth (10,50,90-percentile)=(1,1,1) and mean=1.2
Phone o_E accounts for 0.9% of frames, with lattice depth (10,50,90-percentile)=(1,1,2) and mean=1.4
Phone i_I accounts for 0.9% of frames, with lattice depth (10,50,90-percentile)=(1,1,2) and mean=1.5
Phone k_I accounts for 0.9% of frames, with lattice depth (10,50,90-percentile)=(1,1,1) and mean=1.2
Phone d_B accounts for 0.8% of frames, with lattice depth (10,50,90-percentile)=(1,1,1) and mean=1.3
Phone s_I accounts for 0.8% of frames, with lattice depth (10,50,90-percentile)=(1,1,2) and mean=1.2
Phone on_E accounts for 0.8% of frames, with lattice depth (10,50,90-percentile)=(1,1,2) and mean=1.5
Phone b_B accounts for 0.8% of frames, with lattice depth (10,50,90-percentile)=(1,1,2) and mean=1.5
Phone r_I accounts for 0.8% of frames, with lattice depth (10,50,90-percentile)=(1,1,2) and mean=1.3
Phone ii_I accounts for 0.7% of frames, with lattice depth (10,50,90-percentile)=(1,1,1) and mean=1.3
Phone u_I accounts for 0.7% of frames, with lattice depth (10,50,90-percentile)=(1,1,4) and mean=1.9
Phone j_B accounts for 0.6% of frames, with lattice depth (10,50,90-percentile)=(1,1,2) and mean=1.5
Phone h_I accounts for 0.6% of frames, with lattice depth (10,50,90-percentile)=(1,1,3) and mean=1.8
Phone ou_B accounts for 0.6% of frames, with lattice depth (10,50,90-percentile)=(1,1,2) and mean=2.1
Phone y_I accounts for 0.6% of frames, with lattice depth (10,50,90-percentile)=(1,1,2) and mean=1.4
Phone u_B accounts for 0.6% of frames, with lattice depth (10,50,90-percentile)=(1,1,1) and mean=1.1
Phone uu_I accounts for 0.6% of frames, with lattice depth (10,50,90-percentile)=(1,1,3) and mean=1.4
Phone l_I accounts for 0.5% of frames, with lattice depth (10,50,90-percentile)=(1,1,1) and mean=1.2
# Accounting: time=0 threads=1
# Ended (code 0) at Sun Dec 24 10:01:58 IST 2017, elapsed time 0 seconds
