# nnet-shuffle-egs --buffer-size=5000 --srand=3 ark:exp/DNN/egs/egs.6.0.ark ark:- | nnet-train-parallel --num-threads=16 --minibatch-size=128 --srand=3 "nnet-init --srand=3 exp/DNN/hidden.config - | nnet-insert exp/DNN/3.mdl - - |" ark:- exp/DNN/4.6.mdl 
# Started at Sun Dec 24 00:02:00 IST 2017
#
nnet-train-parallel --num-threads=16 --minibatch-size=128 --srand=3 'nnet-init --srand=3 exp/DNN/hidden.config - | nnet-insert exp/DNN/3.mdl - - |' ark:- exp/DNN/4.6.mdl 
nnet-shuffle-egs --buffer-size=5000 --srand=3 ark:exp/DNN/egs/egs.6.0.ark ark:- 
nnet-insert exp/DNN/3.mdl - - 
nnet-init --srand=3 exp/DNN/hidden.config - 
LOG (nnet-insert[5.3]:main():nnet-insert.cc:106) Inserted 2 components at position 6
LOG (nnet-init[5.3]:main():nnet-init.cc:69) Initialized raw neural net and wrote it to -
LOG (nnet-insert[5.3]:main():nnet-insert.cc:122) Randomized component index 8 with stddev 0.00441942
LOG (nnet-insert[5.3]:main():nnet-insert.cc:132) Write neural-net acoustic model to -
LOG (nnet-train-parallel[5.3]:GetScalingFactor():nnet-component.cc:1535) Limiting step size to 10 using scaling factor 0.990779, for component index 6
LOG (nnet-train-parallel[5.3]:GetScalingFactor():nnet-component.cc:1535) Limiting step size to 10 using scaling factor 0.970923, for component index 6
LOG (nnet-train-parallel[5.3]:GetScalingFactor():nnet-component.cc:1535) Limiting step size to 10 using scaling factor 0.988957, for component index 6
LOG (nnet-train-parallel[5.3]:GetScalingFactor():nnet-component.cc:1535) Limiting step size to 10 using scaling factor 0.995941, for component index 6
LOG (nnet-train-parallel[5.3]:GetScalingFactor():nnet-component.cc:1535) Limiting step size to 10 using scaling factor 0.979071, for component index 6
LOG (nnet-train-parallel[5.3]:GetScalingFactor():nnet-component.cc:1535) Limiting step size to 10 using scaling factor 0.990034, for component index 6
LOG (nnet-train-parallel[5.3]:GetScalingFactor():nnet-component.cc:1535) Limiting step size to 10 using scaling factor 0.991318, for component index 6
LOG (nnet-train-parallel[5.3]:GetScalingFactor():nnet-component.cc:1535) Limiting step size to 10 using scaling factor 0.966866, for component index 6
LOG (nnet-train-parallel[5.3]:GetScalingFactor():nnet-component.cc:1535) Limiting step size to 10 using scaling factor 0.984572, for component index 6
LOG (nnet-train-parallel[5.3]:GetScalingFactor():nnet-component.cc:1535) Limiting step size to 10 using scaling factor 0.953173, for component index 6
LOG (nnet-shuffle-egs[5.3]:main():nnet-shuffle-egs.cc:102) Shuffled order of 42089 neural-network training examples using a buffer (partial randomization)
LOG (nnet-train-parallel[5.3]:DoBackpropParallel():nnet-update-parallel.cc:194) Did backprop on 42089 examples, average log-prob per frame is -3.82986
LOG (nnet-train-parallel[5.3]:DoBackpropParallel():nnet-update-parallel.cc:196) [this line is to be parsed by a script:] log-prob-per-frame=-3.82986
LOG (nnet-train-parallel[5.3]:main():nnet-train-parallel.cc:102) Finished training, processed 42089 training examples (weighted).  Wrote model to exp/DNN/4.6.mdl
# Accounting: time=105 threads=1
# Ended (code 0) at Sun Dec 24 00:03:45 IST 2017, elapsed time 105 seconds
