# nnet-shuffle-egs --buffer-size=5000 --srand=2 ark:exp/DNN/egs/egs.6.0.ark ark:- | nnet-train-parallel --num-threads=16 --minibatch-size=128 --srand=2 exp/DNN/2.mdl ark:- exp/DNN/3.6.mdl 
# Started at Sat Dec 23 23:58:14 IST 2017
#
nnet-shuffle-egs --buffer-size=5000 --srand=2 ark:exp/DNN/egs/egs.6.0.ark ark:- 
nnet-train-parallel --num-threads=16 --minibatch-size=128 --srand=2 exp/DNN/2.mdl ark:- exp/DNN/3.6.mdl 
LOG (nnet-train-parallel[5.3]:GetScalingFactor():nnet-component.cc:1535) Limiting step size to 10 using scaling factor 0.96915, for component index 6
LOG (nnet-train-parallel[5.3]:GetScalingFactor():nnet-component.cc:1535) Limiting step size to 10 using scaling factor 0.955642, for component index 6
LOG (nnet-train-parallel[5.3]:GetScalingFactor():nnet-component.cc:1535) Limiting step size to 10 using scaling factor 0.955429, for component index 6
LOG (nnet-train-parallel[5.3]:GetScalingFactor():nnet-component.cc:1535) Limiting step size to 10 using scaling factor 0.941784, for component index 6
LOG (nnet-train-parallel[5.3]:GetScalingFactor():nnet-component.cc:1535) Limiting step size to 10 using scaling factor 0.997248, for component index 6
LOG (nnet-train-parallel[5.3]:GetScalingFactor():nnet-component.cc:1535) Limiting step size to 10 using scaling factor 0.985139, for component index 6
LOG (nnet-train-parallel[5.3]:GetScalingFactor():nnet-component.cc:1535) Limiting step size to 10 using scaling factor 0.990357, for component index 6
LOG (nnet-train-parallel[5.3]:GetScalingFactor():nnet-component.cc:1535) Limiting step size to 10 using scaling factor 0.997199, for component index 6
LOG (nnet-train-parallel[5.3]:GetScalingFactor():nnet-component.cc:1535) Limiting step size to 10 using scaling factor 0.990993, for component index 6
LOG (nnet-train-parallel[5.3]:GetScalingFactor():nnet-component.cc:1535) Limiting step size to 10 using scaling factor 0.971234, for component index 6
LOG (nnet-shuffle-egs[5.3]:main():nnet-shuffle-egs.cc:102) Shuffled order of 42089 neural-network training examples using a buffer (partial randomization)
LOG (nnet-train-parallel[5.3]:DoBackpropParallel():nnet-update-parallel.cc:194) Did backprop on 42089 examples, average log-prob per frame is -2.64597
LOG (nnet-train-parallel[5.3]:DoBackpropParallel():nnet-update-parallel.cc:196) [this line is to be parsed by a script:] log-prob-per-frame=-2.64597
LOG (nnet-train-parallel[5.3]:main():nnet-train-parallel.cc:102) Finished training, processed 42089 training examples (weighted).  Wrote model to exp/DNN/3.6.mdl
# Accounting: time=81 threads=1
# Ended (code 0) at Sat Dec 23 23:59:35 IST 2017, elapsed time 81 seconds
