# nnet-shuffle-egs --buffer-size=5000 --srand=2 ark:exp/DNN/egs/egs.10.0.ark ark:- | nnet-train-parallel --num-threads=16 --minibatch-size=128 --srand=2 exp/DNN/2.mdl ark:- exp/DNN/3.10.mdl 
# Started at Sat Dec 23 23:59:34 IST 2017
#
nnet-shuffle-egs --buffer-size=5000 --srand=2 ark:exp/DNN/egs/egs.10.0.ark ark:- 
nnet-train-parallel --num-threads=16 --minibatch-size=128 --srand=2 exp/DNN/2.mdl ark:- exp/DNN/3.10.mdl 
LOG (nnet-train-parallel[5.3]:GetScalingFactor():nnet-component.cc:1535) Limiting step size to 10 using scaling factor 0.9919, for component index 6
LOG (nnet-train-parallel[5.3]:GetScalingFactor():nnet-component.cc:1535) Limiting step size to 10 using scaling factor 0.987531, for component index 6
LOG (nnet-train-parallel[5.3]:GetScalingFactor():nnet-component.cc:1535) Limiting step size to 10 using scaling factor 0.952304, for component index 6
LOG (nnet-train-parallel[5.3]:GetScalingFactor():nnet-component.cc:1535) Limiting step size to 10 using scaling factor 0.953422, for component index 6
LOG (nnet-train-parallel[5.3]:GetScalingFactor():nnet-component.cc:1535) Limiting step size to 10 using scaling factor 0.983347, for component index 6
LOG (nnet-train-parallel[5.3]:GetScalingFactor():nnet-component.cc:1535) Limiting step size to 10 using scaling factor 0.943939, for component index 6
LOG (nnet-train-parallel[5.3]:GetScalingFactor():nnet-component.cc:1535) Limiting step size to 10 using scaling factor 0.966634, for component index 6
LOG (nnet-train-parallel[5.3]:GetScalingFactor():nnet-component.cc:1535) Limiting step size to 10 using scaling factor 0.986685, for component index 6
LOG (nnet-train-parallel[5.3]:GetScalingFactor():nnet-component.cc:1535) Limiting step size to 10 using scaling factor 0.933844, for component index 6
LOG (nnet-train-parallel[5.3]:GetScalingFactor():nnet-component.cc:1535) Limiting step size to 10 using scaling factor 0.96689, for component index 6
LOG (nnet-shuffle-egs[5.3]:main():nnet-shuffle-egs.cc:102) Shuffled order of 42088 neural-network training examples using a buffer (partial randomization)
LOG (nnet-train-parallel[5.3]:DoBackpropParallel():nnet-update-parallel.cc:194) Did backprop on 42088 examples, average log-prob per frame is -2.63544
LOG (nnet-train-parallel[5.3]:DoBackpropParallel():nnet-update-parallel.cc:196) [this line is to be parsed by a script:] log-prob-per-frame=-2.63544
LOG (nnet-train-parallel[5.3]:main():nnet-train-parallel.cc:102) Finished training, processed 42088 training examples (weighted).  Wrote model to exp/DNN/3.10.mdl
# Accounting: time=40 threads=1
# Ended (code 0) at Sun Dec 24 00:00:14 IST 2017, elapsed time 40 seconds
