# nnet-shuffle-egs --buffer-size=5000 --srand=2 ark:exp/DNN/egs/egs.8.0.ark ark:- | nnet-train-parallel --num-threads=16 --minibatch-size=128 --srand=2 exp/DNN/2.mdl ark:- exp/DNN/3.8.mdl 
# Started at Sat Dec 23 23:58:14 IST 2017
#
nnet-shuffle-egs --buffer-size=5000 --srand=2 ark:exp/DNN/egs/egs.8.0.ark ark:- 
nnet-train-parallel --num-threads=16 --minibatch-size=128 --srand=2 exp/DNN/2.mdl ark:- exp/DNN/3.8.mdl 
LOG (nnet-train-parallel[5.3]:GetScalingFactor():nnet-component.cc:1535) Limiting step size to 10 using scaling factor 0.98521, for component index 6
LOG (nnet-train-parallel[5.3]:GetScalingFactor():nnet-component.cc:1535) Limiting step size to 10 using scaling factor 0.979114, for component index 6
LOG (nnet-train-parallel[5.3]:GetScalingFactor():nnet-component.cc:1535) Limiting step size to 10 using scaling factor 0.984015, for component index 6
LOG (nnet-train-parallel[5.3]:GetScalingFactor():nnet-component.cc:1535) Limiting step size to 10 using scaling factor 0.98397, for component index 6
LOG (nnet-train-parallel[5.3]:GetScalingFactor():nnet-component.cc:1535) Limiting step size to 10 using scaling factor 0.972174, for component index 6
LOG (nnet-train-parallel[5.3]:GetScalingFactor():nnet-component.cc:1535) Limiting step size to 10 using scaling factor 0.972934, for component index 6
LOG (nnet-train-parallel[5.3]:GetScalingFactor():nnet-component.cc:1535) Limiting step size to 10 using scaling factor 0.974642, for component index 6
LOG (nnet-train-parallel[5.3]:GetScalingFactor():nnet-component.cc:1535) Limiting step size to 10 using scaling factor 0.993523, for component index 6
LOG (nnet-train-parallel[5.3]:GetScalingFactor():nnet-component.cc:1535) Limiting step size to 10 using scaling factor 0.990799, for component index 6
LOG (nnet-train-parallel[5.3]:GetScalingFactor():nnet-component.cc:1535) Limiting step size to 10 using scaling factor 0.907463, for component index 6
LOG (nnet-shuffle-egs[5.3]:main():nnet-shuffle-egs.cc:102) Shuffled order of 42089 neural-network training examples using a buffer (partial randomization)
LOG (nnet-train-parallel[5.3]:DoBackpropParallel():nnet-update-parallel.cc:194) Did backprop on 42089 examples, average log-prob per frame is -2.63202
LOG (nnet-train-parallel[5.3]:DoBackpropParallel():nnet-update-parallel.cc:196) [this line is to be parsed by a script:] log-prob-per-frame=-2.63202
LOG (nnet-train-parallel[5.3]:main():nnet-train-parallel.cc:102) Finished training, processed 42089 training examples (weighted).  Wrote model to exp/DNN/3.8.mdl
# Accounting: time=80 threads=1
# Ended (code 0) at Sat Dec 23 23:59:34 IST 2017, elapsed time 80 seconds
