# lattice-scale --inv-acoustic-scale=8 "ark:gunzip -c exp/DNN/decode/lat.*.gz|" ark:- | lattice-add-penalty --word-ins-penalty=0.0 ark:- ark:- | lattice-best-path --word-symbol-table=data/lang_bigram/words.txt ark:- ark,t:exp/DNN/decode/scoring/8.tra 
# Started at Sun Dec 24 10:04:56 IST 2017
#
lattice-add-penalty --word-ins-penalty=0.0 ark:- ark:- 
lattice-best-path --word-symbol-table=data/lang_bigram/words.txt ark:- ark,t:exp/DNN/decode/scoring/8.tra 
lattice-scale --inv-acoustic-scale=8 'ark:gunzip -c exp/DNN/decode/lat.*.gz|' ark:- 
LOG (lattice-best-path[5.3]:main():lattice-best-path.cc:99) For utterance hi2501M0001, best cost 53.9535 + -398.179 = -344.225 over 698 frames.
hi2501M0001 dhobina jaba sokara utxhatii to dekhatii ki cookaa saapha padxaa hei oora bartana mamqje hue hei 
LOG (lattice-best-path[5.3]:main():lattice-best-path.cc:99) For utterance hi2501M0002, best cost 41.2265 + -337.947 = -296.72 over 698 frames.
hi2501M0002 yahaamq se lagabhaga paamqca miila daksxinxa pashcima meq katxaghara gaamqva hei 
LOG (lattice-best-path[5.3]:main():lattice-best-path.cc:99) For utterance hi2501M0003, best cost 74.1757 + -350.651 = -276.475 over 698 frames.
hi2501M0003 maaluuma ho jeise megha paanii paanii ho gae hoq oora bijaliyaamq txukadxe txukadxe ho gaii hoq 
LOG (lattice-best-path[5.3]:main():lattice-best-path.cc:99) For utterance hi2501M0004, best cost 64.2932 + -247.22 = -182.927 over 698 frames.
hi2501M0004 bhuula se usane vaha cavannii saaga khariidate samaya eka buudxhaii oorata ko de dii 
LOG (lattice-best-path[5.3]:main():lattice-best-path.cc:99) For utterance hi2501M0005, best cost 67.4161 + -298.236 = -230.82 over 698 frames.
hi2501M0005 ruupakumaarii isa kathana ko shekhacillii kii daastaana se jyaadaa mahatva nahii denaa caahatii 
LOG (lattice-best-path[5.3]:main():lattice-best-path.cc:99) For utterance hi2501M0006, best cost 64.6177 + -337.827 = -273.21 over 698 frames.
hi2501M0006 usame se harii ghaasa ke caraagaahoq kaa badxaa hii sundara drushya dikhaaii detaa thaa 
LOG (lattice-best-path[5.3]:main():lattice-best-path.cc:99) For utterance hi2501M0007, best cost 68.081 + -322.336 = -254.254 over 698 frames.
hi2501M0007 phira dhiire dhiire use piinaa hii nahii duudha kii botala pahacaananaa bhii aa gayaa 
LOG (lattice-best-path[5.3]:main():lattice-best-path.cc:99) For utterance hi2501M0008, best cost 76.8749 + -307.362 = -230.487 over 698 frames.
hi2501M0008 agale dina vaha bhii icchaa se bhare hue tiina theile lekara mahilaa ke paasa aayaa 
LOG (lattice-best-path[5.3]:main():lattice-best-path.cc:99) For utterance hi2501M0009, best cost 82.772 + -342.724 = -259.952 over 698 frames.
hi2501M0009 hei oora idhara usakii donoq bahaneq bhii vyaahii jaane ke baada apane patiyoq ke saatha calii gaii thiiq 
LOG (lattice-best-path[5.3]:main():lattice-best-path.cc:99) For utterance hi2501M0010, best cost 70.3759 + -328.05 = -257.674 over 698 frames.
hi2501M0010 cadxdxhaa ne vyathita svara se kahaa calo dekha lo magara tiina caara ghaqtxe ho gae heiq 
LOG (lattice-best-path[5.3]:main():lattice-best-path.cc:99) For utterance hi2501M0011, best cost 53.9962 + -435.042 = -381.046 over 698 frames.
hi2501M0011 dhobina jaba sokara utxhatii to dekhatii ki cookaa saapha padxaa hei oora bartana mamqje hue hei 
LOG (lattice-best-path[5.3]:main():lattice-best-path.cc:99) For utterance hi2501M0012, best cost 45.3931 + -413.978 = -368.585 over 698 frames.
hi2501M0012 yahaamq se lagabhaga paamqca miila daksxinxa pashcima meq katxaghara gaamqva hei 
LOG (lattice-best-path[5.3]:main():lattice-best-path.cc:99) For utterance hi2501M0013, best cost 64.5308 + -270.138 = -205.607 over 698 frames.
hi2501M0013 meiq itanaa badxaa vishvaasaghaata na karuumqgaa caahie ghara mitxtxii hii meq mila jaae 
LOG (lattice-best-path[5.3]:main():lattice-best-path.cc:99) For utterance hi2501M0014, best cost 77.1394 + -317.143 = -240.004 over 698 frames.
hi2501M0014 ghodxe ko bahuta ki aavaaja meq bolate dekha maqgala ko badxaa aashcarya huaa 
LOG (lattice-best-path[5.3]:main():lattice-best-path.cc:99) For utterance hi2501M0015, best cost 48.4089 + -252.864 = -204.455 over 698 frames.
hi2501M0015 prukruti oora manusxya ke biica taalamela saqbhava hogaa kyaa 
LOG (lattice-best-path[5.3]:main():lattice-best-path.cc:99) For utterance hi2501M0016, best cost 77.4551 + -301.992 = -224.537 over 698 frames.
hi2501M0016 kucha samaya baada do raaja girjaaghara kii miinaara kii marammata karane ke lie hoq 
LOG (lattice-best-path[5.3]:main():lattice-best-path.cc:99) For utterance hi2501M0017, best cost 82.531 + -332.094 = -249.563 over 698 frames.
hi2501M0017 jo sadxaqka bacapana meq gaamqva se do kosa duura se shuruu hotii thiiq oora kosoq duura calii jaatii thiiq 
LOG (lattice-best-path[5.3]:main():lattice-best-path.cc:99) For utterance hi2501M0018, best cost 68.688 + -308.637 = -239.949 over 698 frames.
hi2501M0018 eisaa jaana padxaa vaha kucha javaaba denaa caahataa hei magara shabda nahii mila rahe heiq 
LOG (lattice-best-path[5.3]:main():lattice-best-path.cc:99) For utterance hi2501M0019, best cost 60.0544 + -282.413 = -222.358 over 698 frames.
hi2501M0019 laalamanxi ke jaane ke baada meiqne vasiiyata kaa duusaraa anuccheda padxhaqa 
LOG (lattice-best-path[5.3]:main():lattice-best-path.cc:99) For utterance hi2501M0020, best cost 68.9295 + -321.461 = -252.532 over 698 frames.
hi2501M0020 ve subaha shaama bhagavaana kii puujaa karate oora dopahara meq ladxaqkiyoq ko padxhaqate the 
LOG (lattice-best-path[5.3]:main():lattice-best-path.cc:99) For utterance hi2502M0021, best cost 57.813 + -480.827 = -423.014 over 698 frames.
hi2502M0021 dhobina jaba sokara utxhatii to dekhatii ki cookaa saapha padxaa hei oora bartana mamqje hue heiq 
LOG (lattice-best-path[5.3]:main():lattice-best-path.cc:99) For utterance hi2502M0022, best cost 42.4354 + -392.503 = -350.068 over 698 frames.
hi2502M0022 yahaamq se lagabhaga paamqca miila daksxinxa pashcima meq katxaghara gaamqva hei 
LOG (lattice-best-path[5.3]:main():lattice-best-path.cc:99) For utterance hi2502M0023, best cost 68.8582 + -364.268 = -295.41 over 698 frames.
hi2502M0023 mujhe gaqguu ke saqtusxtxa oora sukhii jiivana para eka prkaara kii iirsxyaa hotii thii 
LOG (lattice-best-path[5.3]:main():lattice-best-path.cc:99) For utterance hi2502M0024, best cost 43.3418 + -318.076 = -274.734 over 698 frames.
hi2502M0024 meiqne unheq dhiiraja baqdhaayaa gurudeva dila chotxaa mata kiijiye 
LOG (lattice-best-path[5.3]:main():lattice-best-path.cc:99) For utterance hi2502M0025, best cost 76.2727 + -340.593 = -264.321 over 698 frames.
hi2502M0025 svabhaava meq kucha garimaa aa gaii hei oora baataciita karane meq jyaadaa catura ho gayaa hei 
LOG (lattice-best-path[5.3]:main():lattice-best-path.cc:99) For utterance hi2502M0026, best cost 80.8751 + -322.917 = -242.042 over 698 frames.
hi2502M0026 sacamuca thii ve kabuutaroq kii badxae laadxa caava oora pyaara se dekhabhaala karate the 
LOG (lattice-best-path[5.3]:main():lattice-best-path.cc:99) For utterance hi2502M0027, best cost 68.7279 + -313.101 = -244.374 over 698 frames.
hi2502M0027 eisaa alookika prema tathaa vishvaasa dekhakara raajaa mana hii mana bahuta lajjita ho rahaa thaa 
LOG (lattice-best-path[5.3]:main():lattice-best-path.cc:99) For utterance hi2502M0028, best cost 66.7834 + -359.944 = -293.161 over 698 frames.
hi2502M0028 paamqca mahiine pahale meine aakaasha meq eka tiira chodxaqa thaa ladxaqkii ne javaaba diyaa 
LOG (lattice-best-path[5.3]:main():lattice-best-path.cc:99) For utterance hi2502M0029, best cost 90.2215 + -326.647 = -236.425 over 698 frames.
hi2502M0029 ujaalii raatoq meq jaba saba loga so jaate kaa vaha bhii iiqtxe thaapatii dikhaayii detii 
LOG (lattice-best-path[5.3]:main():lattice-best-path.cc:99) For utterance hi2502M0030, best cost 69.7426 + -364.836 = -295.093 over 698 frames.
hi2502M0030 usane ucita kishtoq meq chatipuurti kii raashi vasuula karane kii vyavasthaa kara dii hei 
LOG (lattice-best-path[5.3]:main():lattice-best-path.cc:99) For utterance hi2502M0031, best cost 52.8646 + -470.117 = -417.252 over 698 frames.
hi2502M0031 dhobina jaba sokara utxhatii to dekhatii ki cookaa saapha padxaa hei oora bartana mamqje hue hei 
LOG (lattice-best-path[5.3]:main():lattice-best-path.cc:99) For utterance hi2502M0032, best cost 40.2348 + -376.104 = -335.869 over 698 frames.
hi2502M0032 yahaamq se lagabhaga paamqca miila daksxinxa pashcima meq katxaghara gaamqva hei 
LOG (lattice-best-path[5.3]:main():lattice-best-path.cc:99) For utterance hi2502M0033, best cost 67.2229 + -300.509 = -233.286 over 698 frames.
hi2502M0033 adhikaaqsha vyaktiyoq kii ko khetii para hii nirbhara rahanaa padxaqtaa hei 
LOG (lattice-best-path[5.3]:main():lattice-best-path.cc:99) For utterance hi2502M0034, best cost 41.2949 + -295.68 = -254.385 over 698 frames.
hi2502M0034 rasa kii buunda hamaare mana ko bhaatii thii 
LOG (lattice-best-path[5.3]:main():lattice-best-path.cc:99) For utterance hi2502M0035, best cost 56.0843 + -295.04 = -238.955 over 698 frames.
hi2502M0035 upabhoktaaoq ko bhii ucita muulyoq para krusxi padaartha mila jaate heiq 
LOG (lattice-best-path[5.3]:main():lattice-best-path.cc:99) For utterance hi2502M0036, best cost 63.8092 + -303.474 = -239.665 over 698 frames.
hi2502M0036 badxhaqte hue udyogoq ke lie ke kacce maaxla peidaa karane heiq 
LOG (lattice-best-path[5.3]:main():lattice-best-path.cc:99) For utterance hi2502M0037, best cost 66.6435 + -296.967 = -230.323 over 698 frames.
hi2502M0037 raajaa ke mahala ke pichavaadxae eka bahuta badxaa oora puraanaa suukhaa vruksxa thaa 
LOG (lattice-best-path[5.3]:main():lattice-best-path.cc:99) For utterance hi2502M0038, best cost 67.2435 + -365.317 = -298.073 over 698 frames.
hi2502M0038 mandiroq kaa vaastushilpa udxaiisaa meq naagra sheilii ke mandiroq ke kaaphii nikatxa hei 
LOG (lattice-best-path[5.3]:main():lattice-best-path.cc:99) For utterance hi2502M0039, best cost 66.4697 + -345.541 = -279.071 over 698 frames.
hi2502M0039 bhuumi ke upajaauupana ke aadhaara para siimaabandii kaa stara pacaasa ekadxaq taka hei 
LOG (lattice-best-path[5.3]:main():lattice-best-path.cc:99) For utterance hi2502M0040, best cost 66.281 + -312.122 = -245.841 over 698 frames.
hi2502M0040 isake baada tumhaarii jo bhii icchaa ho usase kaho vaha phoorana puurii ho jaaegii 
LOG (lattice-best-path[5.3]:main():lattice-best-path.cc:99) For utterance hi2503M0041, best cost 50.2591 + -396.989 = -346.73 over 698 frames.
hi2503M0041 dhobina jaba sokara utxhatii to dekhatii ki cookaa saapha padxaa hei oora bartana mamqje hue hei 
LOG (lattice-best-path[5.3]:main():lattice-best-path.cc:99) For utterance hi2503M0042, best cost 38.2987 + -322.152 = -283.853 over 698 frames.
hi2503M0042 yahaamq se lagabhaga paamqca miila daksxinxa pashcima meq katxaghara gaamqva hei 
LOG (lattice-best-path[5.3]:main():lattice-best-path.cc:99) For utterance hi2503M0043, best cost 85.3234 + -372.648 = -287.325 over 698 frames.
hi2503M0043 meiq doodxaqkara daravaaje se nikala jaanaa caahataa thaa kii kahiiq mutxhabhedxaq na ho jaae hei thii 
LOG (lattice-best-path[5.3]:main():lattice-best-path.cc:99) For utterance hi2503M0044, best cost 74.7553 + -314.183 = -239.428 over 698 frames.
hi2503M0044 taba donoq na jaane kisa deivii preranxaa se eka madhushaalaa ke saamane aa pahumqce thii 
LOG (lattice-best-path[5.3]:main():lattice-best-path.cc:99) For utterance hi2503M0045, best cost 66.2089 + -356.984 = -290.775 over 698 frames.
hi2503M0045 mahaaraajaa ne jijnyaasaa puurnxa drusxtxi se mahaaraanii kii ora dekhate hue kahaa thii 
LOG (lattice-best-path[5.3]:main():lattice-best-path.cc:99) For utterance hi2503M0046, best cost 54.783 + -340.938 = -286.155 over 698 frames.
hi2503M0046 turanta usane lutxeroq kii ora ghuumakara kahaa yaha koovaa bilakula jhuutxhaa hei 
LOG (lattice-best-path[5.3]:main():lattice-best-path.cc:99) For utterance hi2503M0047, best cost 65.4604 + -317.467 = -252.007 over 698 frames.
hi2503M0047 tuu ekadama jhuutxhii hei setxhanii ne apanii dhaaranxaa para saccaaii kii mohara lagaa dii 
LOG (lattice-best-path[5.3]:main():lattice-best-path.cc:99) For utterance hi2503M0048, best cost 67.9823 + -282.443 = -214.461 over 698 frames.
hi2503M0048 unhoqne desha meq eka uccakotxi kaa saqghatxana khadxaqa kiyaa jo itihaasa meq advitiiya hei 
LOG (lattice-best-path[5.3]:main():lattice-best-path.cc:99) For utterance hi2503M0049, best cost 28.7414 + -249.081 = -220.34 over 698 frames.
hi2503M0049 paartxii sattaa ke khilaapha hei 
LOG (lattice-best-path[5.3]:main():lattice-best-path.cc:99) For utterance hi2503M0050, best cost 68.9302 + -281.139 = -212.209 over 698 frames.
hi2503M0050 coodharii ne apanii upadesha samaapta kiyaa oora apanii jagaha para aa beitxhe 
LOG (lattice-best-path[5.3]:main():lattice-best-path.cc:99) For utterance hi2503M0051, best cost 52.0757 + -414.325 = -362.25 over 698 frames.
hi2503M0051 dhobina jaba sokara utxhatii to dekhatii ki cookaa saapha padxaa hei oora bartana mamqje hue hei 
LOG (lattice-best-path[5.3]:main():lattice-best-path.cc:99) For utterance hi2503M0052, best cost 38.1715 + -395.183 = -357.011 over 698 frames.
hi2503M0052 yahaamq se lagabhaga paamqca miila daksxinxa pashcima meq katxaghara gaamqva hei 
LOG (lattice-best-path[5.3]:main():lattice-best-path.cc:99) For utterance hi2503M0053, best cost 59.8998 + -305.678 = -245.778 over 698 frames.
hi2503M0053 ve aba vahaamq para noo dasa hajaara phutxa kii uumqcaaii para milate heiq 
LOG (lattice-best-path[5.3]:main():lattice-best-path.cc:99) For utterance hi2503M0054, best cost 80.7547 + -330.851 = -250.097 over 698 frames.
hi2503M0054 kucha samaya pahale kii baata hei kii kisii jagaha eka dhanii oora vyasta vyaapaarii rahataa thaa 
LOG (lattice-best-path[5.3]:main():lattice-best-path.cc:99) For utterance hi2503M0055, best cost 86.3252 + -360.663 = -274.337 over 698 frames.
hi2503M0055 sabuuta heiq ve do caara pedxaq jo idhara udhara uge hue hei baaki saba kaatxa dxaale gae hei 
LOG (lattice-best-path[5.3]:main():lattice-best-path.cc:99) For utterance hi2503M0056, best cost 72.643 + -345.024 = -272.381 over 698 frames.
hi2503M0056 to vaha kyoq usa pratisxtxhaa oora sammmaana ko tyaaga de jo usakii bapootii 
LOG (lattice-best-path[5.3]:main():lattice-best-path.cc:99) For utterance hi2503M0057, best cost 66.8453 + -349.573 = -282.728 over 698 frames.
hi2503M0057 biimaarii ke coothe dina aacaarya cuudxaqamanxi ne buudxhaii ko bheja kara use bulaayaa thaa 
LOG (lattice-best-path[5.3]:main():lattice-best-path.cc:99) For utterance hi2503M0058, best cost 101.897 + -317.63 = -215.733 over 698 frames.
hi2503M0058 ve kahane lage diivaanajii aapane dii rasa ke doore ke baare meq kucha socaa hei kyaa hei 
LOG (lattice-best-path[5.3]:main():lattice-best-path.cc:99) For utterance hi2503M0059, best cost 78.0611 + -307.542 = -229.481 over 698 frames.
hi2503M0059 apane saqkatxamocana ke makaana kaa uuparii khanxdxa meiq jagatpati mishra mishra ko detaa huumq 
LOG (lattice-best-path[5.3]:main():lattice-best-path.cc:99) For utterance hi2503M0060, best cost 42.9726 + -256.125 = -213.153 over 698 frames.
hi2503M0060 jo vidyaa ghamaqdxii banaa de usase murkha rahanaa hii acchaa 
LOG (lattice-best-path[5.3]:main():lattice-best-path.cc:99) For utterance hi2504M0061, best cost 53.1628 + -368.249 = -315.086 over 698 frames.
hi2504M0061 dhobina jaba sokara utxhatii to dekhatii ki cookaa saapha padxaa hei oora bartana mamqje hue hei 
LOG (lattice-best-path[5.3]:main():lattice-best-path.cc:99) For utterance hi2504M0062, best cost 56.7614 + -316.781 = -260.019 over 698 frames.
hi2504M0062 yahaamq se lagabhaga paamqca miila daksxinxa pashcima hii meq katxaghara gaamqva hei 
LOG (lattice-best-path[5.3]:main():lattice-best-path.cc:99) For utterance hi2504M0063, best cost 35.523 + -199.217 = -163.694 over 698 frames.
hi2504M0063 puurva yuga meq maanava aalasii nahiiq thaa 
LOG (lattice-best-path[5.3]:main():lattice-best-path.cc:99) For utterance hi2504M0064, best cost 82.1162 + -200.49 = -118.374 over 698 frames.
hi2504M0064 lie suucanaa sadana meq kaaqgresa mukhya sacetaka sacetaka diipacaqda baqdhu ne dii 
LOG (lattice-best-path[5.3]:main():lattice-best-path.cc:99) For utterance hi2504M0065, best cost 65.7095 + -246.72 = -181.011 over 698 frames.
hi2504M0065 isameq kahaa gayaa hei sabase badxaii aparaadhii to hamaarii sarakaara hii heiq 
LOG (lattice-best-path[5.3]:main():lattice-best-path.cc:99) For utterance hi2504M0066, best cost 61.106 + -263.043 = -201.937 over 698 frames.
hi2504M0066 hamaarii sarakaara ne saqvidhaana meq meq saqkalpa ghosxita nahiiq kiyaa hei 
LOG (lattice-best-path[5.3]:main():lattice-best-path.cc:99) For utterance hi2504M0067, best cost 34.888 + -185.9 = -151.012 over 698 frames.
hi2504M0067 aaja vahaamq paartxii hei oora hei 
LOG (lattice-best-path[5.3]:main():lattice-best-path.cc:99) For utterance hi2504M0068, best cost 31.8069 + -188.134 = -156.327 over 698 frames.
hi2504M0068 yaha lagabhaga biisa phutxa uumqcaa hei 
LOG (lattice-best-path[5.3]:main():lattice-best-path.cc:99) For utterance hi2504M0069, best cost 48.03 + -224.896 = -176.866 over 698 frames.
hi2504M0069 maakapaa ke chaha kaaryakartaaoq ko ghaayala kara diyaa gayaa 
LOG (lattice-best-path[5.3]:main():lattice-best-path.cc:99) For utterance hi2504M0070, best cost 56.4056 + -268.523 = -212.117 over 698 frames.
hi2504M0070 betxara sambandhii isa khoja ke kaaranxa veijnyaanika jagata unakii ora aakrusxtxa huaa 
LOG (lattice-best-path[5.3]:main():lattice-best-path.cc:99) For utterance hi2504M0071, best cost 53.4447 + -373.703 = -320.259 over 698 frames.
hi2504M0071 dhobina jaba sokara utxhatii to dekhatii ki cookaa saapha padxaa hei oora bartana mamqje hue hei 
LOG (lattice-best-path[5.3]:main():lattice-best-path.cc:99) For utterance hi2504M0072, best cost 41.5031 + -316.027 = -274.524 over 698 frames.
hi2504M0072 yahaamq se lagabhaga paamqca miila daksxinxa pashcima meq katxaghara gaamqva hei 
LOG (lattice-best-path[5.3]:main():lattice-best-path.cc:99) For utterance hi2504M0073, best cost 66.9204 + -239.065 = -172.144 over 698 frames.
hi2504M0073 yahaamq para aadivaasii lokakalaa mana ke lagabhaga saba namuune heiq 
LOG (lattice-best-path[5.3]:main():lattice-best-path.cc:99) For utterance hi2504M0074, best cost 71.5242 + -253.053 = -181.529 over 698 frames.
hi2504M0074 dekho naa mere gae dina para dina mujhe majabuura kiye jaa rahii hei 
LOG (lattice-best-path[5.3]:main():lattice-best-path.cc:99) For utterance hi2504M0075, best cost 60.4417 + -219.125 = -158.683 over 698 frames.
hi2504M0075 kapadxe pahanuuqgii para laaqdxrii sela dhulavaakara hei 
LOG (lattice-best-path[5.3]:main():lattice-best-path.cc:99) For utterance hi2504M0076, best cost 54.074 + -253.027 = -198.953 over 698 frames.
hi2504M0076 kyaa shaadii isiilie huyii thii ki saaraa jiivana ghutxa ghutxa kara kaatxaa jaaye 
LOG (lattice-best-path[5.3]:main():lattice-best-path.cc:99) For utterance hi2504M0077, best cost 23.6049 + -175.914 = -152.31 over 698 frames.
hi2504M0077 yaha dekhaa jaataa hei 
LOG (lattice-best-path[5.3]:main():lattice-best-path.cc:99) For utterance hi2504M0078, best cost 38.8163 + -191.881 = -153.065 over 698 frames.
hi2504M0078 meiqne kalara txiivii khariidaa hei oora hei 
LOG (lattice-best-path[5.3]:main():lattice-best-path.cc:99) For utterance hi2504M0079, best cost 76.1796 + -274.895 = -198.715 over 698 frames.
hi2504M0079 sastii saakha ke upalabdha na hone ke kaaranxa bhaarata meq byaaja kii dara bahuta uumqcii rahatii hei 
LOG (lattice-best-path[5.3]:main():lattice-best-path.cc:99) For utterance hi2504M0080, best cost 66.6115 + -253.95 = -187.339 over 698 frames.
hi2504M0080 para jaba suqdarii kisii taraha na maanii to setxhajii apanaa dharma lekara behataashaa bhaage 
LOG (lattice-best-path[5.3]:main():lattice-best-path.cc:99) For utterance hi2505M0081, best cost 59.3222 + -422.533 = -363.211 over 698 frames.
hi2505M0081 dhobina jaba sokara utxhatii to dekhatii ki cookaa saapha padxaa hei oora bartana mamqje 
LOG (lattice-best-path[5.3]:main():lattice-best-path.cc:99) For utterance hi2505M0082, best cost 42.3018 + -340.892 = -298.591 over 698 frames.
hi2505M0082 yahaamq se lagabhaga paamqca miila daksxinxa pashcima meq katxaghara gaamqva hei 
LOG (lattice-best-path[5.3]:main():lattice-best-path.cc:99) For utterance hi2505M0083, best cost 59.189 + -267.874 = -208.685 over 698 frames.
hi2505M0083 vaha thodxae samaya taka cupa rahaa phira bolaa itanii dukhii mata ho 
LOG (lattice-best-path[5.3]:main():lattice-best-path.cc:99) For utterance hi2505M0084, best cost 45.0575 + -310.832 = -265.774 over 698 frames.
hi2505M0084 dhanurdhaarinxii ladxaqkii daravaaje ke saamane ghaata lagaae beitxhii thii 
LOG (lattice-best-path[5.3]:main():lattice-best-path.cc:99) For utterance hi2505M0085, best cost 83.7034 + -333.638 = -249.934 over 698 frames.
hi2505M0085 koii oora upaaya to thaa nahiiq isalie vaha gaamqva chodxaq jaqgala meq jaa basaa 
LOG (lattice-best-path[5.3]:main():lattice-best-path.cc:99) For utterance hi2505M0086, best cost 69.2002 + -321.056 = -251.856 over 698 frames.
hi2505M0086 aadhii raata hote hii baaghoq kii dahaadxaq oora bhedxaiyoq kii ciikha sunaayii dene lagatii hei 
LOG (lattice-best-path[5.3]:main():lattice-best-path.cc:99) For utterance hi2505M0087, best cost 69.5978 + -353.523 = -283.926 over 698 frames.
hi2505M0087 usane phira vahii pataa baagha ke shava para ragadxaqa oora vaha punarjiivita ho gayaa 
LOG (lattice-best-path[5.3]:main():lattice-best-path.cc:99) For utterance hi2505M0088, best cost 69.001 + -329.905 = -260.904 over 698 frames.
hi2505M0088 saqgrahaalaya meq deshabhara se ikatxhtxhii kii gayii kalaa kii amuulya vastueq rakhii gayii hei 
LOG (lattice-best-path[5.3]:main():lattice-best-path.cc:99) For utterance hi2505M0089, best cost 25.6534 + -245.659 = -220.005 over 698 frames.
hi2505M0089 paartxii sattaa meq hei 
LOG (lattice-best-path[5.3]:main():lattice-best-path.cc:99) For utterance hi2505M0090, best cost 75.0472 + -353.41 = -278.363 over 698 frames.
hi2505M0090 gaamqva ke baalaka baalikaaoq meq isa vilaksxanxa khela ne abhuutapuurva saahasa bhara diyaa 
LOG (lattice-best-path[5.3]:main():lattice-best-path.cc:99) For utterance hi2505M0091, best cost 54.7218 + -454.836 = -400.114 over 698 frames.
hi2505M0091 dhobina jaba sokara utxhatii to dekhatii ki cookaa saapha padxaa hei oora bartana mamqje hue hei 
LOG (lattice-best-path[5.3]:main():lattice-best-path.cc:99) For utterance hi2505M0092, best cost 68.2253 + -403.449 = -335.224 over 698 frames.
hi2505M0092 yahaamq se lagabhaga paamqca miila pashcima meq daksxinxa meq katxaghara gaamqva hei 
LOG (lattice-best-path[5.3]:main():lattice-best-path.cc:99) For utterance hi2505M0093, best cost 82.5695 + -298.465 = -215.896 over 698 frames.
hi2505M0093 meq para desha meq kaaqgresa ke alpasaqkhyaka sela ke mukhiyaa heiq hei 
LOG (lattice-best-path[5.3]:main():lattice-best-path.cc:99) For utterance hi2505M0094, best cost 52.8679 + -305.51 = -252.642 over 698 frames.
hi2505M0094 puure desha meq isase dxaakasevaa lagabhaga txhappa ho gayii hei 
LOG (lattice-best-path[5.3]:main():lattice-best-path.cc:99) For utterance hi2505M0095, best cost 67.7951 + -356.506 = -288.711 over 698 frames.
hi2505M0095 saqbhava hei yaha maamalaa nirnxaya ke lie keqdriiya maqtrii maqdxala ke saamane rakhaa jaae 
LOG (lattice-best-path[5.3]:main():lattice-best-path.cc:99) For utterance hi2505M0096, best cost 53.8422 + -305.616 = -251.773 over 698 frames.
hi2505M0096 bhagata ke anusaara mahattvapuurnxa kaauqtxaroq para kaama ho rahaa hei 
LOG (lattice-best-path[5.3]:main():lattice-best-path.cc:99) For utterance hi2505M0097, best cost 61.6539 + -339.356 = -277.702 over 698 frames.
hi2505M0097 suqdaralaala patxavaa sarakaara ne nae jailoq ke gatxhana kii ghosxanxaa kii thii 
LOG (lattice-best-path[5.3]:main():lattice-best-path.cc:99) For utterance hi2505M0098, best cost 95.0008 + -294.94 = -199.94 over 698 frames.
hi2505M0098 eisaa saqketa hei kii patxasana naa meq eise ghuse anya tatvoq kaii bhii pahacaana kaii jaa 
LOG (lattice-best-path[5.3]:main():lattice-best-path.cc:99) For utterance hi2505M0099, best cost 60.5049 + -281.945 = -221.44 over 698 frames.
hi2505M0099 yasa ke modii stxiilsa pheiktxarii meq janavarii se taalaabaqdii lagii huyii hei 
LOG (lattice-best-path[5.3]:main():lattice-best-path.cc:99) For utterance hi2505M0100, best cost 71.6391 + -334.476 = -262.837 over 698 frames.
hi2505M0100 mahaaraanxaa vikramaaditya kaa raaja bhii to eisaa nahiiq thaa ki loga unase prema rakhate 
LOG (lattice-best-path[5.3]:main():lattice-best-path.cc:99) For utterance hi2508M0101, best cost 47.7373 + -433.552 = -385.815 over 698 frames.
hi2508M0101 dhobina jaba sokara utxhatii to dekhatii ki cookaa saapha padxaa hei oora bartana mamqje hue hei 
LOG (lattice-best-path[5.3]:main():lattice-best-path.cc:99) For utterance hi2508M0102, best cost 37.6837 + -361.936 = -324.252 over 698 frames.
hi2508M0102 yahaamq se lagabhaga paamqca miila daksxinxa pashcima meq katxaghara gaamqva hei 
LOG (lattice-best-path[5.3]:main():lattice-best-path.cc:99) For utterance hi2508M0103, best cost 62.0635 + -290.181 = -228.118 over 698 frames.
hi2508M0103 yaha maqdxapa lagabhaga dasa phutxa uumqce gola staqbhoq para txikaa hei heiq 
LOG (lattice-best-path[5.3]:main():lattice-best-path.cc:99) For utterance hi2508M0104, best cost 74.1312 + -306.026 = -231.895 over 698 frames.
hi2508M0104 vaha alabattaa kaii oora apsaraaoq kii muurtiyoq apane puure veibhava ke saatha kadxaii heiq 
LOG (lattice-best-path[5.3]:main():lattice-best-path.cc:99) For utterance hi2508M0105, best cost 41.8772 + -230.01 = -188.133 over 698 frames.
hi2508M0105 jaiqdagii ika kaamqtxaa hei cubhanaa hii isakii kahaanii hei 
LOG (lattice-best-path[5.3]:main():lattice-best-path.cc:99) For utterance hi2508M0106, best cost 40.2003 + -243.323 = -203.123 over 698 frames.
hi2508M0106 aalasii manusxya paakhaqdxii hote pahumqce 
LOG (lattice-best-path[5.3]:main():lattice-best-path.cc:99) For utterance hi2508M0107, best cost 37.5245 + -199.689 = -162.165 over 698 frames.
hi2508M0107 paartxii ko nyaaya caahie huyii hei 
LOG (lattice-best-path[5.3]:main():lattice-best-path.cc:99) For utterance hi2508M0108, best cost 38.0976 + -259.373 = -221.275 over 698 frames.
hi2508M0108 bhaarata meq yaha saba saadhana upalabdha heiq 
LOG (lattice-best-path[5.3]:main():lattice-best-path.cc:99) For utterance hi2508M0109, best cost 20.7153 + -209.762 = -189.047 over 698 frames.
hi2508M0109 uttara spasxtxa hei 
LOG (lattice-best-path[5.3]:main():lattice-best-path.cc:99) For utterance hi2508M0110, best cost 65.5239 + -292.712 = -227.188 over 698 frames.
hi2508M0110 cadxdxaa bhagavaan nahiiq the kii unake ika nigaaha dekha lene se amruta barasa jaataa hei 
LOG (lattice-best-path[5.3]:main():lattice-best-path.cc:99) For utterance hi2508M0111, best cost 48.8543 + -456.802 = -407.948 over 698 frames.
hi2508M0111 dhobina jaba sokara utxhatii to dekhatii ki cookaa saapha padxaa hei oora bartana mamqje hue hei 
LOG (lattice-best-path[5.3]:main():lattice-best-path.cc:99) For utterance hi2508M0112, best cost 44.1879 + -392.242 = -348.054 over 698 frames.
hi2508M0112 yahaamq se lagabhaga paamqca miila daksxinxa pashcima meq katxaghara gaamqva heiq 
LOG (lattice-best-path[5.3]:main():lattice-best-path.cc:99) For utterance hi2508M0113, best cost 50.4471 + -296.942 = -246.495 over 698 frames.
hi2508M0113 inakaa shilpa sooqdarya bhuuta kaala meq banii muurtiyoq meq milataa hei 
LOG (lattice-best-path[5.3]:main():lattice-best-path.cc:99) For utterance hi2508M0114, best cost 74.1947 + -318.964 = -244.769 over 698 frames.
hi2508M0114 pradhaana shivaalaya ke baahara lagabhaga biisa phutxa lambaaii kaa oora kaa gola maqdxapa hei 
LOG (lattice-best-path[5.3]:main():lattice-best-path.cc:99) For utterance hi2508M0115, best cost 83.886 + -359.462 = -275.576 over 698 frames.
hi2508M0115 saata soo varsxa puurva ke lagabhaga vastra udyoga patxasana udyoga oora koyalaa udyoga aarambha vaha gayaa 
LOG (lattice-best-path[5.3]:main():lattice-best-path.cc:99) For utterance hi2508M0116, best cost 71.7025 + -321.644 = -249.942 over 698 frames.
hi2508M0116 usane apane baabaa se kaha diyaa kii meq isa pacaraqgii vaalii se hii vivaaha karuumqgaa 
LOG (lattice-best-path[5.3]:main():lattice-best-path.cc:99) For utterance hi2508M0117, best cost 38.4596 + -238.859 = -200.4 over 698 frames.
hi2508M0117 paartxii ko aaqdolana karanaa caahie heiq 
LOG (lattice-scale[5.3]:main():lattice-scale.cc:90) Done 140 lattices.
LOG (lattice-best-path[5.3]:main():lattice-best-path.cc:99) For utterance hi2508M0118, best cost 70.6348 + -269.303 = -198.669 over 698 frames.
hi2508M0118 aaiisiiesaii skuula ke baccoq kaa bhii parinxaama bhii aksara behatara nahiiq hotaa hei 
LOG (lattice-best-path[5.3]:main():lattice-best-path.cc:99) For utterance hi2508M0119, best cost 33.7975 + -231.431 = -197.634 over 698 frames.
hi2508M0119 ise maadaka sthaana shrruqgaara kahaa heiq 
LOG (lattice-best-path[5.3]:main():lattice-best-path.cc:99) For utterance hi2508M0120, best cost 52.8751 + -284.133 = -231.258 over 698 frames.
hi2508M0120 yaha shabda una dinoq iqgleiqdxa ke eka samaacaara patra ne likhe the 
LOG (lattice-best-path[5.3]:main():lattice-best-path.cc:99) For utterance hi2509M0121, best cost 49.324 + -483.74 = -434.416 over 698 frames.
hi2509M0121 dhobina jaba sokara utxhatii to dekhatii ki cookaa saapha padxaa hei oora bartana mamqje hue hei 
LOG (lattice-best-path[5.3]:main():lattice-best-path.cc:99) For utterance hi2509M0122, best cost 38.4313 + -415.298 = -376.866 over 698 frames.
hi2509M0122 yahaamq se lagabhaga paamqca miila daksxinxa pashcima meq katxaghara gaamqva hei 
LOG (lattice-best-path[5.3]:main():lattice-best-path.cc:99) For utterance hi2509M0123, best cost 61.6995 + -371.041 = -309.342 over 698 frames.
hi2509M0123 isake saqsthaana ne kacce lohe oora ispaata kaa utpaadana aarambha kara diyaa hei 
LOG (lattice-best-path[5.3]:main():lattice-best-path.cc:99) For utterance hi2509M0124, best cost 52.9596 + -330.999 = -278.04 over 698 frames.
hi2509M0124 dxedxhaq laakha rupayaa prativarsxa yaanii baaraha hajaara paaqca soo rupayaa mahiinaa hogii 
LOG (lattice-best-path[5.3]:main():lattice-best-path.cc:99) For utterance hi2509M0125, best cost 70.4022 + -340.27 = -269.868 over 698 frames.
hi2509M0125 riyaasata kii sukha samruddhi dekha kara unheq mahaaraaja kii kushalataa kaa pataa calegaa hei 
LOG (lattice-best-path[5.3]:main():lattice-best-path.cc:99) For utterance hi2509M0126, best cost 47.5843 + -296.632 = -249.048 over 698 frames.
hi2509M0126 hiqdii bhaasxaa eka sashakta praaciina oora samruddha bhaasxaa hei 
LOG (lattice-best-path[5.3]:main():lattice-best-path.cc:99) For utterance hi2509M0127, best cost 67.2685 + -308.338 = -241.07 over 698 frames.
hi2509M0127 kyaa vaastava meq hama itane aajaqada heiq ki hama kanaatxa plesa jaa sakate hue hei 
LOG (lattice-best-path[5.3]:main():lattice-best-path.cc:99) For utterance hi2509M0128, best cost 48.3147 + -231.282 = -182.967 over 698 frames.
hi2509M0128 kara diyaa na dostii ke rishte kaa kaqtla hei 
LOG (lattice-add-penalty[5.3]:main():lattice-add-penalty.cc:62) Done adding word insertion penalty to 140 lattices.
LOG (lattice-best-path[5.3]:main():lattice-best-path.cc:99) For utterance hi2509M0129, best cost 52.6494 + -301.289 = -248.64 over 698 frames.
hi2509M0129 dikhaa dii na iqsaana ne dimaagii juunuuna ke shakla hei 
LOG (lattice-best-path[5.3]:main():lattice-best-path.cc:99) For utterance hi2509M0130, best cost 75.1791 + -311.496 = -236.317 over 698 frames.
hi2509M0130 girane ke kaaranxa unako badxaii cotxa aayii oora aba ve khadxae bhii nahiiq ho sakate hei 
LOG (lattice-best-path[5.3]:main():lattice-best-path.cc:99) For utterance hi2509M0131, best cost 49.8795 + -474.385 = -424.505 over 698 frames.
hi2509M0131 dhobina jaba sokara utxhatii to dekhatii ki cookaa saapha padxaa hei oora bartana mamqje hue hei 
LOG (lattice-best-path[5.3]:main():lattice-best-path.cc:99) For utterance hi2509M0132, best cost 36.08 + -394.263 = -358.183 over 698 frames.
hi2509M0132 yahaamq se lagabhaga paamqca miila daksxinxa pashcima meq katxaghara gaamqva hei 
LOG (lattice-best-path[5.3]:main():lattice-best-path.cc:99) For utterance hi2509M0133, best cost 65.7809 + -327.382 = -261.601 over 698 frames.
hi2509M0133 keidii ko jiivita rakhane ke usa samaya iishvara kaa badxaqa varadaana thaa hei 
LOG (lattice-best-path[5.3]:main():lattice-best-path.cc:99) For utterance hi2509M0134, best cost 53.9227 + -316.024 = -262.101 over 698 frames.
hi2509M0134 unhoqne apanii isa khoja kaa pradarshana iqgleiqdxa meq bhii kiyaa hei 
LOG (lattice-best-path[5.3]:main():lattice-best-path.cc:99) For utterance hi2509M0135, best cost 66.6813 + -347.219 = -280.538 over 698 frames.
hi2509M0135 usane paqjaaba kaa adhikaaqsha bhaaga jiitaa oora hinduu raajya kii aadhaarashilaa rakhii hei 
LOG (lattice-best-path[5.3]:main():lattice-best-path.cc:99) For utterance hi2509M0136, best cost 68.5606 + -319.851 = -251.29 over 698 frames.
hi2509M0136 jaqraa sii cuuq capadxaq kii to aastiina cadxhaqa kara oora peiqtare badala kara khadxaqa ho jaauumqgaa 
LOG (lattice-best-path[5.3]:main():lattice-best-path.cc:99) For utterance hi2509M0137, best cost 68.3378 + -340.831 = -272.493 over 698 frames.
hi2509M0137 savere maadhava ne kotxhii meq jaakara dekhaa to usakii caaya txhaqdxii ho gayii thii hei 
LOG (lattice-best-path[5.3]:main():lattice-best-path.cc:99) For utterance hi2509M0138, best cost 59.04 + -317.651 = -258.611 over 698 frames.
hi2509M0138 taaqkhula loga manxipurii jaana jaatiyoq meq shresxtxha yoddhaa maane jaate hei 
LOG (lattice-best-path[5.3]:main():lattice-best-path.cc:99) For utterance hi2509M0139, best cost 75.689 + -354.645 = -278.956 over 698 frames.
hi2509M0139 yahii saccii mitrataa kii kasootxii hei aba se jhuutxhe mitroq para kabhii vishvaasa mata karanaa hei 
LOG (lattice-best-path[5.3]:main():lattice-best-path.cc:99) For utterance hi2509M0140, best cost 64.6748 + -310.724 = -246.049 over 698 frames.
hi2509M0140 hamaaraa dhyeya eicchika ruupa se sahakaarii khetii karanaa hei na kii dabaava dxaalakara 
LOG (lattice-best-path[5.3]:main():lattice-best-path.cc:124) Overall cost per frame is -0.370724 = 0.0859302 [graph] + -0.456654 [acoustic] over 97720 frames.
LOG (lattice-best-path[5.3]:main():lattice-best-path.cc:128) Done 140 lattices, failed for 0
# Accounting: time=0 threads=1
# Ended (code 0) at Sun Dec 24 10:04:56 IST 2017, elapsed time 0 seconds
