# lattice-scale --inv-acoustic-scale=25 "ark:gunzip -c exp/DNN/decode/lat.*.gz|" ark:- | lattice-add-penalty --word-ins-penalty=0.0 ark:- ark:- | lattice-best-path --word-symbol-table=data/lang_bigram/words.txt ark:- ark,t:exp/DNN/decode/scoring/25.tra 
# Started at Sun Dec 24 10:04:59 IST 2017
#
lattice-add-penalty --word-ins-penalty=0.0 ark:- ark:- 
lattice-best-path --word-symbol-table=data/lang_bigram/words.txt ark:- ark,t:exp/DNN/decode/scoring/25.tra 
lattice-scale --inv-acoustic-scale=25 'ark:gunzip -c exp/DNN/decode/lat.*.gz|' ark:- 
LOG (lattice-best-path[5.3]:main():lattice-best-path.cc:99) For utterance hi2501M0001, best cost 53.9535 + -127.417 = -73.4637 over 698 frames.
hi2501M0001 dhobina jaba sokara utxhatii to dekhatii ki cookaa saapha padxaa hei oora bartana mamqje hue hei 
LOG (lattice-best-path[5.3]:main():lattice-best-path.cc:99) For utterance hi2501M0002, best cost 41.2265 + -108.143 = -66.9165 over 698 frames.
hi2501M0002 yahaamq se lagabhaga paamqca miila daksxinxa pashcima meq katxaghara gaamqva hei 
LOG (lattice-best-path[5.3]:main():lattice-best-path.cc:99) For utterance hi2501M0003, best cost 74.1757 + -112.208 = -38.0325 over 698 frames.
hi2501M0003 maaluuma ho jeise megha paanii paanii ho gae hoq oora bijaliyaamq txukadxe txukadxe ho gaii hoq 
LOG (lattice-best-path[5.3]:main():lattice-best-path.cc:99) For utterance hi2501M0004, best cost 64.2932 + -79.1105 = -14.8173 over 698 frames.
hi2501M0004 bhuula se usane vaha cavannii saaga khariidate samaya eka buudxhaii oorata ko de dii 
LOG (lattice-best-path[5.3]:main():lattice-best-path.cc:99) For utterance hi2501M0005, best cost 67.4161 + -95.4355 = -28.0193 over 698 frames.
hi2501M0005 ruupakumaarii isa kathana ko shekhacillii kii daastaana se jyaadaa mahatva nahii denaa caahatii 
LOG (lattice-best-path[5.3]:main():lattice-best-path.cc:99) For utterance hi2501M0006, best cost 64.6177 + -108.105 = -43.487 over 698 frames.
hi2501M0006 usame se harii ghaasa ke caraagaahoq kaa badxaa hii sundara drushya dikhaaii detaa thaa 
LOG (lattice-best-path[5.3]:main():lattice-best-path.cc:99) For utterance hi2501M0007, best cost 68.081 + -103.147 = -35.0663 over 698 frames.
hi2501M0007 phira dhiire dhiire use piinaa hii nahii duudha kii botala pahacaananaa bhii aa gayaa 
LOG (lattice-best-path[5.3]:main():lattice-best-path.cc:99) For utterance hi2501M0008, best cost 67.6952 + -94.7439 = -27.0487 over 698 frames.
hi2501M0008 agale dina vaha biijoq se bhare hue tiina theile lekara mahilaa ke paasa aayaa 
LOG (lattice-best-path[5.3]:main():lattice-best-path.cc:99) For utterance hi2501M0009, best cost 76.898 + -107.339 = -30.4414 over 698 frames.
hi2501M0009 oora idhara usakii donoq bahaneq bhii vyaahii jaane ke baada apane patiyoq ke saatha calii gaii thiiq 
LOG (lattice-best-path[5.3]:main():lattice-best-path.cc:99) For utterance hi2501M0010, best cost 70.3759 + -104.976 = -34.6 over 698 frames.
hi2501M0010 cadxdxhaa ne vyathita svara se kahaa calo dekha lo magara tiina caara ghaqtxe ho gae heiq 
LOG (lattice-best-path[5.3]:main():lattice-best-path.cc:99) For utterance hi2501M0011, best cost 53.9962 + -139.213 = -85.2171 over 698 frames.
hi2501M0011 dhobina jaba sokara utxhatii to dekhatii ki cookaa saapha padxaa hei oora bartana mamqje hue hei 
LOG (lattice-best-path[5.3]:main():lattice-best-path.cc:99) For utterance hi2501M0012, best cost 45.3931 + -132.473 = -87.0798 over 698 frames.
hi2501M0012 yahaamq se lagabhaga paamqca miila daksxinxa pashcima meq katxaghara gaamqva hei 
LOG (lattice-best-path[5.3]:main():lattice-best-path.cc:99) For utterance hi2501M0013, best cost 64.5308 + -86.444 = -21.9132 over 698 frames.
hi2501M0013 meiq itanaa badxaa vishvaasaghaata na karuumqgaa caahie ghara mitxtxii hii meq mila jaae 
LOG (lattice-best-path[5.3]:main():lattice-best-path.cc:99) For utterance hi2501M0014, best cost 77.1394 + -101.486 = -24.3465 over 698 frames.
hi2501M0014 ghodxe ko bahuta ki aavaaja meq bolate dekha maqgala ko badxaa aashcarya huaa 
LOG (lattice-best-path[5.3]:main():lattice-best-path.cc:99) For utterance hi2501M0015, best cost 48.4089 + -80.9164 = -32.5075 over 698 frames.
hi2501M0015 prukruti oora manusxya ke biica taalamela saqbhava hogaa kyaa 
LOG (lattice-best-path[5.3]:main():lattice-best-path.cc:99) For utterance hi2501M0016, best cost 73.6482 + -94.615 = -20.9668 over 698 frames.
hi2501M0016 kucha samaya baada do raaja girjaaghara kii miinaara kii marammata karane ke lie usa 
LOG (lattice-best-path[5.3]:main():lattice-best-path.cc:99) For utterance hi2501M0017, best cost 82.531 + -106.27 = -23.739 over 698 frames.
hi2501M0017 jo sadxaqka bacapana meq gaamqva se do kosa duura se shuruu hotii thiiq oora kosoq duura calii jaatii thiiq 
LOG (lattice-best-path[5.3]:main():lattice-best-path.cc:99) For utterance hi2501M0018, best cost 68.688 + -98.7638 = -30.0757 over 698 frames.
hi2501M0018 eisaa jaana padxaa vaha kucha javaaba denaa caahataa hei magara shabda nahii mila rahe heiq 
LOG (lattice-best-path[5.3]:main():lattice-best-path.cc:99) For utterance hi2501M0019, best cost 60.0544 + -90.3721 = -30.3177 over 698 frames.
hi2501M0019 laalamanxi ke jaane ke baada meiqne vasiiyata kaa duusaraa anuccheda padxhaqa 
LOG (lattice-best-path[5.3]:main():lattice-best-path.cc:99) For utterance hi2501M0020, best cost 68.9295 + -102.868 = -33.9381 over 698 frames.
hi2501M0020 ve subaha shaama bhagavaana kii puujaa karate oora dopahara meq ladxaqkiyoq ko padxhaqate the 
LOG (lattice-best-path[5.3]:main():lattice-best-path.cc:99) For utterance hi2502M0021, best cost 57.813 + -153.865 = -96.0515 over 698 frames.
hi2502M0021 dhobina jaba sokara utxhatii to dekhatii ki cookaa saapha padxaa hei oora bartana mamqje hue heiq 
LOG (lattice-best-path[5.3]:main():lattice-best-path.cc:99) For utterance hi2502M0022, best cost 42.4354 + -125.601 = -83.1657 over 698 frames.
hi2502M0022 yahaamq se lagabhaga paamqca miila daksxinxa pashcima meq katxaghara gaamqva hei 
LOG (lattice-best-path[5.3]:main():lattice-best-path.cc:99) For utterance hi2502M0023, best cost 68.8582 + -116.566 = -47.7075 over 698 frames.
hi2502M0023 mujhe gaqguu ke saqtusxtxa oora sukhii jiivana para eka prkaara kii iirsxyaa hotii thii 
LOG (lattice-best-path[5.3]:main():lattice-best-path.cc:99) For utterance hi2502M0024, best cost 43.3418 + -101.784 = -58.4424 over 698 frames.
hi2502M0024 meiqne unheq dhiiraja baqdhaayaa gurudeva dila chotxaa mata kiijiye 
LOG (lattice-best-path[5.3]:main():lattice-best-path.cc:99) For utterance hi2502M0025, best cost 76.2727 + -108.99 = -32.7172 over 698 frames.
hi2502M0025 svabhaava meq kucha garimaa aa gaii hei oora baataciita karane meq jyaadaa catura ho gayaa hei 
LOG (lattice-best-path[5.3]:main():lattice-best-path.cc:99) For utterance hi2502M0026, best cost 66.8423 + -95.462 = -28.6198 over 698 frames.
hi2502M0026 sacamuca hii ve kabuutaroq kii badxae laadxa caava oora pyaara se dekhabhaala karate the 
LOG (lattice-best-path[5.3]:main():lattice-best-path.cc:99) For utterance hi2502M0027, best cost 68.7279 + -100.192 = -31.4646 over 698 frames.
hi2502M0027 eisaa alookika prema tathaa vishvaasa dekhakara raajaa mana hii mana bahuta lajjita ho rahaa thaa 
LOG (lattice-best-path[5.3]:main():lattice-best-path.cc:99) For utterance hi2502M0028, best cost 66.7834 + -115.182 = -48.3987 over 698 frames.
hi2502M0028 paamqca mahiine pahale meine aakaasha meq eka tiira chodxaqa thaa ladxaqkii ne javaaba diyaa 
LOG (lattice-best-path[5.3]:main():lattice-best-path.cc:99) For utterance hi2502M0029, best cost 81.6272 + -100.791 = -19.1642 over 698 frames.
hi2502M0029 ujaalii raatoq meq jaba saba loga so jaate taba bhii vaha bhii iiqtxe thaapatii dikhaayii detii 
LOG (lattice-best-path[5.3]:main():lattice-best-path.cc:99) For utterance hi2502M0030, best cost 69.7426 + -116.748 = -47.0049 over 698 frames.
hi2502M0030 usane ucita kishtoq meq chatipuurti kii raashi vasuula karane kii vyavasthaa kara dii hei 
LOG (lattice-best-path[5.3]:main():lattice-best-path.cc:99) For utterance hi2502M0031, best cost 52.8646 + -150.437 = -97.5728 over 698 frames.
hi2502M0031 dhobina jaba sokara utxhatii to dekhatii ki cookaa saapha padxaa hei oora bartana mamqje hue hei 
LOG (lattice-best-path[5.3]:main():lattice-best-path.cc:99) For utterance hi2502M0032, best cost 40.2348 + -120.353 = -80.1184 over 698 frames.
hi2502M0032 yahaamq se lagabhaga paamqca miila daksxinxa pashcima meq katxaghara gaamqva hei 
LOG (lattice-best-path[5.3]:main():lattice-best-path.cc:99) For utterance hi2502M0033, best cost 67.2229 + -96.1629 = -28.9399 over 698 frames.
hi2502M0033 adhikaaqsha vyaktiyoq kii ko khetii para hii nirbhara rahanaa padxaqtaa hei 
LOG (lattice-best-path[5.3]:main():lattice-best-path.cc:99) For utterance hi2502M0034, best cost 41.2949 + -94.6177 = -53.3227 over 698 frames.
hi2502M0034 rasa kii buunda hamaare mana ko bhaatii thii 
LOG (lattice-best-path[5.3]:main():lattice-best-path.cc:99) For utterance hi2502M0035, best cost 56.0843 + -94.4127 = -38.3284 over 698 frames.
hi2502M0035 upabhoktaaoq ko bhii ucita muulyoq para krusxi padaartha mila jaate heiq 
LOG (lattice-best-path[5.3]:main():lattice-best-path.cc:99) For utterance hi2502M0036, best cost 63.8092 + -97.1118 = -33.3026 over 698 frames.
hi2502M0036 badxhaqte hue udyogoq ke lie ke kacce maaxla peidaa karane heiq 
LOG (lattice-best-path[5.3]:main():lattice-best-path.cc:99) For utterance hi2502M0037, best cost 66.6435 + -95.0294 = -28.3859 over 698 frames.
hi2502M0037 raajaa ke mahala ke pichavaadxae eka bahuta badxaa oora puraanaa suukhaa vruksxa thaa 
LOG (lattice-best-path[5.3]:main():lattice-best-path.cc:99) For utterance hi2502M0038, best cost 67.2435 + -116.901 = -49.6578 over 698 frames.
hi2502M0038 mandiroq kaa vaastushilpa udxaiisaa meq naagra sheilii ke mandiroq ke kaaphii nikatxa hei 
LOG (lattice-best-path[5.3]:main():lattice-best-path.cc:99) For utterance hi2502M0039, best cost 66.4697 + -110.573 = -44.1033 over 698 frames.
hi2502M0039 bhuumi ke upajaauupana ke aadhaara para siimaabandii kaa stara pacaasa ekadxaq taka hei 
LOG (lattice-best-path[5.3]:main():lattice-best-path.cc:99) For utterance hi2502M0040, best cost 66.281 + -99.8789 = -33.5979 over 698 frames.
hi2502M0040 isake baada tumhaarii jo bhii icchaa ho usase kaho vaha phoorana puurii ho jaaegii 
LOG (lattice-best-path[5.3]:main():lattice-best-path.cc:99) For utterance hi2503M0041, best cost 50.2591 + -127.036 = -76.7774 over 698 frames.
hi2503M0041 dhobina jaba sokara utxhatii to dekhatii ki cookaa saapha padxaa hei oora bartana mamqje hue hei 
LOG (lattice-best-path[5.3]:main():lattice-best-path.cc:99) For utterance hi2503M0042, best cost 38.2987 + -103.089 = -64.7899 over 698 frames.
hi2503M0042 yahaamq se lagabhaga paamqca miila daksxinxa pashcima meq katxaghara gaamqva hei 
LOG (lattice-best-path[5.3]:main():lattice-best-path.cc:99) For utterance hi2503M0043, best cost 67.766 + -111.107 = -43.3409 over 698 frames.
hi2503M0043 meiq doodxaqkara daravaaje se nikala jaanaa caahataa thaa kii kahiiq mutxhabhedxaq na ho gayaa hei 
LOG (lattice-best-path[5.3]:main():lattice-best-path.cc:99) For utterance hi2503M0044, best cost 65.1376 + -97.1437 = -32.0061 over 698 frames.
hi2503M0044 taba donoq na jaane kisa deivii preranxaa se eka madhushaalaa ke saamane aa pahumqce 
LOG (lattice-best-path[5.3]:main():lattice-best-path.cc:99) For utterance hi2503M0045, best cost 66.2089 + -114.235 = -48.026 over 698 frames.
hi2503M0045 mahaaraajaa ne jijnyaasaa puurnxa drusxtxi se mahaaraanii kii ora dekhate hue kahaa thii 
LOG (lattice-best-path[5.3]:main():lattice-best-path.cc:99) For utterance hi2503M0046, best cost 54.783 + -109.1 = -54.3171 over 698 frames.
hi2503M0046 turanta usane lutxeroq kii ora ghuumakara kahaa yaha koovaa bilakula jhuutxhaa hei 
LOG (lattice-best-path[5.3]:main():lattice-best-path.cc:99) For utterance hi2503M0047, best cost 65.4604 + -101.59 = -36.1292 over 698 frames.
hi2503M0047 tuu ekadama jhuutxhii hei setxhanii ne apanii dhaaranxaa para saccaaii kii mohara lagaa dii 
LOG (lattice-best-path[5.3]:main():lattice-best-path.cc:99) For utterance hi2503M0048, best cost 67.9823 + -90.3817 = -22.3994 over 698 frames.
hi2503M0048 unhoqne desha meq eka uccakotxi kaa saqghatxana khadxaqa kiyaa jo itihaasa meq advitiiya hei 
LOG (lattice-best-path[5.3]:main():lattice-best-path.cc:99) For utterance hi2503M0049, best cost 28.7414 + -79.7061 = -50.9647 over 698 frames.
hi2503M0049 paartxii sattaa ke khilaapha hei 
LOG (lattice-best-path[5.3]:main():lattice-best-path.cc:99) For utterance hi2503M0050, best cost 60.198 + -86.7969 = -26.599 over 698 frames.
hi2503M0050 coodharii ne apanaa upadesha samaapta kiyaa oora apanii jagaha para aa beitxhe 
LOG (lattice-best-path[5.3]:main():lattice-best-path.cc:99) For utterance hi2503M0051, best cost 52.0757 + -132.584 = -80.5084 over 698 frames.
hi2503M0051 dhobina jaba sokara utxhatii to dekhatii ki cookaa saapha padxaa hei oora bartana mamqje hue hei 
LOG (lattice-best-path[5.3]:main():lattice-best-path.cc:99) For utterance hi2503M0052, best cost 38.1715 + -126.458 = -88.2869 over 698 frames.
hi2503M0052 yahaamq se lagabhaga paamqca miila daksxinxa pashcima meq katxaghara gaamqva hei 
LOG (lattice-best-path[5.3]:main():lattice-best-path.cc:99) For utterance hi2503M0053, best cost 59.8998 + -97.817 = -37.9172 over 698 frames.
hi2503M0053 ve aba vahaamq para noo dasa hajaara phutxa kii uumqcaaii para milate heiq 
LOG (lattice-best-path[5.3]:main():lattice-best-path.cc:99) For utterance hi2503M0054, best cost 80.7547 + -105.872 = -25.1177 over 698 frames.
hi2503M0054 kucha samaya pahale kii baata hei kii kisii jagaha eka dhanii oora vyasta vyaapaarii rahataa thaa 
LOG (lattice-best-path[5.3]:main():lattice-best-path.cc:99) For utterance hi2503M0055, best cost 79.6122 + -112.531 = -32.9188 over 698 frames.
hi2503M0055 sabuuta heiq ve do caara pedxaq jo idhara udhara uge hue hei baaki saba kaatxa dxaale gae 
LOG (lattice-best-path[5.3]:main():lattice-best-path.cc:99) For utterance hi2503M0056, best cost 72.643 + -110.408 = -37.7648 over 698 frames.
hi2503M0056 to vaha kyoq usa pratisxtxhaa oora sammmaana ko tyaaga de jo usakii bapootii 
LOG (lattice-best-path[5.3]:main():lattice-best-path.cc:99) For utterance hi2503M0057, best cost 66.8453 + -111.863 = -45.018 over 698 frames.
hi2503M0057 biimaarii ke coothe dina aacaarya cuudxaqamanxi ne buudxhaii ko bheja kara use bulaayaa thaa 
LOG (lattice-best-path[5.3]:main():lattice-best-path.cc:99) For utterance hi2503M0058, best cost 71.1775 + -85.6515 = -14.4741 over 698 frames.
hi2503M0058 ve kahane lage diivaanajii aapane priqsa ke doore ke baare meq kucha socaa hei kyaa 
LOG (lattice-best-path[5.3]:main():lattice-best-path.cc:99) For utterance hi2503M0059, best cost 78.0611 + -98.4135 = -20.3525 over 698 frames.
hi2503M0059 apane saqkatxamocana ke makaana kaa uuparii khanxdxa meiq jagatpati mishra mishra ko detaa huumq 
LOG (lattice-best-path[5.3]:main():lattice-best-path.cc:99) For utterance hi2503M0060, best cost 42.9726 + -81.9601 = -38.9875 over 698 frames.
hi2503M0060 jo vidyaa ghamaqdxii banaa de usase murkha rahanaa hii acchaa 
LOG (lattice-best-path[5.3]:main():lattice-best-path.cc:99) For utterance hi2504M0061, best cost 53.1628 + -117.84 = -64.6768 over 698 frames.
hi2504M0061 dhobina jaba sokara utxhatii to dekhatii ki cookaa saapha padxaa hei oora bartana mamqje hue hei 
LOG (lattice-best-path[5.3]:main():lattice-best-path.cc:99) For utterance hi2504M0062, best cost 49.5568 + -96.9114 = -47.3546 over 698 frames.
hi2504M0062 yahaamq se lagabhaga paamqca miila daksxinxa pashcima meq meq katxaghara gaamqva hei 
LOG (lattice-best-path[5.3]:main():lattice-best-path.cc:99) For utterance hi2504M0063, best cost 35.523 + -63.7495 = -28.2265 over 698 frames.
hi2504M0063 puurva yuga meq maanava aalasii nahiiq thaa 
LOG (lattice-best-path[5.3]:main():lattice-best-path.cc:99) For utterance hi2504M0064, best cost 69.9636 + -59.3089 = 10.6547 over 698 frames.
hi2504M0064 yaha suucanaa sadana meq kaaqgresa mukhya sacetaka sacetaka diipacaqda baqdhu ne dii 
LOG (lattice-best-path[5.3]:main():lattice-best-path.cc:99) For utterance hi2504M0065, best cost 59.3141 + -76.0002 = -16.6861 over 698 frames.
hi2504M0065 isameq kahaa gayaa hei sabase badxaii aparaadhii to hamaarii sarakaara hii hei 
LOG (lattice-best-path[5.3]:main():lattice-best-path.cc:99) For utterance hi2504M0066, best cost 51.6394 + -79.7878 = -28.1484 over 698 frames.
hi2504M0066 hamaarii sarakaara ne saqvidhaana meq saqkalpa ghosxita nahiiq kiyaa hei 
LOG (lattice-best-path[5.3]:main():lattice-best-path.cc:99) For utterance hi2504M0067, best cost 32.6178 + -57.9615 = -25.3437 over 698 frames.
hi2504M0067 aaja vahaamq paartxii hei oora 
LOG (lattice-best-path[5.3]:main():lattice-best-path.cc:99) For utterance hi2504M0068, best cost 31.8069 + -60.2029 = -28.396 over 698 frames.
hi2504M0068 yaha lagabhaga biisa phutxa uumqcaa hei 
LOG (lattice-best-path[5.3]:main():lattice-best-path.cc:99) For utterance hi2504M0069, best cost 48.03 + -71.9666 = -23.9367 over 698 frames.
hi2504M0069 maakapaa ke chaha kaaryakartaaoq ko ghaayala kara diyaa gayaa 
LOG (lattice-best-path[5.3]:main():lattice-best-path.cc:99) For utterance hi2504M0070, best cost 56.4056 + -85.9273 = -29.5217 over 698 frames.
hi2504M0070 betxara sambandhii isa khoja ke kaaranxa veijnyaanika jagata unakii ora aakrusxtxa huaa 
LOG (lattice-best-path[5.3]:main():lattice-best-path.cc:99) For utterance hi2504M0071, best cost 53.4447 + -119.585 = -66.1404 over 698 frames.
hi2504M0071 dhobina jaba sokara utxhatii to dekhatii ki cookaa saapha padxaa hei oora bartana mamqje hue hei 
LOG (lattice-best-path[5.3]:main():lattice-best-path.cc:99) For utterance hi2504M0072, best cost 41.5031 + -101.129 = -59.6256 over 698 frames.
hi2504M0072 yahaamq se lagabhaga paamqca miila daksxinxa pashcima meq katxaghara gaamqva hei 
LOG (lattice-best-path[5.3]:main():lattice-best-path.cc:99) For utterance hi2504M0073, best cost 51.5165 + -71.3995 = -19.883 over 698 frames.
hi2504M0073 yahaamq para aadivaasii lokakalaa ke lagabhaga saba namuune heiq 
LOG (lattice-best-path[5.3]:main():lattice-best-path.cc:99) For utterance hi2504M0074, best cost 56.1453 + -74.3232 = -18.1779 over 698 frames.
hi2504M0074 dekho naa mere peira dina para dina mujhe majabuura kiye jaa rahii hei 
LOG (lattice-best-path[5.3]:main():lattice-best-path.cc:99) For utterance hi2504M0075, best cost 49.6528 + -65.1871 = -15.5343 over 698 frames.
hi2504M0075 kapadxe pahanuuqgii para laaqdxrii se dhulavaakara 
LOG (lattice-best-path[5.3]:main():lattice-best-path.cc:99) For utterance hi2504M0076, best cost 54.074 + -80.9686 = -26.8946 over 698 frames.
hi2504M0076 kyaa shaadii isiilie huyii thii ki saaraa jiivana ghutxa ghutxa kara kaatxaa jaaye 
LOG (lattice-best-path[5.3]:main():lattice-best-path.cc:99) For utterance hi2504M0077, best cost 23.6049 + -56.2926 = -32.6878 over 698 frames.
hi2504M0077 yaha dekhaa jaataa hei 
LOG (lattice-best-path[5.3]:main():lattice-best-path.cc:99) For utterance hi2504M0078, best cost 26.0431 + -55.853 = -29.8099 over 698 frames.
hi2504M0078 meiqne kalara txiivii khariidaa hei 
LOG (lattice-best-path[5.3]:main():lattice-best-path.cc:99) For utterance hi2504M0079, best cost 76.1796 + -87.9664 = -11.7868 over 698 frames.
hi2504M0079 sastii saakha ke upalabdha na hone ke kaaranxa bhaarata meq byaaja kii dara bahuta uumqcii rahatii hei 
LOG (lattice-best-path[5.3]:main():lattice-best-path.cc:99) For utterance hi2504M0080, best cost 61.3171 + -78.7766 = -17.4595 over 698 frames.
hi2504M0080 dhobina jaba suqdarii kisii taraha na maanii to setxhajii apanaa dharma lekara behataashaa bhaage 
LOG (lattice-best-path[5.3]:main():lattice-best-path.cc:99) For utterance hi2505M0081, best cost 59.3222 + -135.211 = -75.8885 over 698 frames.
hi2505M0081 dhobina jaba sokara utxhatii to dekhatii ki cookaa saapha padxaa hei oora bartana mamqje 
LOG (lattice-best-path[5.3]:main():lattice-best-path.cc:99) For utterance hi2505M0082, best cost 42.3018 + -109.086 = -66.7838 over 698 frames.
hi2505M0082 yahaamq se lagabhaga paamqca miila daksxinxa pashcima meq katxaghara gaamqva hei 
LOG (lattice-best-path[5.3]:main():lattice-best-path.cc:99) For utterance hi2505M0083, best cost 59.189 + -85.7198 = -26.5308 over 698 frames.
hi2505M0083 vaha thodxae samaya taka cupa rahaa phira bolaa itanii dukhii mata ho 
LOG (lattice-best-path[5.3]:main():lattice-best-path.cc:99) For utterance hi2505M0084, best cost 45.0575 + -99.4662 = -54.4087 over 698 frames.
hi2505M0084 dhanurdhaarinxii ladxaqkii daravaaje ke saamane ghaata lagaae beitxhii thii 
LOG (lattice-best-path[5.3]:main():lattice-best-path.cc:99) For utterance hi2505M0085, best cost 83.7034 + -106.764 = -23.0607 over 698 frames.
hi2505M0085 koii oora upaaya to thaa nahiiq isalie vaha gaamqva chodxaq jaqgala meq jaa basaa 
LOG (lattice-best-path[5.3]:main():lattice-best-path.cc:99) For utterance hi2505M0086, best cost 69.2002 + -102.738 = -33.5378 over 698 frames.
hi2505M0086 aadhii raata hote hii baaghoq kii dahaadxaq oora bhedxaiyoq kii ciikha sunaayii dene lagatii hei 
LOG (lattice-best-path[5.3]:main():lattice-best-path.cc:99) For utterance hi2505M0087, best cost 69.5978 + -113.128 = -43.5297 over 698 frames.
hi2505M0087 usane phira vahii pataa baagha ke shava para ragadxaqa oora vaha punarjiivita ho gayaa 
LOG (lattice-best-path[5.3]:main():lattice-best-path.cc:99) For utterance hi2505M0088, best cost 69.001 + -105.57 = -36.5686 over 698 frames.
hi2505M0088 saqgrahaalaya meq deshabhara se ikatxhtxhii kii gayii kalaa kii amuulya vastueq rakhii gayii hei 
LOG (lattice-best-path[5.3]:main():lattice-best-path.cc:99) For utterance hi2505M0089, best cost 25.6534 + -78.6108 = -52.9574 over 698 frames.
hi2505M0089 paartxii sattaa meq hei 
LOG (lattice-best-path[5.3]:main():lattice-best-path.cc:99) For utterance hi2505M0090, best cost 75.0472 + -113.091 = -38.044 over 698 frames.
hi2505M0090 gaamqva ke baalaka baalikaaoq meq isa vilaksxanxa khela ne abhuutapuurva saahasa bhara diyaa 
LOG (lattice-best-path[5.3]:main():lattice-best-path.cc:99) For utterance hi2505M0091, best cost 54.7218 + -145.548 = -90.8258 over 698 frames.
hi2505M0091 dhobina jaba sokara utxhatii to dekhatii ki cookaa saapha padxaa hei oora bartana mamqje hue hei 
LOG (lattice-best-path[5.3]:main():lattice-best-path.cc:99) For utterance hi2505M0092, best cost 68.2253 + -129.104 = -60.8785 over 698 frames.
hi2505M0092 yahaamq se lagabhaga paamqca miila pashcima meq daksxinxa meq katxaghara gaamqva hei 
LOG (lattice-best-path[5.3]:main():lattice-best-path.cc:99) For utterance hi2505M0093, best cost 51.6923 + -82.8501 = -31.1578 over 698 frames.
hi2505M0093 ve pradesha kaaqgresa ke alpasaqkhyaka sela ke mukhiyaa heiq 
LOG (lattice-best-path[5.3]:main():lattice-best-path.cc:99) For utterance hi2505M0094, best cost 52.8679 + -97.7632 = -44.8953 over 698 frames.
hi2505M0094 puure desha meq isase dxaakasevaa lagabhaga txhappa ho gayii hei 
LOG (lattice-best-path[5.3]:main():lattice-best-path.cc:99) For utterance hi2505M0095, best cost 67.7951 + -114.082 = -46.2866 over 698 frames.
hi2505M0095 saqbhava hei yaha maamalaa nirnxaya ke lie keqdriiya maqtrii maqdxala ke saamane rakhaa jaae 
LOG (lattice-best-path[5.3]:main():lattice-best-path.cc:99) For utterance hi2505M0096, best cost 53.8422 + -97.797 = -43.9548 over 698 frames.
hi2505M0096 bhagata ke anusaara mahattvapuurnxa kaauqtxaroq para kaama ho rahaa hei 
LOG (lattice-best-path[5.3]:main():lattice-best-path.cc:99) For utterance hi2505M0097, best cost 61.6539 + -108.594 = -46.9399 over 698 frames.
hi2505M0097 suqdaralaala patxavaa sarakaara ne nae jailoq ke gatxhana kii ghosxanxaa kii thii 
LOG (lattice-best-path[5.3]:main():lattice-best-path.cc:99) For utterance hi2505M0098, best cost 84.6048 + -89.3678 = -4.76292 over 698 frames.
hi2505M0098 eisaa saqketa hei kii patxasana meq eise ghuse anya tatvoq kaii bhii pahacaana kaii jaa 
LOG (lattice-best-path[5.3]:main():lattice-best-path.cc:99) For utterance hi2505M0099, best cost 60.5049 + -90.2225 = -29.7176 over 698 frames.
hi2505M0099 yasa ke modii stxiilsa pheiktxarii meq janavarii se taalaabaqdii lagii huyii hei 
LOG (lattice-best-path[5.3]:main():lattice-best-path.cc:99) For utterance hi2505M0100, best cost 71.6391 + -107.032 = -35.3932 over 698 frames.
hi2505M0100 mahaaraanxaa vikramaaditya kaa raaja bhii to eisaa nahiiq thaa ki loga unase prema rakhate 
LOG (lattice-best-path[5.3]:main():lattice-best-path.cc:99) For utterance hi2508M0101, best cost 47.7373 + -138.737 = -90.9993 over 698 frames.
hi2508M0101 dhobina jaba sokara utxhatii to dekhatii ki cookaa saapha padxaa hei oora bartana mamqje hue hei 
LOG (lattice-best-path[5.3]:main():lattice-best-path.cc:99) For utterance hi2508M0102, best cost 37.6837 + -115.819 = -78.1357 over 698 frames.
hi2508M0102 yahaamq se lagabhaga paamqca miila daksxinxa pashcima meq katxaghara gaamqva hei 
LOG (lattice-best-path[5.3]:main():lattice-best-path.cc:99) For utterance hi2508M0103, best cost 50.4415 + -87.1153 = -36.6737 over 698 frames.
hi2508M0103 yaha maqdxapa lagabhaga dasa phutxa uumqce gola staqbhoq para txikaa hei 
LOG (lattice-best-path[5.3]:main():lattice-best-path.cc:99) For utterance hi2508M0104, best cost 62.5042 + -93.9478 = -31.4436 over 698 frames.
hi2508M0104 alabattaa kaii oora apsaraaoq kii muurtiyoq apane puure veibhava ke saatha kadxaii heiq 
LOG (lattice-best-path[5.3]:main():lattice-best-path.cc:99) For utterance hi2508M0105, best cost 41.8772 + -73.6032 = -31.726 over 698 frames.
hi2508M0105 jaiqdagii ika kaamqtxaa hei cubhanaa hii isakii kahaanii hei 
LOG (lattice-best-path[5.3]:main():lattice-best-path.cc:99) For utterance hi2508M0106, best cost 28.5055 + -72.9718 = -44.4664 over 698 frames.
hi2508M0106 aalasii manusxya paakhaqdxii hote heiq 
LOG (lattice-best-path[5.3]:main():lattice-best-path.cc:99) For utterance hi2508M0107, best cost 31.2056 + -59.4317 = -28.2261 over 698 frames.
hi2508M0107 paartxii ko nyaaya caahie hei 
LOG (lattice-best-path[5.3]:main():lattice-best-path.cc:99) For utterance hi2508M0108, best cost 38.0976 + -82.9993 = -44.9017 over 698 frames.
hi2508M0108 bhaarata meq yaha saba saadhana upalabdha heiq 
LOG (lattice-best-path[5.3]:main():lattice-best-path.cc:99) For utterance hi2508M0109, best cost 20.7153 + -67.1239 = -46.4086 over 698 frames.
hi2508M0109 uttara spasxtxa hei 
LOG (lattice-best-path[5.3]:main():lattice-best-path.cc:99) For utterance hi2508M0110, best cost 65.5239 + -93.6678 = -28.144 over 698 frames.
hi2508M0110 cadxdxaa bhagavaan nahiiq the kii unake ika nigaaha dekha lene se amruta barasa jaataa hei 
LOG (lattice-best-path[5.3]:main():lattice-best-path.cc:99) For utterance hi2508M0111, best cost 48.8543 + -146.177 = -97.3223 over 698 frames.
hi2508M0111 dhobina jaba sokara utxhatii to dekhatii ki cookaa saapha padxaa hei oora bartana mamqje hue hei 
LOG (lattice-best-path[5.3]:main():lattice-best-path.cc:99) For utterance hi2508M0112, best cost 37.4626 + -121.278 = -83.8158 over 698 frames.
hi2508M0112 yahaamq se lagabhaga paamqca miila daksxinxa pashcima meq katxaghara gaamqva hei 
LOG (lattice-best-path[5.3]:main():lattice-best-path.cc:99) For utterance hi2508M0113, best cost 50.4471 + -95.0215 = -44.5744 over 698 frames.
hi2508M0113 inakaa shilpa sooqdarya bhuuta kaala meq banii muurtiyoq meq milataa hei 
LOG (lattice-best-path[5.3]:main():lattice-best-path.cc:99) For utterance hi2508M0114, best cost 58.3336 + -96.6123 = -38.2788 over 698 frames.
hi2508M0114 pradhaana shivaalaya ke baahara lagabhaga biisa phutxa lambaaii kaa gola maqdxapa hei 
LOG (lattice-best-path[5.3]:main():lattice-best-path.cc:99) For utterance hi2508M0115, best cost 74.8338 + -109.287 = -34.453 over 698 frames.
hi2508M0115 saata soo varsxa puurva ke lagabhaga vastra udyoga patxasana udyoga oora koyalaa udyoga aarambha hue hei 
LOG (lattice-best-path[5.3]:main():lattice-best-path.cc:99) For utterance hi2508M0116, best cost 71.7025 + -102.926 = -31.2237 over 698 frames.
hi2508M0116 usane apane baabaa se kaha diyaa kii meq isa pacaraqgii vaalii se hii vivaaha karuumqgaa 
LOG (lattice-best-path[5.3]:main():lattice-best-path.cc:99) For utterance hi2508M0117, best cost 29.1484 + -73.1211 = -43.9727 over 698 frames.
hi2508M0117 paartxii ko aaqdolana karanaa caahie 
LOG (lattice-scale[5.3]:main():lattice-scale.cc:90) Done 140 lattices.
LOG (lattice-best-path[5.3]:main():lattice-best-path.cc:99) For utterance hi2508M0118, best cost 55.6363 + -80.7659 = -25.1296 over 698 frames.
hi2508M0118 aaiisiiesaii skuula ke baccoq kaa parinxaama bhii aksara behatara nahiiq hotaa hei 
LOG (lattice-best-path[5.3]:main():lattice-best-path.cc:99) For utterance hi2508M0119, best cost 30.0894 + -71.8249 = -41.7355 over 698 frames.
hi2508M0119 ise maadaka sthaana shrruqgaara kahaa hei 
LOG (lattice-best-path[5.3]:main():lattice-best-path.cc:99) For utterance hi2508M0120, best cost 52.8751 + -90.9225 = -38.0474 over 698 frames.
hi2508M0120 yaha shabda una dinoq iqgleiqdxa ke eka samaacaara patra ne likhe the 
LOG (lattice-best-path[5.3]:main():lattice-best-path.cc:99) For utterance hi2509M0121, best cost 49.324 + -154.797 = -105.473 over 698 frames.
hi2509M0121 dhobina jaba sokara utxhatii to dekhatii ki cookaa saapha padxaa hei oora bartana mamqje hue hei 
LOG (lattice-best-path[5.3]:main():lattice-best-path.cc:99) For utterance hi2509M0122, best cost 38.4313 + -132.895 = -94.464 over 698 frames.
hi2509M0122 yahaamq se lagabhaga paamqca miila daksxinxa pashcima meq katxaghara gaamqva hei 
LOG (lattice-best-path[5.3]:main():lattice-best-path.cc:99) For utterance hi2509M0123, best cost 61.6995 + -118.733 = -57.0338 over 698 frames.
hi2509M0123 isake saqsthaana ne kacce lohe oora ispaata kaa utpaadana aarambha kara diyaa hei 
LOG (lattice-best-path[5.3]:main():lattice-best-path.cc:99) For utterance hi2509M0124, best cost 52.9596 + -105.92 = -52.9602 over 698 frames.
hi2509M0124 dxedxhaq laakha rupayaa prativarsxa yaanii baaraha hajaara paaqca soo rupayaa mahiinaa hogii 
LOG (lattice-best-path[5.3]:main():lattice-best-path.cc:99) For utterance hi2509M0125, best cost 63.3488 + -104.329 = -40.9807 over 698 frames.
hi2509M0125 riyaasata kii sukha samruddhi dekha kara unheq mahaaraaja kii kushalataa kaa pataa calegaa 
LOG (lattice-best-path[5.3]:main():lattice-best-path.cc:99) For utterance hi2509M0126, best cost 47.5843 + -94.9222 = -47.3379 over 698 frames.
hi2509M0126 hiqdii bhaasxaa eka sashakta praaciina oora samruddha bhaasxaa hei 
LOG (lattice-best-path[5.3]:main():lattice-best-path.cc:99) For utterance hi2509M0127, best cost 59.4127 + -94.5241 = -35.1114 over 698 frames.
hi2509M0127 kyaa vaastava meq hama itane aajaqada heiq ki hama kanaatxa plesa jaa sakate heiq 
LOG (lattice-best-path[5.3]:main():lattice-best-path.cc:99) For utterance hi2509M0128, best cost 48.3147 + -74.0103 = -25.6956 over 698 frames.
hi2509M0128 kara diyaa na dostii ke rishte kaa kaqtla hei 
LOG (lattice-add-penalty[5.3]:main():lattice-add-penalty.cc:62) Done adding word insertion penalty to 140 lattices.
LOG (lattice-best-path[5.3]:main():lattice-best-path.cc:99) For utterance hi2509M0129, best cost 52.6494 + -96.4126 = -43.7632 over 698 frames.
hi2509M0129 dikhaa dii na iqsaana ne dimaagii juunuuna ke shakla hei 
LOG (lattice-best-path[5.3]:main():lattice-best-path.cc:99) For utterance hi2509M0130, best cost 70.5853 + -97.4902 = -26.9049 over 698 frames.
hi2509M0130 girane ke kaaranxa unako badxaii cotxa aayii oora aba ve khadxae bhii nahiiq ho sakate heiq 
LOG (lattice-best-path[5.3]:main():lattice-best-path.cc:99) For utterance hi2509M0131, best cost 49.8795 + -151.803 = -101.924 over 698 frames.
hi2509M0131 dhobina jaba sokara utxhatii to dekhatii ki cookaa saapha padxaa hei oora bartana mamqje hue hei 
LOG (lattice-best-path[5.3]:main():lattice-best-path.cc:99) For utterance hi2509M0132, best cost 36.08 + -126.164 = -90.084 over 698 frames.
hi2509M0132 yahaamq se lagabhaga paamqca miila daksxinxa pashcima meq katxaghara gaamqva hei 
LOG (lattice-best-path[5.3]:main():lattice-best-path.cc:99) For utterance hi2509M0133, best cost 62.0585 + -102.803 = -40.7444 over 698 frames.
hi2509M0133 keidii ko jiivita rakhane ke lie usa samaya iishvara kaa badxaqa varadaana thaa hei 
LOG (lattice-best-path[5.3]:main():lattice-best-path.cc:99) For utterance hi2509M0134, best cost 53.9227 + -101.128 = -47.205 over 698 frames.
hi2509M0134 unhoqne apanii isa khoja kaa pradarshana iqgleiqdxa meq bhii kiyaa hei 
LOG (lattice-best-path[5.3]:main():lattice-best-path.cc:99) For utterance hi2509M0135, best cost 66.6813 + -111.11 = -44.4289 over 698 frames.
hi2509M0135 usane paqjaaba kaa adhikaaqsha bhaaga jiitaa oora hinduu raajya kii aadhaarashilaa rakhii hei 
LOG (lattice-best-path[5.3]:main():lattice-best-path.cc:99) For utterance hi2509M0136, best cost 68.5606 + -102.352 = -33.7917 over 698 frames.
hi2509M0136 jaqraa sii cuuq capadxaq kii to aastiina cadxhaqa kara oora peiqtare badala kara khadxaqa ho jaauumqgaa 
LOG (lattice-best-path[5.3]:main():lattice-best-path.cc:99) For utterance hi2509M0137, best cost 61.5157 + -103.803 = -42.2872 over 698 frames.
hi2509M0137 savere maadhava ne kotxhii meq jaakara dekhaa to usakii caaya txhaqdxii ho gayii thii 
LOG (lattice-best-path[5.3]:main():lattice-best-path.cc:99) For utterance hi2509M0138, best cost 59.04 + -101.648 = -42.6084 over 698 frames.
hi2509M0138 taaqkhula loga manxipurii jaana jaatiyoq meq shresxtxha yoddhaa maane jaate hei 
LOG (lattice-best-path[5.3]:main():lattice-best-path.cc:99) For utterance hi2509M0139, best cost 75.689 + -113.486 = -37.7973 over 698 frames.
hi2509M0139 yahii saccii mitrataa kii kasootxii hei aba se jhuutxhe mitroq para kabhii vishvaasa mata karanaa hei 
LOG (lattice-best-path[5.3]:main():lattice-best-path.cc:99) For utterance hi2509M0140, best cost 64.6748 + -99.4316 = -34.7568 over 698 frames.
hi2509M0140 hamaaraa dhyeya eicchika ruupa se sahakaarii khetii karanaa hei na kii dabaava dxaalakara 
LOG (lattice-best-path[5.3]:main():lattice-best-path.cc:124) Overall cost per frame is -0.0623162 = 0.0819986 [graph] + -0.144315 [acoustic] over 97720 frames.
LOG (lattice-best-path[5.3]:main():lattice-best-path.cc:128) Done 140 lattices, failed for 0
# Accounting: time=0 threads=1
# Ended (code 0) at Sun Dec 24 10:04:59 IST 2017, elapsed time 0 seconds
