# lattice-scale --inv-acoustic-scale=6 "ark:gunzip -c exp/DNN/decode/lat.*.gz|" ark:- | lattice-add-penalty --word-ins-penalty=0.0 ark:- ark:- | lattice-best-path --word-symbol-table=data/lang_bigram/words.txt ark:- ark,t:exp/DNN/decode/scoring/6.tra 
# Started at Sun Dec 24 10:04:56 IST 2017
#
lattice-best-path --word-symbol-table=data/lang_bigram/words.txt ark:- ark,t:exp/DNN/decode/scoring/6.tra 
lattice-scale --inv-acoustic-scale=6 'ark:gunzip -c exp/DNN/decode/lat.*.gz|' ark:- 
lattice-add-penalty --word-ins-penalty=0.0 ark:- ark:- 
LOG (lattice-best-path[5.3]:main():lattice-best-path.cc:99) For utterance hi2501M0001, best cost 53.9535 + -530.905 = -476.952 over 698 frames.
hi2501M0001 dhobina jaba sokara utxhatii to dekhatii ki cookaa saapha padxaa hei oora bartana mamqje hue hei 
LOG (lattice-best-path[5.3]:main():lattice-best-path.cc:99) For utterance hi2501M0002, best cost 41.2265 + -450.596 = -409.369 over 698 frames.
hi2501M0002 yahaamq se lagabhaga paamqca miila daksxinxa pashcima meq katxaghara gaamqva hei 
LOG (lattice-best-path[5.3]:main():lattice-best-path.cc:99) For utterance hi2501M0003, best cost 89.522 + -487.077 = -397.555 over 698 frames.
hi2501M0003 maaluuma hoq jeise megha paanii paanii ho gae hoq oora bijaliyaamq txukadxe txukadxe ho gaii hoq 
LOG (lattice-best-path[5.3]:main():lattice-best-path.cc:99) For utterance hi2501M0004, best cost 64.2932 + -329.627 = -265.334 over 698 frames.
hi2501M0004 bhuula se usane vaha cavannii saaga khariidate samaya eka buudxhaii oorata ko de dii 
LOG (lattice-best-path[5.3]:main():lattice-best-path.cc:99) For utterance hi2501M0005, best cost 67.4161 + -397.648 = -330.232 over 698 frames.
hi2501M0005 ruupakumaarii isa kathana ko shekhacillii kii daastaana se jyaadaa mahatva nahii denaa caahatii 
LOG (lattice-best-path[5.3]:main():lattice-best-path.cc:99) For utterance hi2501M0006, best cost 64.6177 + -450.437 = -385.819 over 698 frames.
hi2501M0006 usame se harii ghaasa ke caraagaahoq kaa badxaa hii sundara drushya dikhaaii detaa thaa 
LOG (lattice-best-path[5.3]:main():lattice-best-path.cc:99) For utterance hi2501M0007, best cost 68.081 + -429.781 = -361.7 over 698 frames.
hi2501M0007 phira dhiire dhiire use piinaa hii nahii duudha kii botala pahacaananaa bhii aa gayaa 
LOG (lattice-best-path[5.3]:main():lattice-best-path.cc:99) For utterance hi2501M0008, best cost 76.8749 + -409.816 = -332.942 over 698 frames.
hi2501M0008 agale dina vaha bhii icchaa se bhare hue tiina theile lekara mahilaa ke paasa aayaa 
LOG (lattice-best-path[5.3]:main():lattice-best-path.cc:99) For utterance hi2501M0009, best cost 82.772 + -456.966 = -374.194 over 698 frames.
hi2501M0009 hei oora idhara usakii donoq bahaneq bhii vyaahii jaane ke baada apane patiyoq ke saatha calii gaii thiiq 
LOG (lattice-best-path[5.3]:main():lattice-best-path.cc:99) For utterance hi2501M0010, best cost 70.3759 + -437.4 = -367.024 over 698 frames.
hi2501M0010 cadxdxhaa ne vyathita svara se kahaa calo dekha lo magara tiina caara ghaqtxe ho gae heiq 
LOG (lattice-best-path[5.3]:main():lattice-best-path.cc:99) For utterance hi2501M0011, best cost 56.8108 + -583.651 = -526.84 over 698 frames.
hi2501M0011 dhobina jaba sokara utxhatii to dekhatii ki cookaa saapha padxaa hei oora bartana mamqje hue heiq 
LOG (lattice-best-path[5.3]:main():lattice-best-path.cc:99) For utterance hi2501M0012, best cost 45.3931 + -551.97 = -506.577 over 698 frames.
hi2501M0012 yahaamq se lagabhaga paamqca miila daksxinxa pashcima meq katxaghara gaamqva hei 
LOG (lattice-best-path[5.3]:main():lattice-best-path.cc:99) For utterance hi2501M0013, best cost 64.5308 + -360.183 = -295.653 over 698 frames.
hi2501M0013 meiq itanaa badxaa vishvaasaghaata na karuumqgaa caahie ghara mitxtxii hii meq mila jaae 
LOG (lattice-best-path[5.3]:main():lattice-best-path.cc:99) For utterance hi2501M0014, best cost 86.2193 + -432.503 = -346.284 over 698 frames.
hi2501M0014 ghodxe ko vaha ucita ki aavaaja meq bolate dekha maqgala ko badxaa aashcarya huaa 
LOG (lattice-best-path[5.3]:main():lattice-best-path.cc:99) For utterance hi2501M0015, best cost 48.4089 + -337.152 = -288.743 over 698 frames.
hi2501M0015 prukruti oora manusxya ke biica taalamela saqbhava hogaa kyaa 
LOG (lattice-best-path[5.3]:main():lattice-best-path.cc:99) For utterance hi2501M0016, best cost 77.4551 + -402.657 = -325.201 over 698 frames.
hi2501M0016 kucha samaya baada do raaja girjaaghara kii miinaara kii marammata karane ke lie hoq 
LOG (lattice-best-path[5.3]:main():lattice-best-path.cc:99) For utterance hi2501M0017, best cost 82.531 + -442.792 = -360.261 over 698 frames.
hi2501M0017 jo sadxaqka bacapana meq gaamqva se do kosa duura se shuruu hotii thiiq oora kosoq duura calii jaatii thiiq 
LOG (lattice-best-path[5.3]:main():lattice-best-path.cc:99) For utterance hi2501M0018, best cost 68.688 + -411.516 = -342.828 over 698 frames.
hi2501M0018 eisaa jaana padxaa vaha kucha javaaba denaa caahataa hei magara shabda nahii mila rahe heiq 
LOG (lattice-best-path[5.3]:main():lattice-best-path.cc:99) For utterance hi2501M0019, best cost 60.0544 + -376.55 = -316.496 over 698 frames.
hi2501M0019 laalamanxi ke jaane ke baada meiqne vasiiyata kaa duusaraa anuccheda padxhaqa 
LOG (lattice-best-path[5.3]:main():lattice-best-path.cc:99) For utterance hi2501M0020, best cost 68.9295 + -428.615 = -359.686 over 698 frames.
hi2501M0020 ve subaha shaama bhagavaana kii puujaa karate oora dopahara meq ladxaqkiyoq ko padxhaqate the 
LOG (lattice-best-path[5.3]:main():lattice-best-path.cc:99) For utterance hi2502M0021, best cost 57.813 + -641.102 = -583.289 over 698 frames.
hi2502M0021 dhobina jaba sokara utxhatii to dekhatii ki cookaa saapha padxaa hei oora bartana mamqje hue heiq 
LOG (lattice-best-path[5.3]:main():lattice-best-path.cc:99) For utterance hi2502M0022, best cost 42.4354 + -523.338 = -480.902 over 698 frames.
hi2502M0022 yahaamq se lagabhaga paamqca miila daksxinxa pashcima meq katxaghara gaamqva hei 
LOG (lattice-best-path[5.3]:main():lattice-best-path.cc:99) For utterance hi2502M0023, best cost 68.8582 + -485.69 = -416.832 over 698 frames.
hi2502M0023 mujhe gaqguu ke saqtusxtxa oora sukhii jiivana para eka prkaara kii iirsxyaa hotii thii 
LOG (lattice-best-path[5.3]:main():lattice-best-path.cc:99) For utterance hi2502M0024, best cost 43.3418 + -424.101 = -380.759 over 698 frames.
hi2502M0024 meiqne unheq dhiiraja baqdhaayaa gurudeva dila chotxaa mata kiijiye 
LOG (lattice-best-path[5.3]:main():lattice-best-path.cc:99) For utterance hi2502M0025, best cost 76.2727 + -454.124 = -377.852 over 698 frames.
hi2502M0025 svabhaava meq kucha garimaa aa gaii hei oora baataciita karane meq jyaadaa catura ho gayaa hei 
LOG (lattice-best-path[5.3]:main():lattice-best-path.cc:99) For utterance hi2502M0026, best cost 92.6018 + -444.889 = -352.287 over 698 frames.
hi2502M0026 sacamuca thii ve kabuutaroq ke badxae laadxa caava oora pyaara se dekhabhaala karate the 
LOG (lattice-best-path[5.3]:main():lattice-best-path.cc:99) For utterance hi2502M0027, best cost 68.7279 + -417.469 = -348.741 over 698 frames.
hi2502M0027 eisaa alookika prema tathaa vishvaasa dekhakara raajaa mana hii mana bahuta lajjita ho rahaa thaa 
LOG (lattice-best-path[5.3]:main():lattice-best-path.cc:99) For utterance hi2502M0028, best cost 66.7834 + -479.925 = -413.142 over 698 frames.
hi2502M0028 paamqca mahiine pahale meine aakaasha meq eka tiira chodxaqa thaa ladxaqkii ne javaaba diyaa 
LOG (lattice-best-path[5.3]:main():lattice-best-path.cc:99) For utterance hi2502M0029, best cost 90.2215 + -435.529 = -345.308 over 698 frames.
hi2502M0029 ujaalii raatoq meq jaba saba loga so jaate kaa vaha bhii iiqtxe thaapatii dikhaayii detii 
LOG (lattice-best-path[5.3]:main():lattice-best-path.cc:99) For utterance hi2502M0030, best cost 69.7426 + -486.448 = -416.705 over 698 frames.
hi2502M0030 usane ucita kishtoq meq chatipuurti kii raashi vasuula karane kii vyavasthaa kara dii hei 
LOG (lattice-best-path[5.3]:main():lattice-best-path.cc:99) For utterance hi2502M0031, best cost 55.7075 + -629.968 = -574.261 over 698 frames.
hi2502M0031 dhobina jaba sokara utxhatii to dekhatii ki cookaa saapha padxaa hei oora bartana mamqje hue heiq 
LOG (lattice-best-path[5.3]:main():lattice-best-path.cc:99) For utterance hi2502M0032, best cost 40.2348 + -501.472 = -461.237 over 698 frames.
hi2502M0032 yahaamq se lagabhaga paamqca miila daksxinxa pashcima meq katxaghara gaamqva hei 
LOG (lattice-best-path[5.3]:main():lattice-best-path.cc:99) For utterance hi2502M0033, best cost 67.2229 + -400.679 = -333.456 over 698 frames.
hi2502M0033 adhikaaqsha vyaktiyoq kii ko khetii para hii nirbhara rahanaa padxaqtaa hei 
LOG (lattice-best-path[5.3]:main():lattice-best-path.cc:99) For utterance hi2502M0034, best cost 41.2949 + -394.24 = -352.945 over 698 frames.
hi2502M0034 rasa kii buunda hamaare mana ko bhaatii thii 
LOG (lattice-best-path[5.3]:main():lattice-best-path.cc:99) For utterance hi2502M0035, best cost 56.0843 + -393.386 = -337.302 over 698 frames.
hi2502M0035 upabhoktaaoq ko bhii ucita muulyoq para krusxi padaartha mila jaate heiq 
LOG (lattice-best-path[5.3]:main():lattice-best-path.cc:99) For utterance hi2502M0036, best cost 63.8092 + -404.633 = -340.823 over 698 frames.
hi2502M0036 badxhaqte hue udyogoq ke lie ke kacce maaxla peidaa karane heiq 
LOG (lattice-best-path[5.3]:main():lattice-best-path.cc:99) For utterance hi2502M0037, best cost 66.6435 + -395.956 = -329.312 over 698 frames.
hi2502M0037 raajaa ke mahala ke pichavaadxae eka bahuta badxaa oora puraanaa suukhaa vruksxa thaa 
LOG (lattice-best-path[5.3]:main():lattice-best-path.cc:99) For utterance hi2502M0038, best cost 67.2435 + -487.089 = -419.845 over 698 frames.
hi2502M0038 mandiroq kaa vaastushilpa udxaiisaa meq naagra sheilii ke mandiroq ke kaaphii nikatxa hei 
LOG (lattice-best-path[5.3]:main():lattice-best-path.cc:99) For utterance hi2502M0039, best cost 66.4697 + -460.721 = -394.251 over 698 frames.
hi2502M0039 bhuumi ke upajaauupana ke aadhaara para siimaabandii kaa stara pacaasa ekadxaq taka hei 
LOG (lattice-best-path[5.3]:main():lattice-best-path.cc:99) For utterance hi2502M0040, best cost 78.2796 + -428.917 = -350.638 over 698 frames.
hi2502M0040 isake baada tumhaarii jo bhii icchaa ho usase kaho vaha oora puurii ho jaaegii 
LOG (lattice-best-path[5.3]:main():lattice-best-path.cc:99) For utterance hi2503M0041, best cost 62.5196 + -544.886 = -482.367 over 698 frames.
hi2503M0041 dhobina jaba sokara utxhatii to dekhatii ki cookaa saapha padxaa hei oora bartana mamqje hue hii hei 
LOG (lattice-best-path[5.3]:main():lattice-best-path.cc:99) For utterance hi2503M0042, best cost 38.2987 + -429.536 = -391.237 over 698 frames.
hi2503M0042 yahaamq se lagabhaga paamqca miila daksxinxa pashcima meq katxaghara gaamqva hei 
LOG (lattice-best-path[5.3]:main():lattice-best-path.cc:99) For utterance hi2503M0043, best cost 85.3234 + -496.865 = -411.541 over 698 frames.
hi2503M0043 meiq doodxaqkara daravaaje se nikala jaanaa caahataa thaa kii kahiiq mutxhabhedxaq na ho jaae hei thii 
LOG (lattice-best-path[5.3]:main():lattice-best-path.cc:99) For utterance hi2503M0044, best cost 86.6008 + -431.612 = -345.012 over 698 frames.
hi2503M0044 taba donoq ne jaane kisa deivii preranxaa se eka madhushaalaa ke saamane aa pahumqce thii 
LOG (lattice-best-path[5.3]:main():lattice-best-path.cc:99) For utterance hi2503M0045, best cost 66.2089 + -475.979 = -409.77 over 698 frames.
hi2503M0045 mahaaraajaa ne jijnyaasaa puurnxa drusxtxi se mahaaraanii kii ora dekhate hue kahaa thii 
LOG (lattice-best-path[5.3]:main():lattice-best-path.cc:99) For utterance hi2503M0046, best cost 54.783 + -454.584 = -399.801 over 698 frames.
hi2503M0046 turanta usane lutxeroq kii ora ghuumakara kahaa yaha koovaa bilakula jhuutxhaa hei 
LOG (lattice-best-path[5.3]:main():lattice-best-path.cc:99) For utterance hi2503M0047, best cost 65.4604 + -423.29 = -357.829 over 698 frames.
hi2503M0047 tuu ekadama jhuutxhii hei setxhanii ne apanii dhaaranxaa para saccaaii kii mohara lagaa dii 
LOG (lattice-best-path[5.3]:main():lattice-best-path.cc:99) For utterance hi2503M0048, best cost 67.9823 + -376.59 = -308.608 over 698 frames.
hi2503M0048 unhoqne desha meq eka uccakotxi kaa saqghatxana khadxaqa kiyaa jo itihaasa meq advitiiya hei 
LOG (lattice-best-path[5.3]:main():lattice-best-path.cc:99) For utterance hi2503M0049, best cost 28.7414 + -332.109 = -303.367 over 698 frames.
hi2503M0049 paartxii sattaa ke khilaapha hei 
LOG (lattice-best-path[5.3]:main():lattice-best-path.cc:99) For utterance hi2503M0050, best cost 75.7031 + -382.423 = -306.72 over 698 frames.
hi2503M0050 coodharii ne aapane upadesha samaapta kiyaa oora apanii jagaha para aa beitxhe 
LOG (lattice-best-path[5.3]:main():lattice-best-path.cc:99) For utterance hi2503M0051, best cost 52.0757 + -552.434 = -500.358 over 698 frames.
hi2503M0051 dhobina jaba sokara utxhatii to dekhatii ki cookaa saapha padxaa hei oora bartana mamqje hue hei 
LOG (lattice-best-path[5.3]:main():lattice-best-path.cc:99) For utterance hi2503M0052, best cost 38.1715 + -526.91 = -488.739 over 698 frames.
hi2503M0052 yahaamq se lagabhaga paamqca miila daksxinxa pashcima meq katxaghara gaamqva hei 
LOG (lattice-best-path[5.3]:main():lattice-best-path.cc:99) For utterance hi2503M0053, best cost 59.8998 + -407.571 = -347.671 over 698 frames.
hi2503M0053 ve aba vahaamq para noo dasa hajaara phutxa kii uumqcaaii para milate heiq 
LOG (lattice-best-path[5.3]:main():lattice-best-path.cc:99) For utterance hi2503M0054, best cost 80.7547 + -441.135 = -360.38 over 698 frames.
hi2503M0054 kucha samaya pahale kii baata hei kii kisii jagaha eka dhanii oora vyasta vyaapaarii rahataa thaa 
LOG (lattice-best-path[5.3]:main():lattice-best-path.cc:99) For utterance hi2503M0055, best cost 86.3252 + -480.883 = -394.558 over 698 frames.
hi2503M0055 sabuuta heiq ve do caara pedxaq jo idhara udhara uge hue hei baaki saba kaatxa dxaale gae hei 
LOG (lattice-best-path[5.3]:main():lattice-best-path.cc:99) For utterance hi2503M0056, best cost 72.643 + -460.033 = -387.39 over 698 frames.
hi2503M0056 to vaha kyoq usa pratisxtxhaa oora sammmaana ko tyaaga de jo usakii bapootii 
LOG (lattice-best-path[5.3]:main():lattice-best-path.cc:99) For utterance hi2503M0057, best cost 66.8453 + -466.097 = -399.252 over 698 frames.
hi2503M0057 biimaarii ke coothe dina aacaarya cuudxaqamanxi ne buudxhaii ko bheja kara use bulaayaa thaa 
LOG (lattice-best-path[5.3]:main():lattice-best-path.cc:99) For utterance hi2503M0058, best cost 117.197 + -440.341 = -323.145 over 698 frames.
hi2503M0058 ve kahane lage diivaanajii aapane hei dii rasa ke doore ke baare vaha kucha socaa hei kyaa hei 
LOG (lattice-best-path[5.3]:main():lattice-best-path.cc:99) For utterance hi2503M0059, best cost 78.0611 + -410.056 = -331.995 over 698 frames.
hi2503M0059 apane saqkatxamocana ke makaana kaa uuparii khanxdxa meiq jagatpati mishra mishra ko detaa huumq 
LOG (lattice-best-path[5.3]:main():lattice-best-path.cc:99) For utterance hi2503M0060, best cost 42.9726 + -341.5 = -298.528 over 698 frames.
hi2503M0060 jo vidyaa ghamaqdxii banaa de usase murkha rahanaa hii acchaa 
LOG (lattice-best-path[5.3]:main():lattice-best-path.cc:99) For utterance hi2504M0061, best cost 53.1628 + -490.998 = -437.836 over 698 frames.
hi2504M0061 dhobina jaba sokara utxhatii to dekhatii ki cookaa saapha padxaa hei oora bartana mamqje hue hei 
LOG (lattice-best-path[5.3]:main():lattice-best-path.cc:99) For utterance hi2504M0062, best cost 56.7614 + -422.374 = -365.613 over 698 frames.
hi2504M0062 yahaamq se lagabhaga paamqca miila daksxinxa pashcima hii meq katxaghara gaamqva hei 
LOG (lattice-best-path[5.3]:main():lattice-best-path.cc:99) For utterance hi2504M0063, best cost 44.8597 + -275.365 = -230.505 over 698 frames.
hi2504M0063 puurva yuga meq maanava aalasii nahiiq thaa hei 
LOG (lattice-best-path[5.3]:main():lattice-best-path.cc:99) For utterance hi2504M0064, best cost 111.56 + -299.426 = -187.866 over 698 frames.
hi2504M0064 lie suucanaa sadana meq kaaqgresa mukhya saqketa sacetaka diipacaqda maqdxala meq bhii 
LOG (lattice-best-path[5.3]:main():lattice-best-path.cc:99) For utterance hi2504M0065, best cost 74.7635 + -338.227 = -263.464 over 698 frames.
hi2504M0065 isameq kahaa gayaa hei hei sabase badxaii aparaadhii to hamaarii sarakaara hii heiq 
LOG (lattice-best-path[5.3]:main():lattice-best-path.cc:99) For utterance hi2504M0066, best cost 61.106 + -350.725 = -289.619 over 698 frames.
hi2504M0066 hamaarii sarakaara ne saqvidhaana meq meq saqkalpa ghosxita nahiiq kiyaa hei 
LOG (lattice-best-path[5.3]:main():lattice-best-path.cc:99) For utterance hi2504M0067, best cost 39.4661 + -253.196 = -213.73 over 698 frames.
hi2504M0067 aaja vahaamq paartxii hei meq hei 
LOG (lattice-best-path[5.3]:main():lattice-best-path.cc:99) For utterance hi2504M0068, best cost 31.8069 + -250.845 = -219.038 over 698 frames.
hi2504M0068 yaha lagabhaga biisa phutxa uumqcaa hei 
LOG (lattice-best-path[5.3]:main():lattice-best-path.cc:99) For utterance hi2504M0069, best cost 68.659 + -327.238 = -258.579 over 698 frames.
hi2504M0069 maakapaa kii kacce kaaryakartaaoq ko ghaayala kara diyaa gayaa 
LOG (lattice-best-path[5.3]:main():lattice-best-path.cc:99) For utterance hi2504M0070, best cost 70.8177 + -372.956 = -302.138 over 698 frames.
hi2504M0070 betxara sambandhii isa khoja ke kaaranxa veijnyaanika jagata unakii oora aakrusxtxa huaa 
LOG (lattice-best-path[5.3]:main():lattice-best-path.cc:99) For utterance hi2504M0071, best cost 53.4447 + -498.271 = -444.826 over 698 frames.
hi2504M0071 dhobina jaba sokara utxhatii to dekhatii ki cookaa saapha padxaa hei oora bartana mamqje hue hei 
LOG (lattice-best-path[5.3]:main():lattice-best-path.cc:99) For utterance hi2504M0072, best cost 41.5031 + -421.369 = -379.866 over 698 frames.
hi2504M0072 yahaamq se lagabhaga paamqca miila daksxinxa pashcima meq katxaghara gaamqva hei 
LOG (lattice-best-path[5.3]:main():lattice-best-path.cc:99) For utterance hi2504M0073, best cost 66.9204 + -318.753 = -251.833 over 698 frames.
hi2504M0073 yahaamq para aadivaasii lokakalaa mana ke lagabhaga saba namuune heiq 
LOG (lattice-best-path[5.3]:main():lattice-best-path.cc:99) For utterance hi2504M0074, best cost 96.4201 + -366.392 = -269.972 over 698 frames.
hi2504M0074 dekho naa mere gae dina para dina mujhe majabuura kii uttara jaa rahii hei 
LOG (lattice-best-path[5.3]:main():lattice-best-path.cc:99) For utterance hi2504M0075, best cost 60.4417 + -292.167 = -231.725 over 698 frames.
hi2504M0075 kapadxe pahanuuqgii para laaqdxrii sela dhulavaakara hei 
LOG (lattice-best-path[5.3]:main():lattice-best-path.cc:99) For utterance hi2504M0076, best cost 54.074 + -337.369 = -283.295 over 698 frames.
hi2504M0076 kyaa shaadii isiilie huyii thii ki saaraa jiivana ghutxa ghutxa kara kaatxaa jaaye 
LOG (lattice-best-path[5.3]:main():lattice-best-path.cc:99) For utterance hi2504M0077, best cost 23.6049 + -234.553 = -210.948 over 698 frames.
hi2504M0077 yaha dekhaa jaataa hei 
LOG (lattice-best-path[5.3]:main():lattice-best-path.cc:99) For utterance hi2504M0078, best cost 38.8163 + -255.842 = -217.026 over 698 frames.
hi2504M0078 meiqne kalara txiivii khariidaa hei oora hei 
LOG (lattice-best-path[5.3]:main():lattice-best-path.cc:99) For utterance hi2504M0079, best cost 76.1796 + -366.527 = -290.347 over 698 frames.
hi2504M0079 sastii saakha ke upalabdha na hone ke kaaranxa bhaarata meq byaaja kii dara bahuta uumqcii rahatii hei 
LOG (lattice-best-path[5.3]:main():lattice-best-path.cc:99) For utterance hi2504M0080, best cost 84.5383 + -357.438 = -272.899 over 698 frames.
hi2504M0080 para jaba suqdarii kisii taraha na maanii to setxhajii apanaa dharma lekara behataashaa kaa ke 
LOG (lattice-best-path[5.3]:main():lattice-best-path.cc:99) For utterance hi2505M0081, best cost 59.3222 + -563.378 = -504.056 over 698 frames.
hi2505M0081 dhobina jaba sokara utxhatii to dekhatii ki cookaa saapha padxaa hei oora bartana mamqje 
LOG (lattice-best-path[5.3]:main():lattice-best-path.cc:99) For utterance hi2505M0082, best cost 42.3018 + -454.523 = -412.221 over 698 frames.
hi2505M0082 yahaamq se lagabhaga paamqca miila daksxinxa pashcima meq katxaghara gaamqva hei 
LOG (lattice-best-path[5.3]:main():lattice-best-path.cc:99) For utterance hi2505M0083, best cost 79.4935 + -381.035 = -301.541 over 698 frames.
hi2505M0083 vaha thodxae samaya taka cupa rahaa phira bolaa apanaa itanii dukhii mata ho 
LOG (lattice-best-path[5.3]:main():lattice-best-path.cc:99) For utterance hi2505M0084, best cost 45.0575 + -414.443 = -369.385 over 698 frames.
hi2505M0084 dhanurdhaarinxii ladxaqkii daravaaje ke saamane ghaata lagaae beitxhii thii 
LOG (lattice-best-path[5.3]:main():lattice-best-path.cc:99) For utterance hi2505M0085, best cost 83.7034 + -444.85 = -361.147 over 698 frames.
hi2505M0085 koii oora upaaya to thaa nahiiq isalie vaha gaamqva chodxaq jaqgala meq jaa basaa 
LOG (lattice-best-path[5.3]:main():lattice-best-path.cc:99) For utterance hi2505M0086, best cost 83.8236 + -446.168 = -362.344 over 698 frames.
hi2505M0086 aadhii raata hote sii baaghoq kii dahaadxaq oora bhedxaiyoq kii ciikha sunaayii dene lagatii hei 
LOG (lattice-best-path[5.3]:main():lattice-best-path.cc:99) For utterance hi2505M0087, best cost 69.5978 + -471.365 = -401.767 over 698 frames.
hi2505M0087 usane phira vahii pataa baagha ke shava para ragadxaqa oora vaha punarjiivita ho gayaa 
LOG (lattice-best-path[5.3]:main():lattice-best-path.cc:99) For utterance hi2505M0088, best cost 69.001 + -439.873 = -370.872 over 698 frames.
hi2505M0088 saqgrahaalaya meq deshabhara se ikatxhtxhii kii gayii kalaa kii amuulya vastueq rakhii gayii hei 
LOG (lattice-best-path[5.3]:main():lattice-best-path.cc:99) For utterance hi2505M0089, best cost 25.6534 + -327.545 = -301.891 over 698 frames.
hi2505M0089 paartxii sattaa meq hei 
LOG (lattice-best-path[5.3]:main():lattice-best-path.cc:99) For utterance hi2505M0090, best cost 75.0472 + -471.213 = -396.166 over 698 frames.
hi2505M0090 gaamqva ke baalaka baalikaaoq meq isa vilaksxanxa khela ne abhuutapuurva saahasa bhara diyaa 
LOG (lattice-best-path[5.3]:main():lattice-best-path.cc:99) For utterance hi2505M0091, best cost 57.2992 + -609.865 = -552.566 over 698 frames.
hi2505M0091 dhobina jaba sokara utxhatii to dekhatii ki cookaa saapha padxaa hei oora bartana mamqje hue heiq 
LOG (lattice-best-path[5.3]:main():lattice-best-path.cc:99) For utterance hi2505M0092, best cost 68.2253 + -537.932 = -469.707 over 698 frames.
hi2505M0092 yahaamq se lagabhaga paamqca miila pashcima meq daksxinxa meq katxaghara gaamqva hei 
LOG (lattice-best-path[5.3]:main():lattice-best-path.cc:99) For utterance hi2505M0093, best cost 82.5695 + -397.954 = -315.384 over 698 frames.
hi2505M0093 meq para desha meq kaaqgresa ke alpasaqkhyaka sela ke mukhiyaa heiq hei 
LOG (lattice-best-path[5.3]:main():lattice-best-path.cc:99) For utterance hi2505M0094, best cost 52.8679 + -407.347 = -354.479 over 698 frames.
hi2505M0094 puure desha meq isase dxaakasevaa lagabhaga txhappa ho gayii hei 
LOG (lattice-best-path[5.3]:main():lattice-best-path.cc:99) For utterance hi2505M0095, best cost 67.7951 + -475.341 = -407.546 over 698 frames.
hi2505M0095 saqbhava hei yaha maamalaa nirnxaya ke lie keqdriiya maqtrii maqdxala ke saamane rakhaa jaae 
LOG (lattice-best-path[5.3]:main():lattice-best-path.cc:99) For utterance hi2505M0096, best cost 53.8422 + -407.487 = -353.645 over 698 frames.
hi2505M0096 bhagata ke anusaara mahattvapuurnxa kaauqtxaroq para kaama ho rahaa hei 
LOG (lattice-best-path[5.3]:main():lattice-best-path.cc:99) For utterance hi2505M0097, best cost 61.6539 + -452.474 = -390.82 over 698 frames.
hi2505M0097 suqdaralaala patxavaa sarakaara ne nae jailoq ke gatxhana kii ghosxanxaa kii thii 
LOG (lattice-best-path[5.3]:main():lattice-best-path.cc:99) For utterance hi2505M0098, best cost 95.0008 + -393.254 = -298.253 over 698 frames.
hi2505M0098 eisaa saqketa hei kii patxasana naa meq eise ghuse anya tatvoq kaii bhii pahacaana kaii jaa 
LOG (lattice-best-path[5.3]:main():lattice-best-path.cc:99) For utterance hi2505M0099, best cost 60.5049 + -375.927 = -315.422 over 698 frames.
hi2505M0099 yasa ke modii stxiilsa pheiktxarii meq janavarii se taalaabaqdii lagii huyii hei 
LOG (lattice-best-path[5.3]:main():lattice-best-path.cc:99) For utterance hi2505M0100, best cost 71.6391 + -445.968 = -374.329 over 698 frames.
hi2505M0100 mahaaraanxaa vikramaaditya kaa raaja bhii to eisaa nahiiq thaa ki loga unase prema rakhate 
LOG (lattice-best-path[5.3]:main():lattice-best-path.cc:99) For utterance hi2508M0101, best cost 47.7373 + -578.069 = -530.332 over 698 frames.
hi2508M0101 dhobina jaba sokara utxhatii to dekhatii ki cookaa saapha padxaa hei oora bartana mamqje hue hei 
LOG (lattice-best-path[5.3]:main():lattice-best-path.cc:99) For utterance hi2508M0102, best cost 37.6837 + -482.581 = -444.897 over 698 frames.
hi2508M0102 yahaamq se lagabhaga paamqca miila daksxinxa pashcima meq katxaghara gaamqva hei 
LOG (lattice-best-path[5.3]:main():lattice-best-path.cc:99) For utterance hi2508M0103, best cost 62.0635 + -386.909 = -324.845 over 698 frames.
hi2508M0103 yaha maqdxapa lagabhaga dasa phutxa uumqce gola staqbhoq para txikaa hei heiq 
LOG (lattice-best-path[5.3]:main():lattice-best-path.cc:99) For utterance hi2508M0104, best cost 74.1312 + -408.035 = -333.903 over 698 frames.
hi2508M0104 vaha alabattaa kaii oora apsaraaoq kii muurtiyoq apane puure veibhava ke saatha kadxaii heiq 
LOG (lattice-best-path[5.3]:main():lattice-best-path.cc:99) For utterance hi2508M0105, best cost 41.8772 + -306.68 = -264.803 over 698 frames.
hi2508M0105 jaiqdagii ika kaamqtxaa hei cubhanaa hii isakii kahaanii hei 
LOG (lattice-best-path[5.3]:main():lattice-best-path.cc:99) For utterance hi2508M0106, best cost 40.2003 + -324.431 = -284.231 over 698 frames.
hi2508M0106 aalasii manusxya paakhaqdxii hote pahumqce 
LOG (lattice-best-path[5.3]:main():lattice-best-path.cc:99) For utterance hi2508M0107, best cost 58.7413 + -290.203 = -231.462 over 698 frames.
hi2508M0107 paartxii ko nyaaya caahie hama hei aa 
LOG (lattice-best-path[5.3]:main():lattice-best-path.cc:99) For utterance hi2508M0108, best cost 38.0976 + -345.83 = -307.733 over 698 frames.
hi2508M0108 bhaarata meq yaha saba saadhana upalabdha heiq 
LOG (lattice-best-path[5.3]:main():lattice-best-path.cc:99) For utterance hi2508M0109, best cost 20.7153 + -279.683 = -258.967 over 698 frames.
hi2508M0109 uttara spasxtxa hei 
LOG (lattice-best-path[5.3]:main():lattice-best-path.cc:99) For utterance hi2508M0110, best cost 65.5239 + -390.283 = -324.759 over 698 frames.
hi2508M0110 cadxdxaa bhagavaan nahiiq the kii unake ika nigaaha dekha lene se amruta barasa jaataa hei 
LOG (lattice-best-path[5.3]:main():lattice-best-path.cc:99) For utterance hi2508M0111, best cost 48.8543 + -609.069 = -560.215 over 698 frames.
hi2508M0111 dhobina jaba sokara utxhatii to dekhatii ki cookaa saapha padxaa hei oora bartana mamqje hue hei 
LOG (lattice-best-path[5.3]:main():lattice-best-path.cc:99) For utterance hi2508M0112, best cost 44.1879 + -522.989 = -478.801 over 698 frames.
hi2508M0112 yahaamq se lagabhaga paamqca miila daksxinxa pashcima meq katxaghara gaamqva heiq 
LOG (lattice-best-path[5.3]:main():lattice-best-path.cc:99) For utterance hi2508M0113, best cost 57.1685 + -404.504 = -347.335 over 698 frames.
hi2508M0113 inakaa shilpa sooqdarya bhuuta kaala meq banii muurtiyoq meq milataa heiq 
LOG (lattice-best-path[5.3]:main():lattice-best-path.cc:99) For utterance hi2508M0114, best cost 74.1947 + -425.285 = -351.091 over 698 frames.
hi2508M0114 pradhaana shivaalaya ke baahara lagabhaga biisa phutxa lambaaii kaa oora kaa gola maqdxapa hei 
LOG (lattice-best-path[5.3]:main():lattice-best-path.cc:99) For utterance hi2508M0115, best cost 83.886 + -479.282 = -395.396 over 698 frames.
hi2508M0115 saata soo varsxa puurva ke lagabhaga vastra udyoga patxasana udyoga oora koyalaa udyoga aarambha vaha gayaa 
LOG (lattice-best-path[5.3]:main():lattice-best-path.cc:99) For utterance hi2508M0116, best cost 71.7025 + -428.859 = -357.157 over 698 frames.
hi2508M0116 usane apane baabaa se kaha diyaa kii meq isa pacaraqgii vaalii se hii vivaaha karuumqgaa 
LOG (lattice-best-path[5.3]:main():lattice-best-path.cc:99) For utterance hi2508M0117, best cost 38.4596 + -318.479 = -280.02 over 698 frames.
hi2508M0117 paartxii ko aaqdolana karanaa caahie heiq 
LOG (lattice-scale[5.3]:main():lattice-scale.cc:90) Done 140 lattices.
LOG (lattice-best-path[5.3]:main():lattice-best-path.cc:99) For utterance hi2508M0118, best cost 70.6348 + -359.071 = -288.436 over 698 frames.
hi2508M0118 aaiisiiesaii skuula ke baccoq kaa bhii parinxaama bhii aksara behatara nahiiq hotaa hei 
LOG (lattice-best-path[5.3]:main():lattice-best-path.cc:99) For utterance hi2508M0119, best cost 33.7975 + -308.575 = -274.778 over 698 frames.
hi2508M0119 ise maadaka sthaana shrruqgaara kahaa heiq 
LOG (lattice-best-path[5.3]:main():lattice-best-path.cc:99) For utterance hi2508M0120, best cost 52.8751 + -378.844 = -325.969 over 698 frames.
hi2508M0120 yaha shabda una dinoq iqgleiqdxa ke eka samaacaara patra ne likhe the 
LOG (lattice-best-path[5.3]:main():lattice-best-path.cc:99) For utterance hi2509M0121, best cost 49.324 + -644.987 = -595.663 over 698 frames.
hi2509M0121 dhobina jaba sokara utxhatii to dekhatii ki cookaa saapha padxaa hei oora bartana mamqje hue hei 
LOG (lattice-best-path[5.3]:main():lattice-best-path.cc:99) For utterance hi2509M0122, best cost 38.4313 + -553.73 = -515.299 over 698 frames.
hi2509M0122 yahaamq se lagabhaga paamqca miila daksxinxa pashcima meq katxaghara gaamqva hei 
LOG (lattice-best-path[5.3]:main():lattice-best-path.cc:99) For utterance hi2509M0123, best cost 61.6995 + -494.722 = -433.022 over 698 frames.
hi2509M0123 isake saqsthaana ne kacce lohe oora ispaata kaa utpaadana aarambha kara diyaa hei 
LOG (lattice-best-path[5.3]:main():lattice-best-path.cc:99) For utterance hi2509M0124, best cost 52.9596 + -441.332 = -388.373 over 698 frames.
hi2509M0124 dxedxhaq laakha rupayaa prativarsxa yaanii baaraha hajaara paaqca soo rupayaa mahiinaa hogii 
LOG (lattice-best-path[5.3]:main():lattice-best-path.cc:99) For utterance hi2509M0125, best cost 70.4022 + -453.694 = -383.291 over 698 frames.
hi2509M0125 riyaasata kii sukha samruddhi dekha kara unheq mahaaraaja kii kushalataa kaa pataa calegaa hei 
LOG (lattice-best-path[5.3]:main():lattice-best-path.cc:99) For utterance hi2509M0126, best cost 47.5843 + -395.509 = -347.925 over 698 frames.
hi2509M0126 hiqdii bhaasxaa eka sashakta praaciina oora samruddha bhaasxaa hei 
LOG (lattice-best-path[5.3]:main():lattice-best-path.cc:99) For utterance hi2509M0127, best cost 67.2685 + -411.118 = -343.849 over 698 frames.
hi2509M0127 kyaa vaastava meq hama itane aajaqada heiq ki hama kanaatxa plesa jaa sakate hue hei 
LOG (lattice-best-path[5.3]:main():lattice-best-path.cc:99) For utterance hi2509M0128, best cost 48.3147 + -308.376 = -260.061 over 698 frames.
hi2509M0128 kara diyaa na dostii ke rishte kaa kaqtla hei 
LOG (lattice-add-penalty[5.3]:main():lattice-add-penalty.cc:62) Done adding word insertion penalty to 140 lattices.
LOG (lattice-best-path[5.3]:main():lattice-best-path.cc:99) For utterance hi2509M0129, best cost 52.6494 + -401.719 = -349.07 over 698 frames.
hi2509M0129 dikhaa dii na iqsaana ne dimaagii juunuuna ke shakla hei 
LOG (lattice-best-path[5.3]:main():lattice-best-path.cc:99) For utterance hi2509M0130, best cost 75.1791 + -415.328 = -340.149 over 698 frames.
hi2509M0130 girane ke kaaranxa unako badxaii cotxa aayii oora aba ve khadxae bhii nahiiq ho sakate hei 
LOG (lattice-best-path[5.3]:main():lattice-best-path.cc:99) For utterance hi2509M0131, best cost 49.8795 + -632.513 = -582.633 over 698 frames.
hi2509M0131 dhobina jaba sokara utxhatii to dekhatii ki cookaa saapha padxaa hei oora bartana mamqje hue hei 
LOG (lattice-best-path[5.3]:main():lattice-best-path.cc:99) For utterance hi2509M0132, best cost 36.08 + -525.684 = -489.604 over 698 frames.
hi2509M0132 yahaamq se lagabhaga paamqca miila daksxinxa pashcima meq katxaghara gaamqva hei 
LOG (lattice-best-path[5.3]:main():lattice-best-path.cc:99) For utterance hi2509M0133, best cost 65.7809 + -436.509 = -370.728 over 698 frames.
hi2509M0133 keidii ko jiivita rakhane ke usa samaya iishvara kaa badxaqa varadaana thaa hei 
LOG (lattice-best-path[5.3]:main():lattice-best-path.cc:99) For utterance hi2509M0134, best cost 53.9227 + -421.365 = -367.443 over 698 frames.
hi2509M0134 unhoqne apanii isa khoja kaa pradarshana iqgleiqdxa meq bhii kiyaa hei 
LOG (lattice-best-path[5.3]:main():lattice-best-path.cc:99) For utterance hi2509M0135, best cost 66.6813 + -462.959 = -396.278 over 698 frames.
hi2509M0135 usane paqjaaba kaa adhikaaqsha bhaaga jiitaa oora hinduu raajya kii aadhaarashilaa rakhii hei 
LOG (lattice-best-path[5.3]:main():lattice-best-path.cc:99) For utterance hi2509M0136, best cost 68.5606 + -426.468 = -357.907 over 698 frames.
hi2509M0136 jaqraa sii cuuq capadxaq kii to aastiina cadxhaqa kara oora peiqtare badala kara khadxaqa ho jaauumqgaa 
LOG (lattice-best-path[5.3]:main():lattice-best-path.cc:99) For utterance hi2509M0137, best cost 68.3378 + -454.441 = -386.104 over 698 frames.
hi2509M0137 savere maadhava ne kotxhii meq jaakara dekhaa to usakii caaya txhaqdxii ho gayii thii hei 
LOG (lattice-best-path[5.3]:main():lattice-best-path.cc:99) For utterance hi2509M0138, best cost 59.04 + -423.535 = -364.495 over 698 frames.
hi2509M0138 taaqkhula loga manxipurii jaana jaatiyoq meq shresxtxha yoddhaa maane jaate hei 
LOG (lattice-best-path[5.3]:main():lattice-best-path.cc:99) For utterance hi2509M0139, best cost 75.689 + -472.86 = -397.171 over 698 frames.
hi2509M0139 yahii saccii mitrataa kii kasootxii hei aba se jhuutxhe mitroq para kabhii vishvaasa mata karanaa hei 
LOG (lattice-best-path[5.3]:main():lattice-best-path.cc:99) For utterance hi2509M0140, best cost 79.2037 + -432.936 = -353.732 over 698 frames.
hi2509M0140 hamaaraa dhyeya eicchika ruupa use sahakaarii khetii karanaa hei na kii dabaava dxaalakara 
LOG (lattice-best-path[5.3]:main():lattice-best-path.cc:124) Overall cost per frame is -0.523439 = 0.089105 [graph] + -0.612544 [acoustic] over 97720 frames.
LOG (lattice-best-path[5.3]:main():lattice-best-path.cc:128) Done 140 lattices, failed for 0
# Accounting: time=0 threads=1
# Ended (code 0) at Sun Dec 24 10:04:56 IST 2017, elapsed time 0 seconds
