# gmm-latgen-faster --max-active=7000 --beam=13.0 --lattice-beam=6.0 --acoustic-scale=0.083333 --allow-partial=true --word-symbol-table=exp/mono/graph/words.txt exp/mono/final.mdl exp/mono/graph/HCLG.fst "ark,s,cs:apply-cmvn  --utt2spk=ark:data/test/split4/4/utt2spk scp:data/test/split4/4/cmvn.scp scp:data/test/split4/4/feats.scp ark:- | add-deltas  ark:- ark:- |" "ark:|gzip -c > exp/mono/decode/lat.4.gz" 
# Started at Sat Dec 23 22:00:32 IST 2017
#
gmm-latgen-faster --max-active=7000 --beam=13.0 --lattice-beam=6.0 --acoustic-scale=0.083333 --allow-partial=true --word-symbol-table=exp/mono/graph/words.txt exp/mono/final.mdl exp/mono/graph/HCLG.fst 'ark,s,cs:apply-cmvn  --utt2spk=ark:data/test/split4/4/utt2spk scp:data/test/split4/4/cmvn.scp scp:data/test/split4/4/feats.scp ark:- | add-deltas  ark:- ark:- |' 'ark:|gzip -c > exp/mono/decode/lat.4.gz' 
add-deltas ark:- ark:- 
apply-cmvn --utt2spk=ark:data/test/split4/4/utt2spk scp:data/test/split4/4/cmvn.scp scp:data/test/split4/4/feats.scp ark:- 
hi2509M0121 dhobina jaba sokara utxhatii to dekhatii ki cookaa saapha padxaa hei oora bartana mamqje hue hei 
LOG (gmm-latgen-faster[5.3]:DecodeUtteranceLatticeFaster():decoder-wrappers.cc:286) Log-like per frame for utterance hi2509M0121 is -7.71111 over 698 frames.
hi2509M0122 yahaamq se lagabhaga paamqca miila daksxinxa pashcima meq katxaghara gaamqva hei 
LOG (gmm-latgen-faster[5.3]:DecodeUtteranceLatticeFaster():decoder-wrappers.cc:286) Log-like per frame for utterance hi2509M0122 is -7.30742 over 698 frames.
hi2509M0123 isake saqsthaana ne kacce lohe oora ispaata kaa utpaadana aarambha kara diyaa hei 
LOG (gmm-latgen-faster[5.3]:DecodeUtteranceLatticeFaster():decoder-wrappers.cc:286) Log-like per frame for utterance hi2509M0123 is -8.07827 over 698 frames.
hi2509M0124 dxedxhaq laakha rupayaa prativarsxa yaanii baaraha hajaara paaqca soo rupayaa mahiinaa hogii hei 
LOG (gmm-latgen-faster[5.3]:DecodeUtteranceLatticeFaster():decoder-wrappers.cc:286) Log-like per frame for utterance hi2509M0124 is -7.9682 over 698 frames.
hi2509M0125 riyaasata kii sukha samruddhi dekha kara unheq mahaaraaja kii kushalataa kaa pataa calegaa hei 
LOG (gmm-latgen-faster[5.3]:DecodeUtteranceLatticeFaster():decoder-wrappers.cc:286) Log-like per frame for utterance hi2509M0125 is -7.77111 over 698 frames.
hi2509M0126 hiqdii bhaasxaa eka sashakta praaciina oora samruddha bhaasxaa hei 
LOG (gmm-latgen-faster[5.3]:DecodeUtteranceLatticeFaster():decoder-wrappers.cc:286) Log-like per frame for utterance hi2509M0126 is -7.63038 over 698 frames.
hi2509M0127 kyaa vaastava meq hama itane aajaqada heiq ki hama kanaatxa plesa jaa sakate heiq 
LOG (gmm-latgen-faster[5.3]:DecodeUtteranceLatticeFaster():decoder-wrappers.cc:286) Log-like per frame for utterance hi2509M0127 is -7.61685 over 698 frames.
hi2509M0128 kara diyaa na dostii ke rishte kaa kaqtla hei hei 
LOG (gmm-latgen-faster[5.3]:DecodeUtteranceLatticeFaster():decoder-wrappers.cc:286) Log-like per frame for utterance hi2509M0128 is -7.15815 over 698 frames.
hi2509M0129 dikhaa dii na iqsaana ne dimaagii juunuuna ke shakla hei 
LOG (gmm-latgen-faster[5.3]:DecodeUtteranceLatticeFaster():decoder-wrappers.cc:286) Log-like per frame for utterance hi2509M0129 is -7.24242 over 698 frames.
hi2509M0130 girane ke kaaranxa unako badxaii cotxa aayii oora aba ve khadxae bhii nahiiq ho sakate heiq 
LOG (gmm-latgen-faster[5.3]:DecodeUtteranceLatticeFaster():decoder-wrappers.cc:286) Log-like per frame for utterance hi2509M0130 is -7.91589 over 698 frames.
hi2509M0131 dhobina jaba sokara utxhatii to dekhatii ki cookaa saapha padxaa hei oora bartana mamqje hue hei 
LOG (gmm-latgen-faster[5.3]:DecodeUtteranceLatticeFaster():decoder-wrappers.cc:286) Log-like per frame for utterance hi2509M0131 is -7.77204 over 698 frames.
hi2509M0132 yahaamq se lagabhaga paamqca miila daksxinxa pashcima meq katxaghara gaamqva hei 
LOG (gmm-latgen-faster[5.3]:DecodeUtteranceLatticeFaster():decoder-wrappers.cc:286) Log-like per frame for utterance hi2509M0132 is -7.22512 over 698 frames.
hi2509M0133 keidii ko jiivita rakhane ke usa samaya iishvara kaa badxaqa varadaana thaa hei 
LOG (gmm-latgen-faster[5.3]:DecodeUtteranceLatticeFaster():decoder-wrappers.cc:286) Log-like per frame for utterance hi2509M0133 is -7.7178 over 698 frames.
hi2509M0134 unhoqne apanii isa khoja kaa pradarshana iqgleiqdxa meq bhii kiyaa hei 
LOG (gmm-latgen-faster[5.3]:DecodeUtteranceLatticeFaster():decoder-wrappers.cc:286) Log-like per frame for utterance hi2509M0134 is -7.40271 over 698 frames.
hi2509M0135 usane paqjaaba kaa adhikaaqsha bhaaga jiitaa oora hinduu raajya kii aadhaarashilaa rakhii hei 
LOG (gmm-latgen-faster[5.3]:DecodeUtteranceLatticeFaster():decoder-wrappers.cc:286) Log-like per frame for utterance hi2509M0135 is -8.01143 over 698 frames.
hi2509M0136 jaqraa sii cuuq capadxaq kii to aastiina cadxhaqa kara oora peiqtare badala kara khadxaqa ho gaamqva hei 
LOG (gmm-latgen-faster[5.3]:DecodeUtteranceLatticeFaster():decoder-wrappers.cc:286) Log-like per frame for utterance hi2509M0136 is -8.01548 over 698 frames.
hi2509M0137 savere maadhava ne kotxhii meq jaakara dekhaa to usakii caaya txhaqdxii ho gaii thiiq hei 
LOG (gmm-latgen-faster[5.3]:DecodeUtteranceLatticeFaster():decoder-wrappers.cc:286) Log-like per frame for utterance hi2509M0137 is -7.85199 over 698 frames.
LOG (apply-cmvn[5.3]:main():apply-cmvn.cc:162) Applied cepstral mean normalization to 20 utterances, errors on 0
hi2509M0138 taaqkhula loga manxipurii jaana jaatiyoq meq shresxtxha yoddhaa maane jaate hei 
LOG (gmm-latgen-faster[5.3]:DecodeUtteranceLatticeFaster():decoder-wrappers.cc:286) Log-like per frame for utterance hi2509M0138 is -7.79076 over 698 frames.
hi2509M0139 yahii saccii mitrataa kii kasootxii hei aba se jhuutxhe mitroq para kabhii vishvaasa mata karanaa hei 
LOG (gmm-latgen-faster[5.3]:DecodeUtteranceLatticeFaster():decoder-wrappers.cc:286) Log-like per frame for utterance hi2509M0139 is -8.18262 over 698 frames.
hi2509M0140 hamaaraa dhyeya eicchika ruupa se sahakaarii khetii karanaa hei na kii dabaava dxaalakara hei 
LOG (gmm-latgen-faster[5.3]:DecodeUtteranceLatticeFaster():decoder-wrappers.cc:286) Log-like per frame for utterance hi2509M0140 is -8.19422 over 698 frames.
LOG (gmm-latgen-faster[5.3]:main():gmm-latgen-faster.cc:176) Time taken 25.427s: real-time factor assuming 100 frames/sec is 0.182142
LOG (gmm-latgen-faster[5.3]:main():gmm-latgen-faster.cc:179) Done 20 utterances, failed for 0
LOG (gmm-latgen-faster[5.3]:main():gmm-latgen-faster.cc:181) Overall log-likelihood per frame is -7.7282 over 13960 frames.
# Accounting: time=25 threads=1
# Ended (code 0) at Sat Dec 23 22:00:57 IST 2017, elapsed time 25 seconds
