# gmm-acc-stats-ali exp/mono/4.mdl "ark,s,cs:apply-cmvn  --utt2spk=ark:data/train/split4/3/utt2spk scp:data/train/split4/3/cmvn.scp scp:data/train/split4/3/feats.scp ark:- | add-deltas ark:- ark:- |" "ark:gunzip -c exp/mono/ali.3.gz|" exp/mono/4.3.acc 
# Started at Sat Dec 23 21:46:20 IST 2017
#
gmm-acc-stats-ali exp/mono/4.mdl 'ark,s,cs:apply-cmvn  --utt2spk=ark:data/train/split4/3/utt2spk scp:data/train/split4/3/cmvn.scp scp:data/train/split4/3/feats.scp ark:- | add-deltas ark:- ark:- |' 'ark:gunzip -c exp/mono/ali.3.gz|' exp/mono/4.3.acc 
add-deltas ark:- ark:- 
apply-cmvn --utt2spk=ark:data/train/split4/3/utt2spk scp:data/train/split4/3/cmvn.scp scp:data/train/split4/3/feats.scp ark:- 
WARNING (gmm-acc-stats-ali[5.3]:main():gmm-acc-stats-ali.cc:79) No alignment for utterance hi2505M0044
WARNING (gmm-acc-stats-ali[5.3]:main():gmm-acc-stats-ali.cc:79) No alignment for utterance hi2505M0048
LOG (gmm-acc-stats-ali[5.3]:main():gmm-acc-stats-ali.cc:105) Processed 50 utterances; for utterance hi2505M0052 avg. like is -92.2681 over 698 frames.
WARNING (gmm-acc-stats-ali[5.3]:main():gmm-acc-stats-ali.cc:79) No alignment for utterance hi2505M0121
LOG (gmm-acc-stats-ali[5.3]:main():gmm-acc-stats-ali.cc:105) Processed 100 utterances; for utterance hi2505M0123 avg. like is -96.3555 over 698 frames.
WARNING (gmm-acc-stats-ali[5.3]:main():gmm-acc-stats-ali.cc:79) No alignment for utterance hi2505M0127
WARNING (gmm-acc-stats-ali[5.3]:main():gmm-acc-stats-ali.cc:79) No alignment for utterance hi2505M0128
WARNING (gmm-acc-stats-ali[5.3]:main():gmm-acc-stats-ali.cc:79) No alignment for utterance hi2505M0145
WARNING (gmm-acc-stats-ali[5.3]:main():gmm-acc-stats-ali.cc:79) No alignment for utterance hi2508M0013
LOG (gmm-acc-stats-ali[5.3]:main():gmm-acc-stats-ali.cc:105) Processed 150 utterances; for utterance hi2508M0027 avg. like is -101.733 over 698 frames.
LOG (gmm-acc-stats-ali[5.3]:main():gmm-acc-stats-ali.cc:105) Processed 200 utterances; for utterance hi2508M0077 avg. like is -86.8904 over 698 frames.
LOG (gmm-acc-stats-ali[5.3]:main():gmm-acc-stats-ali.cc:105) Processed 250 utterances; for utterance hi2508M0147 avg. like is -103.384 over 698 frames.
LOG (apply-cmvn[5.3]:main():apply-cmvn.cc:162) Applied cepstral mean normalization to 260 utterances, errors on 0
LOG (gmm-acc-stats-ali[5.3]:main():gmm-acc-stats-ali.cc:112) Done 253 files, 7 with errors.
LOG (gmm-acc-stats-ali[5.3]:main():gmm-acc-stats-ali.cc:115) Overall avg like per frame (Gaussian only) = -97.7812 over 176594 frames.
LOG (gmm-acc-stats-ali[5.3]:main():gmm-acc-stats-ali.cc:123) Written accs.
# Accounting: time=2 threads=1
# Ended (code 0) at Sat Dec 23 21:46:22 IST 2017, elapsed time 2 seconds
