# gmm-acc-stats-ali exp/mono/9.mdl "ark,s,cs:apply-cmvn  --utt2spk=ark:data/train/split4/1/utt2spk scp:data/train/split4/1/cmvn.scp scp:data/train/split4/1/feats.scp ark:- | add-deltas ark:- ark:- |" "ark:gunzip -c exp/mono/ali.1.gz|" exp/mono/9.1.acc 
# Started at Sat Dec 23 21:48:20 IST 2017
#
gmm-acc-stats-ali exp/mono/9.mdl 'ark,s,cs:apply-cmvn  --utt2spk=ark:data/train/split4/1/utt2spk scp:data/train/split4/1/cmvn.scp scp:data/train/split4/1/feats.scp ark:- | add-deltas ark:- ark:- |' 'ark:gunzip -c exp/mono/ali.1.gz|' exp/mono/9.1.acc 
add-deltas ark:- ark:- 
apply-cmvn --utt2spk=ark:data/train/split4/1/utt2spk scp:data/train/split4/1/cmvn.scp scp:data/train/split4/1/feats.scp ark:- 
LOG (gmm-acc-stats-ali[5.3]:main():gmm-acc-stats-ali.cc:105) Processed 50 utterances; for utterance hi2501M0070 avg. like is -97.9727 over 698 frames.
LOG (gmm-acc-stats-ali[5.3]:main():gmm-acc-stats-ali.cc:105) Processed 100 utterances; for utterance hi2501M0120 avg. like is -91.6478 over 698 frames.
WARNING (gmm-acc-stats-ali[5.3]:main():gmm-acc-stats-ali.cc:79) No alignment for utterance hi2502M0001
LOG (gmm-acc-stats-ali[5.3]:main():gmm-acc-stats-ali.cc:105) Processed 150 utterances; for utterance hi2502M0041 avg. like is -99.6816 over 698 frames.
WARNING (gmm-acc-stats-ali[5.3]:main():gmm-acc-stats-ali.cc:79) No alignment for utterance hi2502M0058
LOG (gmm-acc-stats-ali[5.3]:main():gmm-acc-stats-ali.cc:105) Processed 200 utterances; for utterance hi2502M0092 avg. like is -92.1785 over 698 frames.
WARNING (gmm-acc-stats-ali[5.3]:main():gmm-acc-stats-ali.cc:79) No alignment for utterance hi2502M0116
LOG (gmm-acc-stats-ali[5.3]:main():gmm-acc-stats-ali.cc:105) Processed 250 utterances; for utterance hi2502M0143 avg. like is -94.2967 over 698 frames.
LOG (apply-cmvn[5.3]:main():apply-cmvn.cc:162) Applied cepstral mean normalization to 260 utterances, errors on 0
LOG (gmm-acc-stats-ali[5.3]:main():gmm-acc-stats-ali.cc:112) Done 257 files, 3 with errors.
LOG (gmm-acc-stats-ali[5.3]:main():gmm-acc-stats-ali.cc:115) Overall avg like per frame (Gaussian only) = -93.5374 over 179386 frames.
LOG (gmm-acc-stats-ali[5.3]:main():gmm-acc-stats-ali.cc:123) Written accs.
# Accounting: time=2 threads=1
# Ended (code 0) at Sat Dec 23 21:48:22 IST 2017, elapsed time 2 seconds
