# gmm-align-compiled --transition-scale=1.0 --acoustic-scale=0.1 --self-loop-scale=0.1 --beam=10 --retry-beam=40 --careful=false "gmm-boost-silence --boost=1.0 1 exp/mono/4.mdl - |" "ark:gunzip -c exp/mono/fsts.4.gz|" "ark,s,cs:apply-cmvn  --utt2spk=ark:data/train/split4/4/utt2spk scp:data/train/split4/4/cmvn.scp scp:data/train/split4/4/feats.scp ark:- | add-deltas ark:- ark:- |" "ark,t:|gzip -c >exp/mono/ali.4.gz" 
# Started at Sat Dec 23 21:45:47 IST 2017
#
gmm-align-compiled --transition-scale=1.0 --acoustic-scale=0.1 --self-loop-scale=0.1 --beam=10 --retry-beam=40 --careful=false 'gmm-boost-silence --boost=1.0 1 exp/mono/4.mdl - |' 'ark:gunzip -c exp/mono/fsts.4.gz|' 'ark,s,cs:apply-cmvn  --utt2spk=ark:data/train/split4/4/utt2spk scp:data/train/split4/4/cmvn.scp scp:data/train/split4/4/feats.scp ark:- | add-deltas ark:- ark:- |' 'ark,t:|gzip -c >exp/mono/ali.4.gz' 
gmm-boost-silence --boost=1.0 1 exp/mono/4.mdl - 
WARNING (gmm-boost-silence[5.3]:main():gmm-boost-silence.cc:82) The pdfs for the silence phones may be shared by other phones (note: this probably does not matter.)
LOG (gmm-boost-silence[5.3]:main():gmm-boost-silence.cc:93) Boosted weights for 3 pdfs, by factor of 1
LOG (gmm-boost-silence[5.3]:main():gmm-boost-silence.cc:103) Wrote model to -
apply-cmvn --utt2spk=ark:data/train/split4/4/utt2spk scp:data/train/split4/4/cmvn.scp scp:data/train/split4/4/feats.scp ark:- 
add-deltas ark:- ark:- 
LOG (gmm-align-compiled[5.3]:main():gmm-align-compiled.cc:127) hi2509M0001
WARNING (gmm-align-compiled[5.3]:AlignUtteranceWrapper():decoder-wrappers.cc:468) Retrying utterance hi2509M0001 with beam 40
LOG (gmm-align-compiled[5.3]:main():gmm-align-compiled.cc:127) hi2509M0002
LOG (gmm-align-compiled[5.3]:main():gmm-align-compiled.cc:127) hi2509M0003
LOG (gmm-align-compiled[5.3]:main():gmm-align-compiled.cc:127) hi2509M0004
LOG (gmm-align-compiled[5.3]:main():gmm-align-compiled.cc:127) hi2509M0005
LOG (gmm-align-compiled[5.3]:main():gmm-align-compiled.cc:127) hi2509M0006
LOG (gmm-align-compiled[5.3]:main():gmm-align-compiled.cc:127) hi2509M0007
LOG (gmm-align-compiled[5.3]:main():gmm-align-compiled.cc:127) hi2509M0008
WARNING (gmm-align-compiled[5.3]:AlignUtteranceWrapper():decoder-wrappers.cc:468) Retrying utterance hi2509M0008 with beam 40
LOG (gmm-align-compiled[5.3]:main():gmm-align-compiled.cc:127) hi2509M0009
LOG (gmm-align-compiled[5.3]:main():gmm-align-compiled.cc:127) hi2509M0010
WARNING (gmm-align-compiled[5.3]:AlignUtteranceWrapper():decoder-wrappers.cc:468) Retrying utterance hi2509M0010 with beam 40
LOG (gmm-align-compiled[5.3]:main():gmm-align-compiled.cc:127) hi2509M0011
WARNING (gmm-align-compiled[5.3]:AlignUtteranceWrapper():decoder-wrappers.cc:468) Retrying utterance hi2509M0011 with beam 40
LOG (gmm-align-compiled[5.3]:main():gmm-align-compiled.cc:127) hi2509M0012
LOG (gmm-align-compiled[5.3]:main():gmm-align-compiled.cc:127) hi2509M0013
WARNING (gmm-align-compiled[5.3]:AlignUtteranceWrapper():decoder-wrappers.cc:468) Retrying utterance hi2509M0013 with beam 40
WARNING (gmm-align-compiled[5.3]:AlignUtteranceWrapper():decoder-wrappers.cc:477) Did not successfully decode file hi2509M0013, len = 698
LOG (gmm-align-compiled[5.3]:main():gmm-align-compiled.cc:127) hi2509M0014
LOG (gmm-align-compiled[5.3]:main():gmm-align-compiled.cc:127) hi2509M0015
WARNING (gmm-align-compiled[5.3]:AlignUtteranceWrapper():decoder-wrappers.cc:468) Retrying utterance hi2509M0015 with beam 40
LOG (gmm-align-compiled[5.3]:main():gmm-align-compiled.cc:127) hi2509M0016
LOG (gmm-align-compiled[5.3]:main():gmm-align-compiled.cc:127) hi2509M0017
WARNING (gmm-align-compiled[5.3]:AlignUtteranceWrapper():decoder-wrappers.cc:468) Retrying utterance hi2509M0017 with beam 40
LOG (gmm-align-compiled[5.3]:main():gmm-align-compiled.cc:127) hi2509M0018
LOG (gmm-align-compiled[5.3]:main():gmm-align-compiled.cc:127) hi2509M0019
LOG (gmm-align-compiled[5.3]:main():gmm-align-compiled.cc:127) hi2509M0020
LOG (gmm-align-compiled[5.3]:main():gmm-align-compiled.cc:127) hi2509M0021
WARNING (gmm-align-compiled[5.3]:AlignUtteranceWrapper():decoder-wrappers.cc:468) Retrying utterance hi2509M0021 with beam 40
LOG (gmm-align-compiled[5.3]:main():gmm-align-compiled.cc:127) hi2509M0022
LOG (gmm-align-compiled[5.3]:main():gmm-align-compiled.cc:127) hi2509M0023
LOG (gmm-align-compiled[5.3]:main():gmm-align-compiled.cc:127) hi2509M0024
LOG (gmm-align-compiled[5.3]:main():gmm-align-compiled.cc:127) hi2509M0025
LOG (gmm-align-compiled[5.3]:main():gmm-align-compiled.cc:127) hi2509M0026
LOG (gmm-align-compiled[5.3]:main():gmm-align-compiled.cc:127) hi2509M0027
LOG (gmm-align-compiled[5.3]:main():gmm-align-compiled.cc:127) hi2509M0028
WARNING (gmm-align-compiled[5.3]:AlignUtteranceWrapper():decoder-wrappers.cc:468) Retrying utterance hi2509M0028 with beam 40
LOG (gmm-align-compiled[5.3]:main():gmm-align-compiled.cc:127) hi2509M0029
LOG (gmm-align-compiled[5.3]:main():gmm-align-compiled.cc:127) hi2509M0030
LOG (gmm-align-compiled[5.3]:main():gmm-align-compiled.cc:127) hi2509M0031
LOG (gmm-align-compiled[5.3]:main():gmm-align-compiled.cc:127) hi2509M0032
WARNING (gmm-align-compiled[5.3]:AlignUtteranceWrapper():decoder-wrappers.cc:468) Retrying utterance hi2509M0032 with beam 40
LOG (gmm-align-compiled[5.3]:main():gmm-align-compiled.cc:127) hi2509M0033
WARNING (gmm-align-compiled[5.3]:AlignUtteranceWrapper():decoder-wrappers.cc:468) Retrying utterance hi2509M0033 with beam 40
LOG (gmm-align-compiled[5.3]:main():gmm-align-compiled.cc:127) hi2509M0034
LOG (gmm-align-compiled[5.3]:main():gmm-align-compiled.cc:127) hi2509M0035
WARNING (gmm-align-compiled[5.3]:AlignUtteranceWrapper():decoder-wrappers.cc:468) Retrying utterance hi2509M0035 with beam 40
LOG (gmm-align-compiled[5.3]:main():gmm-align-compiled.cc:127) hi2509M0036
WARNING (gmm-align-compiled[5.3]:AlignUtteranceWrapper():decoder-wrappers.cc:468) Retrying utterance hi2509M0036 with beam 40
LOG (gmm-align-compiled[5.3]:main():gmm-align-compiled.cc:127) hi2509M0037
LOG (gmm-align-compiled[5.3]:main():gmm-align-compiled.cc:127) hi2509M0038
LOG (gmm-align-compiled[5.3]:main():gmm-align-compiled.cc:127) hi2509M0039
LOG (gmm-align-compiled[5.3]:main():gmm-align-compiled.cc:127) hi2509M0040
WARNING (gmm-align-compiled[5.3]:AlignUtteranceWrapper():decoder-wrappers.cc:468) Retrying utterance hi2509M0040 with beam 40
LOG (gmm-align-compiled[5.3]:main():gmm-align-compiled.cc:127) hi2509M0041
WARNING (gmm-align-compiled[5.3]:AlignUtteranceWrapper():decoder-wrappers.cc:468) Retrying utterance hi2509M0041 with beam 40
LOG (gmm-align-compiled[5.3]:main():gmm-align-compiled.cc:127) hi2509M0042
WARNING (gmm-align-compiled[5.3]:AlignUtteranceWrapper():decoder-wrappers.cc:468) Retrying utterance hi2509M0042 with beam 40
LOG (gmm-align-compiled[5.3]:main():gmm-align-compiled.cc:127) hi2509M0043
WARNING (gmm-align-compiled[5.3]:AlignUtteranceWrapper():decoder-wrappers.cc:468) Retrying utterance hi2509M0043 with beam 40
LOG (gmm-align-compiled[5.3]:main():gmm-align-compiled.cc:127) hi2509M0044
WARNING (gmm-align-compiled[5.3]:AlignUtteranceWrapper():decoder-wrappers.cc:468) Retrying utterance hi2509M0044 with beam 40
LOG (gmm-align-compiled[5.3]:main():gmm-align-compiled.cc:127) hi2509M0045
WARNING (gmm-align-compiled[5.3]:AlignUtteranceWrapper():decoder-wrappers.cc:468) Retrying utterance hi2509M0045 with beam 40
LOG (gmm-align-compiled[5.3]:main():gmm-align-compiled.cc:127) hi2509M0046
LOG (gmm-align-compiled[5.3]:main():gmm-align-compiled.cc:127) hi2509M0047
WARNING (gmm-align-compiled[5.3]:AlignUtteranceWrapper():decoder-wrappers.cc:468) Retrying utterance hi2509M0047 with beam 40
LOG (gmm-align-compiled[5.3]:main():gmm-align-compiled.cc:127) hi2509M0048
WARNING (gmm-align-compiled[5.3]:AlignUtteranceWrapper():decoder-wrappers.cc:468) Retrying utterance hi2509M0048 with beam 40
LOG (gmm-align-compiled[5.3]:main():gmm-align-compiled.cc:127) hi2509M0049
LOG (gmm-align-compiled[5.3]:main():gmm-align-compiled.cc:127) hi2509M0050
LOG (gmm-align-compiled[5.3]:main():gmm-align-compiled.cc:127) hi2509M0051
LOG (gmm-align-compiled[5.3]:main():gmm-align-compiled.cc:127) hi2509M0052
WARNING (gmm-align-compiled[5.3]:AlignUtteranceWrapper():decoder-wrappers.cc:468) Retrying utterance hi2509M0052 with beam 40
LOG (gmm-align-compiled[5.3]:main():gmm-align-compiled.cc:127) hi2509M0053
LOG (gmm-align-compiled[5.3]:main():gmm-align-compiled.cc:127) hi2509M0054
WARNING (gmm-align-compiled[5.3]:AlignUtteranceWrapper():decoder-wrappers.cc:468) Retrying utterance hi2509M0054 with beam 40
LOG (gmm-align-compiled[5.3]:main():gmm-align-compiled.cc:127) hi2509M0055
WARNING (gmm-align-compiled[5.3]:AlignUtteranceWrapper():decoder-wrappers.cc:468) Retrying utterance hi2509M0055 with beam 40
LOG (gmm-align-compiled[5.3]:main():gmm-align-compiled.cc:127) hi2509M0056
LOG (gmm-align-compiled[5.3]:main():gmm-align-compiled.cc:127) hi2509M0057
WARNING (gmm-align-compiled[5.3]:AlignUtteranceWrapper():decoder-wrappers.cc:468) Retrying utterance hi2509M0057 with beam 40
LOG (gmm-align-compiled[5.3]:main():gmm-align-compiled.cc:127) hi2509M0058
LOG (gmm-align-compiled[5.3]:main():gmm-align-compiled.cc:127) hi2509M0059
LOG (gmm-align-compiled[5.3]:main():gmm-align-compiled.cc:127) hi2509M0060
WARNING (gmm-align-compiled[5.3]:AlignUtteranceWrapper():decoder-wrappers.cc:468) Retrying utterance hi2509M0060 with beam 40
LOG (gmm-align-compiled[5.3]:main():gmm-align-compiled.cc:127) hi2509M0061
WARNING (gmm-align-compiled[5.3]:AlignUtteranceWrapper():decoder-wrappers.cc:468) Retrying utterance hi2509M0061 with beam 40
LOG (gmm-align-compiled[5.3]:main():gmm-align-compiled.cc:127) hi2509M0062
LOG (gmm-align-compiled[5.3]:main():gmm-align-compiled.cc:127) hi2509M0063
LOG (gmm-align-compiled[5.3]:main():gmm-align-compiled.cc:127) hi2509M0064
LOG (gmm-align-compiled[5.3]:main():gmm-align-compiled.cc:127) hi2509M0065
LOG (gmm-align-compiled[5.3]:main():gmm-align-compiled.cc:127) hi2509M0066
LOG (gmm-align-compiled[5.3]:main():gmm-align-compiled.cc:127) hi2509M0067
LOG (gmm-align-compiled[5.3]:main():gmm-align-compiled.cc:127) hi2509M0068
LOG (gmm-align-compiled[5.3]:main():gmm-align-compiled.cc:127) hi2509M0069
LOG (gmm-align-compiled[5.3]:main():gmm-align-compiled.cc:127) hi2509M0070
LOG (gmm-align-compiled[5.3]:main():gmm-align-compiled.cc:127) hi2509M0071
WARNING (gmm-align-compiled[5.3]:AlignUtteranceWrapper():decoder-wrappers.cc:468) Retrying utterance hi2509M0071 with beam 40
LOG (gmm-align-compiled[5.3]:main():gmm-align-compiled.cc:127) hi2509M0072
WARNING (gmm-align-compiled[5.3]:AlignUtteranceWrapper():decoder-wrappers.cc:468) Retrying utterance hi2509M0072 with beam 40
LOG (gmm-align-compiled[5.3]:main():gmm-align-compiled.cc:127) hi2509M0073
LOG (gmm-align-compiled[5.3]:main():gmm-align-compiled.cc:127) hi2509M0074
LOG (gmm-align-compiled[5.3]:main():gmm-align-compiled.cc:127) hi2509M0075
WARNING (gmm-align-compiled[5.3]:AlignUtteranceWrapper():decoder-wrappers.cc:468) Retrying utterance hi2509M0075 with beam 40
LOG (gmm-align-compiled[5.3]:main():gmm-align-compiled.cc:127) hi2509M0076
LOG (gmm-align-compiled[5.3]:main():gmm-align-compiled.cc:127) hi2509M0077
LOG (gmm-align-compiled[5.3]:main():gmm-align-compiled.cc:127) hi2509M0078
LOG (gmm-align-compiled[5.3]:main():gmm-align-compiled.cc:127) hi2509M0079
LOG (gmm-align-compiled[5.3]:main():gmm-align-compiled.cc:127) hi2509M0080
LOG (gmm-align-compiled[5.3]:main():gmm-align-compiled.cc:127) hi2509M0081
WARNING (gmm-align-compiled[5.3]:AlignUtteranceWrapper():decoder-wrappers.cc:468) Retrying utterance hi2509M0081 with beam 40
LOG (gmm-align-compiled[5.3]:main():gmm-align-compiled.cc:127) hi2509M0082
WARNING (gmm-align-compiled[5.3]:AlignUtteranceWrapper():decoder-wrappers.cc:468) Retrying utterance hi2509M0082 with beam 40
LOG (gmm-align-compiled[5.3]:main():gmm-align-compiled.cc:127) hi2509M0083
LOG (gmm-align-compiled[5.3]:main():gmm-align-compiled.cc:127) hi2509M0084
LOG (gmm-align-compiled[5.3]:main():gmm-align-compiled.cc:127) hi2509M0085
LOG (gmm-align-compiled[5.3]:main():gmm-align-compiled.cc:127) hi2509M0086
WARNING (gmm-align-compiled[5.3]:AlignUtteranceWrapper():decoder-wrappers.cc:468) Retrying utterance hi2509M0086 with beam 40
LOG (gmm-align-compiled[5.3]:main():gmm-align-compiled.cc:127) hi2509M0087
LOG (gmm-align-compiled[5.3]:main():gmm-align-compiled.cc:127) hi2509M0088
LOG (gmm-align-compiled[5.3]:main():gmm-align-compiled.cc:127) hi2509M0089
LOG (gmm-align-compiled[5.3]:main():gmm-align-compiled.cc:127) hi2509M0090
LOG (gmm-align-compiled[5.3]:main():gmm-align-compiled.cc:127) hi2509M0091
WARNING (gmm-align-compiled[5.3]:AlignUtteranceWrapper():decoder-wrappers.cc:468) Retrying utterance hi2509M0091 with beam 40
LOG (gmm-align-compiled[5.3]:main():gmm-align-compiled.cc:127) hi2509M0092
WARNING (gmm-align-compiled[5.3]:AlignUtteranceWrapper():decoder-wrappers.cc:468) Retrying utterance hi2509M0092 with beam 40
LOG (gmm-align-compiled[5.3]:main():gmm-align-compiled.cc:127) hi2509M0093
LOG (gmm-align-compiled[5.3]:main():gmm-align-compiled.cc:127) hi2509M0094
WARNING (gmm-align-compiled[5.3]:AlignUtteranceWrapper():decoder-wrappers.cc:468) Retrying utterance hi2509M0094 with beam 40
LOG (gmm-align-compiled[5.3]:main():gmm-align-compiled.cc:127) hi2509M0095
WARNING (gmm-align-compiled[5.3]:AlignUtteranceWrapper():decoder-wrappers.cc:468) Retrying utterance hi2509M0095 with beam 40
LOG (gmm-align-compiled[5.3]:main():gmm-align-compiled.cc:127) hi2509M0096
LOG (gmm-align-compiled[5.3]:main():gmm-align-compiled.cc:127) hi2509M0097
LOG (gmm-align-compiled[5.3]:main():gmm-align-compiled.cc:127) hi2509M0098
WARNING (gmm-align-compiled[5.3]:AlignUtteranceWrapper():decoder-wrappers.cc:468) Retrying utterance hi2509M0098 with beam 40
LOG (gmm-align-compiled[5.3]:main():gmm-align-compiled.cc:127) hi2509M0099
WARNING (gmm-align-compiled[5.3]:AlignUtteranceWrapper():decoder-wrappers.cc:468) Retrying utterance hi2509M0099 with beam 40
LOG (gmm-align-compiled[5.3]:main():gmm-align-compiled.cc:127) hi2509M0100
WARNING (gmm-align-compiled[5.3]:AlignUtteranceWrapper():decoder-wrappers.cc:468) Retrying utterance hi2509M0100 with beam 40
LOG (gmm-align-compiled[5.3]:main():gmm-align-compiled.cc:127) hi2509M0101
WARNING (gmm-align-compiled[5.3]:AlignUtteranceWrapper():decoder-wrappers.cc:468) Retrying utterance hi2509M0101 with beam 40
LOG (gmm-align-compiled[5.3]:main():gmm-align-compiled.cc:127) hi2509M0102
WARNING (gmm-align-compiled[5.3]:AlignUtteranceWrapper():decoder-wrappers.cc:468) Retrying utterance hi2509M0102 with beam 40
LOG (gmm-align-compiled[5.3]:main():gmm-align-compiled.cc:127) hi2509M0103
LOG (gmm-align-compiled[5.3]:main():gmm-align-compiled.cc:127) hi2509M0104
LOG (gmm-align-compiled[5.3]:main():gmm-align-compiled.cc:127) hi2509M0105
LOG (gmm-align-compiled[5.3]:main():gmm-align-compiled.cc:127) hi2509M0106
LOG (gmm-align-compiled[5.3]:main():gmm-align-compiled.cc:127) hi2509M0107
LOG (gmm-align-compiled[5.3]:main():gmm-align-compiled.cc:127) hi2509M0108
LOG (gmm-align-compiled[5.3]:main():gmm-align-compiled.cc:127) hi2509M0109
LOG (gmm-align-compiled[5.3]:main():gmm-align-compiled.cc:127) hi2509M0110
LOG (gmm-align-compiled[5.3]:main():gmm-align-compiled.cc:127) hi2509M0111
WARNING (gmm-align-compiled[5.3]:AlignUtteranceWrapper():decoder-wrappers.cc:468) Retrying utterance hi2509M0111 with beam 40
LOG (gmm-align-compiled[5.3]:main():gmm-align-compiled.cc:127) hi2509M0112
WARNING (gmm-align-compiled[5.3]:AlignUtteranceWrapper():decoder-wrappers.cc:468) Retrying utterance hi2509M0112 with beam 40
LOG (gmm-align-compiled[5.3]:main():gmm-align-compiled.cc:127) hi2509M0113
LOG (gmm-align-compiled[5.3]:main():gmm-align-compiled.cc:127) hi2509M0114
LOG (gmm-align-compiled[5.3]:main():gmm-align-compiled.cc:127) hi2509M0115
LOG (gmm-align-compiled[5.3]:main():gmm-align-compiled.cc:127) hi2509M0116
WARNING (gmm-align-compiled[5.3]:AlignUtteranceWrapper():decoder-wrappers.cc:468) Retrying utterance hi2509M0116 with beam 40
LOG (gmm-align-compiled[5.3]:main():gmm-align-compiled.cc:127) hi2509M0117
LOG (gmm-align-compiled[5.3]:main():gmm-align-compiled.cc:127) hi2509M0118
LOG (gmm-align-compiled[5.3]:main():gmm-align-compiled.cc:127) hi2509M0119
LOG (gmm-align-compiled[5.3]:main():gmm-align-compiled.cc:127) hi2509M0120
LOG (gmm-align-compiled[5.3]:main():gmm-align-compiled.cc:127) hi2509M0141
WARNING (gmm-align-compiled[5.3]:AlignUtteranceWrapper():decoder-wrappers.cc:468) Retrying utterance hi2509M0141 with beam 40
LOG (gmm-align-compiled[5.3]:main():gmm-align-compiled.cc:127) hi2509M0142
LOG (gmm-align-compiled[5.3]:main():gmm-align-compiled.cc:127) hi2509M0143
LOG (gmm-align-compiled[5.3]:main():gmm-align-compiled.cc:127) hi2509M0144
LOG (gmm-align-compiled[5.3]:main():gmm-align-compiled.cc:127) hi2509M0145
WARNING (gmm-align-compiled[5.3]:AlignUtteranceWrapper():decoder-wrappers.cc:468) Retrying utterance hi2509M0145 with beam 40
LOG (gmm-align-compiled[5.3]:main():gmm-align-compiled.cc:127) hi2509M0146
WARNING (gmm-align-compiled[5.3]:AlignUtteranceWrapper():decoder-wrappers.cc:468) Retrying utterance hi2509M0146 with beam 40
LOG (apply-cmvn[5.3]:main():apply-cmvn.cc:162) Applied cepstral mean normalization to 130 utterances, errors on 0
LOG (gmm-align-compiled[5.3]:main():gmm-align-compiled.cc:127) hi2509M0147
WARNING (gmm-align-compiled[5.3]:AlignUtteranceWrapper():decoder-wrappers.cc:468) Retrying utterance hi2509M0147 with beam 40
LOG (gmm-align-compiled[5.3]:main():gmm-align-compiled.cc:127) hi2509M0148
LOG (gmm-align-compiled[5.3]:main():gmm-align-compiled.cc:127) hi2509M0149
LOG (gmm-align-compiled[5.3]:main():gmm-align-compiled.cc:127) hi2509M0150
WARNING (gmm-align-compiled[5.3]:AlignUtteranceWrapper():decoder-wrappers.cc:468) Retrying utterance hi2509M0150 with beam 40
LOG (gmm-align-compiled[5.3]:main():gmm-align-compiled.cc:135) Overall log-likelihood per frame is -97.5789 over 90042 frames.
LOG (gmm-align-compiled[5.3]:main():gmm-align-compiled.cc:137) Retried 50 out of 130 utterances.
LOG (gmm-align-compiled[5.3]:main():gmm-align-compiled.cc:139) Done 129, errors on 1
# Accounting: time=21 threads=1
# Ended (code 0) at Sat Dec 23 21:46:08 IST 2017, elapsed time 21 seconds
