# gmm-align-compiled --transition-scale=1.0 --acoustic-scale=0.1 --self-loop-scale=0.1 --beam=6 --retry-beam=24 --careful=false "gmm-boost-silence --boost=1.0 1 exp/mono/1.mdl - |" "ark:gunzip -c exp/mono/fsts.1.gz|" "ark,s,cs:apply-cmvn  --utt2spk=ark:data/train/split4/1/utt2spk scp:data/train/split4/1/cmvn.scp scp:data/train/split4/1/feats.scp ark:- | add-deltas ark:- ark:- |" "ark,t:|gzip -c >exp/mono/ali.1.gz" 
# Started at Sat Dec 23 21:42:55 IST 2017
#
gmm-align-compiled --transition-scale=1.0 --acoustic-scale=0.1 --self-loop-scale=0.1 --beam=6 --retry-beam=24 --careful=false 'gmm-boost-silence --boost=1.0 1 exp/mono/1.mdl - |' 'ark:gunzip -c exp/mono/fsts.1.gz|' 'ark,s,cs:apply-cmvn  --utt2spk=ark:data/train/split4/1/utt2spk scp:data/train/split4/1/cmvn.scp scp:data/train/split4/1/feats.scp ark:- | add-deltas ark:- ark:- |' 'ark,t:|gzip -c >exp/mono/ali.1.gz' 
gmm-boost-silence --boost=1.0 1 exp/mono/1.mdl - 
WARNING (gmm-boost-silence[5.3]:main():gmm-boost-silence.cc:82) The pdfs for the silence phones may be shared by other phones (note: this probably does not matter.)
LOG (gmm-boost-silence[5.3]:main():gmm-boost-silence.cc:93) Boosted weights for 3 pdfs, by factor of 1
LOG (gmm-boost-silence[5.3]:main():gmm-boost-silence.cc:103) Wrote model to -
apply-cmvn --utt2spk=ark:data/train/split4/1/utt2spk scp:data/train/split4/1/cmvn.scp scp:data/train/split4/1/feats.scp ark:- 
add-deltas ark:- ark:- 
LOG (gmm-align-compiled[5.3]:main():gmm-align-compiled.cc:127) hi2501M0021
WARNING (gmm-align-compiled[5.3]:AlignUtteranceWrapper():decoder-wrappers.cc:468) Retrying utterance hi2501M0021 with beam 24
LOG (gmm-align-compiled[5.3]:main():gmm-align-compiled.cc:127) hi2501M0022
WARNING (gmm-align-compiled[5.3]:AlignUtteranceWrapper():decoder-wrappers.cc:468) Retrying utterance hi2501M0022 with beam 24
LOG (gmm-align-compiled[5.3]:main():gmm-align-compiled.cc:127) hi2501M0023
WARNING (gmm-align-compiled[5.3]:AlignUtteranceWrapper():decoder-wrappers.cc:468) Retrying utterance hi2501M0023 with beam 24
LOG (gmm-align-compiled[5.3]:main():gmm-align-compiled.cc:127) hi2501M0024
WARNING (gmm-align-compiled[5.3]:AlignUtteranceWrapper():decoder-wrappers.cc:468) Retrying utterance hi2501M0024 with beam 24
LOG (gmm-align-compiled[5.3]:main():gmm-align-compiled.cc:127) hi2501M0025
WARNING (gmm-align-compiled[5.3]:AlignUtteranceWrapper():decoder-wrappers.cc:468) Retrying utterance hi2501M0025 with beam 24
LOG (gmm-align-compiled[5.3]:main():gmm-align-compiled.cc:127) hi2501M0026
WARNING (gmm-align-compiled[5.3]:AlignUtteranceWrapper():decoder-wrappers.cc:468) Retrying utterance hi2501M0026 with beam 24
LOG (gmm-align-compiled[5.3]:main():gmm-align-compiled.cc:127) hi2501M0027
WARNING (gmm-align-compiled[5.3]:AlignUtteranceWrapper():decoder-wrappers.cc:468) Retrying utterance hi2501M0027 with beam 24
LOG (gmm-align-compiled[5.3]:main():gmm-align-compiled.cc:127) hi2501M0028
WARNING (gmm-align-compiled[5.3]:AlignUtteranceWrapper():decoder-wrappers.cc:468) Retrying utterance hi2501M0028 with beam 24
WARNING (gmm-align-compiled[5.3]:AlignUtteranceWrapper():decoder-wrappers.cc:477) Did not successfully decode file hi2501M0028, len = 698
LOG (gmm-align-compiled[5.3]:main():gmm-align-compiled.cc:127) hi2501M0029
WARNING (gmm-align-compiled[5.3]:AlignUtteranceWrapper():decoder-wrappers.cc:468) Retrying utterance hi2501M0029 with beam 24
LOG (gmm-align-compiled[5.3]:main():gmm-align-compiled.cc:127) hi2501M0030
WARNING (gmm-align-compiled[5.3]:AlignUtteranceWrapper():decoder-wrappers.cc:468) Retrying utterance hi2501M0030 with beam 24
LOG (gmm-align-compiled[5.3]:main():gmm-align-compiled.cc:127) hi2501M0031
WARNING (gmm-align-compiled[5.3]:AlignUtteranceWrapper():decoder-wrappers.cc:468) Retrying utterance hi2501M0031 with beam 24
LOG (gmm-align-compiled[5.3]:main():gmm-align-compiled.cc:127) hi2501M0032
WARNING (gmm-align-compiled[5.3]:AlignUtteranceWrapper():decoder-wrappers.cc:468) Retrying utterance hi2501M0032 with beam 24
LOG (gmm-align-compiled[5.3]:main():gmm-align-compiled.cc:127) hi2501M0033
WARNING (gmm-align-compiled[5.3]:AlignUtteranceWrapper():decoder-wrappers.cc:468) Retrying utterance hi2501M0033 with beam 24
WARNING (gmm-align-compiled[5.3]:AlignUtteranceWrapper():decoder-wrappers.cc:477) Did not successfully decode file hi2501M0033, len = 698
LOG (gmm-align-compiled[5.3]:main():gmm-align-compiled.cc:127) hi2501M0034
LOG (gmm-align-compiled[5.3]:main():gmm-align-compiled.cc:127) hi2501M0035
WARNING (gmm-align-compiled[5.3]:AlignUtteranceWrapper():decoder-wrappers.cc:468) Retrying utterance hi2501M0035 with beam 24
LOG (gmm-align-compiled[5.3]:main():gmm-align-compiled.cc:127) hi2501M0036
LOG (gmm-align-compiled[5.3]:main():gmm-align-compiled.cc:127) hi2501M0037
WARNING (gmm-align-compiled[5.3]:AlignUtteranceWrapper():decoder-wrappers.cc:468) Retrying utterance hi2501M0037 with beam 24
LOG (gmm-align-compiled[5.3]:main():gmm-align-compiled.cc:127) hi2501M0038
WARNING (gmm-align-compiled[5.3]:AlignUtteranceWrapper():decoder-wrappers.cc:468) Retrying utterance hi2501M0038 with beam 24
LOG (gmm-align-compiled[5.3]:main():gmm-align-compiled.cc:127) hi2501M0039
WARNING (gmm-align-compiled[5.3]:AlignUtteranceWrapper():decoder-wrappers.cc:468) Retrying utterance hi2501M0039 with beam 24
LOG (gmm-align-compiled[5.3]:main():gmm-align-compiled.cc:127) hi2501M0040
WARNING (gmm-align-compiled[5.3]:AlignUtteranceWrapper():decoder-wrappers.cc:468) Retrying utterance hi2501M0040 with beam 24
LOG (gmm-align-compiled[5.3]:main():gmm-align-compiled.cc:127) hi2501M0041
WARNING (gmm-align-compiled[5.3]:AlignUtteranceWrapper():decoder-wrappers.cc:468) Retrying utterance hi2501M0041 with beam 24
LOG (gmm-align-compiled[5.3]:main():gmm-align-compiled.cc:127) hi2501M0042
WARNING (gmm-align-compiled[5.3]:AlignUtteranceWrapper():decoder-wrappers.cc:468) Retrying utterance hi2501M0042 with beam 24
LOG (gmm-align-compiled[5.3]:main():gmm-align-compiled.cc:127) hi2501M0043
WARNING (gmm-align-compiled[5.3]:AlignUtteranceWrapper():decoder-wrappers.cc:468) Retrying utterance hi2501M0043 with beam 24
LOG (gmm-align-compiled[5.3]:main():gmm-align-compiled.cc:127) hi2501M0044
WARNING (gmm-align-compiled[5.3]:AlignUtteranceWrapper():decoder-wrappers.cc:468) Retrying utterance hi2501M0044 with beam 24
LOG (gmm-align-compiled[5.3]:main():gmm-align-compiled.cc:127) hi2501M0045
WARNING (gmm-align-compiled[5.3]:AlignUtteranceWrapper():decoder-wrappers.cc:468) Retrying utterance hi2501M0045 with beam 24
LOG (gmm-align-compiled[5.3]:main():gmm-align-compiled.cc:127) hi2501M0046
WARNING (gmm-align-compiled[5.3]:AlignUtteranceWrapper():decoder-wrappers.cc:468) Retrying utterance hi2501M0046 with beam 24
LOG (gmm-align-compiled[5.3]:main():gmm-align-compiled.cc:127) hi2501M0047
WARNING (gmm-align-compiled[5.3]:AlignUtteranceWrapper():decoder-wrappers.cc:468) Retrying utterance hi2501M0047 with beam 24
LOG (gmm-align-compiled[5.3]:main():gmm-align-compiled.cc:127) hi2501M0048
WARNING (gmm-align-compiled[5.3]:AlignUtteranceWrapper():decoder-wrappers.cc:468) Retrying utterance hi2501M0048 with beam 24
WARNING (gmm-align-compiled[5.3]:AlignUtteranceWrapper():decoder-wrappers.cc:477) Did not successfully decode file hi2501M0048, len = 698
LOG (gmm-align-compiled[5.3]:main():gmm-align-compiled.cc:127) hi2501M0049
LOG (gmm-align-compiled[5.3]:main():gmm-align-compiled.cc:127) hi2501M0050
WARNING (gmm-align-compiled[5.3]:AlignUtteranceWrapper():decoder-wrappers.cc:468) Retrying utterance hi2501M0050 with beam 24
LOG (gmm-align-compiled[5.3]:main():gmm-align-compiled.cc:127) hi2501M0051
LOG (gmm-align-compiled[5.3]:main():gmm-align-compiled.cc:127) hi2501M0052
WARNING (gmm-align-compiled[5.3]:AlignUtteranceWrapper():decoder-wrappers.cc:468) Retrying utterance hi2501M0052 with beam 24
LOG (gmm-align-compiled[5.3]:main():gmm-align-compiled.cc:127) hi2501M0053
WARNING (gmm-align-compiled[5.3]:AlignUtteranceWrapper():decoder-wrappers.cc:468) Retrying utterance hi2501M0053 with beam 24
WARNING (gmm-align-compiled[5.3]:AlignUtteranceWrapper():decoder-wrappers.cc:477) Did not successfully decode file hi2501M0053, len = 698
LOG (gmm-align-compiled[5.3]:main():gmm-align-compiled.cc:127) hi2501M0054
WARNING (gmm-align-compiled[5.3]:AlignUtteranceWrapper():decoder-wrappers.cc:468) Retrying utterance hi2501M0054 with beam 24
LOG (gmm-align-compiled[5.3]:main():gmm-align-compiled.cc:127) hi2501M0055
LOG (gmm-align-compiled[5.3]:main():gmm-align-compiled.cc:127) hi2501M0056
LOG (gmm-align-compiled[5.3]:main():gmm-align-compiled.cc:127) hi2501M0057
WARNING (gmm-align-compiled[5.3]:AlignUtteranceWrapper():decoder-wrappers.cc:468) Retrying utterance hi2501M0057 with beam 24
LOG (gmm-align-compiled[5.3]:main():gmm-align-compiled.cc:127) hi2501M0058
WARNING (gmm-align-compiled[5.3]:AlignUtteranceWrapper():decoder-wrappers.cc:468) Retrying utterance hi2501M0058 with beam 24
LOG (gmm-align-compiled[5.3]:main():gmm-align-compiled.cc:127) hi2501M0059
WARNING (gmm-align-compiled[5.3]:AlignUtteranceWrapper():decoder-wrappers.cc:468) Retrying utterance hi2501M0059 with beam 24
LOG (gmm-align-compiled[5.3]:main():gmm-align-compiled.cc:127) hi2501M0060
WARNING (gmm-align-compiled[5.3]:AlignUtteranceWrapper():decoder-wrappers.cc:468) Retrying utterance hi2501M0060 with beam 24
WARNING (gmm-align-compiled[5.3]:AlignUtteranceWrapper():decoder-wrappers.cc:477) Did not successfully decode file hi2501M0060, len = 698
LOG (gmm-align-compiled[5.3]:main():gmm-align-compiled.cc:127) hi2501M0061
WARNING (gmm-align-compiled[5.3]:AlignUtteranceWrapper():decoder-wrappers.cc:468) Retrying utterance hi2501M0061 with beam 24
LOG (gmm-align-compiled[5.3]:main():gmm-align-compiled.cc:127) hi2501M0062
WARNING (gmm-align-compiled[5.3]:AlignUtteranceWrapper():decoder-wrappers.cc:468) Retrying utterance hi2501M0062 with beam 24
LOG (gmm-align-compiled[5.3]:main():gmm-align-compiled.cc:127) hi2501M0063
LOG (gmm-align-compiled[5.3]:main():gmm-align-compiled.cc:127) hi2501M0064
WARNING (gmm-align-compiled[5.3]:AlignUtteranceWrapper():decoder-wrappers.cc:468) Retrying utterance hi2501M0064 with beam 24
LOG (gmm-align-compiled[5.3]:main():gmm-align-compiled.cc:127) hi2501M0065
WARNING (gmm-align-compiled[5.3]:AlignUtteranceWrapper():decoder-wrappers.cc:468) Retrying utterance hi2501M0065 with beam 24
LOG (gmm-align-compiled[5.3]:main():gmm-align-compiled.cc:127) hi2501M0066
LOG (gmm-align-compiled[5.3]:main():gmm-align-compiled.cc:127) hi2501M0067
LOG (gmm-align-compiled[5.3]:main():gmm-align-compiled.cc:127) hi2501M0068
LOG (gmm-align-compiled[5.3]:main():gmm-align-compiled.cc:127) hi2501M0069
WARNING (gmm-align-compiled[5.3]:AlignUtteranceWrapper():decoder-wrappers.cc:468) Retrying utterance hi2501M0069 with beam 24
WARNING (gmm-align-compiled[5.3]:AlignUtteranceWrapper():decoder-wrappers.cc:477) Did not successfully decode file hi2501M0069, len = 698
LOG (gmm-align-compiled[5.3]:main():gmm-align-compiled.cc:127) hi2501M0070
WARNING (gmm-align-compiled[5.3]:AlignUtteranceWrapper():decoder-wrappers.cc:468) Retrying utterance hi2501M0070 with beam 24
LOG (gmm-align-compiled[5.3]:main():gmm-align-compiled.cc:127) hi2501M0071
WARNING (gmm-align-compiled[5.3]:AlignUtteranceWrapper():decoder-wrappers.cc:468) Retrying utterance hi2501M0071 with beam 24
LOG (gmm-align-compiled[5.3]:main():gmm-align-compiled.cc:127) hi2501M0072
WARNING (gmm-align-compiled[5.3]:AlignUtteranceWrapper():decoder-wrappers.cc:468) Retrying utterance hi2501M0072 with beam 24
LOG (gmm-align-compiled[5.3]:main():gmm-align-compiled.cc:127) hi2501M0073
LOG (gmm-align-compiled[5.3]:main():gmm-align-compiled.cc:127) hi2501M0074
WARNING (gmm-align-compiled[5.3]:AlignUtteranceWrapper():decoder-wrappers.cc:468) Retrying utterance hi2501M0074 with beam 24
LOG (gmm-align-compiled[5.3]:main():gmm-align-compiled.cc:127) hi2501M0075
WARNING (gmm-align-compiled[5.3]:AlignUtteranceWrapper():decoder-wrappers.cc:468) Retrying utterance hi2501M0075 with beam 24
WARNING (gmm-align-compiled[5.3]:AlignUtteranceWrapper():decoder-wrappers.cc:477) Did not successfully decode file hi2501M0075, len = 698
LOG (gmm-align-compiled[5.3]:main():gmm-align-compiled.cc:127) hi2501M0076
WARNING (gmm-align-compiled[5.3]:AlignUtteranceWrapper():decoder-wrappers.cc:468) Retrying utterance hi2501M0076 with beam 24
WARNING (gmm-align-compiled[5.3]:AlignUtteranceWrapper():decoder-wrappers.cc:477) Did not successfully decode file hi2501M0076, len = 698
LOG (gmm-align-compiled[5.3]:main():gmm-align-compiled.cc:127) hi2501M0077
LOG (gmm-align-compiled[5.3]:main():gmm-align-compiled.cc:127) hi2501M0078
LOG (gmm-align-compiled[5.3]:main():gmm-align-compiled.cc:127) hi2501M0079
WARNING (gmm-align-compiled[5.3]:AlignUtteranceWrapper():decoder-wrappers.cc:468) Retrying utterance hi2501M0079 with beam 24
LOG (gmm-align-compiled[5.3]:main():gmm-align-compiled.cc:127) hi2501M0080
WARNING (gmm-align-compiled[5.3]:AlignUtteranceWrapper():decoder-wrappers.cc:468) Retrying utterance hi2501M0080 with beam 24
WARNING (gmm-align-compiled[5.3]:AlignUtteranceWrapper():decoder-wrappers.cc:477) Did not successfully decode file hi2501M0080, len = 698
LOG (gmm-align-compiled[5.3]:main():gmm-align-compiled.cc:127) hi2501M0081
WARNING (gmm-align-compiled[5.3]:AlignUtteranceWrapper():decoder-wrappers.cc:468) Retrying utterance hi2501M0081 with beam 24
LOG (gmm-align-compiled[5.3]:main():gmm-align-compiled.cc:127) hi2501M0082
WARNING (gmm-align-compiled[5.3]:AlignUtteranceWrapper():decoder-wrappers.cc:468) Retrying utterance hi2501M0082 with beam 24
LOG (gmm-align-compiled[5.3]:main():gmm-align-compiled.cc:127) hi2501M0083
WARNING (gmm-align-compiled[5.3]:AlignUtteranceWrapper():decoder-wrappers.cc:468) Retrying utterance hi2501M0083 with beam 24
LOG (gmm-align-compiled[5.3]:main():gmm-align-compiled.cc:127) hi2501M0084
WARNING (gmm-align-compiled[5.3]:AlignUtteranceWrapper():decoder-wrappers.cc:468) Retrying utterance hi2501M0084 with beam 24
WARNING (gmm-align-compiled[5.3]:AlignUtteranceWrapper():decoder-wrappers.cc:477) Did not successfully decode file hi2501M0084, len = 698
LOG (gmm-align-compiled[5.3]:main():gmm-align-compiled.cc:127) hi2501M0085
WARNING (gmm-align-compiled[5.3]:AlignUtteranceWrapper():decoder-wrappers.cc:468) Retrying utterance hi2501M0085 with beam 24
WARNING (gmm-align-compiled[5.3]:AlignUtteranceWrapper():decoder-wrappers.cc:477) Did not successfully decode file hi2501M0085, len = 698
LOG (gmm-align-compiled[5.3]:main():gmm-align-compiled.cc:127) hi2501M0086
LOG (gmm-align-compiled[5.3]:main():gmm-align-compiled.cc:127) hi2501M0087
WARNING (gmm-align-compiled[5.3]:AlignUtteranceWrapper():decoder-wrappers.cc:468) Retrying utterance hi2501M0087 with beam 24
LOG (gmm-align-compiled[5.3]:main():gmm-align-compiled.cc:127) hi2501M0088
WARNING (gmm-align-compiled[5.3]:AlignUtteranceWrapper():decoder-wrappers.cc:468) Retrying utterance hi2501M0088 with beam 24
LOG (gmm-align-compiled[5.3]:main():gmm-align-compiled.cc:127) hi2501M0089
LOG (gmm-align-compiled[5.3]:main():gmm-align-compiled.cc:127) hi2501M0090
WARNING (gmm-align-compiled[5.3]:AlignUtteranceWrapper():decoder-wrappers.cc:468) Retrying utterance hi2501M0090 with beam 24
LOG (gmm-align-compiled[5.3]:main():gmm-align-compiled.cc:127) hi2501M0091
WARNING (gmm-align-compiled[5.3]:AlignUtteranceWrapper():decoder-wrappers.cc:468) Retrying utterance hi2501M0091 with beam 24
LOG (gmm-align-compiled[5.3]:main():gmm-align-compiled.cc:127) hi2501M0092
WARNING (gmm-align-compiled[5.3]:AlignUtteranceWrapper():decoder-wrappers.cc:468) Retrying utterance hi2501M0092 with beam 24
LOG (gmm-align-compiled[5.3]:main():gmm-align-compiled.cc:127) hi2501M0093
WARNING (gmm-align-compiled[5.3]:AlignUtteranceWrapper():decoder-wrappers.cc:468) Retrying utterance hi2501M0093 with beam 24
LOG (gmm-align-compiled[5.3]:main():gmm-align-compiled.cc:127) hi2501M0094
LOG (gmm-align-compiled[5.3]:main():gmm-align-compiled.cc:127) hi2501M0095
WARNING (gmm-align-compiled[5.3]:AlignUtteranceWrapper():decoder-wrappers.cc:468) Retrying utterance hi2501M0095 with beam 24
LOG (gmm-align-compiled[5.3]:main():gmm-align-compiled.cc:127) hi2501M0096
WARNING (gmm-align-compiled[5.3]:AlignUtteranceWrapper():decoder-wrappers.cc:468) Retrying utterance hi2501M0096 with beam 24
LOG (gmm-align-compiled[5.3]:main():gmm-align-compiled.cc:127) hi2501M0097
WARNING (gmm-align-compiled[5.3]:AlignUtteranceWrapper():decoder-wrappers.cc:468) Retrying utterance hi2501M0097 with beam 24
LOG (gmm-align-compiled[5.3]:main():gmm-align-compiled.cc:127) hi2501M0098
WARNING (gmm-align-compiled[5.3]:AlignUtteranceWrapper():decoder-wrappers.cc:468) Retrying utterance hi2501M0098 with beam 24
LOG (gmm-align-compiled[5.3]:main():gmm-align-compiled.cc:127) hi2501M0099
LOG (gmm-align-compiled[5.3]:main():gmm-align-compiled.cc:127) hi2501M0100
WARNING (gmm-align-compiled[5.3]:AlignUtteranceWrapper():decoder-wrappers.cc:468) Retrying utterance hi2501M0100 with beam 24
LOG (gmm-align-compiled[5.3]:main():gmm-align-compiled.cc:127) hi2501M0101
WARNING (gmm-align-compiled[5.3]:AlignUtteranceWrapper():decoder-wrappers.cc:468) Retrying utterance hi2501M0101 with beam 24
LOG (gmm-align-compiled[5.3]:main():gmm-align-compiled.cc:127) hi2501M0102
WARNING (gmm-align-compiled[5.3]:AlignUtteranceWrapper():decoder-wrappers.cc:468) Retrying utterance hi2501M0102 with beam 24
LOG (gmm-align-compiled[5.3]:main():gmm-align-compiled.cc:127) hi2501M0103
LOG (gmm-align-compiled[5.3]:main():gmm-align-compiled.cc:127) hi2501M0104
WARNING (gmm-align-compiled[5.3]:AlignUtteranceWrapper():decoder-wrappers.cc:468) Retrying utterance hi2501M0104 with beam 24
LOG (gmm-align-compiled[5.3]:main():gmm-align-compiled.cc:127) hi2501M0105
LOG (gmm-align-compiled[5.3]:main():gmm-align-compiled.cc:127) hi2501M0106
LOG (gmm-align-compiled[5.3]:main():gmm-align-compiled.cc:127) hi2501M0107
LOG (gmm-align-compiled[5.3]:main():gmm-align-compiled.cc:127) hi2501M0108
WARNING (gmm-align-compiled[5.3]:AlignUtteranceWrapper():decoder-wrappers.cc:468) Retrying utterance hi2501M0108 with beam 24
LOG (gmm-align-compiled[5.3]:main():gmm-align-compiled.cc:127) hi2501M0109
LOG (gmm-align-compiled[5.3]:main():gmm-align-compiled.cc:127) hi2501M0110
WARNING (gmm-align-compiled[5.3]:AlignUtteranceWrapper():decoder-wrappers.cc:468) Retrying utterance hi2501M0110 with beam 24
LOG (gmm-align-compiled[5.3]:main():gmm-align-compiled.cc:127) hi2501M0111
WARNING (gmm-align-compiled[5.3]:AlignUtteranceWrapper():decoder-wrappers.cc:468) Retrying utterance hi2501M0111 with beam 24
LOG (gmm-align-compiled[5.3]:main():gmm-align-compiled.cc:127) hi2501M0112
WARNING (gmm-align-compiled[5.3]:AlignUtteranceWrapper():decoder-wrappers.cc:468) Retrying utterance hi2501M0112 with beam 24
LOG (gmm-align-compiled[5.3]:main():gmm-align-compiled.cc:127) hi2501M0113
WARNING (gmm-align-compiled[5.3]:AlignUtteranceWrapper():decoder-wrappers.cc:468) Retrying utterance hi2501M0113 with beam 24
LOG (gmm-align-compiled[5.3]:main():gmm-align-compiled.cc:127) hi2501M0114
WARNING (gmm-align-compiled[5.3]:AlignUtteranceWrapper():decoder-wrappers.cc:468) Retrying utterance hi2501M0114 with beam 24
LOG (gmm-align-compiled[5.3]:main():gmm-align-compiled.cc:127) hi2501M0115
WARNING (gmm-align-compiled[5.3]:AlignUtteranceWrapper():decoder-wrappers.cc:468) Retrying utterance hi2501M0115 with beam 24
LOG (gmm-align-compiled[5.3]:main():gmm-align-compiled.cc:127) hi2501M0116
WARNING (gmm-align-compiled[5.3]:AlignUtteranceWrapper():decoder-wrappers.cc:468) Retrying utterance hi2501M0116 with beam 24
LOG (gmm-align-compiled[5.3]:main():gmm-align-compiled.cc:127) hi2501M0117
LOG (gmm-align-compiled[5.3]:main():gmm-align-compiled.cc:127) hi2501M0118
WARNING (gmm-align-compiled[5.3]:AlignUtteranceWrapper():decoder-wrappers.cc:468) Retrying utterance hi2501M0118 with beam 24
LOG (gmm-align-compiled[5.3]:main():gmm-align-compiled.cc:127) hi2501M0119
LOG (gmm-align-compiled[5.3]:main():gmm-align-compiled.cc:127) hi2501M0120
WARNING (gmm-align-compiled[5.3]:AlignUtteranceWrapper():decoder-wrappers.cc:468) Retrying utterance hi2501M0120 with beam 24
LOG (gmm-align-compiled[5.3]:main():gmm-align-compiled.cc:127) hi2501M0121
WARNING (gmm-align-compiled[5.3]:AlignUtteranceWrapper():decoder-wrappers.cc:468) Retrying utterance hi2501M0121 with beam 24
LOG (gmm-align-compiled[5.3]:main():gmm-align-compiled.cc:127) hi2501M0122
WARNING (gmm-align-compiled[5.3]:AlignUtteranceWrapper():decoder-wrappers.cc:468) Retrying utterance hi2501M0122 with beam 24
LOG (gmm-align-compiled[5.3]:main():gmm-align-compiled.cc:127) hi2501M0123
WARNING (gmm-align-compiled[5.3]:AlignUtteranceWrapper():decoder-wrappers.cc:468) Retrying utterance hi2501M0123 with beam 24
LOG (gmm-align-compiled[5.3]:main():gmm-align-compiled.cc:127) hi2501M0124
WARNING (gmm-align-compiled[5.3]:AlignUtteranceWrapper():decoder-wrappers.cc:468) Retrying utterance hi2501M0124 with beam 24
LOG (gmm-align-compiled[5.3]:main():gmm-align-compiled.cc:127) hi2501M0125
WARNING (gmm-align-compiled[5.3]:AlignUtteranceWrapper():decoder-wrappers.cc:468) Retrying utterance hi2501M0125 with beam 24
WARNING (gmm-align-compiled[5.3]:AlignUtteranceWrapper():decoder-wrappers.cc:477) Did not successfully decode file hi2501M0125, len = 698
LOG (gmm-align-compiled[5.3]:main():gmm-align-compiled.cc:127) hi2501M0126
LOG (gmm-align-compiled[5.3]:main():gmm-align-compiled.cc:127) hi2501M0127
WARNING (gmm-align-compiled[5.3]:AlignUtteranceWrapper():decoder-wrappers.cc:468) Retrying utterance hi2501M0127 with beam 24
WARNING (gmm-align-compiled[5.3]:AlignUtteranceWrapper():decoder-wrappers.cc:477) Did not successfully decode file hi2501M0127, len = 698
LOG (gmm-align-compiled[5.3]:main():gmm-align-compiled.cc:127) hi2501M0128
WARNING (gmm-align-compiled[5.3]:AlignUtteranceWrapper():decoder-wrappers.cc:468) Retrying utterance hi2501M0128 with beam 24
LOG (gmm-align-compiled[5.3]:main():gmm-align-compiled.cc:127) hi2501M0129
WARNING (gmm-align-compiled[5.3]:AlignUtteranceWrapper():decoder-wrappers.cc:468) Retrying utterance hi2501M0129 with beam 24
LOG (gmm-align-compiled[5.3]:main():gmm-align-compiled.cc:127) hi2501M0130
WARNING (gmm-align-compiled[5.3]:AlignUtteranceWrapper():decoder-wrappers.cc:468) Retrying utterance hi2501M0130 with beam 24
LOG (gmm-align-compiled[5.3]:main():gmm-align-compiled.cc:127) hi2501M0131
WARNING (gmm-align-compiled[5.3]:AlignUtteranceWrapper():decoder-wrappers.cc:468) Retrying utterance hi2501M0131 with beam 24
LOG (gmm-align-compiled[5.3]:main():gmm-align-compiled.cc:127) hi2501M0132
WARNING (gmm-align-compiled[5.3]:AlignUtteranceWrapper():decoder-wrappers.cc:468) Retrying utterance hi2501M0132 with beam 24
LOG (gmm-align-compiled[5.3]:main():gmm-align-compiled.cc:127) hi2501M0133
WARNING (gmm-align-compiled[5.3]:AlignUtteranceWrapper():decoder-wrappers.cc:468) Retrying utterance hi2501M0133 with beam 24
LOG (gmm-align-compiled[5.3]:main():gmm-align-compiled.cc:127) hi2501M0134
WARNING (gmm-align-compiled[5.3]:AlignUtteranceWrapper():decoder-wrappers.cc:468) Retrying utterance hi2501M0134 with beam 24
LOG (gmm-align-compiled[5.3]:main():gmm-align-compiled.cc:127) hi2501M0135
WARNING (gmm-align-compiled[5.3]:AlignUtteranceWrapper():decoder-wrappers.cc:468) Retrying utterance hi2501M0135 with beam 24
WARNING (gmm-align-compiled[5.3]:AlignUtteranceWrapper():decoder-wrappers.cc:477) Did not successfully decode file hi2501M0135, len = 698
LOG (gmm-align-compiled[5.3]:main():gmm-align-compiled.cc:127) hi2501M0136
WARNING (gmm-align-compiled[5.3]:AlignUtteranceWrapper():decoder-wrappers.cc:468) Retrying utterance hi2501M0136 with beam 24
WARNING (gmm-align-compiled[5.3]:AlignUtteranceWrapper():decoder-wrappers.cc:477) Did not successfully decode file hi2501M0136, len = 698
LOG (gmm-align-compiled[5.3]:main():gmm-align-compiled.cc:127) hi2501M0137
WARNING (gmm-align-compiled[5.3]:AlignUtteranceWrapper():decoder-wrappers.cc:468) Retrying utterance hi2501M0137 with beam 24
LOG (gmm-align-compiled[5.3]:main():gmm-align-compiled.cc:127) hi2501M0138
WARNING (gmm-align-compiled[5.3]:AlignUtteranceWrapper():decoder-wrappers.cc:468) Retrying utterance hi2501M0138 with beam 24
LOG (gmm-align-compiled[5.3]:main():gmm-align-compiled.cc:127) hi2501M0139
WARNING (gmm-align-compiled[5.3]:AlignUtteranceWrapper():decoder-wrappers.cc:468) Retrying utterance hi2501M0139 with beam 24
LOG (gmm-align-compiled[5.3]:main():gmm-align-compiled.cc:127) hi2501M0140
WARNING (gmm-align-compiled[5.3]:AlignUtteranceWrapper():decoder-wrappers.cc:468) Retrying utterance hi2501M0140 with beam 24
WARNING (gmm-align-compiled[5.3]:AlignUtteranceWrapper():decoder-wrappers.cc:477) Did not successfully decode file hi2501M0140, len = 698
LOG (gmm-align-compiled[5.3]:main():gmm-align-compiled.cc:127) hi2501M0141
WARNING (gmm-align-compiled[5.3]:AlignUtteranceWrapper():decoder-wrappers.cc:468) Retrying utterance hi2501M0141 with beam 24
LOG (gmm-align-compiled[5.3]:main():gmm-align-compiled.cc:127) hi2501M0142
WARNING (gmm-align-compiled[5.3]:AlignUtteranceWrapper():decoder-wrappers.cc:468) Retrying utterance hi2501M0142 with beam 24
LOG (gmm-align-compiled[5.3]:main():gmm-align-compiled.cc:127) hi2501M0143
WARNING (gmm-align-compiled[5.3]:AlignUtteranceWrapper():decoder-wrappers.cc:468) Retrying utterance hi2501M0143 with beam 24
LOG (gmm-align-compiled[5.3]:main():gmm-align-compiled.cc:127) hi2501M0144
LOG (gmm-align-compiled[5.3]:main():gmm-align-compiled.cc:127) hi2501M0145
WARNING (gmm-align-compiled[5.3]:AlignUtteranceWrapper():decoder-wrappers.cc:468) Retrying utterance hi2501M0145 with beam 24
LOG (gmm-align-compiled[5.3]:main():gmm-align-compiled.cc:127) hi2501M0146
WARNING (gmm-align-compiled[5.3]:AlignUtteranceWrapper():decoder-wrappers.cc:468) Retrying utterance hi2501M0146 with beam 24
LOG (gmm-align-compiled[5.3]:main():gmm-align-compiled.cc:127) hi2501M0147
WARNING (gmm-align-compiled[5.3]:AlignUtteranceWrapper():decoder-wrappers.cc:468) Retrying utterance hi2501M0147 with beam 24
LOG (gmm-align-compiled[5.3]:main():gmm-align-compiled.cc:127) hi2501M0148
WARNING (gmm-align-compiled[5.3]:AlignUtteranceWrapper():decoder-wrappers.cc:468) Retrying utterance hi2501M0148 with beam 24
LOG (gmm-align-compiled[5.3]:main():gmm-align-compiled.cc:127) hi2501M0149
WARNING (gmm-align-compiled[5.3]:AlignUtteranceWrapper():decoder-wrappers.cc:468) Retrying utterance hi2501M0149 with beam 24
WARNING (gmm-align-compiled[5.3]:AlignUtteranceWrapper():decoder-wrappers.cc:477) Did not successfully decode file hi2501M0149, len = 698
LOG (gmm-align-compiled[5.3]:main():gmm-align-compiled.cc:127) hi2501M0150
WARNING (gmm-align-compiled[5.3]:AlignUtteranceWrapper():decoder-wrappers.cc:468) Retrying utterance hi2501M0150 with beam 24
WARNING (gmm-align-compiled[5.3]:AlignUtteranceWrapper():decoder-wrappers.cc:477) Did not successfully decode file hi2501M0150, len = 698
LOG (gmm-align-compiled[5.3]:main():gmm-align-compiled.cc:127) hi2502M0001
WARNING (gmm-align-compiled[5.3]:AlignUtteranceWrapper():decoder-wrappers.cc:468) Retrying utterance hi2502M0001 with beam 24
LOG (gmm-align-compiled[5.3]:main():gmm-align-compiled.cc:127) hi2502M0002
WARNING (gmm-align-compiled[5.3]:AlignUtteranceWrapper():decoder-wrappers.cc:468) Retrying utterance hi2502M0002 with beam 24
LOG (gmm-align-compiled[5.3]:main():gmm-align-compiled.cc:127) hi2502M0003
WARNING (gmm-align-compiled[5.3]:AlignUtteranceWrapper():decoder-wrappers.cc:468) Retrying utterance hi2502M0003 with beam 24
LOG (gmm-align-compiled[5.3]:main():gmm-align-compiled.cc:127) hi2502M0004
LOG (gmm-align-compiled[5.3]:main():gmm-align-compiled.cc:127) hi2502M0005
WARNING (gmm-align-compiled[5.3]:AlignUtteranceWrapper():decoder-wrappers.cc:468) Retrying utterance hi2502M0005 with beam 24
LOG (gmm-align-compiled[5.3]:main():gmm-align-compiled.cc:127) hi2502M0006
WARNING (gmm-align-compiled[5.3]:AlignUtteranceWrapper():decoder-wrappers.cc:468) Retrying utterance hi2502M0006 with beam 24
LOG (gmm-align-compiled[5.3]:main():gmm-align-compiled.cc:127) hi2502M0007
WARNING (gmm-align-compiled[5.3]:AlignUtteranceWrapper():decoder-wrappers.cc:468) Retrying utterance hi2502M0007 with beam 24
LOG (gmm-align-compiled[5.3]:main():gmm-align-compiled.cc:127) hi2502M0008
WARNING (gmm-align-compiled[5.3]:AlignUtteranceWrapper():decoder-wrappers.cc:468) Retrying utterance hi2502M0008 with beam 24
LOG (gmm-align-compiled[5.3]:main():gmm-align-compiled.cc:127) hi2502M0009
WARNING (gmm-align-compiled[5.3]:AlignUtteranceWrapper():decoder-wrappers.cc:468) Retrying utterance hi2502M0009 with beam 24
LOG (gmm-align-compiled[5.3]:main():gmm-align-compiled.cc:127) hi2502M0010
WARNING (gmm-align-compiled[5.3]:AlignUtteranceWrapper():decoder-wrappers.cc:468) Retrying utterance hi2502M0010 with beam 24
LOG (gmm-align-compiled[5.3]:main():gmm-align-compiled.cc:127) hi2502M0011
WARNING (gmm-align-compiled[5.3]:AlignUtteranceWrapper():decoder-wrappers.cc:468) Retrying utterance hi2502M0011 with beam 24
LOG (gmm-align-compiled[5.3]:main():gmm-align-compiled.cc:127) hi2502M0012
WARNING (gmm-align-compiled[5.3]:AlignUtteranceWrapper():decoder-wrappers.cc:468) Retrying utterance hi2502M0012 with beam 24
LOG (gmm-align-compiled[5.3]:main():gmm-align-compiled.cc:127) hi2502M0013
WARNING (gmm-align-compiled[5.3]:AlignUtteranceWrapper():decoder-wrappers.cc:468) Retrying utterance hi2502M0013 with beam 24
WARNING (gmm-align-compiled[5.3]:AlignUtteranceWrapper():decoder-wrappers.cc:477) Did not successfully decode file hi2502M0013, len = 698
LOG (gmm-align-compiled[5.3]:main():gmm-align-compiled.cc:127) hi2502M0014
WARNING (gmm-align-compiled[5.3]:AlignUtteranceWrapper():decoder-wrappers.cc:468) Retrying utterance hi2502M0014 with beam 24
LOG (gmm-align-compiled[5.3]:main():gmm-align-compiled.cc:127) hi2502M0015
WARNING (gmm-align-compiled[5.3]:AlignUtteranceWrapper():decoder-wrappers.cc:468) Retrying utterance hi2502M0015 with beam 24
LOG (gmm-align-compiled[5.3]:main():gmm-align-compiled.cc:127) hi2502M0016
WARNING (gmm-align-compiled[5.3]:AlignUtteranceWrapper():decoder-wrappers.cc:468) Retrying utterance hi2502M0016 with beam 24
LOG (gmm-align-compiled[5.3]:main():gmm-align-compiled.cc:127) hi2502M0017
WARNING (gmm-align-compiled[5.3]:AlignUtteranceWrapper():decoder-wrappers.cc:468) Retrying utterance hi2502M0017 with beam 24
WARNING (gmm-align-compiled[5.3]:AlignUtteranceWrapper():decoder-wrappers.cc:477) Did not successfully decode file hi2502M0017, len = 698
LOG (gmm-align-compiled[5.3]:main():gmm-align-compiled.cc:127) hi2502M0018
WARNING (gmm-align-compiled[5.3]:AlignUtteranceWrapper():decoder-wrappers.cc:468) Retrying utterance hi2502M0018 with beam 24
LOG (gmm-align-compiled[5.3]:main():gmm-align-compiled.cc:127) hi2502M0019
WARNING (gmm-align-compiled[5.3]:AlignUtteranceWrapper():decoder-wrappers.cc:468) Retrying utterance hi2502M0019 with beam 24
WARNING (gmm-align-compiled[5.3]:AlignUtteranceWrapper():decoder-wrappers.cc:477) Did not successfully decode file hi2502M0019, len = 698
LOG (gmm-align-compiled[5.3]:main():gmm-align-compiled.cc:127) hi2502M0020
WARNING (gmm-align-compiled[5.3]:AlignUtteranceWrapper():decoder-wrappers.cc:468) Retrying utterance hi2502M0020 with beam 24
LOG (gmm-align-compiled[5.3]:main():gmm-align-compiled.cc:127) hi2502M0041
WARNING (gmm-align-compiled[5.3]:AlignUtteranceWrapper():decoder-wrappers.cc:468) Retrying utterance hi2502M0041 with beam 24
LOG (gmm-align-compiled[5.3]:main():gmm-align-compiled.cc:127) hi2502M0042
WARNING (gmm-align-compiled[5.3]:AlignUtteranceWrapper():decoder-wrappers.cc:468) Retrying utterance hi2502M0042 with beam 24
LOG (gmm-align-compiled[5.3]:main():gmm-align-compiled.cc:127) hi2502M0043
WARNING (gmm-align-compiled[5.3]:AlignUtteranceWrapper():decoder-wrappers.cc:468) Retrying utterance hi2502M0043 with beam 24
LOG (gmm-align-compiled[5.3]:main():gmm-align-compiled.cc:127) hi2502M0044
WARNING (gmm-align-compiled[5.3]:AlignUtteranceWrapper():decoder-wrappers.cc:468) Retrying utterance hi2502M0044 with beam 24
LOG (gmm-align-compiled[5.3]:main():gmm-align-compiled.cc:127) hi2502M0045
WARNING (gmm-align-compiled[5.3]:AlignUtteranceWrapper():decoder-wrappers.cc:468) Retrying utterance hi2502M0045 with beam 24
LOG (gmm-align-compiled[5.3]:main():gmm-align-compiled.cc:127) hi2502M0046
WARNING (gmm-align-compiled[5.3]:AlignUtteranceWrapper():decoder-wrappers.cc:468) Retrying utterance hi2502M0046 with beam 24
LOG (gmm-align-compiled[5.3]:main():gmm-align-compiled.cc:127) hi2502M0047
WARNING (gmm-align-compiled[5.3]:AlignUtteranceWrapper():decoder-wrappers.cc:468) Retrying utterance hi2502M0047 with beam 24
LOG (gmm-align-compiled[5.3]:main():gmm-align-compiled.cc:127) hi2502M0048
WARNING (gmm-align-compiled[5.3]:AlignUtteranceWrapper():decoder-wrappers.cc:468) Retrying utterance hi2502M0048 with beam 24
LOG (gmm-align-compiled[5.3]:main():gmm-align-compiled.cc:127) hi2502M0049
LOG (gmm-align-compiled[5.3]:main():gmm-align-compiled.cc:127) hi2502M0050
WARNING (gmm-align-compiled[5.3]:AlignUtteranceWrapper():decoder-wrappers.cc:468) Retrying utterance hi2502M0050 with beam 24
LOG (gmm-align-compiled[5.3]:main():gmm-align-compiled.cc:127) hi2502M0051
WARNING (gmm-align-compiled[5.3]:AlignUtteranceWrapper():decoder-wrappers.cc:468) Retrying utterance hi2502M0051 with beam 24
LOG (gmm-align-compiled[5.3]:main():gmm-align-compiled.cc:127) hi2502M0052
WARNING (gmm-align-compiled[5.3]:AlignUtteranceWrapper():decoder-wrappers.cc:468) Retrying utterance hi2502M0052 with beam 24
LOG (gmm-align-compiled[5.3]:main():gmm-align-compiled.cc:127) hi2502M0053
WARNING (gmm-align-compiled[5.3]:AlignUtteranceWrapper():decoder-wrappers.cc:468) Retrying utterance hi2502M0053 with beam 24
WARNING (gmm-align-compiled[5.3]:AlignUtteranceWrapper():decoder-wrappers.cc:477) Did not successfully decode file hi2502M0053, len = 698
LOG (gmm-align-compiled[5.3]:main():gmm-align-compiled.cc:127) hi2502M0054
WARNING (gmm-align-compiled[5.3]:AlignUtteranceWrapper():decoder-wrappers.cc:468) Retrying utterance hi2502M0054 with beam 24
LOG (gmm-align-compiled[5.3]:main():gmm-align-compiled.cc:127) hi2502M0055
WARNING (gmm-align-compiled[5.3]:AlignUtteranceWrapper():decoder-wrappers.cc:468) Retrying utterance hi2502M0055 with beam 24
LOG (gmm-align-compiled[5.3]:main():gmm-align-compiled.cc:127) hi2502M0056
LOG (gmm-align-compiled[5.3]:main():gmm-align-compiled.cc:127) hi2502M0057
WARNING (gmm-align-compiled[5.3]:AlignUtteranceWrapper():decoder-wrappers.cc:468) Retrying utterance hi2502M0057 with beam 24
LOG (gmm-align-compiled[5.3]:main():gmm-align-compiled.cc:127) hi2502M0058
WARNING (gmm-align-compiled[5.3]:AlignUtteranceWrapper():decoder-wrappers.cc:468) Retrying utterance hi2502M0058 with beam 24
LOG (gmm-align-compiled[5.3]:main():gmm-align-compiled.cc:127) hi2502M0059
WARNING (gmm-align-compiled[5.3]:AlignUtteranceWrapper():decoder-wrappers.cc:468) Retrying utterance hi2502M0059 with beam 24
LOG (gmm-align-compiled[5.3]:main():gmm-align-compiled.cc:127) hi2502M0060
WARNING (gmm-align-compiled[5.3]:AlignUtteranceWrapper():decoder-wrappers.cc:468) Retrying utterance hi2502M0060 with beam 24
WARNING (gmm-align-compiled[5.3]:AlignUtteranceWrapper():decoder-wrappers.cc:477) Did not successfully decode file hi2502M0060, len = 698
LOG (gmm-align-compiled[5.3]:main():gmm-align-compiled.cc:127) hi2502M0061
WARNING (gmm-align-compiled[5.3]:AlignUtteranceWrapper():decoder-wrappers.cc:468) Retrying utterance hi2502M0061 with beam 24
LOG (gmm-align-compiled[5.3]:main():gmm-align-compiled.cc:127) hi2502M0062
WARNING (gmm-align-compiled[5.3]:AlignUtteranceWrapper():decoder-wrappers.cc:468) Retrying utterance hi2502M0062 with beam 24
LOG (gmm-align-compiled[5.3]:main():gmm-align-compiled.cc:127) hi2502M0063
LOG (gmm-align-compiled[5.3]:main():gmm-align-compiled.cc:127) hi2502M0064
WARNING (gmm-align-compiled[5.3]:AlignUtteranceWrapper():decoder-wrappers.cc:468) Retrying utterance hi2502M0064 with beam 24
LOG (gmm-align-compiled[5.3]:main():gmm-align-compiled.cc:127) hi2502M0065
WARNING (gmm-align-compiled[5.3]:AlignUtteranceWrapper():decoder-wrappers.cc:468) Retrying utterance hi2502M0065 with beam 24
LOG (gmm-align-compiled[5.3]:main():gmm-align-compiled.cc:127) hi2502M0066
WARNING (gmm-align-compiled[5.3]:AlignUtteranceWrapper():decoder-wrappers.cc:468) Retrying utterance hi2502M0066 with beam 24
WARNING (gmm-align-compiled[5.3]:AlignUtteranceWrapper():decoder-wrappers.cc:477) Did not successfully decode file hi2502M0066, len = 698
LOG (gmm-align-compiled[5.3]:main():gmm-align-compiled.cc:127) hi2502M0067
LOG (gmm-align-compiled[5.3]:main():gmm-align-compiled.cc:127) hi2502M0068
LOG (gmm-align-compiled[5.3]:main():gmm-align-compiled.cc:127) hi2502M0069
WARNING (gmm-align-compiled[5.3]:AlignUtteranceWrapper():decoder-wrappers.cc:468) Retrying utterance hi2502M0069 with beam 24
WARNING (gmm-align-compiled[5.3]:AlignUtteranceWrapper():decoder-wrappers.cc:477) Did not successfully decode file hi2502M0069, len = 698
LOG (gmm-align-compiled[5.3]:main():gmm-align-compiled.cc:127) hi2502M0070
WARNING (gmm-align-compiled[5.3]:AlignUtteranceWrapper():decoder-wrappers.cc:468) Retrying utterance hi2502M0070 with beam 24
LOG (gmm-align-compiled[5.3]:main():gmm-align-compiled.cc:127) hi2502M0071
WARNING (gmm-align-compiled[5.3]:AlignUtteranceWrapper():decoder-wrappers.cc:468) Retrying utterance hi2502M0071 with beam 24
LOG (gmm-align-compiled[5.3]:main():gmm-align-compiled.cc:127) hi2502M0072
WARNING (gmm-align-compiled[5.3]:AlignUtteranceWrapper():decoder-wrappers.cc:468) Retrying utterance hi2502M0072 with beam 24
LOG (gmm-align-compiled[5.3]:main():gmm-align-compiled.cc:127) hi2502M0073
WARNING (gmm-align-compiled[5.3]:AlignUtteranceWrapper():decoder-wrappers.cc:468) Retrying utterance hi2502M0073 with beam 24
LOG (gmm-align-compiled[5.3]:main():gmm-align-compiled.cc:127) hi2502M0074
WARNING (gmm-align-compiled[5.3]:AlignUtteranceWrapper():decoder-wrappers.cc:468) Retrying utterance hi2502M0074 with beam 24
WARNING (gmm-align-compiled[5.3]:AlignUtteranceWrapper():decoder-wrappers.cc:477) Did not successfully decode file hi2502M0074, len = 698
LOG (gmm-align-compiled[5.3]:main():gmm-align-compiled.cc:127) hi2502M0075
WARNING (gmm-align-compiled[5.3]:AlignUtteranceWrapper():decoder-wrappers.cc:468) Retrying utterance hi2502M0075 with beam 24
WARNING (gmm-align-compiled[5.3]:AlignUtteranceWrapper():decoder-wrappers.cc:477) Did not successfully decode file hi2502M0075, len = 698
LOG (gmm-align-compiled[5.3]:main():gmm-align-compiled.cc:127) hi2502M0076
WARNING (gmm-align-compiled[5.3]:AlignUtteranceWrapper():decoder-wrappers.cc:468) Retrying utterance hi2502M0076 with beam 24
WARNING (gmm-align-compiled[5.3]:AlignUtteranceWrapper():decoder-wrappers.cc:477) Did not successfully decode file hi2502M0076, len = 698
LOG (gmm-align-compiled[5.3]:main():gmm-align-compiled.cc:127) hi2502M0077
LOG (gmm-align-compiled[5.3]:main():gmm-align-compiled.cc:127) hi2502M0078
LOG (gmm-align-compiled[5.3]:main():gmm-align-compiled.cc:127) hi2502M0079
WARNING (gmm-align-compiled[5.3]:AlignUtteranceWrapper():decoder-wrappers.cc:468) Retrying utterance hi2502M0079 with beam 24
LOG (gmm-align-compiled[5.3]:main():gmm-align-compiled.cc:127) hi2502M0080
WARNING (gmm-align-compiled[5.3]:AlignUtteranceWrapper():decoder-wrappers.cc:468) Retrying utterance hi2502M0080 with beam 24
LOG (gmm-align-compiled[5.3]:main():gmm-align-compiled.cc:127) hi2502M0081
WARNING (gmm-align-compiled[5.3]:AlignUtteranceWrapper():decoder-wrappers.cc:468) Retrying utterance hi2502M0081 with beam 24
LOG (gmm-align-compiled[5.3]:main():gmm-align-compiled.cc:127) hi2502M0082
WARNING (gmm-align-compiled[5.3]:AlignUtteranceWrapper():decoder-wrappers.cc:468) Retrying utterance hi2502M0082 with beam 24
LOG (gmm-align-compiled[5.3]:main():gmm-align-compiled.cc:127) hi2502M0083
LOG (gmm-align-compiled[5.3]:main():gmm-align-compiled.cc:127) hi2502M0084
WARNING (gmm-align-compiled[5.3]:AlignUtteranceWrapper():decoder-wrappers.cc:468) Retrying utterance hi2502M0084 with beam 24
WARNING (gmm-align-compiled[5.3]:AlignUtteranceWrapper():decoder-wrappers.cc:477) Did not successfully decode file hi2502M0084, len = 698
LOG (gmm-align-compiled[5.3]:main():gmm-align-compiled.cc:127) hi2502M0085
WARNING (gmm-align-compiled[5.3]:AlignUtteranceWrapper():decoder-wrappers.cc:468) Retrying utterance hi2502M0085 with beam 24
WARNING (gmm-align-compiled[5.3]:AlignUtteranceWrapper():decoder-wrappers.cc:477) Did not successfully decode file hi2502M0085, len = 698
LOG (gmm-align-compiled[5.3]:main():gmm-align-compiled.cc:127) hi2502M0086
WARNING (gmm-align-compiled[5.3]:AlignUtteranceWrapper():decoder-wrappers.cc:468) Retrying utterance hi2502M0086 with beam 24
LOG (gmm-align-compiled[5.3]:main():gmm-align-compiled.cc:127) hi2502M0087
WARNING (gmm-align-compiled[5.3]:AlignUtteranceWrapper():decoder-wrappers.cc:468) Retrying utterance hi2502M0087 with beam 24
LOG (gmm-align-compiled[5.3]:main():gmm-align-compiled.cc:127) hi2502M0088
WARNING (gmm-align-compiled[5.3]:AlignUtteranceWrapper():decoder-wrappers.cc:468) Retrying utterance hi2502M0088 with beam 24
LOG (gmm-align-compiled[5.3]:main():gmm-align-compiled.cc:127) hi2502M0089
LOG (gmm-align-compiled[5.3]:main():gmm-align-compiled.cc:127) hi2502M0090
WARNING (gmm-align-compiled[5.3]:AlignUtteranceWrapper():decoder-wrappers.cc:468) Retrying utterance hi2502M0090 with beam 24
LOG (gmm-align-compiled[5.3]:main():gmm-align-compiled.cc:127) hi2502M0091
WARNING (gmm-align-compiled[5.3]:AlignUtteranceWrapper():decoder-wrappers.cc:468) Retrying utterance hi2502M0091 with beam 24
LOG (gmm-align-compiled[5.3]:main():gmm-align-compiled.cc:127) hi2502M0092
WARNING (gmm-align-compiled[5.3]:AlignUtteranceWrapper():decoder-wrappers.cc:468) Retrying utterance hi2502M0092 with beam 24
LOG (gmm-align-compiled[5.3]:main():gmm-align-compiled.cc:127) hi2502M0093
WARNING (gmm-align-compiled[5.3]:AlignUtteranceWrapper():decoder-wrappers.cc:468) Retrying utterance hi2502M0093 with beam 24
LOG (gmm-align-compiled[5.3]:main():gmm-align-compiled.cc:127) hi2502M0094
WARNING (gmm-align-compiled[5.3]:AlignUtteranceWrapper():decoder-wrappers.cc:468) Retrying utterance hi2502M0094 with beam 24
LOG (gmm-align-compiled[5.3]:main():gmm-align-compiled.cc:127) hi2502M0095
WARNING (gmm-align-compiled[5.3]:AlignUtteranceWrapper():decoder-wrappers.cc:468) Retrying utterance hi2502M0095 with beam 24
LOG (gmm-align-compiled[5.3]:main():gmm-align-compiled.cc:127) hi2502M0096
WARNING (gmm-align-compiled[5.3]:AlignUtteranceWrapper():decoder-wrappers.cc:468) Retrying utterance hi2502M0096 with beam 24
LOG (gmm-align-compiled[5.3]:main():gmm-align-compiled.cc:127) hi2502M0097
WARNING (gmm-align-compiled[5.3]:AlignUtteranceWrapper():decoder-wrappers.cc:468) Retrying utterance hi2502M0097 with beam 24
LOG (gmm-align-compiled[5.3]:main():gmm-align-compiled.cc:127) hi2502M0098
WARNING (gmm-align-compiled[5.3]:AlignUtteranceWrapper():decoder-wrappers.cc:468) Retrying utterance hi2502M0098 with beam 24
LOG (gmm-align-compiled[5.3]:main():gmm-align-compiled.cc:127) hi2502M0099
WARNING (gmm-align-compiled[5.3]:AlignUtteranceWrapper():decoder-wrappers.cc:468) Retrying utterance hi2502M0099 with beam 24
LOG (gmm-align-compiled[5.3]:main():gmm-align-compiled.cc:127) hi2502M0100
WARNING (gmm-align-compiled[5.3]:AlignUtteranceWrapper():decoder-wrappers.cc:468) Retrying utterance hi2502M0100 with beam 24
LOG (gmm-align-compiled[5.3]:main():gmm-align-compiled.cc:127) hi2502M0101
WARNING (gmm-align-compiled[5.3]:AlignUtteranceWrapper():decoder-wrappers.cc:468) Retrying utterance hi2502M0101 with beam 24
LOG (gmm-align-compiled[5.3]:main():gmm-align-compiled.cc:127) hi2502M0102
WARNING (gmm-align-compiled[5.3]:AlignUtteranceWrapper():decoder-wrappers.cc:468) Retrying utterance hi2502M0102 with beam 24
LOG (gmm-align-compiled[5.3]:main():gmm-align-compiled.cc:127) hi2502M0103
LOG (gmm-align-compiled[5.3]:main():gmm-align-compiled.cc:127) hi2502M0104
WARNING (gmm-align-compiled[5.3]:AlignUtteranceWrapper():decoder-wrappers.cc:468) Retrying utterance hi2502M0104 with beam 24
LOG (gmm-align-compiled[5.3]:main():gmm-align-compiled.cc:127) hi2502M0105
LOG (gmm-align-compiled[5.3]:main():gmm-align-compiled.cc:127) hi2502M0106
LOG (gmm-align-compiled[5.3]:main():gmm-align-compiled.cc:127) hi2502M0107
LOG (gmm-align-compiled[5.3]:main():gmm-align-compiled.cc:127) hi2502M0108
LOG (gmm-align-compiled[5.3]:main():gmm-align-compiled.cc:127) hi2502M0109
LOG (gmm-align-compiled[5.3]:main():gmm-align-compiled.cc:127) hi2502M0110
WARNING (gmm-align-compiled[5.3]:AlignUtteranceWrapper():decoder-wrappers.cc:468) Retrying utterance hi2502M0110 with beam 24
LOG (gmm-align-compiled[5.3]:main():gmm-align-compiled.cc:127) hi2502M0111
WARNING (gmm-align-compiled[5.3]:AlignUtteranceWrapper():decoder-wrappers.cc:468) Retrying utterance hi2502M0111 with beam 24
LOG (gmm-align-compiled[5.3]:main():gmm-align-compiled.cc:127) hi2502M0112
WARNING (gmm-align-compiled[5.3]:AlignUtteranceWrapper():decoder-wrappers.cc:468) Retrying utterance hi2502M0112 with beam 24
LOG (gmm-align-compiled[5.3]:main():gmm-align-compiled.cc:127) hi2502M0113
WARNING (gmm-align-compiled[5.3]:AlignUtteranceWrapper():decoder-wrappers.cc:468) Retrying utterance hi2502M0113 with beam 24
LOG (gmm-align-compiled[5.3]:main():gmm-align-compiled.cc:127) hi2502M0114
WARNING (gmm-align-compiled[5.3]:AlignUtteranceWrapper():decoder-wrappers.cc:468) Retrying utterance hi2502M0114 with beam 24
LOG (gmm-align-compiled[5.3]:main():gmm-align-compiled.cc:127) hi2502M0115
WARNING (gmm-align-compiled[5.3]:AlignUtteranceWrapper():decoder-wrappers.cc:468) Retrying utterance hi2502M0115 with beam 24
LOG (gmm-align-compiled[5.3]:main():gmm-align-compiled.cc:127) hi2502M0116
WARNING (gmm-align-compiled[5.3]:AlignUtteranceWrapper():decoder-wrappers.cc:468) Retrying utterance hi2502M0116 with beam 24
LOG (gmm-align-compiled[5.3]:main():gmm-align-compiled.cc:127) hi2502M0117
LOG (gmm-align-compiled[5.3]:main():gmm-align-compiled.cc:127) hi2502M0118
WARNING (gmm-align-compiled[5.3]:AlignUtteranceWrapper():decoder-wrappers.cc:468) Retrying utterance hi2502M0118 with beam 24
LOG (gmm-align-compiled[5.3]:main():gmm-align-compiled.cc:127) hi2502M0119
WARNING (gmm-align-compiled[5.3]:AlignUtteranceWrapper():decoder-wrappers.cc:468) Retrying utterance hi2502M0119 with beam 24
WARNING (gmm-align-compiled[5.3]:AlignUtteranceWrapper():decoder-wrappers.cc:477) Did not successfully decode file hi2502M0119, len = 698
LOG (gmm-align-compiled[5.3]:main():gmm-align-compiled.cc:127) hi2502M0120
WARNING (gmm-align-compiled[5.3]:AlignUtteranceWrapper():decoder-wrappers.cc:468) Retrying utterance hi2502M0120 with beam 24
LOG (gmm-align-compiled[5.3]:main():gmm-align-compiled.cc:127) hi2502M0121
WARNING (gmm-align-compiled[5.3]:AlignUtteranceWrapper():decoder-wrappers.cc:468) Retrying utterance hi2502M0121 with beam 24
LOG (gmm-align-compiled[5.3]:main():gmm-align-compiled.cc:127) hi2502M0122
WARNING (gmm-align-compiled[5.3]:AlignUtteranceWrapper():decoder-wrappers.cc:468) Retrying utterance hi2502M0122 with beam 24
LOG (gmm-align-compiled[5.3]:main():gmm-align-compiled.cc:127) hi2502M0123
WARNING (gmm-align-compiled[5.3]:AlignUtteranceWrapper():decoder-wrappers.cc:468) Retrying utterance hi2502M0123 with beam 24
LOG (gmm-align-compiled[5.3]:main():gmm-align-compiled.cc:127) hi2502M0124
WARNING (gmm-align-compiled[5.3]:AlignUtteranceWrapper():decoder-wrappers.cc:468) Retrying utterance hi2502M0124 with beam 24
LOG (gmm-align-compiled[5.3]:main():gmm-align-compiled.cc:127) hi2502M0125
WARNING (gmm-align-compiled[5.3]:AlignUtteranceWrapper():decoder-wrappers.cc:468) Retrying utterance hi2502M0125 with beam 24
LOG (gmm-align-compiled[5.3]:main():gmm-align-compiled.cc:127) hi2502M0126
LOG (gmm-align-compiled[5.3]:main():gmm-align-compiled.cc:127) hi2502M0127
WARNING (gmm-align-compiled[5.3]:AlignUtteranceWrapper():decoder-wrappers.cc:468) Retrying utterance hi2502M0127 with beam 24
WARNING (gmm-align-compiled[5.3]:AlignUtteranceWrapper():decoder-wrappers.cc:477) Did not successfully decode file hi2502M0127, len = 698
LOG (gmm-align-compiled[5.3]:main():gmm-align-compiled.cc:127) hi2502M0128
WARNING (gmm-align-compiled[5.3]:AlignUtteranceWrapper():decoder-wrappers.cc:468) Retrying utterance hi2502M0128 with beam 24
LOG (gmm-align-compiled[5.3]:main():gmm-align-compiled.cc:127) hi2502M0129
WARNING (gmm-align-compiled[5.3]:AlignUtteranceWrapper():decoder-wrappers.cc:468) Retrying utterance hi2502M0129 with beam 24
LOG (gmm-align-compiled[5.3]:main():gmm-align-compiled.cc:127) hi2502M0130
WARNING (gmm-align-compiled[5.3]:AlignUtteranceWrapper():decoder-wrappers.cc:468) Retrying utterance hi2502M0130 with beam 24
LOG (gmm-align-compiled[5.3]:main():gmm-align-compiled.cc:127) hi2502M0131
WARNING (gmm-align-compiled[5.3]:AlignUtteranceWrapper():decoder-wrappers.cc:468) Retrying utterance hi2502M0131 with beam 24
LOG (gmm-align-compiled[5.3]:main():gmm-align-compiled.cc:127) hi2502M0132
WARNING (gmm-align-compiled[5.3]:AlignUtteranceWrapper():decoder-wrappers.cc:468) Retrying utterance hi2502M0132 with beam 24
LOG (gmm-align-compiled[5.3]:main():gmm-align-compiled.cc:127) hi2502M0133
WARNING (gmm-align-compiled[5.3]:AlignUtteranceWrapper():decoder-wrappers.cc:468) Retrying utterance hi2502M0133 with beam 24
LOG (gmm-align-compiled[5.3]:main():gmm-align-compiled.cc:127) hi2502M0134
WARNING (gmm-align-compiled[5.3]:AlignUtteranceWrapper():decoder-wrappers.cc:468) Retrying utterance hi2502M0134 with beam 24
LOG (gmm-align-compiled[5.3]:main():gmm-align-compiled.cc:127) hi2502M0135
WARNING (gmm-align-compiled[5.3]:AlignUtteranceWrapper():decoder-wrappers.cc:468) Retrying utterance hi2502M0135 with beam 24
WARNING (gmm-align-compiled[5.3]:AlignUtteranceWrapper():decoder-wrappers.cc:477) Did not successfully decode file hi2502M0135, len = 698
LOG (gmm-align-compiled[5.3]:main():gmm-align-compiled.cc:127) hi2502M0136
WARNING (gmm-align-compiled[5.3]:AlignUtteranceWrapper():decoder-wrappers.cc:468) Retrying utterance hi2502M0136 with beam 24
WARNING (gmm-align-compiled[5.3]:AlignUtteranceWrapper():decoder-wrappers.cc:477) Did not successfully decode file hi2502M0136, len = 698
LOG (gmm-align-compiled[5.3]:main():gmm-align-compiled.cc:127) hi2502M0137
LOG (gmm-align-compiled[5.3]:main():gmm-align-compiled.cc:127) hi2502M0138
WARNING (gmm-align-compiled[5.3]:AlignUtteranceWrapper():decoder-wrappers.cc:468) Retrying utterance hi2502M0138 with beam 24
LOG (gmm-align-compiled[5.3]:main():gmm-align-compiled.cc:127) hi2502M0139
LOG (gmm-align-compiled[5.3]:main():gmm-align-compiled.cc:127) hi2502M0140
WARNING (gmm-align-compiled[5.3]:AlignUtteranceWrapper():decoder-wrappers.cc:468) Retrying utterance hi2502M0140 with beam 24
WARNING (gmm-align-compiled[5.3]:AlignUtteranceWrapper():decoder-wrappers.cc:477) Did not successfully decode file hi2502M0140, len = 698
LOG (gmm-align-compiled[5.3]:main():gmm-align-compiled.cc:127) hi2502M0141
WARNING (gmm-align-compiled[5.3]:AlignUtteranceWrapper():decoder-wrappers.cc:468) Retrying utterance hi2502M0141 with beam 24
LOG (gmm-align-compiled[5.3]:main():gmm-align-compiled.cc:127) hi2502M0142
WARNING (gmm-align-compiled[5.3]:AlignUtteranceWrapper():decoder-wrappers.cc:468) Retrying utterance hi2502M0142 with beam 24
LOG (gmm-align-compiled[5.3]:main():gmm-align-compiled.cc:127) hi2502M0143
WARNING (gmm-align-compiled[5.3]:AlignUtteranceWrapper():decoder-wrappers.cc:468) Retrying utterance hi2502M0143 with beam 24
LOG (gmm-align-compiled[5.3]:main():gmm-align-compiled.cc:127) hi2502M0144
WARNING (gmm-align-compiled[5.3]:AlignUtteranceWrapper():decoder-wrappers.cc:468) Retrying utterance hi2502M0144 with beam 24
LOG (gmm-align-compiled[5.3]:main():gmm-align-compiled.cc:127) hi2502M0145
WARNING (gmm-align-compiled[5.3]:AlignUtteranceWrapper():decoder-wrappers.cc:468) Retrying utterance hi2502M0145 with beam 24
LOG (gmm-align-compiled[5.3]:main():gmm-align-compiled.cc:127) hi2502M0146
WARNING (gmm-align-compiled[5.3]:AlignUtteranceWrapper():decoder-wrappers.cc:468) Retrying utterance hi2502M0146 with beam 24
LOG (gmm-align-compiled[5.3]:main():gmm-align-compiled.cc:127) hi2502M0147
WARNING (gmm-align-compiled[5.3]:AlignUtteranceWrapper():decoder-wrappers.cc:468) Retrying utterance hi2502M0147 with beam 24
LOG (apply-cmvn[5.3]:main():apply-cmvn.cc:162) Applied cepstral mean normalization to 260 utterances, errors on 0
LOG (gmm-align-compiled[5.3]:main():gmm-align-compiled.cc:127) hi2502M0148
WARNING (gmm-align-compiled[5.3]:AlignUtteranceWrapper():decoder-wrappers.cc:468) Retrying utterance hi2502M0148 with beam 24
LOG (gmm-align-compiled[5.3]:main():gmm-align-compiled.cc:127) hi2502M0149
WARNING (gmm-align-compiled[5.3]:AlignUtteranceWrapper():decoder-wrappers.cc:468) Retrying utterance hi2502M0149 with beam 24
WARNING (gmm-align-compiled[5.3]:AlignUtteranceWrapper():decoder-wrappers.cc:477) Did not successfully decode file hi2502M0149, len = 698
LOG (gmm-align-compiled[5.3]:main():gmm-align-compiled.cc:127) hi2502M0150
WARNING (gmm-align-compiled[5.3]:AlignUtteranceWrapper():decoder-wrappers.cc:468) Retrying utterance hi2502M0150 with beam 24
WARNING (gmm-align-compiled[5.3]:AlignUtteranceWrapper():decoder-wrappers.cc:477) Did not successfully decode file hi2502M0150, len = 698
LOG (gmm-align-compiled[5.3]:main():gmm-align-compiled.cc:135) Overall log-likelihood per frame is -101.95 over 155654 frames.
LOG (gmm-align-compiled[5.3]:main():gmm-align-compiled.cc:137) Retried 214 out of 260 utterances.
LOG (gmm-align-compiled[5.3]:main():gmm-align-compiled.cc:139) Done 223, errors on 37
# Accounting: time=78 threads=1
# Ended (code 0) at Sat Dec 23 21:44:13 IST 2017, elapsed time 78 seconds
