# gmm-align-compiled --transition-scale=1.0 --acoustic-scale=0.1 --self-loop-scale=0.1 --beam=6 --retry-beam=24 --careful=false "gmm-boost-silence --boost=1.0 1 exp/mono/1.mdl - |" "ark:gunzip -c exp/mono/fsts.3.gz|" "ark,s,cs:apply-cmvn  --utt2spk=ark:data/train/split4/3/utt2spk scp:data/train/split4/3/cmvn.scp scp:data/train/split4/3/feats.scp ark:- | add-deltas ark:- ark:- |" "ark,t:|gzip -c >exp/mono/ali.3.gz" 
# Started at Sat Dec 23 21:42:55 IST 2017
#
gmm-align-compiled --transition-scale=1.0 --acoustic-scale=0.1 --self-loop-scale=0.1 --beam=6 --retry-beam=24 --careful=false 'gmm-boost-silence --boost=1.0 1 exp/mono/1.mdl - |' 'ark:gunzip -c exp/mono/fsts.3.gz|' 'ark,s,cs:apply-cmvn  --utt2spk=ark:data/train/split4/3/utt2spk scp:data/train/split4/3/cmvn.scp scp:data/train/split4/3/feats.scp ark:- | add-deltas ark:- ark:- |' 'ark,t:|gzip -c >exp/mono/ali.3.gz' 
gmm-boost-silence --boost=1.0 1 exp/mono/1.mdl - 
WARNING (gmm-boost-silence[5.3]:main():gmm-boost-silence.cc:82) The pdfs for the silence phones may be shared by other phones (note: this probably does not matter.)
LOG (gmm-boost-silence[5.3]:main():gmm-boost-silence.cc:93) Boosted weights for 3 pdfs, by factor of 1
LOG (gmm-boost-silence[5.3]:main():gmm-boost-silence.cc:103) Wrote model to -
add-deltas ark:- ark:- 
apply-cmvn --utt2spk=ark:data/train/split4/3/utt2spk scp:data/train/split4/3/cmvn.scp scp:data/train/split4/3/feats.scp ark:- 
LOG (gmm-align-compiled[5.3]:main():gmm-align-compiled.cc:127) hi2505M0001
WARNING (gmm-align-compiled[5.3]:AlignUtteranceWrapper():decoder-wrappers.cc:468) Retrying utterance hi2505M0001 with beam 24
LOG (gmm-align-compiled[5.3]:main():gmm-align-compiled.cc:127) hi2505M0002
WARNING (gmm-align-compiled[5.3]:AlignUtteranceWrapper():decoder-wrappers.cc:468) Retrying utterance hi2505M0002 with beam 24
LOG (gmm-align-compiled[5.3]:main():gmm-align-compiled.cc:127) hi2505M0003
WARNING (gmm-align-compiled[5.3]:AlignUtteranceWrapper():decoder-wrappers.cc:468) Retrying utterance hi2505M0003 with beam 24
LOG (gmm-align-compiled[5.3]:main():gmm-align-compiled.cc:127) hi2505M0004
WARNING (gmm-align-compiled[5.3]:AlignUtteranceWrapper():decoder-wrappers.cc:468) Retrying utterance hi2505M0004 with beam 24
WARNING (gmm-align-compiled[5.3]:AlignUtteranceWrapper():decoder-wrappers.cc:477) Did not successfully decode file hi2505M0004, len = 698
LOG (gmm-align-compiled[5.3]:main():gmm-align-compiled.cc:127) hi2505M0005
WARNING (gmm-align-compiled[5.3]:AlignUtteranceWrapper():decoder-wrappers.cc:468) Retrying utterance hi2505M0005 with beam 24
LOG (gmm-align-compiled[5.3]:main():gmm-align-compiled.cc:127) hi2505M0006
WARNING (gmm-align-compiled[5.3]:AlignUtteranceWrapper():decoder-wrappers.cc:468) Retrying utterance hi2505M0006 with beam 24
LOG (gmm-align-compiled[5.3]:main():gmm-align-compiled.cc:127) hi2505M0007
WARNING (gmm-align-compiled[5.3]:AlignUtteranceWrapper():decoder-wrappers.cc:468) Retrying utterance hi2505M0007 with beam 24
LOG (gmm-align-compiled[5.3]:main():gmm-align-compiled.cc:127) hi2505M0008
WARNING (gmm-align-compiled[5.3]:AlignUtteranceWrapper():decoder-wrappers.cc:468) Retrying utterance hi2505M0008 with beam 24
WARNING (gmm-align-compiled[5.3]:AlignUtteranceWrapper():decoder-wrappers.cc:477) Did not successfully decode file hi2505M0008, len = 698
LOG (gmm-align-compiled[5.3]:main():gmm-align-compiled.cc:127) hi2505M0009
WARNING (gmm-align-compiled[5.3]:AlignUtteranceWrapper():decoder-wrappers.cc:468) Retrying utterance hi2505M0009 with beam 24
LOG (gmm-align-compiled[5.3]:main():gmm-align-compiled.cc:127) hi2505M0010
WARNING (gmm-align-compiled[5.3]:AlignUtteranceWrapper():decoder-wrappers.cc:468) Retrying utterance hi2505M0010 with beam 24
LOG (gmm-align-compiled[5.3]:main():gmm-align-compiled.cc:127) hi2505M0011
WARNING (gmm-align-compiled[5.3]:AlignUtteranceWrapper():decoder-wrappers.cc:468) Retrying utterance hi2505M0011 with beam 24
LOG (gmm-align-compiled[5.3]:main():gmm-align-compiled.cc:127) hi2505M0012
WARNING (gmm-align-compiled[5.3]:AlignUtteranceWrapper():decoder-wrappers.cc:468) Retrying utterance hi2505M0012 with beam 24
LOG (gmm-align-compiled[5.3]:main():gmm-align-compiled.cc:127) hi2505M0013
WARNING (gmm-align-compiled[5.3]:AlignUtteranceWrapper():decoder-wrappers.cc:468) Retrying utterance hi2505M0013 with beam 24
WARNING (gmm-align-compiled[5.3]:AlignUtteranceWrapper():decoder-wrappers.cc:477) Did not successfully decode file hi2505M0013, len = 698
LOG (gmm-align-compiled[5.3]:main():gmm-align-compiled.cc:127) hi2505M0014
WARNING (gmm-align-compiled[5.3]:AlignUtteranceWrapper():decoder-wrappers.cc:468) Retrying utterance hi2505M0014 with beam 24
LOG (gmm-align-compiled[5.3]:main():gmm-align-compiled.cc:127) hi2505M0015
WARNING (gmm-align-compiled[5.3]:AlignUtteranceWrapper():decoder-wrappers.cc:468) Retrying utterance hi2505M0015 with beam 24
LOG (gmm-align-compiled[5.3]:main():gmm-align-compiled.cc:127) hi2505M0016
WARNING (gmm-align-compiled[5.3]:AlignUtteranceWrapper():decoder-wrappers.cc:468) Retrying utterance hi2505M0016 with beam 24
LOG (gmm-align-compiled[5.3]:main():gmm-align-compiled.cc:127) hi2505M0017
WARNING (gmm-align-compiled[5.3]:AlignUtteranceWrapper():decoder-wrappers.cc:468) Retrying utterance hi2505M0017 with beam 24
LOG (gmm-align-compiled[5.3]:main():gmm-align-compiled.cc:127) hi2505M0018
WARNING (gmm-align-compiled[5.3]:AlignUtteranceWrapper():decoder-wrappers.cc:468) Retrying utterance hi2505M0018 with beam 24
LOG (gmm-align-compiled[5.3]:main():gmm-align-compiled.cc:127) hi2505M0019
WARNING (gmm-align-compiled[5.3]:AlignUtteranceWrapper():decoder-wrappers.cc:468) Retrying utterance hi2505M0019 with beam 24
WARNING (gmm-align-compiled[5.3]:AlignUtteranceWrapper():decoder-wrappers.cc:477) Did not successfully decode file hi2505M0019, len = 698
LOG (gmm-align-compiled[5.3]:main():gmm-align-compiled.cc:127) hi2505M0020
WARNING (gmm-align-compiled[5.3]:AlignUtteranceWrapper():decoder-wrappers.cc:468) Retrying utterance hi2505M0020 with beam 24
LOG (gmm-align-compiled[5.3]:main():gmm-align-compiled.cc:127) hi2505M0021
WARNING (gmm-align-compiled[5.3]:AlignUtteranceWrapper():decoder-wrappers.cc:468) Retrying utterance hi2505M0021 with beam 24
LOG (gmm-align-compiled[5.3]:main():gmm-align-compiled.cc:127) hi2505M0022
WARNING (gmm-align-compiled[5.3]:AlignUtteranceWrapper():decoder-wrappers.cc:468) Retrying utterance hi2505M0022 with beam 24
LOG (gmm-align-compiled[5.3]:main():gmm-align-compiled.cc:127) hi2505M0023
WARNING (gmm-align-compiled[5.3]:AlignUtteranceWrapper():decoder-wrappers.cc:468) Retrying utterance hi2505M0023 with beam 24
LOG (gmm-align-compiled[5.3]:main():gmm-align-compiled.cc:127) hi2505M0024
LOG (gmm-align-compiled[5.3]:main():gmm-align-compiled.cc:127) hi2505M0025
WARNING (gmm-align-compiled[5.3]:AlignUtteranceWrapper():decoder-wrappers.cc:468) Retrying utterance hi2505M0025 with beam 24
LOG (gmm-align-compiled[5.3]:main():gmm-align-compiled.cc:127) hi2505M0026
WARNING (gmm-align-compiled[5.3]:AlignUtteranceWrapper():decoder-wrappers.cc:468) Retrying utterance hi2505M0026 with beam 24
LOG (gmm-align-compiled[5.3]:main():gmm-align-compiled.cc:127) hi2505M0027
WARNING (gmm-align-compiled[5.3]:AlignUtteranceWrapper():decoder-wrappers.cc:468) Retrying utterance hi2505M0027 with beam 24
LOG (gmm-align-compiled[5.3]:main():gmm-align-compiled.cc:127) hi2505M0028
LOG (gmm-align-compiled[5.3]:main():gmm-align-compiled.cc:127) hi2505M0029
LOG (gmm-align-compiled[5.3]:main():gmm-align-compiled.cc:127) hi2505M0030
WARNING (gmm-align-compiled[5.3]:AlignUtteranceWrapper():decoder-wrappers.cc:468) Retrying utterance hi2505M0030 with beam 24
LOG (gmm-align-compiled[5.3]:main():gmm-align-compiled.cc:127) hi2505M0031
WARNING (gmm-align-compiled[5.3]:AlignUtteranceWrapper():decoder-wrappers.cc:468) Retrying utterance hi2505M0031 with beam 24
LOG (gmm-align-compiled[5.3]:main():gmm-align-compiled.cc:127) hi2505M0032
WARNING (gmm-align-compiled[5.3]:AlignUtteranceWrapper():decoder-wrappers.cc:468) Retrying utterance hi2505M0032 with beam 24
LOG (gmm-align-compiled[5.3]:main():gmm-align-compiled.cc:127) hi2505M0033
WARNING (gmm-align-compiled[5.3]:AlignUtteranceWrapper():decoder-wrappers.cc:468) Retrying utterance hi2505M0033 with beam 24
WARNING (gmm-align-compiled[5.3]:AlignUtteranceWrapper():decoder-wrappers.cc:477) Did not successfully decode file hi2505M0033, len = 698
LOG (gmm-align-compiled[5.3]:main():gmm-align-compiled.cc:127) hi2505M0034
WARNING (gmm-align-compiled[5.3]:AlignUtteranceWrapper():decoder-wrappers.cc:468) Retrying utterance hi2505M0034 with beam 24
LOG (gmm-align-compiled[5.3]:main():gmm-align-compiled.cc:127) hi2505M0035
WARNING (gmm-align-compiled[5.3]:AlignUtteranceWrapper():decoder-wrappers.cc:468) Retrying utterance hi2505M0035 with beam 24
LOG (gmm-align-compiled[5.3]:main():gmm-align-compiled.cc:127) hi2505M0036
WARNING (gmm-align-compiled[5.3]:AlignUtteranceWrapper():decoder-wrappers.cc:468) Retrying utterance hi2505M0036 with beam 24
LOG (gmm-align-compiled[5.3]:main():gmm-align-compiled.cc:127) hi2505M0037
LOG (gmm-align-compiled[5.3]:main():gmm-align-compiled.cc:127) hi2505M0038
WARNING (gmm-align-compiled[5.3]:AlignUtteranceWrapper():decoder-wrappers.cc:468) Retrying utterance hi2505M0038 with beam 24
LOG (gmm-align-compiled[5.3]:main():gmm-align-compiled.cc:127) hi2505M0039
LOG (gmm-align-compiled[5.3]:main():gmm-align-compiled.cc:127) hi2505M0040
LOG (gmm-align-compiled[5.3]:main():gmm-align-compiled.cc:127) hi2505M0041
WARNING (gmm-align-compiled[5.3]:AlignUtteranceWrapper():decoder-wrappers.cc:468) Retrying utterance hi2505M0041 with beam 24
LOG (gmm-align-compiled[5.3]:main():gmm-align-compiled.cc:127) hi2505M0042
WARNING (gmm-align-compiled[5.3]:AlignUtteranceWrapper():decoder-wrappers.cc:468) Retrying utterance hi2505M0042 with beam 24
LOG (gmm-align-compiled[5.3]:main():gmm-align-compiled.cc:127) hi2505M0043
WARNING (gmm-align-compiled[5.3]:AlignUtteranceWrapper():decoder-wrappers.cc:468) Retrying utterance hi2505M0043 with beam 24
LOG (gmm-align-compiled[5.3]:main():gmm-align-compiled.cc:127) hi2505M0044
WARNING (gmm-align-compiled[5.3]:AlignUtteranceWrapper():decoder-wrappers.cc:468) Retrying utterance hi2505M0044 with beam 24
LOG (gmm-align-compiled[5.3]:main():gmm-align-compiled.cc:127) hi2505M0045
WARNING (gmm-align-compiled[5.3]:AlignUtteranceWrapper():decoder-wrappers.cc:468) Retrying utterance hi2505M0045 with beam 24
LOG (gmm-align-compiled[5.3]:main():gmm-align-compiled.cc:127) hi2505M0046
WARNING (gmm-align-compiled[5.3]:AlignUtteranceWrapper():decoder-wrappers.cc:468) Retrying utterance hi2505M0046 with beam 24
LOG (gmm-align-compiled[5.3]:main():gmm-align-compiled.cc:127) hi2505M0047
WARNING (gmm-align-compiled[5.3]:AlignUtteranceWrapper():decoder-wrappers.cc:468) Retrying utterance hi2505M0047 with beam 24
LOG (gmm-align-compiled[5.3]:main():gmm-align-compiled.cc:127) hi2505M0048
WARNING (gmm-align-compiled[5.3]:AlignUtteranceWrapper():decoder-wrappers.cc:468) Retrying utterance hi2505M0048 with beam 24
LOG (gmm-align-compiled[5.3]:main():gmm-align-compiled.cc:127) hi2505M0049
WARNING (gmm-align-compiled[5.3]:AlignUtteranceWrapper():decoder-wrappers.cc:468) Retrying utterance hi2505M0049 with beam 24
WARNING (gmm-align-compiled[5.3]:AlignUtteranceWrapper():decoder-wrappers.cc:477) Did not successfully decode file hi2505M0049, len = 698
LOG (gmm-align-compiled[5.3]:main():gmm-align-compiled.cc:127) hi2505M0050
WARNING (gmm-align-compiled[5.3]:AlignUtteranceWrapper():decoder-wrappers.cc:468) Retrying utterance hi2505M0050 with beam 24
LOG (gmm-align-compiled[5.3]:main():gmm-align-compiled.cc:127) hi2505M0051
WARNING (gmm-align-compiled[5.3]:AlignUtteranceWrapper():decoder-wrappers.cc:468) Retrying utterance hi2505M0051 with beam 24
LOG (gmm-align-compiled[5.3]:main():gmm-align-compiled.cc:127) hi2505M0052
WARNING (gmm-align-compiled[5.3]:AlignUtteranceWrapper():decoder-wrappers.cc:468) Retrying utterance hi2505M0052 with beam 24
LOG (gmm-align-compiled[5.3]:main():gmm-align-compiled.cc:127) hi2505M0053
WARNING (gmm-align-compiled[5.3]:AlignUtteranceWrapper():decoder-wrappers.cc:468) Retrying utterance hi2505M0053 with beam 24
WARNING (gmm-align-compiled[5.3]:AlignUtteranceWrapper():decoder-wrappers.cc:477) Did not successfully decode file hi2505M0053, len = 698
LOG (gmm-align-compiled[5.3]:main():gmm-align-compiled.cc:127) hi2505M0054
WARNING (gmm-align-compiled[5.3]:AlignUtteranceWrapper():decoder-wrappers.cc:468) Retrying utterance hi2505M0054 with beam 24
LOG (gmm-align-compiled[5.3]:main():gmm-align-compiled.cc:127) hi2505M0055
WARNING (gmm-align-compiled[5.3]:AlignUtteranceWrapper():decoder-wrappers.cc:468) Retrying utterance hi2505M0055 with beam 24
WARNING (gmm-align-compiled[5.3]:AlignUtteranceWrapper():decoder-wrappers.cc:477) Did not successfully decode file hi2505M0055, len = 698
LOG (gmm-align-compiled[5.3]:main():gmm-align-compiled.cc:127) hi2505M0056
WARNING (gmm-align-compiled[5.3]:AlignUtteranceWrapper():decoder-wrappers.cc:468) Retrying utterance hi2505M0056 with beam 24
LOG (gmm-align-compiled[5.3]:main():gmm-align-compiled.cc:127) hi2505M0057
LOG (gmm-align-compiled[5.3]:main():gmm-align-compiled.cc:127) hi2505M0058
WARNING (gmm-align-compiled[5.3]:AlignUtteranceWrapper():decoder-wrappers.cc:468) Retrying utterance hi2505M0058 with beam 24
LOG (gmm-align-compiled[5.3]:main():gmm-align-compiled.cc:127) hi2505M0059
WARNING (gmm-align-compiled[5.3]:AlignUtteranceWrapper():decoder-wrappers.cc:468) Retrying utterance hi2505M0059 with beam 24
LOG (gmm-align-compiled[5.3]:main():gmm-align-compiled.cc:127) hi2505M0060
WARNING (gmm-align-compiled[5.3]:AlignUtteranceWrapper():decoder-wrappers.cc:468) Retrying utterance hi2505M0060 with beam 24
LOG (gmm-align-compiled[5.3]:main():gmm-align-compiled.cc:127) hi2505M0061
WARNING (gmm-align-compiled[5.3]:AlignUtteranceWrapper():decoder-wrappers.cc:468) Retrying utterance hi2505M0061 with beam 24
LOG (gmm-align-compiled[5.3]:main():gmm-align-compiled.cc:127) hi2505M0062
WARNING (gmm-align-compiled[5.3]:AlignUtteranceWrapper():decoder-wrappers.cc:468) Retrying utterance hi2505M0062 with beam 24
LOG (gmm-align-compiled[5.3]:main():gmm-align-compiled.cc:127) hi2505M0063
LOG (gmm-align-compiled[5.3]:main():gmm-align-compiled.cc:127) hi2505M0064
WARNING (gmm-align-compiled[5.3]:AlignUtteranceWrapper():decoder-wrappers.cc:468) Retrying utterance hi2505M0064 with beam 24
LOG (gmm-align-compiled[5.3]:main():gmm-align-compiled.cc:127) hi2505M0065
LOG (gmm-align-compiled[5.3]:main():gmm-align-compiled.cc:127) hi2505M0066
WARNING (gmm-align-compiled[5.3]:AlignUtteranceWrapper():decoder-wrappers.cc:468) Retrying utterance hi2505M0066 with beam 24
WARNING (gmm-align-compiled[5.3]:AlignUtteranceWrapper():decoder-wrappers.cc:477) Did not successfully decode file hi2505M0066, len = 698
LOG (gmm-align-compiled[5.3]:main():gmm-align-compiled.cc:127) hi2505M0067
LOG (gmm-align-compiled[5.3]:main():gmm-align-compiled.cc:127) hi2505M0068
LOG (gmm-align-compiled[5.3]:main():gmm-align-compiled.cc:127) hi2505M0069
WARNING (gmm-align-compiled[5.3]:AlignUtteranceWrapper():decoder-wrappers.cc:468) Retrying utterance hi2505M0069 with beam 24
WARNING (gmm-align-compiled[5.3]:AlignUtteranceWrapper():decoder-wrappers.cc:477) Did not successfully decode file hi2505M0069, len = 698
LOG (gmm-align-compiled[5.3]:main():gmm-align-compiled.cc:127) hi2505M0070
LOG (gmm-align-compiled[5.3]:main():gmm-align-compiled.cc:127) hi2505M0071
WARNING (gmm-align-compiled[5.3]:AlignUtteranceWrapper():decoder-wrappers.cc:468) Retrying utterance hi2505M0071 with beam 24
LOG (gmm-align-compiled[5.3]:main():gmm-align-compiled.cc:127) hi2505M0072
WARNING (gmm-align-compiled[5.3]:AlignUtteranceWrapper():decoder-wrappers.cc:468) Retrying utterance hi2505M0072 with beam 24
LOG (gmm-align-compiled[5.3]:main():gmm-align-compiled.cc:127) hi2505M0073
LOG (gmm-align-compiled[5.3]:main():gmm-align-compiled.cc:127) hi2505M0074
WARNING (gmm-align-compiled[5.3]:AlignUtteranceWrapper():decoder-wrappers.cc:468) Retrying utterance hi2505M0074 with beam 24
WARNING (gmm-align-compiled[5.3]:AlignUtteranceWrapper():decoder-wrappers.cc:477) Did not successfully decode file hi2505M0074, len = 698
LOG (gmm-align-compiled[5.3]:main():gmm-align-compiled.cc:127) hi2505M0075
WARNING (gmm-align-compiled[5.3]:AlignUtteranceWrapper():decoder-wrappers.cc:468) Retrying utterance hi2505M0075 with beam 24
WARNING (gmm-align-compiled[5.3]:AlignUtteranceWrapper():decoder-wrappers.cc:477) Did not successfully decode file hi2505M0075, len = 698
LOG (gmm-align-compiled[5.3]:main():gmm-align-compiled.cc:127) hi2505M0076
WARNING (gmm-align-compiled[5.3]:AlignUtteranceWrapper():decoder-wrappers.cc:468) Retrying utterance hi2505M0076 with beam 24
WARNING (gmm-align-compiled[5.3]:AlignUtteranceWrapper():decoder-wrappers.cc:477) Did not successfully decode file hi2505M0076, len = 698
LOG (gmm-align-compiled[5.3]:main():gmm-align-compiled.cc:127) hi2505M0077
LOG (gmm-align-compiled[5.3]:main():gmm-align-compiled.cc:127) hi2505M0078
LOG (gmm-align-compiled[5.3]:main():gmm-align-compiled.cc:127) hi2505M0079
WARNING (gmm-align-compiled[5.3]:AlignUtteranceWrapper():decoder-wrappers.cc:468) Retrying utterance hi2505M0079 with beam 24
LOG (gmm-align-compiled[5.3]:main():gmm-align-compiled.cc:127) hi2505M0080
WARNING (gmm-align-compiled[5.3]:AlignUtteranceWrapper():decoder-wrappers.cc:468) Retrying utterance hi2505M0080 with beam 24
LOG (gmm-align-compiled[5.3]:main():gmm-align-compiled.cc:127) hi2505M0101
WARNING (gmm-align-compiled[5.3]:AlignUtteranceWrapper():decoder-wrappers.cc:468) Retrying utterance hi2505M0101 with beam 24
LOG (gmm-align-compiled[5.3]:main():gmm-align-compiled.cc:127) hi2505M0102
WARNING (gmm-align-compiled[5.3]:AlignUtteranceWrapper():decoder-wrappers.cc:468) Retrying utterance hi2505M0102 with beam 24
LOG (gmm-align-compiled[5.3]:main():gmm-align-compiled.cc:127) hi2505M0103
WARNING (gmm-align-compiled[5.3]:AlignUtteranceWrapper():decoder-wrappers.cc:468) Retrying utterance hi2505M0103 with beam 24
WARNING (gmm-align-compiled[5.3]:AlignUtteranceWrapper():decoder-wrappers.cc:477) Did not successfully decode file hi2505M0103, len = 698
LOG (gmm-align-compiled[5.3]:main():gmm-align-compiled.cc:127) hi2505M0104
WARNING (gmm-align-compiled[5.3]:AlignUtteranceWrapper():decoder-wrappers.cc:468) Retrying utterance hi2505M0104 with beam 24
LOG (gmm-align-compiled[5.3]:main():gmm-align-compiled.cc:127) hi2505M0105
LOG (gmm-align-compiled[5.3]:main():gmm-align-compiled.cc:127) hi2505M0106
LOG (gmm-align-compiled[5.3]:main():gmm-align-compiled.cc:127) hi2505M0107
LOG (gmm-align-compiled[5.3]:main():gmm-align-compiled.cc:127) hi2505M0108
LOG (gmm-align-compiled[5.3]:main():gmm-align-compiled.cc:127) hi2505M0109
LOG (gmm-align-compiled[5.3]:main():gmm-align-compiled.cc:127) hi2505M0110
WARNING (gmm-align-compiled[5.3]:AlignUtteranceWrapper():decoder-wrappers.cc:468) Retrying utterance hi2505M0110 with beam 24
LOG (gmm-align-compiled[5.3]:main():gmm-align-compiled.cc:127) hi2505M0111
WARNING (gmm-align-compiled[5.3]:AlignUtteranceWrapper():decoder-wrappers.cc:468) Retrying utterance hi2505M0111 with beam 24
LOG (gmm-align-compiled[5.3]:main():gmm-align-compiled.cc:127) hi2505M0112
WARNING (gmm-align-compiled[5.3]:AlignUtteranceWrapper():decoder-wrappers.cc:468) Retrying utterance hi2505M0112 with beam 24
LOG (gmm-align-compiled[5.3]:main():gmm-align-compiled.cc:127) hi2505M0113
LOG (gmm-align-compiled[5.3]:main():gmm-align-compiled.cc:127) hi2505M0114
WARNING (gmm-align-compiled[5.3]:AlignUtteranceWrapper():decoder-wrappers.cc:468) Retrying utterance hi2505M0114 with beam 24
LOG (gmm-align-compiled[5.3]:main():gmm-align-compiled.cc:127) hi2505M0115
WARNING (gmm-align-compiled[5.3]:AlignUtteranceWrapper():decoder-wrappers.cc:468) Retrying utterance hi2505M0115 with beam 24
LOG (gmm-align-compiled[5.3]:main():gmm-align-compiled.cc:127) hi2505M0116
WARNING (gmm-align-compiled[5.3]:AlignUtteranceWrapper():decoder-wrappers.cc:468) Retrying utterance hi2505M0116 with beam 24
WARNING (gmm-align-compiled[5.3]:AlignUtteranceWrapper():decoder-wrappers.cc:477) Did not successfully decode file hi2505M0116, len = 698
LOG (gmm-align-compiled[5.3]:main():gmm-align-compiled.cc:127) hi2505M0117
LOG (gmm-align-compiled[5.3]:main():gmm-align-compiled.cc:127) hi2505M0118
WARNING (gmm-align-compiled[5.3]:AlignUtteranceWrapper():decoder-wrappers.cc:468) Retrying utterance hi2505M0118 with beam 24
LOG (gmm-align-compiled[5.3]:main():gmm-align-compiled.cc:127) hi2505M0119
WARNING (gmm-align-compiled[5.3]:AlignUtteranceWrapper():decoder-wrappers.cc:468) Retrying utterance hi2505M0119 with beam 24
WARNING (gmm-align-compiled[5.3]:AlignUtteranceWrapper():decoder-wrappers.cc:477) Did not successfully decode file hi2505M0119, len = 698
LOG (gmm-align-compiled[5.3]:main():gmm-align-compiled.cc:127) hi2505M0120
WARNING (gmm-align-compiled[5.3]:AlignUtteranceWrapper():decoder-wrappers.cc:468) Retrying utterance hi2505M0120 with beam 24
LOG (gmm-align-compiled[5.3]:main():gmm-align-compiled.cc:127) hi2505M0121
WARNING (gmm-align-compiled[5.3]:AlignUtteranceWrapper():decoder-wrappers.cc:468) Retrying utterance hi2505M0121 with beam 24
LOG (gmm-align-compiled[5.3]:main():gmm-align-compiled.cc:127) hi2505M0122
WARNING (gmm-align-compiled[5.3]:AlignUtteranceWrapper():decoder-wrappers.cc:468) Retrying utterance hi2505M0122 with beam 24
LOG (gmm-align-compiled[5.3]:main():gmm-align-compiled.cc:127) hi2505M0123
WARNING (gmm-align-compiled[5.3]:AlignUtteranceWrapper():decoder-wrappers.cc:468) Retrying utterance hi2505M0123 with beam 24
LOG (gmm-align-compiled[5.3]:main():gmm-align-compiled.cc:127) hi2505M0124
WARNING (gmm-align-compiled[5.3]:AlignUtteranceWrapper():decoder-wrappers.cc:468) Retrying utterance hi2505M0124 with beam 24
LOG (gmm-align-compiled[5.3]:main():gmm-align-compiled.cc:127) hi2505M0125
WARNING (gmm-align-compiled[5.3]:AlignUtteranceWrapper():decoder-wrappers.cc:468) Retrying utterance hi2505M0125 with beam 24
WARNING (gmm-align-compiled[5.3]:AlignUtteranceWrapper():decoder-wrappers.cc:477) Did not successfully decode file hi2505M0125, len = 698
LOG (gmm-align-compiled[5.3]:main():gmm-align-compiled.cc:127) hi2505M0126
LOG (gmm-align-compiled[5.3]:main():gmm-align-compiled.cc:127) hi2505M0127
WARNING (gmm-align-compiled[5.3]:AlignUtteranceWrapper():decoder-wrappers.cc:468) Retrying utterance hi2505M0127 with beam 24
WARNING (gmm-align-compiled[5.3]:AlignUtteranceWrapper():decoder-wrappers.cc:477) Did not successfully decode file hi2505M0127, len = 698
LOG (gmm-align-compiled[5.3]:main():gmm-align-compiled.cc:127) hi2505M0128
WARNING (gmm-align-compiled[5.3]:AlignUtteranceWrapper():decoder-wrappers.cc:468) Retrying utterance hi2505M0128 with beam 24
LOG (gmm-align-compiled[5.3]:main():gmm-align-compiled.cc:127) hi2505M0129
LOG (gmm-align-compiled[5.3]:main():gmm-align-compiled.cc:127) hi2505M0130
WARNING (gmm-align-compiled[5.3]:AlignUtteranceWrapper():decoder-wrappers.cc:468) Retrying utterance hi2505M0130 with beam 24
LOG (gmm-align-compiled[5.3]:main():gmm-align-compiled.cc:127) hi2505M0131
WARNING (gmm-align-compiled[5.3]:AlignUtteranceWrapper():decoder-wrappers.cc:468) Retrying utterance hi2505M0131 with beam 24
LOG (gmm-align-compiled[5.3]:main():gmm-align-compiled.cc:127) hi2505M0132
WARNING (gmm-align-compiled[5.3]:AlignUtteranceWrapper():decoder-wrappers.cc:468) Retrying utterance hi2505M0132 with beam 24
LOG (gmm-align-compiled[5.3]:main():gmm-align-compiled.cc:127) hi2505M0133
WARNING (gmm-align-compiled[5.3]:AlignUtteranceWrapper():decoder-wrappers.cc:468) Retrying utterance hi2505M0133 with beam 24
LOG (gmm-align-compiled[5.3]:main():gmm-align-compiled.cc:127) hi2505M0134
WARNING (gmm-align-compiled[5.3]:AlignUtteranceWrapper():decoder-wrappers.cc:468) Retrying utterance hi2505M0134 with beam 24
LOG (gmm-align-compiled[5.3]:main():gmm-align-compiled.cc:127) hi2505M0135
WARNING (gmm-align-compiled[5.3]:AlignUtteranceWrapper():decoder-wrappers.cc:468) Retrying utterance hi2505M0135 with beam 24
LOG (gmm-align-compiled[5.3]:main():gmm-align-compiled.cc:127) hi2505M0136
WARNING (gmm-align-compiled[5.3]:AlignUtteranceWrapper():decoder-wrappers.cc:468) Retrying utterance hi2505M0136 with beam 24
WARNING (gmm-align-compiled[5.3]:AlignUtteranceWrapper():decoder-wrappers.cc:477) Did not successfully decode file hi2505M0136, len = 698
LOG (gmm-align-compiled[5.3]:main():gmm-align-compiled.cc:127) hi2505M0137
LOG (gmm-align-compiled[5.3]:main():gmm-align-compiled.cc:127) hi2505M0138
WARNING (gmm-align-compiled[5.3]:AlignUtteranceWrapper():decoder-wrappers.cc:468) Retrying utterance hi2505M0138 with beam 24
LOG (gmm-align-compiled[5.3]:main():gmm-align-compiled.cc:127) hi2505M0139
WARNING (gmm-align-compiled[5.3]:AlignUtteranceWrapper():decoder-wrappers.cc:468) Retrying utterance hi2505M0139 with beam 24
LOG (gmm-align-compiled[5.3]:main():gmm-align-compiled.cc:127) hi2505M0140
WARNING (gmm-align-compiled[5.3]:AlignUtteranceWrapper():decoder-wrappers.cc:468) Retrying utterance hi2505M0140 with beam 24
LOG (gmm-align-compiled[5.3]:main():gmm-align-compiled.cc:127) hi2505M0141
WARNING (gmm-align-compiled[5.3]:AlignUtteranceWrapper():decoder-wrappers.cc:468) Retrying utterance hi2505M0141 with beam 24
LOG (gmm-align-compiled[5.3]:main():gmm-align-compiled.cc:127) hi2505M0142
WARNING (gmm-align-compiled[5.3]:AlignUtteranceWrapper():decoder-wrappers.cc:468) Retrying utterance hi2505M0142 with beam 24
LOG (gmm-align-compiled[5.3]:main():gmm-align-compiled.cc:127) hi2505M0143
WARNING (gmm-align-compiled[5.3]:AlignUtteranceWrapper():decoder-wrappers.cc:468) Retrying utterance hi2505M0143 with beam 24
LOG (gmm-align-compiled[5.3]:main():gmm-align-compiled.cc:127) hi2505M0144
WARNING (gmm-align-compiled[5.3]:AlignUtteranceWrapper():decoder-wrappers.cc:468) Retrying utterance hi2505M0144 with beam 24
LOG (gmm-align-compiled[5.3]:main():gmm-align-compiled.cc:127) hi2505M0145
WARNING (gmm-align-compiled[5.3]:AlignUtteranceWrapper():decoder-wrappers.cc:468) Retrying utterance hi2505M0145 with beam 24
WARNING (gmm-align-compiled[5.3]:AlignUtteranceWrapper():decoder-wrappers.cc:477) Did not successfully decode file hi2505M0145, len = 698
LOG (gmm-align-compiled[5.3]:main():gmm-align-compiled.cc:127) hi2505M0146
LOG (gmm-align-compiled[5.3]:main():gmm-align-compiled.cc:127) hi2505M0147
WARNING (gmm-align-compiled[5.3]:AlignUtteranceWrapper():decoder-wrappers.cc:468) Retrying utterance hi2505M0147 with beam 24
LOG (gmm-align-compiled[5.3]:main():gmm-align-compiled.cc:127) hi2505M0148
WARNING (gmm-align-compiled[5.3]:AlignUtteranceWrapper():decoder-wrappers.cc:468) Retrying utterance hi2505M0148 with beam 24
LOG (gmm-align-compiled[5.3]:main():gmm-align-compiled.cc:127) hi2505M0149
WARNING (gmm-align-compiled[5.3]:AlignUtteranceWrapper():decoder-wrappers.cc:468) Retrying utterance hi2505M0149 with beam 24
WARNING (gmm-align-compiled[5.3]:AlignUtteranceWrapper():decoder-wrappers.cc:477) Did not successfully decode file hi2505M0149, len = 698
LOG (gmm-align-compiled[5.3]:main():gmm-align-compiled.cc:127) hi2505M0150
WARNING (gmm-align-compiled[5.3]:AlignUtteranceWrapper():decoder-wrappers.cc:468) Retrying utterance hi2505M0150 with beam 24
LOG (gmm-align-compiled[5.3]:main():gmm-align-compiled.cc:127) hi2508M0001
WARNING (gmm-align-compiled[5.3]:AlignUtteranceWrapper():decoder-wrappers.cc:468) Retrying utterance hi2508M0001 with beam 24
LOG (gmm-align-compiled[5.3]:main():gmm-align-compiled.cc:127) hi2508M0002
WARNING (gmm-align-compiled[5.3]:AlignUtteranceWrapper():decoder-wrappers.cc:468) Retrying utterance hi2508M0002 with beam 24
LOG (gmm-align-compiled[5.3]:main():gmm-align-compiled.cc:127) hi2508M0003
WARNING (gmm-align-compiled[5.3]:AlignUtteranceWrapper():decoder-wrappers.cc:468) Retrying utterance hi2508M0003 with beam 24
WARNING (gmm-align-compiled[5.3]:AlignUtteranceWrapper():decoder-wrappers.cc:477) Did not successfully decode file hi2508M0003, len = 698
LOG (gmm-align-compiled[5.3]:main():gmm-align-compiled.cc:127) hi2508M0004
WARNING (gmm-align-compiled[5.3]:AlignUtteranceWrapper():decoder-wrappers.cc:468) Retrying utterance hi2508M0004 with beam 24
WARNING (gmm-align-compiled[5.3]:AlignUtteranceWrapper():decoder-wrappers.cc:477) Did not successfully decode file hi2508M0004, len = 698
LOG (gmm-align-compiled[5.3]:main():gmm-align-compiled.cc:127) hi2508M0005
WARNING (gmm-align-compiled[5.3]:AlignUtteranceWrapper():decoder-wrappers.cc:468) Retrying utterance hi2508M0005 with beam 24
WARNING (gmm-align-compiled[5.3]:AlignUtteranceWrapper():decoder-wrappers.cc:477) Did not successfully decode file hi2508M0005, len = 698
LOG (gmm-align-compiled[5.3]:main():gmm-align-compiled.cc:127) hi2508M0006
WARNING (gmm-align-compiled[5.3]:AlignUtteranceWrapper():decoder-wrappers.cc:468) Retrying utterance hi2508M0006 with beam 24
WARNING (gmm-align-compiled[5.3]:AlignUtteranceWrapper():decoder-wrappers.cc:477) Did not successfully decode file hi2508M0006, len = 698
LOG (gmm-align-compiled[5.3]:main():gmm-align-compiled.cc:127) hi2508M0007
WARNING (gmm-align-compiled[5.3]:AlignUtteranceWrapper():decoder-wrappers.cc:468) Retrying utterance hi2508M0007 with beam 24
LOG (gmm-align-compiled[5.3]:main():gmm-align-compiled.cc:127) hi2508M0008
WARNING (gmm-align-compiled[5.3]:AlignUtteranceWrapper():decoder-wrappers.cc:468) Retrying utterance hi2508M0008 with beam 24
WARNING (gmm-align-compiled[5.3]:AlignUtteranceWrapper():decoder-wrappers.cc:477) Did not successfully decode file hi2508M0008, len = 698
LOG (gmm-align-compiled[5.3]:main():gmm-align-compiled.cc:127) hi2508M0009
WARNING (gmm-align-compiled[5.3]:AlignUtteranceWrapper():decoder-wrappers.cc:468) Retrying utterance hi2508M0009 with beam 24
WARNING (gmm-align-compiled[5.3]:AlignUtteranceWrapper():decoder-wrappers.cc:477) Did not successfully decode file hi2508M0009, len = 698
LOG (gmm-align-compiled[5.3]:main():gmm-align-compiled.cc:127) hi2508M0010
WARNING (gmm-align-compiled[5.3]:AlignUtteranceWrapper():decoder-wrappers.cc:468) Retrying utterance hi2508M0010 with beam 24
LOG (gmm-align-compiled[5.3]:main():gmm-align-compiled.cc:127) hi2508M0011
WARNING (gmm-align-compiled[5.3]:AlignUtteranceWrapper():decoder-wrappers.cc:468) Retrying utterance hi2508M0011 with beam 24
LOG (gmm-align-compiled[5.3]:main():gmm-align-compiled.cc:127) hi2508M0012
WARNING (gmm-align-compiled[5.3]:AlignUtteranceWrapper():decoder-wrappers.cc:468) Retrying utterance hi2508M0012 with beam 24
LOG (gmm-align-compiled[5.3]:main():gmm-align-compiled.cc:127) hi2508M0013
WARNING (gmm-align-compiled[5.3]:AlignUtteranceWrapper():decoder-wrappers.cc:468) Retrying utterance hi2508M0013 with beam 24
WARNING (gmm-align-compiled[5.3]:AlignUtteranceWrapper():decoder-wrappers.cc:477) Did not successfully decode file hi2508M0013, len = 698
LOG (gmm-align-compiled[5.3]:main():gmm-align-compiled.cc:127) hi2508M0014
WARNING (gmm-align-compiled[5.3]:AlignUtteranceWrapper():decoder-wrappers.cc:468) Retrying utterance hi2508M0014 with beam 24
LOG (gmm-align-compiled[5.3]:main():gmm-align-compiled.cc:127) hi2508M0015
WARNING (gmm-align-compiled[5.3]:AlignUtteranceWrapper():decoder-wrappers.cc:468) Retrying utterance hi2508M0015 with beam 24
LOG (gmm-align-compiled[5.3]:main():gmm-align-compiled.cc:127) hi2508M0016
WARNING (gmm-align-compiled[5.3]:AlignUtteranceWrapper():decoder-wrappers.cc:468) Retrying utterance hi2508M0016 with beam 24
WARNING (gmm-align-compiled[5.3]:AlignUtteranceWrapper():decoder-wrappers.cc:477) Did not successfully decode file hi2508M0016, len = 698
LOG (gmm-align-compiled[5.3]:main():gmm-align-compiled.cc:127) hi2508M0017
WARNING (gmm-align-compiled[5.3]:AlignUtteranceWrapper():decoder-wrappers.cc:468) Retrying utterance hi2508M0017 with beam 24
LOG (gmm-align-compiled[5.3]:main():gmm-align-compiled.cc:127) hi2508M0018
WARNING (gmm-align-compiled[5.3]:AlignUtteranceWrapper():decoder-wrappers.cc:468) Retrying utterance hi2508M0018 with beam 24
LOG (gmm-align-compiled[5.3]:main():gmm-align-compiled.cc:127) hi2508M0019
WARNING (gmm-align-compiled[5.3]:AlignUtteranceWrapper():decoder-wrappers.cc:468) Retrying utterance hi2508M0019 with beam 24
WARNING (gmm-align-compiled[5.3]:AlignUtteranceWrapper():decoder-wrappers.cc:477) Did not successfully decode file hi2508M0019, len = 698
LOG (gmm-align-compiled[5.3]:main():gmm-align-compiled.cc:127) hi2508M0020
WARNING (gmm-align-compiled[5.3]:AlignUtteranceWrapper():decoder-wrappers.cc:468) Retrying utterance hi2508M0020 with beam 24
LOG (gmm-align-compiled[5.3]:main():gmm-align-compiled.cc:127) hi2508M0021
WARNING (gmm-align-compiled[5.3]:AlignUtteranceWrapper():decoder-wrappers.cc:468) Retrying utterance hi2508M0021 with beam 24
LOG (gmm-align-compiled[5.3]:main():gmm-align-compiled.cc:127) hi2508M0022
WARNING (gmm-align-compiled[5.3]:AlignUtteranceWrapper():decoder-wrappers.cc:468) Retrying utterance hi2508M0022 with beam 24
LOG (gmm-align-compiled[5.3]:main():gmm-align-compiled.cc:127) hi2508M0023
WARNING (gmm-align-compiled[5.3]:AlignUtteranceWrapper():decoder-wrappers.cc:468) Retrying utterance hi2508M0023 with beam 24
LOG (gmm-align-compiled[5.3]:main():gmm-align-compiled.cc:127) hi2508M0024
WARNING (gmm-align-compiled[5.3]:AlignUtteranceWrapper():decoder-wrappers.cc:468) Retrying utterance hi2508M0024 with beam 24
LOG (gmm-align-compiled[5.3]:main():gmm-align-compiled.cc:127) hi2508M0025
WARNING (gmm-align-compiled[5.3]:AlignUtteranceWrapper():decoder-wrappers.cc:468) Retrying utterance hi2508M0025 with beam 24
LOG (gmm-align-compiled[5.3]:main():gmm-align-compiled.cc:127) hi2508M0026
WARNING (gmm-align-compiled[5.3]:AlignUtteranceWrapper():decoder-wrappers.cc:468) Retrying utterance hi2508M0026 with beam 24
LOG (gmm-align-compiled[5.3]:main():gmm-align-compiled.cc:127) hi2508M0027
WARNING (gmm-align-compiled[5.3]:AlignUtteranceWrapper():decoder-wrappers.cc:468) Retrying utterance hi2508M0027 with beam 24
LOG (gmm-align-compiled[5.3]:main():gmm-align-compiled.cc:127) hi2508M0028
WARNING (gmm-align-compiled[5.3]:AlignUtteranceWrapper():decoder-wrappers.cc:468) Retrying utterance hi2508M0028 with beam 24
LOG (gmm-align-compiled[5.3]:main():gmm-align-compiled.cc:127) hi2508M0029
WARNING (gmm-align-compiled[5.3]:AlignUtteranceWrapper():decoder-wrappers.cc:468) Retrying utterance hi2508M0029 with beam 24
LOG (gmm-align-compiled[5.3]:main():gmm-align-compiled.cc:127) hi2508M0030
WARNING (gmm-align-compiled[5.3]:AlignUtteranceWrapper():decoder-wrappers.cc:468) Retrying utterance hi2508M0030 with beam 24
LOG (gmm-align-compiled[5.3]:main():gmm-align-compiled.cc:127) hi2508M0031
WARNING (gmm-align-compiled[5.3]:AlignUtteranceWrapper():decoder-wrappers.cc:468) Retrying utterance hi2508M0031 with beam 24
LOG (gmm-align-compiled[5.3]:main():gmm-align-compiled.cc:127) hi2508M0032
WARNING (gmm-align-compiled[5.3]:AlignUtteranceWrapper():decoder-wrappers.cc:468) Retrying utterance hi2508M0032 with beam 24
LOG (gmm-align-compiled[5.3]:main():gmm-align-compiled.cc:127) hi2508M0033
WARNING (gmm-align-compiled[5.3]:AlignUtteranceWrapper():decoder-wrappers.cc:468) Retrying utterance hi2508M0033 with beam 24
WARNING (gmm-align-compiled[5.3]:AlignUtteranceWrapper():decoder-wrappers.cc:477) Did not successfully decode file hi2508M0033, len = 698
LOG (gmm-align-compiled[5.3]:main():gmm-align-compiled.cc:127) hi2508M0034
WARNING (gmm-align-compiled[5.3]:AlignUtteranceWrapper():decoder-wrappers.cc:468) Retrying utterance hi2508M0034 with beam 24
LOG (gmm-align-compiled[5.3]:main():gmm-align-compiled.cc:127) hi2508M0035
WARNING (gmm-align-compiled[5.3]:AlignUtteranceWrapper():decoder-wrappers.cc:468) Retrying utterance hi2508M0035 with beam 24
LOG (gmm-align-compiled[5.3]:main():gmm-align-compiled.cc:127) hi2508M0036
LOG (gmm-align-compiled[5.3]:main():gmm-align-compiled.cc:127) hi2508M0037
WARNING (gmm-align-compiled[5.3]:AlignUtteranceWrapper():decoder-wrappers.cc:468) Retrying utterance hi2508M0037 with beam 24
LOG (gmm-align-compiled[5.3]:main():gmm-align-compiled.cc:127) hi2508M0038
WARNING (gmm-align-compiled[5.3]:AlignUtteranceWrapper():decoder-wrappers.cc:468) Retrying utterance hi2508M0038 with beam 24
WARNING (gmm-align-compiled[5.3]:AlignUtteranceWrapper():decoder-wrappers.cc:477) Did not successfully decode file hi2508M0038, len = 698
LOG (gmm-align-compiled[5.3]:main():gmm-align-compiled.cc:127) hi2508M0039
WARNING (gmm-align-compiled[5.3]:AlignUtteranceWrapper():decoder-wrappers.cc:468) Retrying utterance hi2508M0039 with beam 24
LOG (gmm-align-compiled[5.3]:main():gmm-align-compiled.cc:127) hi2508M0040
WARNING (gmm-align-compiled[5.3]:AlignUtteranceWrapper():decoder-wrappers.cc:468) Retrying utterance hi2508M0040 with beam 24
LOG (gmm-align-compiled[5.3]:main():gmm-align-compiled.cc:127) hi2508M0041
WARNING (gmm-align-compiled[5.3]:AlignUtteranceWrapper():decoder-wrappers.cc:468) Retrying utterance hi2508M0041 with beam 24
LOG (gmm-align-compiled[5.3]:main():gmm-align-compiled.cc:127) hi2508M0042
WARNING (gmm-align-compiled[5.3]:AlignUtteranceWrapper():decoder-wrappers.cc:468) Retrying utterance hi2508M0042 with beam 24
LOG (gmm-align-compiled[5.3]:main():gmm-align-compiled.cc:127) hi2508M0043
WARNING (gmm-align-compiled[5.3]:AlignUtteranceWrapper():decoder-wrappers.cc:468) Retrying utterance hi2508M0043 with beam 24
WARNING (gmm-align-compiled[5.3]:AlignUtteranceWrapper():decoder-wrappers.cc:477) Did not successfully decode file hi2508M0043, len = 698
LOG (gmm-align-compiled[5.3]:main():gmm-align-compiled.cc:127) hi2508M0044
WARNING (gmm-align-compiled[5.3]:AlignUtteranceWrapper():decoder-wrappers.cc:468) Retrying utterance hi2508M0044 with beam 24
LOG (gmm-align-compiled[5.3]:main():gmm-align-compiled.cc:127) hi2508M0045
WARNING (gmm-align-compiled[5.3]:AlignUtteranceWrapper():decoder-wrappers.cc:468) Retrying utterance hi2508M0045 with beam 24
LOG (gmm-align-compiled[5.3]:main():gmm-align-compiled.cc:127) hi2508M0046
WARNING (gmm-align-compiled[5.3]:AlignUtteranceWrapper():decoder-wrappers.cc:468) Retrying utterance hi2508M0046 with beam 24
LOG (gmm-align-compiled[5.3]:main():gmm-align-compiled.cc:127) hi2508M0047
WARNING (gmm-align-compiled[5.3]:AlignUtteranceWrapper():decoder-wrappers.cc:468) Retrying utterance hi2508M0047 with beam 24
LOG (gmm-align-compiled[5.3]:main():gmm-align-compiled.cc:127) hi2508M0048
WARNING (gmm-align-compiled[5.3]:AlignUtteranceWrapper():decoder-wrappers.cc:468) Retrying utterance hi2508M0048 with beam 24
WARNING (gmm-align-compiled[5.3]:AlignUtteranceWrapper():decoder-wrappers.cc:477) Did not successfully decode file hi2508M0048, len = 698
LOG (gmm-align-compiled[5.3]:main():gmm-align-compiled.cc:127) hi2508M0049
LOG (gmm-align-compiled[5.3]:main():gmm-align-compiled.cc:127) hi2508M0050
WARNING (gmm-align-compiled[5.3]:AlignUtteranceWrapper():decoder-wrappers.cc:468) Retrying utterance hi2508M0050 with beam 24
LOG (gmm-align-compiled[5.3]:main():gmm-align-compiled.cc:127) hi2508M0051
WARNING (gmm-align-compiled[5.3]:AlignUtteranceWrapper():decoder-wrappers.cc:468) Retrying utterance hi2508M0051 with beam 24
LOG (gmm-align-compiled[5.3]:main():gmm-align-compiled.cc:127) hi2508M0052
WARNING (gmm-align-compiled[5.3]:AlignUtteranceWrapper():decoder-wrappers.cc:468) Retrying utterance hi2508M0052 with beam 24
LOG (gmm-align-compiled[5.3]:main():gmm-align-compiled.cc:127) hi2508M0053
WARNING (gmm-align-compiled[5.3]:AlignUtteranceWrapper():decoder-wrappers.cc:468) Retrying utterance hi2508M0053 with beam 24
WARNING (gmm-align-compiled[5.3]:AlignUtteranceWrapper():decoder-wrappers.cc:477) Did not successfully decode file hi2508M0053, len = 698
LOG (gmm-align-compiled[5.3]:main():gmm-align-compiled.cc:127) hi2508M0054
WARNING (gmm-align-compiled[5.3]:AlignUtteranceWrapper():decoder-wrappers.cc:468) Retrying utterance hi2508M0054 with beam 24
LOG (gmm-align-compiled[5.3]:main():gmm-align-compiled.cc:127) hi2508M0055
WARNING (gmm-align-compiled[5.3]:AlignUtteranceWrapper():decoder-wrappers.cc:468) Retrying utterance hi2508M0055 with beam 24
LOG (gmm-align-compiled[5.3]:main():gmm-align-compiled.cc:127) hi2508M0056
WARNING (gmm-align-compiled[5.3]:AlignUtteranceWrapper():decoder-wrappers.cc:468) Retrying utterance hi2508M0056 with beam 24
LOG (gmm-align-compiled[5.3]:main():gmm-align-compiled.cc:127) hi2508M0057
LOG (gmm-align-compiled[5.3]:main():gmm-align-compiled.cc:127) hi2508M0058
WARNING (gmm-align-compiled[5.3]:AlignUtteranceWrapper():decoder-wrappers.cc:468) Retrying utterance hi2508M0058 with beam 24
LOG (gmm-align-compiled[5.3]:main():gmm-align-compiled.cc:127) hi2508M0059
WARNING (gmm-align-compiled[5.3]:AlignUtteranceWrapper():decoder-wrappers.cc:468) Retrying utterance hi2508M0059 with beam 24
LOG (gmm-align-compiled[5.3]:main():gmm-align-compiled.cc:127) hi2508M0060
WARNING (gmm-align-compiled[5.3]:AlignUtteranceWrapper():decoder-wrappers.cc:468) Retrying utterance hi2508M0060 with beam 24
WARNING (gmm-align-compiled[5.3]:AlignUtteranceWrapper():decoder-wrappers.cc:477) Did not successfully decode file hi2508M0060, len = 698
LOG (gmm-align-compiled[5.3]:main():gmm-align-compiled.cc:127) hi2508M0061
WARNING (gmm-align-compiled[5.3]:AlignUtteranceWrapper():decoder-wrappers.cc:468) Retrying utterance hi2508M0061 with beam 24
LOG (gmm-align-compiled[5.3]:main():gmm-align-compiled.cc:127) hi2508M0062
WARNING (gmm-align-compiled[5.3]:AlignUtteranceWrapper():decoder-wrappers.cc:468) Retrying utterance hi2508M0062 with beam 24
LOG (gmm-align-compiled[5.3]:main():gmm-align-compiled.cc:127) hi2508M0063
LOG (gmm-align-compiled[5.3]:main():gmm-align-compiled.cc:127) hi2508M0064
WARNING (gmm-align-compiled[5.3]:AlignUtteranceWrapper():decoder-wrappers.cc:468) Retrying utterance hi2508M0064 with beam 24
LOG (gmm-align-compiled[5.3]:main():gmm-align-compiled.cc:127) hi2508M0065
WARNING (gmm-align-compiled[5.3]:AlignUtteranceWrapper():decoder-wrappers.cc:468) Retrying utterance hi2508M0065 with beam 24
LOG (gmm-align-compiled[5.3]:main():gmm-align-compiled.cc:127) hi2508M0066
WARNING (gmm-align-compiled[5.3]:AlignUtteranceWrapper():decoder-wrappers.cc:468) Retrying utterance hi2508M0066 with beam 24
WARNING (gmm-align-compiled[5.3]:AlignUtteranceWrapper():decoder-wrappers.cc:477) Did not successfully decode file hi2508M0066, len = 698
LOG (gmm-align-compiled[5.3]:main():gmm-align-compiled.cc:127) hi2508M0067
LOG (gmm-align-compiled[5.3]:main():gmm-align-compiled.cc:127) hi2508M0068
LOG (gmm-align-compiled[5.3]:main():gmm-align-compiled.cc:127) hi2508M0069
WARNING (gmm-align-compiled[5.3]:AlignUtteranceWrapper():decoder-wrappers.cc:468) Retrying utterance hi2508M0069 with beam 24
WARNING (gmm-align-compiled[5.3]:AlignUtteranceWrapper():decoder-wrappers.cc:477) Did not successfully decode file hi2508M0069, len = 698
LOG (gmm-align-compiled[5.3]:main():gmm-align-compiled.cc:127) hi2508M0070
WARNING (gmm-align-compiled[5.3]:AlignUtteranceWrapper():decoder-wrappers.cc:468) Retrying utterance hi2508M0070 with beam 24
LOG (gmm-align-compiled[5.3]:main():gmm-align-compiled.cc:127) hi2508M0071
WARNING (gmm-align-compiled[5.3]:AlignUtteranceWrapper():decoder-wrappers.cc:468) Retrying utterance hi2508M0071 with beam 24
LOG (gmm-align-compiled[5.3]:main():gmm-align-compiled.cc:127) hi2508M0072
WARNING (gmm-align-compiled[5.3]:AlignUtteranceWrapper():decoder-wrappers.cc:468) Retrying utterance hi2508M0072 with beam 24
LOG (gmm-align-compiled[5.3]:main():gmm-align-compiled.cc:127) hi2508M0073
WARNING (gmm-align-compiled[5.3]:AlignUtteranceWrapper():decoder-wrappers.cc:468) Retrying utterance hi2508M0073 with beam 24
LOG (gmm-align-compiled[5.3]:main():gmm-align-compiled.cc:127) hi2508M0074
WARNING (gmm-align-compiled[5.3]:AlignUtteranceWrapper():decoder-wrappers.cc:468) Retrying utterance hi2508M0074 with beam 24
WARNING (gmm-align-compiled[5.3]:AlignUtteranceWrapper():decoder-wrappers.cc:477) Did not successfully decode file hi2508M0074, len = 698
LOG (gmm-align-compiled[5.3]:main():gmm-align-compiled.cc:127) hi2508M0075
WARNING (gmm-align-compiled[5.3]:AlignUtteranceWrapper():decoder-wrappers.cc:468) Retrying utterance hi2508M0075 with beam 24
WARNING (gmm-align-compiled[5.3]:AlignUtteranceWrapper():decoder-wrappers.cc:477) Did not successfully decode file hi2508M0075, len = 698
LOG (gmm-align-compiled[5.3]:main():gmm-align-compiled.cc:127) hi2508M0076
WARNING (gmm-align-compiled[5.3]:AlignUtteranceWrapper():decoder-wrappers.cc:468) Retrying utterance hi2508M0076 with beam 24
LOG (gmm-align-compiled[5.3]:main():gmm-align-compiled.cc:127) hi2508M0077
LOG (gmm-align-compiled[5.3]:main():gmm-align-compiled.cc:127) hi2508M0078
LOG (gmm-align-compiled[5.3]:main():gmm-align-compiled.cc:127) hi2508M0079
WARNING (gmm-align-compiled[5.3]:AlignUtteranceWrapper():decoder-wrappers.cc:468) Retrying utterance hi2508M0079 with beam 24
LOG (gmm-align-compiled[5.3]:main():gmm-align-compiled.cc:127) hi2508M0080
WARNING (gmm-align-compiled[5.3]:AlignUtteranceWrapper():decoder-wrappers.cc:468) Retrying utterance hi2508M0080 with beam 24
LOG (gmm-align-compiled[5.3]:main():gmm-align-compiled.cc:127) hi2508M0081
WARNING (gmm-align-compiled[5.3]:AlignUtteranceWrapper():decoder-wrappers.cc:468) Retrying utterance hi2508M0081 with beam 24
LOG (gmm-align-compiled[5.3]:main():gmm-align-compiled.cc:127) hi2508M0082
WARNING (gmm-align-compiled[5.3]:AlignUtteranceWrapper():decoder-wrappers.cc:468) Retrying utterance hi2508M0082 with beam 24
LOG (gmm-align-compiled[5.3]:main():gmm-align-compiled.cc:127) hi2508M0083
WARNING (gmm-align-compiled[5.3]:AlignUtteranceWrapper():decoder-wrappers.cc:468) Retrying utterance hi2508M0083 with beam 24
LOG (gmm-align-compiled[5.3]:main():gmm-align-compiled.cc:127) hi2508M0084
WARNING (gmm-align-compiled[5.3]:AlignUtteranceWrapper():decoder-wrappers.cc:468) Retrying utterance hi2508M0084 with beam 24
LOG (gmm-align-compiled[5.3]:main():gmm-align-compiled.cc:127) hi2508M0085
WARNING (gmm-align-compiled[5.3]:AlignUtteranceWrapper():decoder-wrappers.cc:468) Retrying utterance hi2508M0085 with beam 24
LOG (gmm-align-compiled[5.3]:main():gmm-align-compiled.cc:127) hi2508M0086
WARNING (gmm-align-compiled[5.3]:AlignUtteranceWrapper():decoder-wrappers.cc:468) Retrying utterance hi2508M0086 with beam 24
LOG (gmm-align-compiled[5.3]:main():gmm-align-compiled.cc:127) hi2508M0087
WARNING (gmm-align-compiled[5.3]:AlignUtteranceWrapper():decoder-wrappers.cc:468) Retrying utterance hi2508M0087 with beam 24
LOG (gmm-align-compiled[5.3]:main():gmm-align-compiled.cc:127) hi2508M0088
WARNING (gmm-align-compiled[5.3]:AlignUtteranceWrapper():decoder-wrappers.cc:468) Retrying utterance hi2508M0088 with beam 24
LOG (gmm-align-compiled[5.3]:main():gmm-align-compiled.cc:127) hi2508M0089
LOG (gmm-align-compiled[5.3]:main():gmm-align-compiled.cc:127) hi2508M0090
WARNING (gmm-align-compiled[5.3]:AlignUtteranceWrapper():decoder-wrappers.cc:468) Retrying utterance hi2508M0090 with beam 24
LOG (gmm-align-compiled[5.3]:main():gmm-align-compiled.cc:127) hi2508M0091
WARNING (gmm-align-compiled[5.3]:AlignUtteranceWrapper():decoder-wrappers.cc:468) Retrying utterance hi2508M0091 with beam 24
LOG (gmm-align-compiled[5.3]:main():gmm-align-compiled.cc:127) hi2508M0092
WARNING (gmm-align-compiled[5.3]:AlignUtteranceWrapper():decoder-wrappers.cc:468) Retrying utterance hi2508M0092 with beam 24
LOG (gmm-align-compiled[5.3]:main():gmm-align-compiled.cc:127) hi2508M0093
WARNING (gmm-align-compiled[5.3]:AlignUtteranceWrapper():decoder-wrappers.cc:468) Retrying utterance hi2508M0093 with beam 24
LOG (gmm-align-compiled[5.3]:main():gmm-align-compiled.cc:127) hi2508M0094
WARNING (gmm-align-compiled[5.3]:AlignUtteranceWrapper():decoder-wrappers.cc:468) Retrying utterance hi2508M0094 with beam 24
LOG (gmm-align-compiled[5.3]:main():gmm-align-compiled.cc:127) hi2508M0095
WARNING (gmm-align-compiled[5.3]:AlignUtteranceWrapper():decoder-wrappers.cc:468) Retrying utterance hi2508M0095 with beam 24
LOG (gmm-align-compiled[5.3]:main():gmm-align-compiled.cc:127) hi2508M0096
WARNING (gmm-align-compiled[5.3]:AlignUtteranceWrapper():decoder-wrappers.cc:468) Retrying utterance hi2508M0096 with beam 24
LOG (gmm-align-compiled[5.3]:main():gmm-align-compiled.cc:127) hi2508M0097
WARNING (gmm-align-compiled[5.3]:AlignUtteranceWrapper():decoder-wrappers.cc:468) Retrying utterance hi2508M0097 with beam 24
LOG (gmm-align-compiled[5.3]:main():gmm-align-compiled.cc:127) hi2508M0098
WARNING (gmm-align-compiled[5.3]:AlignUtteranceWrapper():decoder-wrappers.cc:468) Retrying utterance hi2508M0098 with beam 24
WARNING (gmm-align-compiled[5.3]:AlignUtteranceWrapper():decoder-wrappers.cc:477) Did not successfully decode file hi2508M0098, len = 698
LOG (gmm-align-compiled[5.3]:main():gmm-align-compiled.cc:127) hi2508M0099
WARNING (gmm-align-compiled[5.3]:AlignUtteranceWrapper():decoder-wrappers.cc:468) Retrying utterance hi2508M0099 with beam 24
LOG (gmm-align-compiled[5.3]:main():gmm-align-compiled.cc:127) hi2508M0100
WARNING (gmm-align-compiled[5.3]:AlignUtteranceWrapper():decoder-wrappers.cc:468) Retrying utterance hi2508M0100 with beam 24
LOG (gmm-align-compiled[5.3]:main():gmm-align-compiled.cc:127) hi2508M0121
WARNING (gmm-align-compiled[5.3]:AlignUtteranceWrapper():decoder-wrappers.cc:468) Retrying utterance hi2508M0121 with beam 24
LOG (gmm-align-compiled[5.3]:main():gmm-align-compiled.cc:127) hi2508M0122
WARNING (gmm-align-compiled[5.3]:AlignUtteranceWrapper():decoder-wrappers.cc:468) Retrying utterance hi2508M0122 with beam 24
LOG (gmm-align-compiled[5.3]:main():gmm-align-compiled.cc:127) hi2508M0123
WARNING (gmm-align-compiled[5.3]:AlignUtteranceWrapper():decoder-wrappers.cc:468) Retrying utterance hi2508M0123 with beam 24
LOG (gmm-align-compiled[5.3]:main():gmm-align-compiled.cc:127) hi2508M0124
WARNING (gmm-align-compiled[5.3]:AlignUtteranceWrapper():decoder-wrappers.cc:468) Retrying utterance hi2508M0124 with beam 24
LOG (gmm-align-compiled[5.3]:main():gmm-align-compiled.cc:127) hi2508M0125
WARNING (gmm-align-compiled[5.3]:AlignUtteranceWrapper():decoder-wrappers.cc:468) Retrying utterance hi2508M0125 with beam 24
WARNING (gmm-align-compiled[5.3]:AlignUtteranceWrapper():decoder-wrappers.cc:477) Did not successfully decode file hi2508M0125, len = 698
LOG (gmm-align-compiled[5.3]:main():gmm-align-compiled.cc:127) hi2508M0126
LOG (gmm-align-compiled[5.3]:main():gmm-align-compiled.cc:127) hi2508M0127
WARNING (gmm-align-compiled[5.3]:AlignUtteranceWrapper():decoder-wrappers.cc:468) Retrying utterance hi2508M0127 with beam 24
WARNING (gmm-align-compiled[5.3]:AlignUtteranceWrapper():decoder-wrappers.cc:477) Did not successfully decode file hi2508M0127, len = 698
LOG (gmm-align-compiled[5.3]:main():gmm-align-compiled.cc:127) hi2508M0128
WARNING (gmm-align-compiled[5.3]:AlignUtteranceWrapper():decoder-wrappers.cc:468) Retrying utterance hi2508M0128 with beam 24
LOG (gmm-align-compiled[5.3]:main():gmm-align-compiled.cc:127) hi2508M0129
WARNING (gmm-align-compiled[5.3]:AlignUtteranceWrapper():decoder-wrappers.cc:468) Retrying utterance hi2508M0129 with beam 24
LOG (gmm-align-compiled[5.3]:main():gmm-align-compiled.cc:127) hi2508M0130
WARNING (gmm-align-compiled[5.3]:AlignUtteranceWrapper():decoder-wrappers.cc:468) Retrying utterance hi2508M0130 with beam 24
LOG (gmm-align-compiled[5.3]:main():gmm-align-compiled.cc:127) hi2508M0131
WARNING (gmm-align-compiled[5.3]:AlignUtteranceWrapper():decoder-wrappers.cc:468) Retrying utterance hi2508M0131 with beam 24
LOG (gmm-align-compiled[5.3]:main():gmm-align-compiled.cc:127) hi2508M0132
WARNING (gmm-align-compiled[5.3]:AlignUtteranceWrapper():decoder-wrappers.cc:468) Retrying utterance hi2508M0132 with beam 24
LOG (gmm-align-compiled[5.3]:main():gmm-align-compiled.cc:127) hi2508M0133
WARNING (gmm-align-compiled[5.3]:AlignUtteranceWrapper():decoder-wrappers.cc:468) Retrying utterance hi2508M0133 with beam 24
LOG (gmm-align-compiled[5.3]:main():gmm-align-compiled.cc:127) hi2508M0134
WARNING (gmm-align-compiled[5.3]:AlignUtteranceWrapper():decoder-wrappers.cc:468) Retrying utterance hi2508M0134 with beam 24
LOG (gmm-align-compiled[5.3]:main():gmm-align-compiled.cc:127) hi2508M0135
WARNING (gmm-align-compiled[5.3]:AlignUtteranceWrapper():decoder-wrappers.cc:468) Retrying utterance hi2508M0135 with beam 24
WARNING (gmm-align-compiled[5.3]:AlignUtteranceWrapper():decoder-wrappers.cc:477) Did not successfully decode file hi2508M0135, len = 698
LOG (gmm-align-compiled[5.3]:main():gmm-align-compiled.cc:127) hi2508M0136
WARNING (gmm-align-compiled[5.3]:AlignUtteranceWrapper():decoder-wrappers.cc:468) Retrying utterance hi2508M0136 with beam 24
LOG (gmm-align-compiled[5.3]:main():gmm-align-compiled.cc:127) hi2508M0137
WARNING (gmm-align-compiled[5.3]:AlignUtteranceWrapper():decoder-wrappers.cc:468) Retrying utterance hi2508M0137 with beam 24
LOG (gmm-align-compiled[5.3]:main():gmm-align-compiled.cc:127) hi2508M0138
WARNING (gmm-align-compiled[5.3]:AlignUtteranceWrapper():decoder-wrappers.cc:468) Retrying utterance hi2508M0138 with beam 24
LOG (gmm-align-compiled[5.3]:main():gmm-align-compiled.cc:127) hi2508M0139
WARNING (gmm-align-compiled[5.3]:AlignUtteranceWrapper():decoder-wrappers.cc:468) Retrying utterance hi2508M0139 with beam 24
WARNING (gmm-align-compiled[5.3]:AlignUtteranceWrapper():decoder-wrappers.cc:477) Did not successfully decode file hi2508M0139, len = 698
LOG (gmm-align-compiled[5.3]:main():gmm-align-compiled.cc:127) hi2508M0140
WARNING (gmm-align-compiled[5.3]:AlignUtteranceWrapper():decoder-wrappers.cc:468) Retrying utterance hi2508M0140 with beam 24
LOG (gmm-align-compiled[5.3]:main():gmm-align-compiled.cc:127) hi2508M0141
WARNING (gmm-align-compiled[5.3]:AlignUtteranceWrapper():decoder-wrappers.cc:468) Retrying utterance hi2508M0141 with beam 24
LOG (gmm-align-compiled[5.3]:main():gmm-align-compiled.cc:127) hi2508M0142
WARNING (gmm-align-compiled[5.3]:AlignUtteranceWrapper():decoder-wrappers.cc:468) Retrying utterance hi2508M0142 with beam 24
LOG (gmm-align-compiled[5.3]:main():gmm-align-compiled.cc:127) hi2508M0143
WARNING (gmm-align-compiled[5.3]:AlignUtteranceWrapper():decoder-wrappers.cc:468) Retrying utterance hi2508M0143 with beam 24
LOG (gmm-align-compiled[5.3]:main():gmm-align-compiled.cc:127) hi2508M0144
WARNING (gmm-align-compiled[5.3]:AlignUtteranceWrapper():decoder-wrappers.cc:468) Retrying utterance hi2508M0144 with beam 24
LOG (gmm-align-compiled[5.3]:main():gmm-align-compiled.cc:127) hi2508M0145
WARNING (gmm-align-compiled[5.3]:AlignUtteranceWrapper():decoder-wrappers.cc:468) Retrying utterance hi2508M0145 with beam 24
LOG (gmm-align-compiled[5.3]:main():gmm-align-compiled.cc:127) hi2508M0146
WARNING (gmm-align-compiled[5.3]:AlignUtteranceWrapper():decoder-wrappers.cc:468) Retrying utterance hi2508M0146 with beam 24
LOG (gmm-align-compiled[5.3]:main():gmm-align-compiled.cc:127) hi2508M0147
WARNING (gmm-align-compiled[5.3]:AlignUtteranceWrapper():decoder-wrappers.cc:468) Retrying utterance hi2508M0147 with beam 24
LOG (apply-cmvn[5.3]:main():apply-cmvn.cc:162) Applied cepstral mean normalization to 260 utterances, errors on 0
LOG (gmm-align-compiled[5.3]:main():gmm-align-compiled.cc:127) hi2508M0148
WARNING (gmm-align-compiled[5.3]:AlignUtteranceWrapper():decoder-wrappers.cc:468) Retrying utterance hi2508M0148 with beam 24
LOG (gmm-align-compiled[5.3]:main():gmm-align-compiled.cc:127) hi2508M0149
WARNING (gmm-align-compiled[5.3]:AlignUtteranceWrapper():decoder-wrappers.cc:468) Retrying utterance hi2508M0149 with beam 24
WARNING (gmm-align-compiled[5.3]:AlignUtteranceWrapper():decoder-wrappers.cc:477) Did not successfully decode file hi2508M0149, len = 698
LOG (gmm-align-compiled[5.3]:main():gmm-align-compiled.cc:127) hi2508M0150
WARNING (gmm-align-compiled[5.3]:AlignUtteranceWrapper():decoder-wrappers.cc:468) Retrying utterance hi2508M0150 with beam 24
WARNING (gmm-align-compiled[5.3]:AlignUtteranceWrapper():decoder-wrappers.cc:477) Did not successfully decode file hi2508M0150, len = 698
LOG (gmm-align-compiled[5.3]:main():gmm-align-compiled.cc:135) Overall log-likelihood per frame is -104.11 over 148674 frames.
LOG (gmm-align-compiled[5.3]:main():gmm-align-compiled.cc:137) Retried 224 out of 260 utterances.
LOG (gmm-align-compiled[5.3]:main():gmm-align-compiled.cc:139) Done 213, errors on 47
# Accounting: time=79 threads=1
# Ended (code 0) at Sat Dec 23 21:44:14 IST 2017, elapsed time 79 seconds
