# gmm-align-compiled --transition-scale=1.0 --acoustic-scale=0.1 --self-loop-scale=0.1 --beam=6 --retry-beam=24 --careful=false "gmm-boost-silence --boost=1.0 1 exp/mono/1.mdl - |" "ark:gunzip -c exp/mono/fsts.2.gz|" "ark,s,cs:apply-cmvn  --utt2spk=ark:data/train/split4/2/utt2spk scp:data/train/split4/2/cmvn.scp scp:data/train/split4/2/feats.scp ark:- | add-deltas ark:- ark:- |" "ark,t:|gzip -c >exp/mono/ali.2.gz" 
# Started at Sat Dec 23 21:42:55 IST 2017
#
gmm-align-compiled --transition-scale=1.0 --acoustic-scale=0.1 --self-loop-scale=0.1 --beam=6 --retry-beam=24 --careful=false 'gmm-boost-silence --boost=1.0 1 exp/mono/1.mdl - |' 'ark:gunzip -c exp/mono/fsts.2.gz|' 'ark,s,cs:apply-cmvn  --utt2spk=ark:data/train/split4/2/utt2spk scp:data/train/split4/2/cmvn.scp scp:data/train/split4/2/feats.scp ark:- | add-deltas ark:- ark:- |' 'ark,t:|gzip -c >exp/mono/ali.2.gz' 
gmm-boost-silence --boost=1.0 1 exp/mono/1.mdl - 
WARNING (gmm-boost-silence[5.3]:main():gmm-boost-silence.cc:82) The pdfs for the silence phones may be shared by other phones (note: this probably does not matter.)
LOG (gmm-boost-silence[5.3]:main():gmm-boost-silence.cc:93) Boosted weights for 3 pdfs, by factor of 1
LOG (gmm-boost-silence[5.3]:main():gmm-boost-silence.cc:103) Wrote model to -
add-deltas ark:- ark:- 
apply-cmvn --utt2spk=ark:data/train/split4/2/utt2spk scp:data/train/split4/2/cmvn.scp scp:data/train/split4/2/feats.scp ark:- 
LOG (gmm-align-compiled[5.3]:main():gmm-align-compiled.cc:127) hi2503M0001
WARNING (gmm-align-compiled[5.3]:AlignUtteranceWrapper():decoder-wrappers.cc:468) Retrying utterance hi2503M0001 with beam 24
LOG (gmm-align-compiled[5.3]:main():gmm-align-compiled.cc:127) hi2503M0002
WARNING (gmm-align-compiled[5.3]:AlignUtteranceWrapper():decoder-wrappers.cc:468) Retrying utterance hi2503M0002 with beam 24
LOG (gmm-align-compiled[5.3]:main():gmm-align-compiled.cc:127) hi2503M0003
WARNING (gmm-align-compiled[5.3]:AlignUtteranceWrapper():decoder-wrappers.cc:468) Retrying utterance hi2503M0003 with beam 24
WARNING (gmm-align-compiled[5.3]:AlignUtteranceWrapper():decoder-wrappers.cc:477) Did not successfully decode file hi2503M0003, len = 698
LOG (gmm-align-compiled[5.3]:main():gmm-align-compiled.cc:127) hi2503M0004
WARNING (gmm-align-compiled[5.3]:AlignUtteranceWrapper():decoder-wrappers.cc:468) Retrying utterance hi2503M0004 with beam 24
WARNING (gmm-align-compiled[5.3]:AlignUtteranceWrapper():decoder-wrappers.cc:477) Did not successfully decode file hi2503M0004, len = 698
LOG (gmm-align-compiled[5.3]:main():gmm-align-compiled.cc:127) hi2503M0005
WARNING (gmm-align-compiled[5.3]:AlignUtteranceWrapper():decoder-wrappers.cc:468) Retrying utterance hi2503M0005 with beam 24
WARNING (gmm-align-compiled[5.3]:AlignUtteranceWrapper():decoder-wrappers.cc:477) Did not successfully decode file hi2503M0005, len = 698
LOG (gmm-align-compiled[5.3]:main():gmm-align-compiled.cc:127) hi2503M0006
WARNING (gmm-align-compiled[5.3]:AlignUtteranceWrapper():decoder-wrappers.cc:468) Retrying utterance hi2503M0006 with beam 24
WARNING (gmm-align-compiled[5.3]:AlignUtteranceWrapper():decoder-wrappers.cc:477) Did not successfully decode file hi2503M0006, len = 698
LOG (gmm-align-compiled[5.3]:main():gmm-align-compiled.cc:127) hi2503M0007
WARNING (gmm-align-compiled[5.3]:AlignUtteranceWrapper():decoder-wrappers.cc:468) Retrying utterance hi2503M0007 with beam 24
LOG (gmm-align-compiled[5.3]:main():gmm-align-compiled.cc:127) hi2503M0008
WARNING (gmm-align-compiled[5.3]:AlignUtteranceWrapper():decoder-wrappers.cc:468) Retrying utterance hi2503M0008 with beam 24
WARNING (gmm-align-compiled[5.3]:AlignUtteranceWrapper():decoder-wrappers.cc:477) Did not successfully decode file hi2503M0008, len = 698
LOG (gmm-align-compiled[5.3]:main():gmm-align-compiled.cc:127) hi2503M0009
WARNING (gmm-align-compiled[5.3]:AlignUtteranceWrapper():decoder-wrappers.cc:468) Retrying utterance hi2503M0009 with beam 24
LOG (gmm-align-compiled[5.3]:main():gmm-align-compiled.cc:127) hi2503M0010
WARNING (gmm-align-compiled[5.3]:AlignUtteranceWrapper():decoder-wrappers.cc:468) Retrying utterance hi2503M0010 with beam 24
LOG (gmm-align-compiled[5.3]:main():gmm-align-compiled.cc:127) hi2503M0011
WARNING (gmm-align-compiled[5.3]:AlignUtteranceWrapper():decoder-wrappers.cc:468) Retrying utterance hi2503M0011 with beam 24
LOG (gmm-align-compiled[5.3]:main():gmm-align-compiled.cc:127) hi2503M0012
WARNING (gmm-align-compiled[5.3]:AlignUtteranceWrapper():decoder-wrappers.cc:468) Retrying utterance hi2503M0012 with beam 24
LOG (gmm-align-compiled[5.3]:main():gmm-align-compiled.cc:127) hi2503M0013
WARNING (gmm-align-compiled[5.3]:AlignUtteranceWrapper():decoder-wrappers.cc:468) Retrying utterance hi2503M0013 with beam 24
WARNING (gmm-align-compiled[5.3]:AlignUtteranceWrapper():decoder-wrappers.cc:477) Did not successfully decode file hi2503M0013, len = 698
LOG (gmm-align-compiled[5.3]:main():gmm-align-compiled.cc:127) hi2503M0014
WARNING (gmm-align-compiled[5.3]:AlignUtteranceWrapper():decoder-wrappers.cc:468) Retrying utterance hi2503M0014 with beam 24
LOG (gmm-align-compiled[5.3]:main():gmm-align-compiled.cc:127) hi2503M0015
WARNING (gmm-align-compiled[5.3]:AlignUtteranceWrapper():decoder-wrappers.cc:468) Retrying utterance hi2503M0015 with beam 24
LOG (gmm-align-compiled[5.3]:main():gmm-align-compiled.cc:127) hi2503M0016
WARNING (gmm-align-compiled[5.3]:AlignUtteranceWrapper():decoder-wrappers.cc:468) Retrying utterance hi2503M0016 with beam 24
WARNING (gmm-align-compiled[5.3]:AlignUtteranceWrapper():decoder-wrappers.cc:477) Did not successfully decode file hi2503M0016, len = 698
LOG (gmm-align-compiled[5.3]:main():gmm-align-compiled.cc:127) hi2503M0017
WARNING (gmm-align-compiled[5.3]:AlignUtteranceWrapper():decoder-wrappers.cc:468) Retrying utterance hi2503M0017 with beam 24
LOG (gmm-align-compiled[5.3]:main():gmm-align-compiled.cc:127) hi2503M0018
WARNING (gmm-align-compiled[5.3]:AlignUtteranceWrapper():decoder-wrappers.cc:468) Retrying utterance hi2503M0018 with beam 24
LOG (gmm-align-compiled[5.3]:main():gmm-align-compiled.cc:127) hi2503M0019
WARNING (gmm-align-compiled[5.3]:AlignUtteranceWrapper():decoder-wrappers.cc:468) Retrying utterance hi2503M0019 with beam 24
WARNING (gmm-align-compiled[5.3]:AlignUtteranceWrapper():decoder-wrappers.cc:477) Did not successfully decode file hi2503M0019, len = 698
LOG (gmm-align-compiled[5.3]:main():gmm-align-compiled.cc:127) hi2503M0020
WARNING (gmm-align-compiled[5.3]:AlignUtteranceWrapper():decoder-wrappers.cc:468) Retrying utterance hi2503M0020 with beam 24
LOG (gmm-align-compiled[5.3]:main():gmm-align-compiled.cc:127) hi2503M0021
WARNING (gmm-align-compiled[5.3]:AlignUtteranceWrapper():decoder-wrappers.cc:468) Retrying utterance hi2503M0021 with beam 24
LOG (gmm-align-compiled[5.3]:main():gmm-align-compiled.cc:127) hi2503M0022
WARNING (gmm-align-compiled[5.3]:AlignUtteranceWrapper():decoder-wrappers.cc:468) Retrying utterance hi2503M0022 with beam 24
LOG (gmm-align-compiled[5.3]:main():gmm-align-compiled.cc:127) hi2503M0023
WARNING (gmm-align-compiled[5.3]:AlignUtteranceWrapper():decoder-wrappers.cc:468) Retrying utterance hi2503M0023 with beam 24
LOG (gmm-align-compiled[5.3]:main():gmm-align-compiled.cc:127) hi2503M0024
WARNING (gmm-align-compiled[5.3]:AlignUtteranceWrapper():decoder-wrappers.cc:468) Retrying utterance hi2503M0024 with beam 24
WARNING (gmm-align-compiled[5.3]:AlignUtteranceWrapper():decoder-wrappers.cc:477) Did not successfully decode file hi2503M0024, len = 698
LOG (gmm-align-compiled[5.3]:main():gmm-align-compiled.cc:127) hi2503M0025
WARNING (gmm-align-compiled[5.3]:AlignUtteranceWrapper():decoder-wrappers.cc:468) Retrying utterance hi2503M0025 with beam 24
LOG (gmm-align-compiled[5.3]:main():gmm-align-compiled.cc:127) hi2503M0026
WARNING (gmm-align-compiled[5.3]:AlignUtteranceWrapper():decoder-wrappers.cc:468) Retrying utterance hi2503M0026 with beam 24
LOG (gmm-align-compiled[5.3]:main():gmm-align-compiled.cc:127) hi2503M0027
WARNING (gmm-align-compiled[5.3]:AlignUtteranceWrapper():decoder-wrappers.cc:468) Retrying utterance hi2503M0027 with beam 24
LOG (gmm-align-compiled[5.3]:main():gmm-align-compiled.cc:127) hi2503M0028
WARNING (gmm-align-compiled[5.3]:AlignUtteranceWrapper():decoder-wrappers.cc:468) Retrying utterance hi2503M0028 with beam 24
WARNING (gmm-align-compiled[5.3]:AlignUtteranceWrapper():decoder-wrappers.cc:477) Did not successfully decode file hi2503M0028, len = 698
LOG (gmm-align-compiled[5.3]:main():gmm-align-compiled.cc:127) hi2503M0029
WARNING (gmm-align-compiled[5.3]:AlignUtteranceWrapper():decoder-wrappers.cc:468) Retrying utterance hi2503M0029 with beam 24
LOG (gmm-align-compiled[5.3]:main():gmm-align-compiled.cc:127) hi2503M0030
WARNING (gmm-align-compiled[5.3]:AlignUtteranceWrapper():decoder-wrappers.cc:468) Retrying utterance hi2503M0030 with beam 24
LOG (gmm-align-compiled[5.3]:main():gmm-align-compiled.cc:127) hi2503M0031
WARNING (gmm-align-compiled[5.3]:AlignUtteranceWrapper():decoder-wrappers.cc:468) Retrying utterance hi2503M0031 with beam 24
LOG (gmm-align-compiled[5.3]:main():gmm-align-compiled.cc:127) hi2503M0032
WARNING (gmm-align-compiled[5.3]:AlignUtteranceWrapper():decoder-wrappers.cc:468) Retrying utterance hi2503M0032 with beam 24
LOG (gmm-align-compiled[5.3]:main():gmm-align-compiled.cc:127) hi2503M0033
WARNING (gmm-align-compiled[5.3]:AlignUtteranceWrapper():decoder-wrappers.cc:468) Retrying utterance hi2503M0033 with beam 24
WARNING (gmm-align-compiled[5.3]:AlignUtteranceWrapper():decoder-wrappers.cc:477) Did not successfully decode file hi2503M0033, len = 698
LOG (gmm-align-compiled[5.3]:main():gmm-align-compiled.cc:127) hi2503M0034
LOG (gmm-align-compiled[5.3]:main():gmm-align-compiled.cc:127) hi2503M0035
WARNING (gmm-align-compiled[5.3]:AlignUtteranceWrapper():decoder-wrappers.cc:468) Retrying utterance hi2503M0035 with beam 24
LOG (gmm-align-compiled[5.3]:main():gmm-align-compiled.cc:127) hi2503M0036
LOG (gmm-align-compiled[5.3]:main():gmm-align-compiled.cc:127) hi2503M0037
LOG (gmm-align-compiled[5.3]:main():gmm-align-compiled.cc:127) hi2503M0038
WARNING (gmm-align-compiled[5.3]:AlignUtteranceWrapper():decoder-wrappers.cc:468) Retrying utterance hi2503M0038 with beam 24
LOG (gmm-align-compiled[5.3]:main():gmm-align-compiled.cc:127) hi2503M0039
LOG (gmm-align-compiled[5.3]:main():gmm-align-compiled.cc:127) hi2503M0040
WARNING (gmm-align-compiled[5.3]:AlignUtteranceWrapper():decoder-wrappers.cc:468) Retrying utterance hi2503M0040 with beam 24
LOG (gmm-align-compiled[5.3]:main():gmm-align-compiled.cc:127) hi2503M0061
WARNING (gmm-align-compiled[5.3]:AlignUtteranceWrapper():decoder-wrappers.cc:468) Retrying utterance hi2503M0061 with beam 24
LOG (gmm-align-compiled[5.3]:main():gmm-align-compiled.cc:127) hi2503M0062
WARNING (gmm-align-compiled[5.3]:AlignUtteranceWrapper():decoder-wrappers.cc:468) Retrying utterance hi2503M0062 with beam 24
LOG (gmm-align-compiled[5.3]:main():gmm-align-compiled.cc:127) hi2503M0063
WARNING (gmm-align-compiled[5.3]:AlignUtteranceWrapper():decoder-wrappers.cc:468) Retrying utterance hi2503M0063 with beam 24
LOG (gmm-align-compiled[5.3]:main():gmm-align-compiled.cc:127) hi2503M0064
WARNING (gmm-align-compiled[5.3]:AlignUtteranceWrapper():decoder-wrappers.cc:468) Retrying utterance hi2503M0064 with beam 24
LOG (gmm-align-compiled[5.3]:main():gmm-align-compiled.cc:127) hi2503M0065
LOG (gmm-align-compiled[5.3]:main():gmm-align-compiled.cc:127) hi2503M0066
WARNING (gmm-align-compiled[5.3]:AlignUtteranceWrapper():decoder-wrappers.cc:468) Retrying utterance hi2503M0066 with beam 24
WARNING (gmm-align-compiled[5.3]:AlignUtteranceWrapper():decoder-wrappers.cc:477) Did not successfully decode file hi2503M0066, len = 698
LOG (gmm-align-compiled[5.3]:main():gmm-align-compiled.cc:127) hi2503M0067
LOG (gmm-align-compiled[5.3]:main():gmm-align-compiled.cc:127) hi2503M0068
LOG (gmm-align-compiled[5.3]:main():gmm-align-compiled.cc:127) hi2503M0069
WARNING (gmm-align-compiled[5.3]:AlignUtteranceWrapper():decoder-wrappers.cc:468) Retrying utterance hi2503M0069 with beam 24
WARNING (gmm-align-compiled[5.3]:AlignUtteranceWrapper():decoder-wrappers.cc:477) Did not successfully decode file hi2503M0069, len = 698
LOG (gmm-align-compiled[5.3]:main():gmm-align-compiled.cc:127) hi2503M0070
LOG (gmm-align-compiled[5.3]:main():gmm-align-compiled.cc:127) hi2503M0071
WARNING (gmm-align-compiled[5.3]:AlignUtteranceWrapper():decoder-wrappers.cc:468) Retrying utterance hi2503M0071 with beam 24
LOG (gmm-align-compiled[5.3]:main():gmm-align-compiled.cc:127) hi2503M0072
WARNING (gmm-align-compiled[5.3]:AlignUtteranceWrapper():decoder-wrappers.cc:468) Retrying utterance hi2503M0072 with beam 24
LOG (gmm-align-compiled[5.3]:main():gmm-align-compiled.cc:127) hi2503M0073
WARNING (gmm-align-compiled[5.3]:AlignUtteranceWrapper():decoder-wrappers.cc:468) Retrying utterance hi2503M0073 with beam 24
LOG (gmm-align-compiled[5.3]:main():gmm-align-compiled.cc:127) hi2503M0074
WARNING (gmm-align-compiled[5.3]:AlignUtteranceWrapper():decoder-wrappers.cc:468) Retrying utterance hi2503M0074 with beam 24
WARNING (gmm-align-compiled[5.3]:AlignUtteranceWrapper():decoder-wrappers.cc:477) Did not successfully decode file hi2503M0074, len = 698
LOG (gmm-align-compiled[5.3]:main():gmm-align-compiled.cc:127) hi2503M0075
WARNING (gmm-align-compiled[5.3]:AlignUtteranceWrapper():decoder-wrappers.cc:468) Retrying utterance hi2503M0075 with beam 24
WARNING (gmm-align-compiled[5.3]:AlignUtteranceWrapper():decoder-wrappers.cc:477) Did not successfully decode file hi2503M0075, len = 698
LOG (gmm-align-compiled[5.3]:main():gmm-align-compiled.cc:127) hi2503M0076
WARNING (gmm-align-compiled[5.3]:AlignUtteranceWrapper():decoder-wrappers.cc:468) Retrying utterance hi2503M0076 with beam 24
WARNING (gmm-align-compiled[5.3]:AlignUtteranceWrapper():decoder-wrappers.cc:477) Did not successfully decode file hi2503M0076, len = 698
LOG (gmm-align-compiled[5.3]:main():gmm-align-compiled.cc:127) hi2503M0077
LOG (gmm-align-compiled[5.3]:main():gmm-align-compiled.cc:127) hi2503M0078
LOG (gmm-align-compiled[5.3]:main():gmm-align-compiled.cc:127) hi2503M0079
WARNING (gmm-align-compiled[5.3]:AlignUtteranceWrapper():decoder-wrappers.cc:468) Retrying utterance hi2503M0079 with beam 24
LOG (gmm-align-compiled[5.3]:main():gmm-align-compiled.cc:127) hi2503M0080
WARNING (gmm-align-compiled[5.3]:AlignUtteranceWrapper():decoder-wrappers.cc:468) Retrying utterance hi2503M0080 with beam 24
LOG (gmm-align-compiled[5.3]:main():gmm-align-compiled.cc:127) hi2503M0081
WARNING (gmm-align-compiled[5.3]:AlignUtteranceWrapper():decoder-wrappers.cc:468) Retrying utterance hi2503M0081 with beam 24
LOG (gmm-align-compiled[5.3]:main():gmm-align-compiled.cc:127) hi2503M0082
WARNING (gmm-align-compiled[5.3]:AlignUtteranceWrapper():decoder-wrappers.cc:468) Retrying utterance hi2503M0082 with beam 24
LOG (gmm-align-compiled[5.3]:main():gmm-align-compiled.cc:127) hi2503M0083
WARNING (gmm-align-compiled[5.3]:AlignUtteranceWrapper():decoder-wrappers.cc:468) Retrying utterance hi2503M0083 with beam 24
LOG (gmm-align-compiled[5.3]:main():gmm-align-compiled.cc:127) hi2503M0084
WARNING (gmm-align-compiled[5.3]:AlignUtteranceWrapper():decoder-wrappers.cc:468) Retrying utterance hi2503M0084 with beam 24
WARNING (gmm-align-compiled[5.3]:AlignUtteranceWrapper():decoder-wrappers.cc:477) Did not successfully decode file hi2503M0084, len = 698
LOG (gmm-align-compiled[5.3]:main():gmm-align-compiled.cc:127) hi2503M0085
WARNING (gmm-align-compiled[5.3]:AlignUtteranceWrapper():decoder-wrappers.cc:468) Retrying utterance hi2503M0085 with beam 24
WARNING (gmm-align-compiled[5.3]:AlignUtteranceWrapper():decoder-wrappers.cc:477) Did not successfully decode file hi2503M0085, len = 698
LOG (gmm-align-compiled[5.3]:main():gmm-align-compiled.cc:127) hi2503M0086
WARNING (gmm-align-compiled[5.3]:AlignUtteranceWrapper():decoder-wrappers.cc:468) Retrying utterance hi2503M0086 with beam 24
LOG (gmm-align-compiled[5.3]:main():gmm-align-compiled.cc:127) hi2503M0087
WARNING (gmm-align-compiled[5.3]:AlignUtteranceWrapper():decoder-wrappers.cc:468) Retrying utterance hi2503M0087 with beam 24
LOG (gmm-align-compiled[5.3]:main():gmm-align-compiled.cc:127) hi2503M0088
WARNING (gmm-align-compiled[5.3]:AlignUtteranceWrapper():decoder-wrappers.cc:468) Retrying utterance hi2503M0088 with beam 24
LOG (gmm-align-compiled[5.3]:main():gmm-align-compiled.cc:127) hi2503M0089
WARNING (gmm-align-compiled[5.3]:AlignUtteranceWrapper():decoder-wrappers.cc:468) Retrying utterance hi2503M0089 with beam 24
LOG (gmm-align-compiled[5.3]:main():gmm-align-compiled.cc:127) hi2503M0090
WARNING (gmm-align-compiled[5.3]:AlignUtteranceWrapper():decoder-wrappers.cc:468) Retrying utterance hi2503M0090 with beam 24
LOG (gmm-align-compiled[5.3]:main():gmm-align-compiled.cc:127) hi2503M0091
WARNING (gmm-align-compiled[5.3]:AlignUtteranceWrapper():decoder-wrappers.cc:468) Retrying utterance hi2503M0091 with beam 24
LOG (gmm-align-compiled[5.3]:main():gmm-align-compiled.cc:127) hi2503M0092
WARNING (gmm-align-compiled[5.3]:AlignUtteranceWrapper():decoder-wrappers.cc:468) Retrying utterance hi2503M0092 with beam 24
LOG (gmm-align-compiled[5.3]:main():gmm-align-compiled.cc:127) hi2503M0093
WARNING (gmm-align-compiled[5.3]:AlignUtteranceWrapper():decoder-wrappers.cc:468) Retrying utterance hi2503M0093 with beam 24
LOG (gmm-align-compiled[5.3]:main():gmm-align-compiled.cc:127) hi2503M0094
LOG (gmm-align-compiled[5.3]:main():gmm-align-compiled.cc:127) hi2503M0095
WARNING (gmm-align-compiled[5.3]:AlignUtteranceWrapper():decoder-wrappers.cc:468) Retrying utterance hi2503M0095 with beam 24
LOG (gmm-align-compiled[5.3]:main():gmm-align-compiled.cc:127) hi2503M0096
WARNING (gmm-align-compiled[5.3]:AlignUtteranceWrapper():decoder-wrappers.cc:468) Retrying utterance hi2503M0096 with beam 24
LOG (gmm-align-compiled[5.3]:main():gmm-align-compiled.cc:127) hi2503M0097
WARNING (gmm-align-compiled[5.3]:AlignUtteranceWrapper():decoder-wrappers.cc:468) Retrying utterance hi2503M0097 with beam 24
LOG (gmm-align-compiled[5.3]:main():gmm-align-compiled.cc:127) hi2503M0098
WARNING (gmm-align-compiled[5.3]:AlignUtteranceWrapper():decoder-wrappers.cc:468) Retrying utterance hi2503M0098 with beam 24
LOG (gmm-align-compiled[5.3]:main():gmm-align-compiled.cc:127) hi2503M0099
WARNING (gmm-align-compiled[5.3]:AlignUtteranceWrapper():decoder-wrappers.cc:468) Retrying utterance hi2503M0099 with beam 24
LOG (gmm-align-compiled[5.3]:main():gmm-align-compiled.cc:127) hi2503M0100
WARNING (gmm-align-compiled[5.3]:AlignUtteranceWrapper():decoder-wrappers.cc:468) Retrying utterance hi2503M0100 with beam 24
LOG (gmm-align-compiled[5.3]:main():gmm-align-compiled.cc:127) hi2503M0101
WARNING (gmm-align-compiled[5.3]:AlignUtteranceWrapper():decoder-wrappers.cc:468) Retrying utterance hi2503M0101 with beam 24
LOG (gmm-align-compiled[5.3]:main():gmm-align-compiled.cc:127) hi2503M0102
WARNING (gmm-align-compiled[5.3]:AlignUtteranceWrapper():decoder-wrappers.cc:468) Retrying utterance hi2503M0102 with beam 24
LOG (gmm-align-compiled[5.3]:main():gmm-align-compiled.cc:127) hi2503M0103
WARNING (gmm-align-compiled[5.3]:AlignUtteranceWrapper():decoder-wrappers.cc:468) Retrying utterance hi2503M0103 with beam 24
WARNING (gmm-align-compiled[5.3]:AlignUtteranceWrapper():decoder-wrappers.cc:477) Did not successfully decode file hi2503M0103, len = 698
LOG (gmm-align-compiled[5.3]:main():gmm-align-compiled.cc:127) hi2503M0104
WARNING (gmm-align-compiled[5.3]:AlignUtteranceWrapper():decoder-wrappers.cc:468) Retrying utterance hi2503M0104 with beam 24
LOG (gmm-align-compiled[5.3]:main():gmm-align-compiled.cc:127) hi2503M0105
WARNING (gmm-align-compiled[5.3]:AlignUtteranceWrapper():decoder-wrappers.cc:468) Retrying utterance hi2503M0105 with beam 24
LOG (gmm-align-compiled[5.3]:main():gmm-align-compiled.cc:127) hi2503M0106
LOG (gmm-align-compiled[5.3]:main():gmm-align-compiled.cc:127) hi2503M0107
LOG (gmm-align-compiled[5.3]:main():gmm-align-compiled.cc:127) hi2503M0108
LOG (gmm-align-compiled[5.3]:main():gmm-align-compiled.cc:127) hi2503M0109
WARNING (gmm-align-compiled[5.3]:AlignUtteranceWrapper():decoder-wrappers.cc:468) Retrying utterance hi2503M0109 with beam 24
WARNING (gmm-align-compiled[5.3]:AlignUtteranceWrapper():decoder-wrappers.cc:477) Did not successfully decode file hi2503M0109, len = 698
LOG (gmm-align-compiled[5.3]:main():gmm-align-compiled.cc:127) hi2503M0110
WARNING (gmm-align-compiled[5.3]:AlignUtteranceWrapper():decoder-wrappers.cc:468) Retrying utterance hi2503M0110 with beam 24
LOG (gmm-align-compiled[5.3]:main():gmm-align-compiled.cc:127) hi2503M0111
WARNING (gmm-align-compiled[5.3]:AlignUtteranceWrapper():decoder-wrappers.cc:468) Retrying utterance hi2503M0111 with beam 24
LOG (gmm-align-compiled[5.3]:main():gmm-align-compiled.cc:127) hi2503M0112
WARNING (gmm-align-compiled[5.3]:AlignUtteranceWrapper():decoder-wrappers.cc:468) Retrying utterance hi2503M0112 with beam 24
LOG (gmm-align-compiled[5.3]:main():gmm-align-compiled.cc:127) hi2503M0113
WARNING (gmm-align-compiled[5.3]:AlignUtteranceWrapper():decoder-wrappers.cc:468) Retrying utterance hi2503M0113 with beam 24
LOG (gmm-align-compiled[5.3]:main():gmm-align-compiled.cc:127) hi2503M0114
WARNING (gmm-align-compiled[5.3]:AlignUtteranceWrapper():decoder-wrappers.cc:468) Retrying utterance hi2503M0114 with beam 24
LOG (gmm-align-compiled[5.3]:main():gmm-align-compiled.cc:127) hi2503M0115
WARNING (gmm-align-compiled[5.3]:AlignUtteranceWrapper():decoder-wrappers.cc:468) Retrying utterance hi2503M0115 with beam 24
LOG (gmm-align-compiled[5.3]:main():gmm-align-compiled.cc:127) hi2503M0116
WARNING (gmm-align-compiled[5.3]:AlignUtteranceWrapper():decoder-wrappers.cc:468) Retrying utterance hi2503M0116 with beam 24
LOG (gmm-align-compiled[5.3]:main():gmm-align-compiled.cc:127) hi2503M0117
LOG (gmm-align-compiled[5.3]:main():gmm-align-compiled.cc:127) hi2503M0118
WARNING (gmm-align-compiled[5.3]:AlignUtteranceWrapper():decoder-wrappers.cc:468) Retrying utterance hi2503M0118 with beam 24
LOG (gmm-align-compiled[5.3]:main():gmm-align-compiled.cc:127) hi2503M0119
WARNING (gmm-align-compiled[5.3]:AlignUtteranceWrapper():decoder-wrappers.cc:468) Retrying utterance hi2503M0119 with beam 24
WARNING (gmm-align-compiled[5.3]:AlignUtteranceWrapper():decoder-wrappers.cc:477) Did not successfully decode file hi2503M0119, len = 698
LOG (gmm-align-compiled[5.3]:main():gmm-align-compiled.cc:127) hi2503M0120
WARNING (gmm-align-compiled[5.3]:AlignUtteranceWrapper():decoder-wrappers.cc:468) Retrying utterance hi2503M0120 with beam 24
LOG (gmm-align-compiled[5.3]:main():gmm-align-compiled.cc:127) hi2503M0121
WARNING (gmm-align-compiled[5.3]:AlignUtteranceWrapper():decoder-wrappers.cc:468) Retrying utterance hi2503M0121 with beam 24
LOG (gmm-align-compiled[5.3]:main():gmm-align-compiled.cc:127) hi2503M0122
WARNING (gmm-align-compiled[5.3]:AlignUtteranceWrapper():decoder-wrappers.cc:468) Retrying utterance hi2503M0122 with beam 24
LOG (gmm-align-compiled[5.3]:main():gmm-align-compiled.cc:127) hi2503M0123
WARNING (gmm-align-compiled[5.3]:AlignUtteranceWrapper():decoder-wrappers.cc:468) Retrying utterance hi2503M0123 with beam 24
LOG (gmm-align-compiled[5.3]:main():gmm-align-compiled.cc:127) hi2503M0124
WARNING (gmm-align-compiled[5.3]:AlignUtteranceWrapper():decoder-wrappers.cc:468) Retrying utterance hi2503M0124 with beam 24
LOG (gmm-align-compiled[5.3]:main():gmm-align-compiled.cc:127) hi2503M0125
WARNING (gmm-align-compiled[5.3]:AlignUtteranceWrapper():decoder-wrappers.cc:468) Retrying utterance hi2503M0125 with beam 24
WARNING (gmm-align-compiled[5.3]:AlignUtteranceWrapper():decoder-wrappers.cc:477) Did not successfully decode file hi2503M0125, len = 698
LOG (gmm-align-compiled[5.3]:main():gmm-align-compiled.cc:127) hi2503M0126
LOG (gmm-align-compiled[5.3]:main():gmm-align-compiled.cc:127) hi2503M0127
WARNING (gmm-align-compiled[5.3]:AlignUtteranceWrapper():decoder-wrappers.cc:468) Retrying utterance hi2503M0127 with beam 24
WARNING (gmm-align-compiled[5.3]:AlignUtteranceWrapper():decoder-wrappers.cc:477) Did not successfully decode file hi2503M0127, len = 698
LOG (gmm-align-compiled[5.3]:main():gmm-align-compiled.cc:127) hi2503M0128
WARNING (gmm-align-compiled[5.3]:AlignUtteranceWrapper():decoder-wrappers.cc:468) Retrying utterance hi2503M0128 with beam 24
LOG (gmm-align-compiled[5.3]:main():gmm-align-compiled.cc:127) hi2503M0129
WARNING (gmm-align-compiled[5.3]:AlignUtteranceWrapper():decoder-wrappers.cc:468) Retrying utterance hi2503M0129 with beam 24
LOG (gmm-align-compiled[5.3]:main():gmm-align-compiled.cc:127) hi2503M0130
WARNING (gmm-align-compiled[5.3]:AlignUtteranceWrapper():decoder-wrappers.cc:468) Retrying utterance hi2503M0130 with beam 24
LOG (gmm-align-compiled[5.3]:main():gmm-align-compiled.cc:127) hi2503M0131
WARNING (gmm-align-compiled[5.3]:AlignUtteranceWrapper():decoder-wrappers.cc:468) Retrying utterance hi2503M0131 with beam 24
LOG (gmm-align-compiled[5.3]:main():gmm-align-compiled.cc:127) hi2503M0132
WARNING (gmm-align-compiled[5.3]:AlignUtteranceWrapper():decoder-wrappers.cc:468) Retrying utterance hi2503M0132 with beam 24
LOG (gmm-align-compiled[5.3]:main():gmm-align-compiled.cc:127) hi2503M0133
WARNING (gmm-align-compiled[5.3]:AlignUtteranceWrapper():decoder-wrappers.cc:468) Retrying utterance hi2503M0133 with beam 24
WARNING (gmm-align-compiled[5.3]:AlignUtteranceWrapper():decoder-wrappers.cc:477) Did not successfully decode file hi2503M0133, len = 698
LOG (gmm-align-compiled[5.3]:main():gmm-align-compiled.cc:127) hi2503M0134
WARNING (gmm-align-compiled[5.3]:AlignUtteranceWrapper():decoder-wrappers.cc:468) Retrying utterance hi2503M0134 with beam 24
LOG (gmm-align-compiled[5.3]:main():gmm-align-compiled.cc:127) hi2503M0135
WARNING (gmm-align-compiled[5.3]:AlignUtteranceWrapper():decoder-wrappers.cc:468) Retrying utterance hi2503M0135 with beam 24
WARNING (gmm-align-compiled[5.3]:AlignUtteranceWrapper():decoder-wrappers.cc:477) Did not successfully decode file hi2503M0135, len = 698
LOG (gmm-align-compiled[5.3]:main():gmm-align-compiled.cc:127) hi2503M0136
WARNING (gmm-align-compiled[5.3]:AlignUtteranceWrapper():decoder-wrappers.cc:468) Retrying utterance hi2503M0136 with beam 24
WARNING (gmm-align-compiled[5.3]:AlignUtteranceWrapper():decoder-wrappers.cc:477) Did not successfully decode file hi2503M0136, len = 698
LOG (gmm-align-compiled[5.3]:main():gmm-align-compiled.cc:127) hi2503M0137
WARNING (gmm-align-compiled[5.3]:AlignUtteranceWrapper():decoder-wrappers.cc:468) Retrying utterance hi2503M0137 with beam 24
LOG (gmm-align-compiled[5.3]:main():gmm-align-compiled.cc:127) hi2503M0138
WARNING (gmm-align-compiled[5.3]:AlignUtteranceWrapper():decoder-wrappers.cc:468) Retrying utterance hi2503M0138 with beam 24
LOG (gmm-align-compiled[5.3]:main():gmm-align-compiled.cc:127) hi2503M0139
WARNING (gmm-align-compiled[5.3]:AlignUtteranceWrapper():decoder-wrappers.cc:468) Retrying utterance hi2503M0139 with beam 24
WARNING (gmm-align-compiled[5.3]:AlignUtteranceWrapper():decoder-wrappers.cc:477) Did not successfully decode file hi2503M0139, len = 698
LOG (gmm-align-compiled[5.3]:main():gmm-align-compiled.cc:127) hi2503M0140
WARNING (gmm-align-compiled[5.3]:AlignUtteranceWrapper():decoder-wrappers.cc:468) Retrying utterance hi2503M0140 with beam 24
WARNING (gmm-align-compiled[5.3]:AlignUtteranceWrapper():decoder-wrappers.cc:477) Did not successfully decode file hi2503M0140, len = 698
LOG (gmm-align-compiled[5.3]:main():gmm-align-compiled.cc:127) hi2503M0141
WARNING (gmm-align-compiled[5.3]:AlignUtteranceWrapper():decoder-wrappers.cc:468) Retrying utterance hi2503M0141 with beam 24
LOG (gmm-align-compiled[5.3]:main():gmm-align-compiled.cc:127) hi2503M0142
WARNING (gmm-align-compiled[5.3]:AlignUtteranceWrapper():decoder-wrappers.cc:468) Retrying utterance hi2503M0142 with beam 24
LOG (gmm-align-compiled[5.3]:main():gmm-align-compiled.cc:127) hi2503M0143
WARNING (gmm-align-compiled[5.3]:AlignUtteranceWrapper():decoder-wrappers.cc:468) Retrying utterance hi2503M0143 with beam 24
LOG (gmm-align-compiled[5.3]:main():gmm-align-compiled.cc:127) hi2503M0144
LOG (gmm-align-compiled[5.3]:main():gmm-align-compiled.cc:127) hi2503M0145
WARNING (gmm-align-compiled[5.3]:AlignUtteranceWrapper():decoder-wrappers.cc:468) Retrying utterance hi2503M0145 with beam 24
WARNING (gmm-align-compiled[5.3]:AlignUtteranceWrapper():decoder-wrappers.cc:477) Did not successfully decode file hi2503M0145, len = 698
LOG (gmm-align-compiled[5.3]:main():gmm-align-compiled.cc:127) hi2503M0146
WARNING (gmm-align-compiled[5.3]:AlignUtteranceWrapper():decoder-wrappers.cc:468) Retrying utterance hi2503M0146 with beam 24
LOG (gmm-align-compiled[5.3]:main():gmm-align-compiled.cc:127) hi2503M0147
WARNING (gmm-align-compiled[5.3]:AlignUtteranceWrapper():decoder-wrappers.cc:468) Retrying utterance hi2503M0147 with beam 24
LOG (gmm-align-compiled[5.3]:main():gmm-align-compiled.cc:127) hi2503M0148
WARNING (gmm-align-compiled[5.3]:AlignUtteranceWrapper():decoder-wrappers.cc:468) Retrying utterance hi2503M0148 with beam 24
LOG (gmm-align-compiled[5.3]:main():gmm-align-compiled.cc:127) hi2503M0149
WARNING (gmm-align-compiled[5.3]:AlignUtteranceWrapper():decoder-wrappers.cc:468) Retrying utterance hi2503M0149 with beam 24
WARNING (gmm-align-compiled[5.3]:AlignUtteranceWrapper():decoder-wrappers.cc:477) Did not successfully decode file hi2503M0149, len = 698
LOG (gmm-align-compiled[5.3]:main():gmm-align-compiled.cc:127) hi2503M0150
WARNING (gmm-align-compiled[5.3]:AlignUtteranceWrapper():decoder-wrappers.cc:468) Retrying utterance hi2503M0150 with beam 24
WARNING (gmm-align-compiled[5.3]:AlignUtteranceWrapper():decoder-wrappers.cc:477) Did not successfully decode file hi2503M0150, len = 698
LOG (gmm-align-compiled[5.3]:main():gmm-align-compiled.cc:127) hi2504M0001
WARNING (gmm-align-compiled[5.3]:AlignUtteranceWrapper():decoder-wrappers.cc:468) Retrying utterance hi2504M0001 with beam 24
LOG (gmm-align-compiled[5.3]:main():gmm-align-compiled.cc:127) hi2504M0002
WARNING (gmm-align-compiled[5.3]:AlignUtteranceWrapper():decoder-wrappers.cc:468) Retrying utterance hi2504M0002 with beam 24
LOG (gmm-align-compiled[5.3]:main():gmm-align-compiled.cc:127) hi2504M0003
WARNING (gmm-align-compiled[5.3]:AlignUtteranceWrapper():decoder-wrappers.cc:468) Retrying utterance hi2504M0003 with beam 24
LOG (gmm-align-compiled[5.3]:main():gmm-align-compiled.cc:127) hi2504M0004
WARNING (gmm-align-compiled[5.3]:AlignUtteranceWrapper():decoder-wrappers.cc:468) Retrying utterance hi2504M0004 with beam 24
WARNING (gmm-align-compiled[5.3]:AlignUtteranceWrapper():decoder-wrappers.cc:477) Did not successfully decode file hi2504M0004, len = 698
LOG (gmm-align-compiled[5.3]:main():gmm-align-compiled.cc:127) hi2504M0005
WARNING (gmm-align-compiled[5.3]:AlignUtteranceWrapper():decoder-wrappers.cc:468) Retrying utterance hi2504M0005 with beam 24
LOG (gmm-align-compiled[5.3]:main():gmm-align-compiled.cc:127) hi2504M0006
WARNING (gmm-align-compiled[5.3]:AlignUtteranceWrapper():decoder-wrappers.cc:468) Retrying utterance hi2504M0006 with beam 24
WARNING (gmm-align-compiled[5.3]:AlignUtteranceWrapper():decoder-wrappers.cc:477) Did not successfully decode file hi2504M0006, len = 698
LOG (gmm-align-compiled[5.3]:main():gmm-align-compiled.cc:127) hi2504M0007
WARNING (gmm-align-compiled[5.3]:AlignUtteranceWrapper():decoder-wrappers.cc:468) Retrying utterance hi2504M0007 with beam 24
LOG (gmm-align-compiled[5.3]:main():gmm-align-compiled.cc:127) hi2504M0008
WARNING (gmm-align-compiled[5.3]:AlignUtteranceWrapper():decoder-wrappers.cc:468) Retrying utterance hi2504M0008 with beam 24
WARNING (gmm-align-compiled[5.3]:AlignUtteranceWrapper():decoder-wrappers.cc:477) Did not successfully decode file hi2504M0008, len = 698
LOG (gmm-align-compiled[5.3]:main():gmm-align-compiled.cc:127) hi2504M0009
WARNING (gmm-align-compiled[5.3]:AlignUtteranceWrapper():decoder-wrappers.cc:468) Retrying utterance hi2504M0009 with beam 24
LOG (gmm-align-compiled[5.3]:main():gmm-align-compiled.cc:127) hi2504M0010
WARNING (gmm-align-compiled[5.3]:AlignUtteranceWrapper():decoder-wrappers.cc:468) Retrying utterance hi2504M0010 with beam 24
LOG (gmm-align-compiled[5.3]:main():gmm-align-compiled.cc:127) hi2504M0011
WARNING (gmm-align-compiled[5.3]:AlignUtteranceWrapper():decoder-wrappers.cc:468) Retrying utterance hi2504M0011 with beam 24
LOG (gmm-align-compiled[5.3]:main():gmm-align-compiled.cc:127) hi2504M0012
WARNING (gmm-align-compiled[5.3]:AlignUtteranceWrapper():decoder-wrappers.cc:468) Retrying utterance hi2504M0012 with beam 24
LOG (gmm-align-compiled[5.3]:main():gmm-align-compiled.cc:127) hi2504M0013
WARNING (gmm-align-compiled[5.3]:AlignUtteranceWrapper():decoder-wrappers.cc:468) Retrying utterance hi2504M0013 with beam 24
WARNING (gmm-align-compiled[5.3]:AlignUtteranceWrapper():decoder-wrappers.cc:477) Did not successfully decode file hi2504M0013, len = 698
LOG (gmm-align-compiled[5.3]:main():gmm-align-compiled.cc:127) hi2504M0014
WARNING (gmm-align-compiled[5.3]:AlignUtteranceWrapper():decoder-wrappers.cc:468) Retrying utterance hi2504M0014 with beam 24
LOG (gmm-align-compiled[5.3]:main():gmm-align-compiled.cc:127) hi2504M0015
WARNING (gmm-align-compiled[5.3]:AlignUtteranceWrapper():decoder-wrappers.cc:468) Retrying utterance hi2504M0015 with beam 24
LOG (gmm-align-compiled[5.3]:main():gmm-align-compiled.cc:127) hi2504M0016
WARNING (gmm-align-compiled[5.3]:AlignUtteranceWrapper():decoder-wrappers.cc:468) Retrying utterance hi2504M0016 with beam 24
LOG (gmm-align-compiled[5.3]:main():gmm-align-compiled.cc:127) hi2504M0017
WARNING (gmm-align-compiled[5.3]:AlignUtteranceWrapper():decoder-wrappers.cc:468) Retrying utterance hi2504M0017 with beam 24
LOG (gmm-align-compiled[5.3]:main():gmm-align-compiled.cc:127) hi2504M0018
WARNING (gmm-align-compiled[5.3]:AlignUtteranceWrapper():decoder-wrappers.cc:468) Retrying utterance hi2504M0018 with beam 24
LOG (gmm-align-compiled[5.3]:main():gmm-align-compiled.cc:127) hi2504M0019
WARNING (gmm-align-compiled[5.3]:AlignUtteranceWrapper():decoder-wrappers.cc:468) Retrying utterance hi2504M0019 with beam 24
WARNING (gmm-align-compiled[5.3]:AlignUtteranceWrapper():decoder-wrappers.cc:477) Did not successfully decode file hi2504M0019, len = 698
LOG (gmm-align-compiled[5.3]:main():gmm-align-compiled.cc:127) hi2504M0020
WARNING (gmm-align-compiled[5.3]:AlignUtteranceWrapper():decoder-wrappers.cc:468) Retrying utterance hi2504M0020 with beam 24
LOG (gmm-align-compiled[5.3]:main():gmm-align-compiled.cc:127) hi2504M0021
WARNING (gmm-align-compiled[5.3]:AlignUtteranceWrapper():decoder-wrappers.cc:468) Retrying utterance hi2504M0021 with beam 24
LOG (gmm-align-compiled[5.3]:main():gmm-align-compiled.cc:127) hi2504M0022
WARNING (gmm-align-compiled[5.3]:AlignUtteranceWrapper():decoder-wrappers.cc:468) Retrying utterance hi2504M0022 with beam 24
LOG (gmm-align-compiled[5.3]:main():gmm-align-compiled.cc:127) hi2504M0023
WARNING (gmm-align-compiled[5.3]:AlignUtteranceWrapper():decoder-wrappers.cc:468) Retrying utterance hi2504M0023 with beam 24
LOG (gmm-align-compiled[5.3]:main():gmm-align-compiled.cc:127) hi2504M0024
WARNING (gmm-align-compiled[5.3]:AlignUtteranceWrapper():decoder-wrappers.cc:468) Retrying utterance hi2504M0024 with beam 24
LOG (gmm-align-compiled[5.3]:main():gmm-align-compiled.cc:127) hi2504M0025
WARNING (gmm-align-compiled[5.3]:AlignUtteranceWrapper():decoder-wrappers.cc:468) Retrying utterance hi2504M0025 with beam 24
LOG (gmm-align-compiled[5.3]:main():gmm-align-compiled.cc:127) hi2504M0026
WARNING (gmm-align-compiled[5.3]:AlignUtteranceWrapper():decoder-wrappers.cc:468) Retrying utterance hi2504M0026 with beam 24
LOG (gmm-align-compiled[5.3]:main():gmm-align-compiled.cc:127) hi2504M0027
WARNING (gmm-align-compiled[5.3]:AlignUtteranceWrapper():decoder-wrappers.cc:468) Retrying utterance hi2504M0027 with beam 24
LOG (gmm-align-compiled[5.3]:main():gmm-align-compiled.cc:127) hi2504M0028
LOG (gmm-align-compiled[5.3]:main():gmm-align-compiled.cc:127) hi2504M0029
WARNING (gmm-align-compiled[5.3]:AlignUtteranceWrapper():decoder-wrappers.cc:468) Retrying utterance hi2504M0029 with beam 24
LOG (gmm-align-compiled[5.3]:main():gmm-align-compiled.cc:127) hi2504M0030
WARNING (gmm-align-compiled[5.3]:AlignUtteranceWrapper():decoder-wrappers.cc:468) Retrying utterance hi2504M0030 with beam 24
LOG (gmm-align-compiled[5.3]:main():gmm-align-compiled.cc:127) hi2504M0031
WARNING (gmm-align-compiled[5.3]:AlignUtteranceWrapper():decoder-wrappers.cc:468) Retrying utterance hi2504M0031 with beam 24
LOG (gmm-align-compiled[5.3]:main():gmm-align-compiled.cc:127) hi2504M0032
WARNING (gmm-align-compiled[5.3]:AlignUtteranceWrapper():decoder-wrappers.cc:468) Retrying utterance hi2504M0032 with beam 24
LOG (gmm-align-compiled[5.3]:main():gmm-align-compiled.cc:127) hi2504M0033
WARNING (gmm-align-compiled[5.3]:AlignUtteranceWrapper():decoder-wrappers.cc:468) Retrying utterance hi2504M0033 with beam 24
WARNING (gmm-align-compiled[5.3]:AlignUtteranceWrapper():decoder-wrappers.cc:477) Did not successfully decode file hi2504M0033, len = 698
LOG (gmm-align-compiled[5.3]:main():gmm-align-compiled.cc:127) hi2504M0034
LOG (gmm-align-compiled[5.3]:main():gmm-align-compiled.cc:127) hi2504M0035
WARNING (gmm-align-compiled[5.3]:AlignUtteranceWrapper():decoder-wrappers.cc:468) Retrying utterance hi2504M0035 with beam 24
LOG (gmm-align-compiled[5.3]:main():gmm-align-compiled.cc:127) hi2504M0036
LOG (gmm-align-compiled[5.3]:main():gmm-align-compiled.cc:127) hi2504M0037
LOG (gmm-align-compiled[5.3]:main():gmm-align-compiled.cc:127) hi2504M0038
WARNING (gmm-align-compiled[5.3]:AlignUtteranceWrapper():decoder-wrappers.cc:468) Retrying utterance hi2504M0038 with beam 24
LOG (gmm-align-compiled[5.3]:main():gmm-align-compiled.cc:127) hi2504M0039
WARNING (gmm-align-compiled[5.3]:AlignUtteranceWrapper():decoder-wrappers.cc:468) Retrying utterance hi2504M0039 with beam 24
LOG (gmm-align-compiled[5.3]:main():gmm-align-compiled.cc:127) hi2504M0040
WARNING (gmm-align-compiled[5.3]:AlignUtteranceWrapper():decoder-wrappers.cc:468) Retrying utterance hi2504M0040 with beam 24
WARNING (gmm-align-compiled[5.3]:AlignUtteranceWrapper():decoder-wrappers.cc:477) Did not successfully decode file hi2504M0040, len = 698
LOG (gmm-align-compiled[5.3]:main():gmm-align-compiled.cc:127) hi2504M0041
WARNING (gmm-align-compiled[5.3]:AlignUtteranceWrapper():decoder-wrappers.cc:468) Retrying utterance hi2504M0041 with beam 24
LOG (gmm-align-compiled[5.3]:main():gmm-align-compiled.cc:127) hi2504M0042
WARNING (gmm-align-compiled[5.3]:AlignUtteranceWrapper():decoder-wrappers.cc:468) Retrying utterance hi2504M0042 with beam 24
LOG (gmm-align-compiled[5.3]:main():gmm-align-compiled.cc:127) hi2504M0043
WARNING (gmm-align-compiled[5.3]:AlignUtteranceWrapper():decoder-wrappers.cc:468) Retrying utterance hi2504M0043 with beam 24
WARNING (gmm-align-compiled[5.3]:AlignUtteranceWrapper():decoder-wrappers.cc:477) Did not successfully decode file hi2504M0043, len = 698
LOG (gmm-align-compiled[5.3]:main():gmm-align-compiled.cc:127) hi2504M0044
WARNING (gmm-align-compiled[5.3]:AlignUtteranceWrapper():decoder-wrappers.cc:468) Retrying utterance hi2504M0044 with beam 24
LOG (gmm-align-compiled[5.3]:main():gmm-align-compiled.cc:127) hi2504M0045
WARNING (gmm-align-compiled[5.3]:AlignUtteranceWrapper():decoder-wrappers.cc:468) Retrying utterance hi2504M0045 with beam 24
LOG (gmm-align-compiled[5.3]:main():gmm-align-compiled.cc:127) hi2504M0046
WARNING (gmm-align-compiled[5.3]:AlignUtteranceWrapper():decoder-wrappers.cc:468) Retrying utterance hi2504M0046 with beam 24
LOG (gmm-align-compiled[5.3]:main():gmm-align-compiled.cc:127) hi2504M0047
WARNING (gmm-align-compiled[5.3]:AlignUtteranceWrapper():decoder-wrappers.cc:468) Retrying utterance hi2504M0047 with beam 24
WARNING (gmm-align-compiled[5.3]:AlignUtteranceWrapper():decoder-wrappers.cc:477) Did not successfully decode file hi2504M0047, len = 698
LOG (gmm-align-compiled[5.3]:main():gmm-align-compiled.cc:127) hi2504M0048
WARNING (gmm-align-compiled[5.3]:AlignUtteranceWrapper():decoder-wrappers.cc:468) Retrying utterance hi2504M0048 with beam 24
LOG (gmm-align-compiled[5.3]:main():gmm-align-compiled.cc:127) hi2504M0049
LOG (gmm-align-compiled[5.3]:main():gmm-align-compiled.cc:127) hi2504M0050
WARNING (gmm-align-compiled[5.3]:AlignUtteranceWrapper():decoder-wrappers.cc:468) Retrying utterance hi2504M0050 with beam 24
LOG (gmm-align-compiled[5.3]:main():gmm-align-compiled.cc:127) hi2504M0051
WARNING (gmm-align-compiled[5.3]:AlignUtteranceWrapper():decoder-wrappers.cc:468) Retrying utterance hi2504M0051 with beam 24
LOG (gmm-align-compiled[5.3]:main():gmm-align-compiled.cc:127) hi2504M0052
WARNING (gmm-align-compiled[5.3]:AlignUtteranceWrapper():decoder-wrappers.cc:468) Retrying utterance hi2504M0052 with beam 24
LOG (gmm-align-compiled[5.3]:main():gmm-align-compiled.cc:127) hi2504M0053
WARNING (gmm-align-compiled[5.3]:AlignUtteranceWrapper():decoder-wrappers.cc:468) Retrying utterance hi2504M0053 with beam 24
WARNING (gmm-align-compiled[5.3]:AlignUtteranceWrapper():decoder-wrappers.cc:477) Did not successfully decode file hi2504M0053, len = 698
LOG (gmm-align-compiled[5.3]:main():gmm-align-compiled.cc:127) hi2504M0054
WARNING (gmm-align-compiled[5.3]:AlignUtteranceWrapper():decoder-wrappers.cc:468) Retrying utterance hi2504M0054 with beam 24
LOG (gmm-align-compiled[5.3]:main():gmm-align-compiled.cc:127) hi2504M0055
WARNING (gmm-align-compiled[5.3]:AlignUtteranceWrapper():decoder-wrappers.cc:468) Retrying utterance hi2504M0055 with beam 24
WARNING (gmm-align-compiled[5.3]:AlignUtteranceWrapper():decoder-wrappers.cc:477) Did not successfully decode file hi2504M0055, len = 698
LOG (gmm-align-compiled[5.3]:main():gmm-align-compiled.cc:127) hi2504M0056
WARNING (gmm-align-compiled[5.3]:AlignUtteranceWrapper():decoder-wrappers.cc:468) Retrying utterance hi2504M0056 with beam 24
LOG (gmm-align-compiled[5.3]:main():gmm-align-compiled.cc:127) hi2504M0057
WARNING (gmm-align-compiled[5.3]:AlignUtteranceWrapper():decoder-wrappers.cc:468) Retrying utterance hi2504M0057 with beam 24
LOG (gmm-align-compiled[5.3]:main():gmm-align-compiled.cc:127) hi2504M0058
WARNING (gmm-align-compiled[5.3]:AlignUtteranceWrapper():decoder-wrappers.cc:468) Retrying utterance hi2504M0058 with beam 24
LOG (gmm-align-compiled[5.3]:main():gmm-align-compiled.cc:127) hi2504M0059
WARNING (gmm-align-compiled[5.3]:AlignUtteranceWrapper():decoder-wrappers.cc:468) Retrying utterance hi2504M0059 with beam 24
LOG (gmm-align-compiled[5.3]:main():gmm-align-compiled.cc:127) hi2504M0060
WARNING (gmm-align-compiled[5.3]:AlignUtteranceWrapper():decoder-wrappers.cc:468) Retrying utterance hi2504M0060 with beam 24
WARNING (gmm-align-compiled[5.3]:AlignUtteranceWrapper():decoder-wrappers.cc:477) Did not successfully decode file hi2504M0060, len = 698
LOG (gmm-align-compiled[5.3]:main():gmm-align-compiled.cc:127) hi2504M0081
WARNING (gmm-align-compiled[5.3]:AlignUtteranceWrapper():decoder-wrappers.cc:468) Retrying utterance hi2504M0081 with beam 24
LOG (gmm-align-compiled[5.3]:main():gmm-align-compiled.cc:127) hi2504M0082
WARNING (gmm-align-compiled[5.3]:AlignUtteranceWrapper():decoder-wrappers.cc:468) Retrying utterance hi2504M0082 with beam 24
LOG (gmm-align-compiled[5.3]:main():gmm-align-compiled.cc:127) hi2504M0083
LOG (gmm-align-compiled[5.3]:main():gmm-align-compiled.cc:127) hi2504M0084
WARNING (gmm-align-compiled[5.3]:AlignUtteranceWrapper():decoder-wrappers.cc:468) Retrying utterance hi2504M0084 with beam 24
WARNING (gmm-align-compiled[5.3]:AlignUtteranceWrapper():decoder-wrappers.cc:477) Did not successfully decode file hi2504M0084, len = 698
LOG (gmm-align-compiled[5.3]:main():gmm-align-compiled.cc:127) hi2504M0085
WARNING (gmm-align-compiled[5.3]:AlignUtteranceWrapper():decoder-wrappers.cc:468) Retrying utterance hi2504M0085 with beam 24
WARNING (gmm-align-compiled[5.3]:AlignUtteranceWrapper():decoder-wrappers.cc:477) Did not successfully decode file hi2504M0085, len = 698
LOG (gmm-align-compiled[5.3]:main():gmm-align-compiled.cc:127) hi2504M0086
WARNING (gmm-align-compiled[5.3]:AlignUtteranceWrapper():decoder-wrappers.cc:468) Retrying utterance hi2504M0086 with beam 24
WARNING (gmm-align-compiled[5.3]:AlignUtteranceWrapper():decoder-wrappers.cc:477) Did not successfully decode file hi2504M0086, len = 698
LOG (gmm-align-compiled[5.3]:main():gmm-align-compiled.cc:127) hi2504M0087
WARNING (gmm-align-compiled[5.3]:AlignUtteranceWrapper():decoder-wrappers.cc:468) Retrying utterance hi2504M0087 with beam 24
WARNING (gmm-align-compiled[5.3]:AlignUtteranceWrapper():decoder-wrappers.cc:477) Did not successfully decode file hi2504M0087, len = 698
LOG (gmm-align-compiled[5.3]:main():gmm-align-compiled.cc:127) hi2504M0088
LOG (gmm-align-compiled[5.3]:main():gmm-align-compiled.cc:127) hi2504M0089
LOG (gmm-align-compiled[5.3]:main():gmm-align-compiled.cc:127) hi2504M0090
WARNING (gmm-align-compiled[5.3]:AlignUtteranceWrapper():decoder-wrappers.cc:468) Retrying utterance hi2504M0090 with beam 24
LOG (gmm-align-compiled[5.3]:main():gmm-align-compiled.cc:127) hi2504M0091
WARNING (gmm-align-compiled[5.3]:AlignUtteranceWrapper():decoder-wrappers.cc:468) Retrying utterance hi2504M0091 with beam 24
LOG (gmm-align-compiled[5.3]:main():gmm-align-compiled.cc:127) hi2504M0092
WARNING (gmm-align-compiled[5.3]:AlignUtteranceWrapper():decoder-wrappers.cc:468) Retrying utterance hi2504M0092 with beam 24
LOG (gmm-align-compiled[5.3]:main():gmm-align-compiled.cc:127) hi2504M0093
WARNING (gmm-align-compiled[5.3]:AlignUtteranceWrapper():decoder-wrappers.cc:468) Retrying utterance hi2504M0093 with beam 24
LOG (gmm-align-compiled[5.3]:main():gmm-align-compiled.cc:127) hi2504M0094
LOG (gmm-align-compiled[5.3]:main():gmm-align-compiled.cc:127) hi2504M0095
WARNING (gmm-align-compiled[5.3]:AlignUtteranceWrapper():decoder-wrappers.cc:468) Retrying utterance hi2504M0095 with beam 24
LOG (gmm-align-compiled[5.3]:main():gmm-align-compiled.cc:127) hi2504M0096
WARNING (gmm-align-compiled[5.3]:AlignUtteranceWrapper():decoder-wrappers.cc:468) Retrying utterance hi2504M0096 with beam 24
LOG (gmm-align-compiled[5.3]:main():gmm-align-compiled.cc:127) hi2504M0097
WARNING (gmm-align-compiled[5.3]:AlignUtteranceWrapper():decoder-wrappers.cc:468) Retrying utterance hi2504M0097 with beam 24
LOG (gmm-align-compiled[5.3]:main():gmm-align-compiled.cc:127) hi2504M0098
WARNING (gmm-align-compiled[5.3]:AlignUtteranceWrapper():decoder-wrappers.cc:468) Retrying utterance hi2504M0098 with beam 24
LOG (gmm-align-compiled[5.3]:main():gmm-align-compiled.cc:127) hi2504M0099
WARNING (gmm-align-compiled[5.3]:AlignUtteranceWrapper():decoder-wrappers.cc:468) Retrying utterance hi2504M0099 with beam 24
LOG (gmm-align-compiled[5.3]:main():gmm-align-compiled.cc:127) hi2504M0100
WARNING (gmm-align-compiled[5.3]:AlignUtteranceWrapper():decoder-wrappers.cc:468) Retrying utterance hi2504M0100 with beam 24
LOG (gmm-align-compiled[5.3]:main():gmm-align-compiled.cc:127) hi2504M0101
WARNING (gmm-align-compiled[5.3]:AlignUtteranceWrapper():decoder-wrappers.cc:468) Retrying utterance hi2504M0101 with beam 24
LOG (gmm-align-compiled[5.3]:main():gmm-align-compiled.cc:127) hi2504M0102
WARNING (gmm-align-compiled[5.3]:AlignUtteranceWrapper():decoder-wrappers.cc:468) Retrying utterance hi2504M0102 with beam 24
LOG (gmm-align-compiled[5.3]:main():gmm-align-compiled.cc:127) hi2504M0103
LOG (gmm-align-compiled[5.3]:main():gmm-align-compiled.cc:127) hi2504M0104
WARNING (gmm-align-compiled[5.3]:AlignUtteranceWrapper():decoder-wrappers.cc:468) Retrying utterance hi2504M0104 with beam 24
LOG (gmm-align-compiled[5.3]:main():gmm-align-compiled.cc:127) hi2504M0105
WARNING (gmm-align-compiled[5.3]:AlignUtteranceWrapper():decoder-wrappers.cc:468) Retrying utterance hi2504M0105 with beam 24
LOG (gmm-align-compiled[5.3]:main():gmm-align-compiled.cc:127) hi2504M0106
LOG (gmm-align-compiled[5.3]:main():gmm-align-compiled.cc:127) hi2504M0107
LOG (gmm-align-compiled[5.3]:main():gmm-align-compiled.cc:127) hi2504M0108
WARNING (gmm-align-compiled[5.3]:AlignUtteranceWrapper():decoder-wrappers.cc:468) Retrying utterance hi2504M0108 with beam 24
LOG (gmm-align-compiled[5.3]:main():gmm-align-compiled.cc:127) hi2504M0109
LOG (gmm-align-compiled[5.3]:main():gmm-align-compiled.cc:127) hi2504M0110
WARNING (gmm-align-compiled[5.3]:AlignUtteranceWrapper():decoder-wrappers.cc:468) Retrying utterance hi2504M0110 with beam 24
WARNING (gmm-align-compiled[5.3]:AlignUtteranceWrapper():decoder-wrappers.cc:477) Did not successfully decode file hi2504M0110, len = 698
LOG (gmm-align-compiled[5.3]:main():gmm-align-compiled.cc:127) hi2504M0111
WARNING (gmm-align-compiled[5.3]:AlignUtteranceWrapper():decoder-wrappers.cc:468) Retrying utterance hi2504M0111 with beam 24
LOG (gmm-align-compiled[5.3]:main():gmm-align-compiled.cc:127) hi2504M0112
WARNING (gmm-align-compiled[5.3]:AlignUtteranceWrapper():decoder-wrappers.cc:468) Retrying utterance hi2504M0112 with beam 24
LOG (gmm-align-compiled[5.3]:main():gmm-align-compiled.cc:127) hi2504M0113
WARNING (gmm-align-compiled[5.3]:AlignUtteranceWrapper():decoder-wrappers.cc:468) Retrying utterance hi2504M0113 with beam 24
LOG (gmm-align-compiled[5.3]:main():gmm-align-compiled.cc:127) hi2504M0114
WARNING (gmm-align-compiled[5.3]:AlignUtteranceWrapper():decoder-wrappers.cc:468) Retrying utterance hi2504M0114 with beam 24
LOG (gmm-align-compiled[5.3]:main():gmm-align-compiled.cc:127) hi2504M0115
WARNING (gmm-align-compiled[5.3]:AlignUtteranceWrapper():decoder-wrappers.cc:468) Retrying utterance hi2504M0115 with beam 24
LOG (gmm-align-compiled[5.3]:main():gmm-align-compiled.cc:127) hi2504M0116
WARNING (gmm-align-compiled[5.3]:AlignUtteranceWrapper():decoder-wrappers.cc:468) Retrying utterance hi2504M0116 with beam 24
WARNING (gmm-align-compiled[5.3]:AlignUtteranceWrapper():decoder-wrappers.cc:477) Did not successfully decode file hi2504M0116, len = 698
LOG (gmm-align-compiled[5.3]:main():gmm-align-compiled.cc:127) hi2504M0117
LOG (gmm-align-compiled[5.3]:main():gmm-align-compiled.cc:127) hi2504M0118
WARNING (gmm-align-compiled[5.3]:AlignUtteranceWrapper():decoder-wrappers.cc:468) Retrying utterance hi2504M0118 with beam 24
LOG (gmm-align-compiled[5.3]:main():gmm-align-compiled.cc:127) hi2504M0119
WARNING (gmm-align-compiled[5.3]:AlignUtteranceWrapper():decoder-wrappers.cc:468) Retrying utterance hi2504M0119 with beam 24
LOG (gmm-align-compiled[5.3]:main():gmm-align-compiled.cc:127) hi2504M0120
WARNING (gmm-align-compiled[5.3]:AlignUtteranceWrapper():decoder-wrappers.cc:468) Retrying utterance hi2504M0120 with beam 24
LOG (gmm-align-compiled[5.3]:main():gmm-align-compiled.cc:127) hi2504M0121
WARNING (gmm-align-compiled[5.3]:AlignUtteranceWrapper():decoder-wrappers.cc:468) Retrying utterance hi2504M0121 with beam 24
LOG (gmm-align-compiled[5.3]:main():gmm-align-compiled.cc:127) hi2504M0122
WARNING (gmm-align-compiled[5.3]:AlignUtteranceWrapper():decoder-wrappers.cc:468) Retrying utterance hi2504M0122 with beam 24
LOG (gmm-align-compiled[5.3]:main():gmm-align-compiled.cc:127) hi2504M0123
WARNING (gmm-align-compiled[5.3]:AlignUtteranceWrapper():decoder-wrappers.cc:468) Retrying utterance hi2504M0123 with beam 24
LOG (gmm-align-compiled[5.3]:main():gmm-align-compiled.cc:127) hi2504M0124
WARNING (gmm-align-compiled[5.3]:AlignUtteranceWrapper():decoder-wrappers.cc:468) Retrying utterance hi2504M0124 with beam 24
LOG (gmm-align-compiled[5.3]:main():gmm-align-compiled.cc:127) hi2504M0125
WARNING (gmm-align-compiled[5.3]:AlignUtteranceWrapper():decoder-wrappers.cc:468) Retrying utterance hi2504M0125 with beam 24
WARNING (gmm-align-compiled[5.3]:AlignUtteranceWrapper():decoder-wrappers.cc:477) Did not successfully decode file hi2504M0125, len = 698
LOG (gmm-align-compiled[5.3]:main():gmm-align-compiled.cc:127) hi2504M0126
WARNING (gmm-align-compiled[5.3]:AlignUtteranceWrapper():decoder-wrappers.cc:468) Retrying utterance hi2504M0126 with beam 24
LOG (gmm-align-compiled[5.3]:main():gmm-align-compiled.cc:127) hi2504M0127
WARNING (gmm-align-compiled[5.3]:AlignUtteranceWrapper():decoder-wrappers.cc:468) Retrying utterance hi2504M0127 with beam 24
WARNING (gmm-align-compiled[5.3]:AlignUtteranceWrapper():decoder-wrappers.cc:477) Did not successfully decode file hi2504M0127, len = 698
LOG (gmm-align-compiled[5.3]:main():gmm-align-compiled.cc:127) hi2504M0128
WARNING (gmm-align-compiled[5.3]:AlignUtteranceWrapper():decoder-wrappers.cc:468) Retrying utterance hi2504M0128 with beam 24
LOG (gmm-align-compiled[5.3]:main():gmm-align-compiled.cc:127) hi2504M0129
WARNING (gmm-align-compiled[5.3]:AlignUtteranceWrapper():decoder-wrappers.cc:468) Retrying utterance hi2504M0129 with beam 24
LOG (gmm-align-compiled[5.3]:main():gmm-align-compiled.cc:127) hi2504M0130
WARNING (gmm-align-compiled[5.3]:AlignUtteranceWrapper():decoder-wrappers.cc:468) Retrying utterance hi2504M0130 with beam 24
LOG (gmm-align-compiled[5.3]:main():gmm-align-compiled.cc:127) hi2504M0131
WARNING (gmm-align-compiled[5.3]:AlignUtteranceWrapper():decoder-wrappers.cc:468) Retrying utterance hi2504M0131 with beam 24
LOG (gmm-align-compiled[5.3]:main():gmm-align-compiled.cc:127) hi2504M0132
WARNING (gmm-align-compiled[5.3]:AlignUtteranceWrapper():decoder-wrappers.cc:468) Retrying utterance hi2504M0132 with beam 24
LOG (gmm-align-compiled[5.3]:main():gmm-align-compiled.cc:127) hi2504M0133
WARNING (gmm-align-compiled[5.3]:AlignUtteranceWrapper():decoder-wrappers.cc:468) Retrying utterance hi2504M0133 with beam 24
LOG (gmm-align-compiled[5.3]:main():gmm-align-compiled.cc:127) hi2504M0134
WARNING (gmm-align-compiled[5.3]:AlignUtteranceWrapper():decoder-wrappers.cc:468) Retrying utterance hi2504M0134 with beam 24
LOG (gmm-align-compiled[5.3]:main():gmm-align-compiled.cc:127) hi2504M0135
WARNING (gmm-align-compiled[5.3]:AlignUtteranceWrapper():decoder-wrappers.cc:468) Retrying utterance hi2504M0135 with beam 24
WARNING (gmm-align-compiled[5.3]:AlignUtteranceWrapper():decoder-wrappers.cc:477) Did not successfully decode file hi2504M0135, len = 698
LOG (gmm-align-compiled[5.3]:main():gmm-align-compiled.cc:127) hi2504M0136
WARNING (gmm-align-compiled[5.3]:AlignUtteranceWrapper():decoder-wrappers.cc:468) Retrying utterance hi2504M0136 with beam 24
WARNING (gmm-align-compiled[5.3]:AlignUtteranceWrapper():decoder-wrappers.cc:477) Did not successfully decode file hi2504M0136, len = 698
LOG (gmm-align-compiled[5.3]:main():gmm-align-compiled.cc:127) hi2504M0137
WARNING (gmm-align-compiled[5.3]:AlignUtteranceWrapper():decoder-wrappers.cc:468) Retrying utterance hi2504M0137 with beam 24
LOG (gmm-align-compiled[5.3]:main():gmm-align-compiled.cc:127) hi2504M0138
WARNING (gmm-align-compiled[5.3]:AlignUtteranceWrapper():decoder-wrappers.cc:468) Retrying utterance hi2504M0138 with beam 24
LOG (gmm-align-compiled[5.3]:main():gmm-align-compiled.cc:127) hi2504M0139
WARNING (gmm-align-compiled[5.3]:AlignUtteranceWrapper():decoder-wrappers.cc:468) Retrying utterance hi2504M0139 with beam 24
LOG (gmm-align-compiled[5.3]:main():gmm-align-compiled.cc:127) hi2504M0140
WARNING (gmm-align-compiled[5.3]:AlignUtteranceWrapper():decoder-wrappers.cc:468) Retrying utterance hi2504M0140 with beam 24
LOG (gmm-align-compiled[5.3]:main():gmm-align-compiled.cc:127) hi2504M0141
WARNING (gmm-align-compiled[5.3]:AlignUtteranceWrapper():decoder-wrappers.cc:468) Retrying utterance hi2504M0141 with beam 24
LOG (gmm-align-compiled[5.3]:main():gmm-align-compiled.cc:127) hi2504M0142
WARNING (gmm-align-compiled[5.3]:AlignUtteranceWrapper():decoder-wrappers.cc:468) Retrying utterance hi2504M0142 with beam 24
LOG (gmm-align-compiled[5.3]:main():gmm-align-compiled.cc:127) hi2504M0143
WARNING (gmm-align-compiled[5.3]:AlignUtteranceWrapper():decoder-wrappers.cc:468) Retrying utterance hi2504M0143 with beam 24
LOG (gmm-align-compiled[5.3]:main():gmm-align-compiled.cc:127) hi2504M0144
WARNING (gmm-align-compiled[5.3]:AlignUtteranceWrapper():decoder-wrappers.cc:468) Retrying utterance hi2504M0144 with beam 24
LOG (gmm-align-compiled[5.3]:main():gmm-align-compiled.cc:127) hi2504M0145
WARNING (gmm-align-compiled[5.3]:AlignUtteranceWrapper():decoder-wrappers.cc:468) Retrying utterance hi2504M0145 with beam 24
LOG (gmm-align-compiled[5.3]:main():gmm-align-compiled.cc:127) hi2504M0146
WARNING (gmm-align-compiled[5.3]:AlignUtteranceWrapper():decoder-wrappers.cc:468) Retrying utterance hi2504M0146 with beam 24
LOG (gmm-align-compiled[5.3]:main():gmm-align-compiled.cc:127) hi2504M0147
WARNING (gmm-align-compiled[5.3]:AlignUtteranceWrapper():decoder-wrappers.cc:468) Retrying utterance hi2504M0147 with beam 24
LOG (apply-cmvn[5.3]:main():apply-cmvn.cc:162) Applied cepstral mean normalization to 260 utterances, errors on 0
LOG (gmm-align-compiled[5.3]:main():gmm-align-compiled.cc:127) hi2504M0148
WARNING (gmm-align-compiled[5.3]:AlignUtteranceWrapper():decoder-wrappers.cc:468) Retrying utterance hi2504M0148 with beam 24
LOG (gmm-align-compiled[5.3]:main():gmm-align-compiled.cc:127) hi2504M0149
WARNING (gmm-align-compiled[5.3]:AlignUtteranceWrapper():decoder-wrappers.cc:468) Retrying utterance hi2504M0149 with beam 24
WARNING (gmm-align-compiled[5.3]:AlignUtteranceWrapper():decoder-wrappers.cc:477) Did not successfully decode file hi2504M0149, len = 698
LOG (gmm-align-compiled[5.3]:main():gmm-align-compiled.cc:127) hi2504M0150
WARNING (gmm-align-compiled[5.3]:AlignUtteranceWrapper():decoder-wrappers.cc:468) Retrying utterance hi2504M0150 with beam 24
WARNING (gmm-align-compiled[5.3]:AlignUtteranceWrapper():decoder-wrappers.cc:477) Did not successfully decode file hi2504M0150, len = 698
LOG (gmm-align-compiled[5.3]:main():gmm-align-compiled.cc:135) Overall log-likelihood per frame is -98.6608 over 143090 frames.
LOG (gmm-align-compiled[5.3]:main():gmm-align-compiled.cc:137) Retried 229 out of 260 utterances.
LOG (gmm-align-compiled[5.3]:main():gmm-align-compiled.cc:139) Done 205, errors on 55
# Accounting: time=82 threads=1
# Ended (code 0) at Sat Dec 23 21:44:17 IST 2017, elapsed time 82 seconds
