# gmm-align-compiled --transition-scale=1.0 --acoustic-scale=0.1 --self-loop-scale=0.1 --beam=10 --retry-beam=40 --careful=false "gmm-boost-silence --boost=1.0 1 exp/mono/23.mdl - |" "ark:gunzip -c exp/mono/fsts.3.gz|" "ark,s,cs:apply-cmvn  --utt2spk=ark:data/train/split4/3/utt2spk scp:data/train/split4/3/cmvn.scp scp:data/train/split4/3/feats.scp ark:- | add-deltas ark:- ark:- |" "ark,t:|gzip -c >exp/mono/ali.3.gz" 
# Started at Sat Dec 23 21:51:14 IST 2017
#
gmm-align-compiled --transition-scale=1.0 --acoustic-scale=0.1 --self-loop-scale=0.1 --beam=10 --retry-beam=40 --careful=false 'gmm-boost-silence --boost=1.0 1 exp/mono/23.mdl - |' 'ark:gunzip -c exp/mono/fsts.3.gz|' 'ark,s,cs:apply-cmvn  --utt2spk=ark:data/train/split4/3/utt2spk scp:data/train/split4/3/cmvn.scp scp:data/train/split4/3/feats.scp ark:- | add-deltas ark:- ark:- |' 'ark,t:|gzip -c >exp/mono/ali.3.gz' 
gmm-boost-silence --boost=1.0 1 exp/mono/23.mdl - 
WARNING (gmm-boost-silence[5.3]:main():gmm-boost-silence.cc:82) The pdfs for the silence phones may be shared by other phones (note: this probably does not matter.)
LOG (gmm-boost-silence[5.3]:main():gmm-boost-silence.cc:93) Boosted weights for 3 pdfs, by factor of 1
LOG (gmm-boost-silence[5.3]:main():gmm-boost-silence.cc:103) Wrote model to -
apply-cmvn --utt2spk=ark:data/train/split4/3/utt2spk scp:data/train/split4/3/cmvn.scp scp:data/train/split4/3/feats.scp ark:- 
add-deltas ark:- ark:- 
LOG (gmm-align-compiled[5.3]:main():gmm-align-compiled.cc:127) hi2505M0001
LOG (gmm-align-compiled[5.3]:main():gmm-align-compiled.cc:127) hi2505M0002
LOG (gmm-align-compiled[5.3]:main():gmm-align-compiled.cc:127) hi2505M0003
LOG (gmm-align-compiled[5.3]:main():gmm-align-compiled.cc:127) hi2505M0004
LOG (gmm-align-compiled[5.3]:main():gmm-align-compiled.cc:127) hi2505M0005
LOG (gmm-align-compiled[5.3]:main():gmm-align-compiled.cc:127) hi2505M0006
LOG (gmm-align-compiled[5.3]:main():gmm-align-compiled.cc:127) hi2505M0007
LOG (gmm-align-compiled[5.3]:main():gmm-align-compiled.cc:127) hi2505M0008
LOG (gmm-align-compiled[5.3]:main():gmm-align-compiled.cc:127) hi2505M0009
LOG (gmm-align-compiled[5.3]:main():gmm-align-compiled.cc:127) hi2505M0010
LOG (gmm-align-compiled[5.3]:main():gmm-align-compiled.cc:127) hi2505M0011
LOG (gmm-align-compiled[5.3]:main():gmm-align-compiled.cc:127) hi2505M0012
WARNING (gmm-align-compiled[5.3]:AlignUtteranceWrapper():decoder-wrappers.cc:468) Retrying utterance hi2505M0012 with beam 40
LOG (gmm-align-compiled[5.3]:main():gmm-align-compiled.cc:127) hi2505M0013
LOG (gmm-align-compiled[5.3]:main():gmm-align-compiled.cc:127) hi2505M0014
LOG (gmm-align-compiled[5.3]:main():gmm-align-compiled.cc:127) hi2505M0015
LOG (gmm-align-compiled[5.3]:main():gmm-align-compiled.cc:127) hi2505M0016
LOG (gmm-align-compiled[5.3]:main():gmm-align-compiled.cc:127) hi2505M0017
LOG (gmm-align-compiled[5.3]:main():gmm-align-compiled.cc:127) hi2505M0018
LOG (gmm-align-compiled[5.3]:main():gmm-align-compiled.cc:127) hi2505M0019
LOG (gmm-align-compiled[5.3]:main():gmm-align-compiled.cc:127) hi2505M0020
LOG (gmm-align-compiled[5.3]:main():gmm-align-compiled.cc:127) hi2505M0021
LOG (gmm-align-compiled[5.3]:main():gmm-align-compiled.cc:127) hi2505M0022
LOG (gmm-align-compiled[5.3]:main():gmm-align-compiled.cc:127) hi2505M0023
LOG (gmm-align-compiled[5.3]:main():gmm-align-compiled.cc:127) hi2505M0024
LOG (gmm-align-compiled[5.3]:main():gmm-align-compiled.cc:127) hi2505M0025
LOG (gmm-align-compiled[5.3]:main():gmm-align-compiled.cc:127) hi2505M0026
LOG (gmm-align-compiled[5.3]:main():gmm-align-compiled.cc:127) hi2505M0027
WARNING (gmm-align-compiled[5.3]:AlignUtteranceWrapper():decoder-wrappers.cc:468) Retrying utterance hi2505M0027 with beam 40
WARNING (gmm-align-compiled[5.3]:AlignUtteranceWrapper():decoder-wrappers.cc:477) Did not successfully decode file hi2505M0027, len = 698
LOG (gmm-align-compiled[5.3]:main():gmm-align-compiled.cc:127) hi2505M0028
LOG (gmm-align-compiled[5.3]:main():gmm-align-compiled.cc:127) hi2505M0029
LOG (gmm-align-compiled[5.3]:main():gmm-align-compiled.cc:127) hi2505M0030
LOG (gmm-align-compiled[5.3]:main():gmm-align-compiled.cc:127) hi2505M0031
LOG (gmm-align-compiled[5.3]:main():gmm-align-compiled.cc:127) hi2505M0032
LOG (gmm-align-compiled[5.3]:main():gmm-align-compiled.cc:127) hi2505M0033
LOG (gmm-align-compiled[5.3]:main():gmm-align-compiled.cc:127) hi2505M0034
LOG (gmm-align-compiled[5.3]:main():gmm-align-compiled.cc:127) hi2505M0035
LOG (gmm-align-compiled[5.3]:main():gmm-align-compiled.cc:127) hi2505M0036
LOG (gmm-align-compiled[5.3]:main():gmm-align-compiled.cc:127) hi2505M0037
LOG (gmm-align-compiled[5.3]:main():gmm-align-compiled.cc:127) hi2505M0038
LOG (gmm-align-compiled[5.3]:main():gmm-align-compiled.cc:127) hi2505M0039
LOG (gmm-align-compiled[5.3]:main():gmm-align-compiled.cc:127) hi2505M0040
LOG (gmm-align-compiled[5.3]:main():gmm-align-compiled.cc:127) hi2505M0041
LOG (gmm-align-compiled[5.3]:main():gmm-align-compiled.cc:127) hi2505M0042
LOG (gmm-align-compiled[5.3]:main():gmm-align-compiled.cc:127) hi2505M0043
LOG (gmm-align-compiled[5.3]:main():gmm-align-compiled.cc:127) hi2505M0044
WARNING (gmm-align-compiled[5.3]:AlignUtteranceWrapper():decoder-wrappers.cc:468) Retrying utterance hi2505M0044 with beam 40
WARNING (gmm-align-compiled[5.3]:AlignUtteranceWrapper():decoder-wrappers.cc:477) Did not successfully decode file hi2505M0044, len = 698
LOG (gmm-align-compiled[5.3]:main():gmm-align-compiled.cc:127) hi2505M0045
LOG (gmm-align-compiled[5.3]:main():gmm-align-compiled.cc:127) hi2505M0046
LOG (gmm-align-compiled[5.3]:main():gmm-align-compiled.cc:127) hi2505M0047
LOG (gmm-align-compiled[5.3]:main():gmm-align-compiled.cc:127) hi2505M0048
WARNING (gmm-align-compiled[5.3]:AlignUtteranceWrapper():decoder-wrappers.cc:468) Retrying utterance hi2505M0048 with beam 40
WARNING (gmm-align-compiled[5.3]:AlignUtteranceWrapper():decoder-wrappers.cc:477) Did not successfully decode file hi2505M0048, len = 698
LOG (gmm-align-compiled[5.3]:main():gmm-align-compiled.cc:127) hi2505M0049
LOG (gmm-align-compiled[5.3]:main():gmm-align-compiled.cc:127) hi2505M0050
LOG (gmm-align-compiled[5.3]:main():gmm-align-compiled.cc:127) hi2505M0051
WARNING (gmm-align-compiled[5.3]:AlignUtteranceWrapper():decoder-wrappers.cc:468) Retrying utterance hi2505M0051 with beam 40
LOG (gmm-align-compiled[5.3]:main():gmm-align-compiled.cc:127) hi2505M0052
LOG (gmm-align-compiled[5.3]:main():gmm-align-compiled.cc:127) hi2505M0053
LOG (gmm-align-compiled[5.3]:main():gmm-align-compiled.cc:127) hi2505M0054
LOG (gmm-align-compiled[5.3]:main():gmm-align-compiled.cc:127) hi2505M0055
LOG (gmm-align-compiled[5.3]:main():gmm-align-compiled.cc:127) hi2505M0056
LOG (gmm-align-compiled[5.3]:main():gmm-align-compiled.cc:127) hi2505M0057
LOG (gmm-align-compiled[5.3]:main():gmm-align-compiled.cc:127) hi2505M0058
LOG (gmm-align-compiled[5.3]:main():gmm-align-compiled.cc:127) hi2505M0059
LOG (gmm-align-compiled[5.3]:main():gmm-align-compiled.cc:127) hi2505M0060
LOG (gmm-align-compiled[5.3]:main():gmm-align-compiled.cc:127) hi2505M0061
LOG (gmm-align-compiled[5.3]:main():gmm-align-compiled.cc:127) hi2505M0062
LOG (gmm-align-compiled[5.3]:main():gmm-align-compiled.cc:127) hi2505M0063
LOG (gmm-align-compiled[5.3]:main():gmm-align-compiled.cc:127) hi2505M0064
LOG (gmm-align-compiled[5.3]:main():gmm-align-compiled.cc:127) hi2505M0065
LOG (gmm-align-compiled[5.3]:main():gmm-align-compiled.cc:127) hi2505M0066
LOG (gmm-align-compiled[5.3]:main():gmm-align-compiled.cc:127) hi2505M0067
LOG (gmm-align-compiled[5.3]:main():gmm-align-compiled.cc:127) hi2505M0068
LOG (gmm-align-compiled[5.3]:main():gmm-align-compiled.cc:127) hi2505M0069
LOG (gmm-align-compiled[5.3]:main():gmm-align-compiled.cc:127) hi2505M0070
LOG (gmm-align-compiled[5.3]:main():gmm-align-compiled.cc:127) hi2505M0071
LOG (gmm-align-compiled[5.3]:main():gmm-align-compiled.cc:127) hi2505M0072
LOG (gmm-align-compiled[5.3]:main():gmm-align-compiled.cc:127) hi2505M0073
LOG (gmm-align-compiled[5.3]:main():gmm-align-compiled.cc:127) hi2505M0074
LOG (gmm-align-compiled[5.3]:main():gmm-align-compiled.cc:127) hi2505M0075
LOG (gmm-align-compiled[5.3]:main():gmm-align-compiled.cc:127) hi2505M0076
LOG (gmm-align-compiled[5.3]:main():gmm-align-compiled.cc:127) hi2505M0077
LOG (gmm-align-compiled[5.3]:main():gmm-align-compiled.cc:127) hi2505M0078
LOG (gmm-align-compiled[5.3]:main():gmm-align-compiled.cc:127) hi2505M0079
LOG (gmm-align-compiled[5.3]:main():gmm-align-compiled.cc:127) hi2505M0080
LOG (gmm-align-compiled[5.3]:main():gmm-align-compiled.cc:127) hi2505M0101
WARNING (gmm-align-compiled[5.3]:AlignUtteranceWrapper():decoder-wrappers.cc:468) Retrying utterance hi2505M0101 with beam 40
WARNING (gmm-align-compiled[5.3]:AlignUtteranceWrapper():decoder-wrappers.cc:477) Did not successfully decode file hi2505M0101, len = 698
LOG (gmm-align-compiled[5.3]:main():gmm-align-compiled.cc:127) hi2505M0102
LOG (gmm-align-compiled[5.3]:main():gmm-align-compiled.cc:127) hi2505M0103
LOG (gmm-align-compiled[5.3]:main():gmm-align-compiled.cc:127) hi2505M0104
WARNING (gmm-align-compiled[5.3]:AlignUtteranceWrapper():decoder-wrappers.cc:468) Retrying utterance hi2505M0104 with beam 40
WARNING (gmm-align-compiled[5.3]:AlignUtteranceWrapper():decoder-wrappers.cc:477) Did not successfully decode file hi2505M0104, len = 698
LOG (gmm-align-compiled[5.3]:main():gmm-align-compiled.cc:127) hi2505M0105
LOG (gmm-align-compiled[5.3]:main():gmm-align-compiled.cc:127) hi2505M0106
LOG (gmm-align-compiled[5.3]:main():gmm-align-compiled.cc:127) hi2505M0107
LOG (gmm-align-compiled[5.3]:main():gmm-align-compiled.cc:127) hi2505M0108
LOG (gmm-align-compiled[5.3]:main():gmm-align-compiled.cc:127) hi2505M0109
LOG (gmm-align-compiled[5.3]:main():gmm-align-compiled.cc:127) hi2505M0110
LOG (gmm-align-compiled[5.3]:main():gmm-align-compiled.cc:127) hi2505M0111
LOG (gmm-align-compiled[5.3]:main():gmm-align-compiled.cc:127) hi2505M0112
LOG (gmm-align-compiled[5.3]:main():gmm-align-compiled.cc:127) hi2505M0113
LOG (gmm-align-compiled[5.3]:main():gmm-align-compiled.cc:127) hi2505M0114
LOG (gmm-align-compiled[5.3]:main():gmm-align-compiled.cc:127) hi2505M0115
LOG (gmm-align-compiled[5.3]:main():gmm-align-compiled.cc:127) hi2505M0116
WARNING (gmm-align-compiled[5.3]:AlignUtteranceWrapper():decoder-wrappers.cc:468) Retrying utterance hi2505M0116 with beam 40
WARNING (gmm-align-compiled[5.3]:AlignUtteranceWrapper():decoder-wrappers.cc:477) Did not successfully decode file hi2505M0116, len = 698
LOG (gmm-align-compiled[5.3]:main():gmm-align-compiled.cc:127) hi2505M0117
LOG (gmm-align-compiled[5.3]:main():gmm-align-compiled.cc:127) hi2505M0118
WARNING (gmm-align-compiled[5.3]:AlignUtteranceWrapper():decoder-wrappers.cc:468) Retrying utterance hi2505M0118 with beam 40
LOG (gmm-align-compiled[5.3]:main():gmm-align-compiled.cc:127) hi2505M0119
LOG (gmm-align-compiled[5.3]:main():gmm-align-compiled.cc:127) hi2505M0120
LOG (gmm-align-compiled[5.3]:main():gmm-align-compiled.cc:127) hi2505M0121
LOG (gmm-align-compiled[5.3]:main():gmm-align-compiled.cc:127) hi2505M0122
LOG (gmm-align-compiled[5.3]:main():gmm-align-compiled.cc:127) hi2505M0123
LOG (gmm-align-compiled[5.3]:main():gmm-align-compiled.cc:127) hi2505M0124
LOG (gmm-align-compiled[5.3]:main():gmm-align-compiled.cc:127) hi2505M0125
WARNING (gmm-align-compiled[5.3]:AlignUtteranceWrapper():decoder-wrappers.cc:468) Retrying utterance hi2505M0125 with beam 40
LOG (gmm-align-compiled[5.3]:main():gmm-align-compiled.cc:127) hi2505M0126
LOG (gmm-align-compiled[5.3]:main():gmm-align-compiled.cc:127) hi2505M0127
WARNING (gmm-align-compiled[5.3]:AlignUtteranceWrapper():decoder-wrappers.cc:468) Retrying utterance hi2505M0127 with beam 40
WARNING (gmm-align-compiled[5.3]:AlignUtteranceWrapper():decoder-wrappers.cc:477) Did not successfully decode file hi2505M0127, len = 698
LOG (gmm-align-compiled[5.3]:main():gmm-align-compiled.cc:127) hi2505M0128
LOG (gmm-align-compiled[5.3]:main():gmm-align-compiled.cc:127) hi2505M0129
LOG (gmm-align-compiled[5.3]:main():gmm-align-compiled.cc:127) hi2505M0130
WARNING (gmm-align-compiled[5.3]:AlignUtteranceWrapper():decoder-wrappers.cc:468) Retrying utterance hi2505M0130 with beam 40
LOG (gmm-align-compiled[5.3]:main():gmm-align-compiled.cc:127) hi2505M0131
LOG (gmm-align-compiled[5.3]:main():gmm-align-compiled.cc:127) hi2505M0132
LOG (gmm-align-compiled[5.3]:main():gmm-align-compiled.cc:127) hi2505M0133
WARNING (gmm-align-compiled[5.3]:AlignUtteranceWrapper():decoder-wrappers.cc:468) Retrying utterance hi2505M0133 with beam 40
WARNING (gmm-align-compiled[5.3]:AlignUtteranceWrapper():decoder-wrappers.cc:477) Did not successfully decode file hi2505M0133, len = 698
LOG (gmm-align-compiled[5.3]:main():gmm-align-compiled.cc:127) hi2505M0134
LOG (gmm-align-compiled[5.3]:main():gmm-align-compiled.cc:127) hi2505M0135
LOG (gmm-align-compiled[5.3]:main():gmm-align-compiled.cc:127) hi2505M0136
LOG (gmm-align-compiled[5.3]:main():gmm-align-compiled.cc:127) hi2505M0137
LOG (gmm-align-compiled[5.3]:main():gmm-align-compiled.cc:127) hi2505M0138
LOG (gmm-align-compiled[5.3]:main():gmm-align-compiled.cc:127) hi2505M0139
WARNING (gmm-align-compiled[5.3]:AlignUtteranceWrapper():decoder-wrappers.cc:468) Retrying utterance hi2505M0139 with beam 40
LOG (gmm-align-compiled[5.3]:main():gmm-align-compiled.cc:127) hi2505M0140
LOG (gmm-align-compiled[5.3]:main():gmm-align-compiled.cc:127) hi2505M0141
LOG (gmm-align-compiled[5.3]:main():gmm-align-compiled.cc:127) hi2505M0142
LOG (gmm-align-compiled[5.3]:main():gmm-align-compiled.cc:127) hi2505M0143
LOG (gmm-align-compiled[5.3]:main():gmm-align-compiled.cc:127) hi2505M0144
LOG (gmm-align-compiled[5.3]:main():gmm-align-compiled.cc:127) hi2505M0145
WARNING (gmm-align-compiled[5.3]:AlignUtteranceWrapper():decoder-wrappers.cc:468) Retrying utterance hi2505M0145 with beam 40
WARNING (gmm-align-compiled[5.3]:AlignUtteranceWrapper():decoder-wrappers.cc:477) Did not successfully decode file hi2505M0145, len = 698
LOG (gmm-align-compiled[5.3]:main():gmm-align-compiled.cc:127) hi2505M0146
LOG (gmm-align-compiled[5.3]:main():gmm-align-compiled.cc:127) hi2505M0147
LOG (gmm-align-compiled[5.3]:main():gmm-align-compiled.cc:127) hi2505M0148
WARNING (gmm-align-compiled[5.3]:AlignUtteranceWrapper():decoder-wrappers.cc:468) Retrying utterance hi2505M0148 with beam 40
LOG (gmm-align-compiled[5.3]:main():gmm-align-compiled.cc:127) hi2505M0149
LOG (gmm-align-compiled[5.3]:main():gmm-align-compiled.cc:127) hi2505M0150
LOG (gmm-align-compiled[5.3]:main():gmm-align-compiled.cc:127) hi2508M0001
LOG (gmm-align-compiled[5.3]:main():gmm-align-compiled.cc:127) hi2508M0002
LOG (gmm-align-compiled[5.3]:main():gmm-align-compiled.cc:127) hi2508M0003
LOG (gmm-align-compiled[5.3]:main():gmm-align-compiled.cc:127) hi2508M0004
LOG (gmm-align-compiled[5.3]:main():gmm-align-compiled.cc:127) hi2508M0005
LOG (gmm-align-compiled[5.3]:main():gmm-align-compiled.cc:127) hi2508M0006
LOG (gmm-align-compiled[5.3]:main():gmm-align-compiled.cc:127) hi2508M0007
LOG (gmm-align-compiled[5.3]:main():gmm-align-compiled.cc:127) hi2508M0008
LOG (gmm-align-compiled[5.3]:main():gmm-align-compiled.cc:127) hi2508M0009
LOG (gmm-align-compiled[5.3]:main():gmm-align-compiled.cc:127) hi2508M0010
LOG (gmm-align-compiled[5.3]:main():gmm-align-compiled.cc:127) hi2508M0011
LOG (gmm-align-compiled[5.3]:main():gmm-align-compiled.cc:127) hi2508M0012
LOG (gmm-align-compiled[5.3]:main():gmm-align-compiled.cc:127) hi2508M0013
LOG (gmm-align-compiled[5.3]:main():gmm-align-compiled.cc:127) hi2508M0014
LOG (gmm-align-compiled[5.3]:main():gmm-align-compiled.cc:127) hi2508M0015
LOG (gmm-align-compiled[5.3]:main():gmm-align-compiled.cc:127) hi2508M0016
LOG (gmm-align-compiled[5.3]:main():gmm-align-compiled.cc:127) hi2508M0017
LOG (gmm-align-compiled[5.3]:main():gmm-align-compiled.cc:127) hi2508M0018
LOG (gmm-align-compiled[5.3]:main():gmm-align-compiled.cc:127) hi2508M0019
LOG (gmm-align-compiled[5.3]:main():gmm-align-compiled.cc:127) hi2508M0020
LOG (gmm-align-compiled[5.3]:main():gmm-align-compiled.cc:127) hi2508M0021
LOG (gmm-align-compiled[5.3]:main():gmm-align-compiled.cc:127) hi2508M0022
LOG (gmm-align-compiled[5.3]:main():gmm-align-compiled.cc:127) hi2508M0023
LOG (gmm-align-compiled[5.3]:main():gmm-align-compiled.cc:127) hi2508M0024
LOG (gmm-align-compiled[5.3]:main():gmm-align-compiled.cc:127) hi2508M0025
LOG (gmm-align-compiled[5.3]:main():gmm-align-compiled.cc:127) hi2508M0026
LOG (gmm-align-compiled[5.3]:main():gmm-align-compiled.cc:127) hi2508M0027
WARNING (gmm-align-compiled[5.3]:AlignUtteranceWrapper():decoder-wrappers.cc:468) Retrying utterance hi2508M0027 with beam 40
LOG (gmm-align-compiled[5.3]:main():gmm-align-compiled.cc:127) hi2508M0028
LOG (gmm-align-compiled[5.3]:main():gmm-align-compiled.cc:127) hi2508M0029
LOG (gmm-align-compiled[5.3]:main():gmm-align-compiled.cc:127) hi2508M0030
LOG (gmm-align-compiled[5.3]:main():gmm-align-compiled.cc:127) hi2508M0031
LOG (gmm-align-compiled[5.3]:main():gmm-align-compiled.cc:127) hi2508M0032
LOG (gmm-align-compiled[5.3]:main():gmm-align-compiled.cc:127) hi2508M0033
LOG (gmm-align-compiled[5.3]:main():gmm-align-compiled.cc:127) hi2508M0034
LOG (gmm-align-compiled[5.3]:main():gmm-align-compiled.cc:127) hi2508M0035
LOG (gmm-align-compiled[5.3]:main():gmm-align-compiled.cc:127) hi2508M0036
LOG (gmm-align-compiled[5.3]:main():gmm-align-compiled.cc:127) hi2508M0037
LOG (gmm-align-compiled[5.3]:main():gmm-align-compiled.cc:127) hi2508M0038
LOG (gmm-align-compiled[5.3]:main():gmm-align-compiled.cc:127) hi2508M0039
LOG (gmm-align-compiled[5.3]:main():gmm-align-compiled.cc:127) hi2508M0040
LOG (gmm-align-compiled[5.3]:main():gmm-align-compiled.cc:127) hi2508M0041
LOG (gmm-align-compiled[5.3]:main():gmm-align-compiled.cc:127) hi2508M0042
LOG (gmm-align-compiled[5.3]:main():gmm-align-compiled.cc:127) hi2508M0043
LOG (gmm-align-compiled[5.3]:main():gmm-align-compiled.cc:127) hi2508M0044
LOG (gmm-align-compiled[5.3]:main():gmm-align-compiled.cc:127) hi2508M0045
LOG (gmm-align-compiled[5.3]:main():gmm-align-compiled.cc:127) hi2508M0046
LOG (gmm-align-compiled[5.3]:main():gmm-align-compiled.cc:127) hi2508M0047
LOG (gmm-align-compiled[5.3]:main():gmm-align-compiled.cc:127) hi2508M0048
LOG (gmm-align-compiled[5.3]:main():gmm-align-compiled.cc:127) hi2508M0049
LOG (gmm-align-compiled[5.3]:main():gmm-align-compiled.cc:127) hi2508M0050
LOG (gmm-align-compiled[5.3]:main():gmm-align-compiled.cc:127) hi2508M0051
LOG (gmm-align-compiled[5.3]:main():gmm-align-compiled.cc:127) hi2508M0052
LOG (gmm-align-compiled[5.3]:main():gmm-align-compiled.cc:127) hi2508M0053
LOG (gmm-align-compiled[5.3]:main():gmm-align-compiled.cc:127) hi2508M0054
LOG (gmm-align-compiled[5.3]:main():gmm-align-compiled.cc:127) hi2508M0055
LOG (gmm-align-compiled[5.3]:main():gmm-align-compiled.cc:127) hi2508M0056
LOG (gmm-align-compiled[5.3]:main():gmm-align-compiled.cc:127) hi2508M0057
LOG (gmm-align-compiled[5.3]:main():gmm-align-compiled.cc:127) hi2508M0058
LOG (gmm-align-compiled[5.3]:main():gmm-align-compiled.cc:127) hi2508M0059
LOG (gmm-align-compiled[5.3]:main():gmm-align-compiled.cc:127) hi2508M0060
LOG (gmm-align-compiled[5.3]:main():gmm-align-compiled.cc:127) hi2508M0061
LOG (gmm-align-compiled[5.3]:main():gmm-align-compiled.cc:127) hi2508M0062
LOG (gmm-align-compiled[5.3]:main():gmm-align-compiled.cc:127) hi2508M0063
LOG (gmm-align-compiled[5.3]:main():gmm-align-compiled.cc:127) hi2508M0064
LOG (gmm-align-compiled[5.3]:main():gmm-align-compiled.cc:127) hi2508M0065
LOG (gmm-align-compiled[5.3]:main():gmm-align-compiled.cc:127) hi2508M0066
LOG (gmm-align-compiled[5.3]:main():gmm-align-compiled.cc:127) hi2508M0067
LOG (gmm-align-compiled[5.3]:main():gmm-align-compiled.cc:127) hi2508M0068
LOG (gmm-align-compiled[5.3]:main():gmm-align-compiled.cc:127) hi2508M0069
LOG (gmm-align-compiled[5.3]:main():gmm-align-compiled.cc:127) hi2508M0070
LOG (gmm-align-compiled[5.3]:main():gmm-align-compiled.cc:127) hi2508M0071
LOG (gmm-align-compiled[5.3]:main():gmm-align-compiled.cc:127) hi2508M0072
LOG (gmm-align-compiled[5.3]:main():gmm-align-compiled.cc:127) hi2508M0073
LOG (gmm-align-compiled[5.3]:main():gmm-align-compiled.cc:127) hi2508M0074
LOG (gmm-align-compiled[5.3]:main():gmm-align-compiled.cc:127) hi2508M0075
LOG (gmm-align-compiled[5.3]:main():gmm-align-compiled.cc:127) hi2508M0076
LOG (gmm-align-compiled[5.3]:main():gmm-align-compiled.cc:127) hi2508M0077
LOG (gmm-align-compiled[5.3]:main():gmm-align-compiled.cc:127) hi2508M0078
LOG (gmm-align-compiled[5.3]:main():gmm-align-compiled.cc:127) hi2508M0079
LOG (gmm-align-compiled[5.3]:main():gmm-align-compiled.cc:127) hi2508M0080
LOG (gmm-align-compiled[5.3]:main():gmm-align-compiled.cc:127) hi2508M0081
LOG (gmm-align-compiled[5.3]:main():gmm-align-compiled.cc:127) hi2508M0082
LOG (gmm-align-compiled[5.3]:main():gmm-align-compiled.cc:127) hi2508M0083
LOG (gmm-align-compiled[5.3]:main():gmm-align-compiled.cc:127) hi2508M0084
LOG (gmm-align-compiled[5.3]:main():gmm-align-compiled.cc:127) hi2508M0085
LOG (gmm-align-compiled[5.3]:main():gmm-align-compiled.cc:127) hi2508M0086
LOG (gmm-align-compiled[5.3]:main():gmm-align-compiled.cc:127) hi2508M0087
LOG (gmm-align-compiled[5.3]:main():gmm-align-compiled.cc:127) hi2508M0088
LOG (gmm-align-compiled[5.3]:main():gmm-align-compiled.cc:127) hi2508M0089
LOG (gmm-align-compiled[5.3]:main():gmm-align-compiled.cc:127) hi2508M0090
LOG (gmm-align-compiled[5.3]:main():gmm-align-compiled.cc:127) hi2508M0091
LOG (gmm-align-compiled[5.3]:main():gmm-align-compiled.cc:127) hi2508M0092
LOG (gmm-align-compiled[5.3]:main():gmm-align-compiled.cc:127) hi2508M0093
LOG (gmm-align-compiled[5.3]:main():gmm-align-compiled.cc:127) hi2508M0094
LOG (gmm-align-compiled[5.3]:main():gmm-align-compiled.cc:127) hi2508M0095
LOG (gmm-align-compiled[5.3]:main():gmm-align-compiled.cc:127) hi2508M0096
LOG (gmm-align-compiled[5.3]:main():gmm-align-compiled.cc:127) hi2508M0097
LOG (gmm-align-compiled[5.3]:main():gmm-align-compiled.cc:127) hi2508M0098
LOG (gmm-align-compiled[5.3]:main():gmm-align-compiled.cc:127) hi2508M0099
LOG (gmm-align-compiled[5.3]:main():gmm-align-compiled.cc:127) hi2508M0100
LOG (gmm-align-compiled[5.3]:main():gmm-align-compiled.cc:127) hi2508M0121
LOG (gmm-align-compiled[5.3]:main():gmm-align-compiled.cc:127) hi2508M0122
LOG (gmm-align-compiled[5.3]:main():gmm-align-compiled.cc:127) hi2508M0123
LOG (gmm-align-compiled[5.3]:main():gmm-align-compiled.cc:127) hi2508M0124
LOG (gmm-align-compiled[5.3]:main():gmm-align-compiled.cc:127) hi2508M0125
LOG (gmm-align-compiled[5.3]:main():gmm-align-compiled.cc:127) hi2508M0126
LOG (gmm-align-compiled[5.3]:main():gmm-align-compiled.cc:127) hi2508M0127
LOG (gmm-align-compiled[5.3]:main():gmm-align-compiled.cc:127) hi2508M0128
LOG (gmm-align-compiled[5.3]:main():gmm-align-compiled.cc:127) hi2508M0129
LOG (gmm-align-compiled[5.3]:main():gmm-align-compiled.cc:127) hi2508M0130
LOG (gmm-align-compiled[5.3]:main():gmm-align-compiled.cc:127) hi2508M0131
LOG (gmm-align-compiled[5.3]:main():gmm-align-compiled.cc:127) hi2508M0132
LOG (gmm-align-compiled[5.3]:main():gmm-align-compiled.cc:127) hi2508M0133
LOG (gmm-align-compiled[5.3]:main():gmm-align-compiled.cc:127) hi2508M0134
LOG (gmm-align-compiled[5.3]:main():gmm-align-compiled.cc:127) hi2508M0135
LOG (gmm-align-compiled[5.3]:main():gmm-align-compiled.cc:127) hi2508M0136
LOG (gmm-align-compiled[5.3]:main():gmm-align-compiled.cc:127) hi2508M0137
LOG (gmm-align-compiled[5.3]:main():gmm-align-compiled.cc:127) hi2508M0138
LOG (gmm-align-compiled[5.3]:main():gmm-align-compiled.cc:127) hi2508M0139
LOG (gmm-align-compiled[5.3]:main():gmm-align-compiled.cc:127) hi2508M0140
LOG (gmm-align-compiled[5.3]:main():gmm-align-compiled.cc:127) hi2508M0141
LOG (gmm-align-compiled[5.3]:main():gmm-align-compiled.cc:127) hi2508M0142
LOG (gmm-align-compiled[5.3]:main():gmm-align-compiled.cc:127) hi2508M0143
LOG (gmm-align-compiled[5.3]:main():gmm-align-compiled.cc:127) hi2508M0144
LOG (gmm-align-compiled[5.3]:main():gmm-align-compiled.cc:127) hi2508M0145
LOG (gmm-align-compiled[5.3]:main():gmm-align-compiled.cc:127) hi2508M0146
LOG (gmm-align-compiled[5.3]:main():gmm-align-compiled.cc:127) hi2508M0147
LOG (apply-cmvn[5.3]:main():apply-cmvn.cc:162) Applied cepstral mean normalization to 260 utterances, errors on 0
LOG (gmm-align-compiled[5.3]:main():gmm-align-compiled.cc:127) hi2508M0148
LOG (gmm-align-compiled[5.3]:main():gmm-align-compiled.cc:127) hi2508M0149
LOG (gmm-align-compiled[5.3]:main():gmm-align-compiled.cc:127) hi2508M0150
LOG (gmm-align-compiled[5.3]:main():gmm-align-compiled.cc:135) Overall log-likelihood per frame is -94.3808 over 175198 frames.
LOG (gmm-align-compiled[5.3]:main():gmm-align-compiled.cc:137) Retried 17 out of 260 utterances.
LOG (gmm-align-compiled[5.3]:main():gmm-align-compiled.cc:139) Done 251, errors on 9
# Accounting: time=22 threads=1
# Ended (code 0) at Sat Dec 23 21:51:36 IST 2017, elapsed time 22 seconds
