# gmm-align-compiled --transition-scale=1.0 --acoustic-scale=0.1 --self-loop-scale=0.1 --beam=6 --retry-beam=24 --careful=false "gmm-boost-silence --boost=1.0 1 exp/mono/1.mdl - |" "ark:gunzip -c exp/mono/fsts.4.gz|" "ark,s,cs:apply-cmvn  --utt2spk=ark:data/train/split4/4/utt2spk scp:data/train/split4/4/cmvn.scp scp:data/train/split4/4/feats.scp ark:- | add-deltas ark:- ark:- |" "ark,t:|gzip -c >exp/mono/ali.4.gz" 
# Started at Sat Dec 23 21:42:55 IST 2017
#
gmm-align-compiled --transition-scale=1.0 --acoustic-scale=0.1 --self-loop-scale=0.1 --beam=6 --retry-beam=24 --careful=false 'gmm-boost-silence --boost=1.0 1 exp/mono/1.mdl - |' 'ark:gunzip -c exp/mono/fsts.4.gz|' 'ark,s,cs:apply-cmvn  --utt2spk=ark:data/train/split4/4/utt2spk scp:data/train/split4/4/cmvn.scp scp:data/train/split4/4/feats.scp ark:- | add-deltas ark:- ark:- |' 'ark,t:|gzip -c >exp/mono/ali.4.gz' 
gmm-boost-silence --boost=1.0 1 exp/mono/1.mdl - 
WARNING (gmm-boost-silence[5.3]:main():gmm-boost-silence.cc:82) The pdfs for the silence phones may be shared by other phones (note: this probably does not matter.)
LOG (gmm-boost-silence[5.3]:main():gmm-boost-silence.cc:93) Boosted weights for 3 pdfs, by factor of 1
LOG (gmm-boost-silence[5.3]:main():gmm-boost-silence.cc:103) Wrote model to -
add-deltas ark:- ark:- 
apply-cmvn --utt2spk=ark:data/train/split4/4/utt2spk scp:data/train/split4/4/cmvn.scp scp:data/train/split4/4/feats.scp ark:- 
LOG (gmm-align-compiled[5.3]:main():gmm-align-compiled.cc:127) hi2509M0001
WARNING (gmm-align-compiled[5.3]:AlignUtteranceWrapper():decoder-wrappers.cc:468) Retrying utterance hi2509M0001 with beam 24
LOG (gmm-align-compiled[5.3]:main():gmm-align-compiled.cc:127) hi2509M0002
WARNING (gmm-align-compiled[5.3]:AlignUtteranceWrapper():decoder-wrappers.cc:468) Retrying utterance hi2509M0002 with beam 24
LOG (gmm-align-compiled[5.3]:main():gmm-align-compiled.cc:127) hi2509M0003
WARNING (gmm-align-compiled[5.3]:AlignUtteranceWrapper():decoder-wrappers.cc:468) Retrying utterance hi2509M0003 with beam 24
WARNING (gmm-align-compiled[5.3]:AlignUtteranceWrapper():decoder-wrappers.cc:477) Did not successfully decode file hi2509M0003, len = 698
LOG (gmm-align-compiled[5.3]:main():gmm-align-compiled.cc:127) hi2509M0004
WARNING (gmm-align-compiled[5.3]:AlignUtteranceWrapper():decoder-wrappers.cc:468) Retrying utterance hi2509M0004 with beam 24
WARNING (gmm-align-compiled[5.3]:AlignUtteranceWrapper():decoder-wrappers.cc:477) Did not successfully decode file hi2509M0004, len = 698
LOG (gmm-align-compiled[5.3]:main():gmm-align-compiled.cc:127) hi2509M0005
WARNING (gmm-align-compiled[5.3]:AlignUtteranceWrapper():decoder-wrappers.cc:468) Retrying utterance hi2509M0005 with beam 24
WARNING (gmm-align-compiled[5.3]:AlignUtteranceWrapper():decoder-wrappers.cc:477) Did not successfully decode file hi2509M0005, len = 698
LOG (gmm-align-compiled[5.3]:main():gmm-align-compiled.cc:127) hi2509M0006
WARNING (gmm-align-compiled[5.3]:AlignUtteranceWrapper():decoder-wrappers.cc:468) Retrying utterance hi2509M0006 with beam 24
WARNING (gmm-align-compiled[5.3]:AlignUtteranceWrapper():decoder-wrappers.cc:477) Did not successfully decode file hi2509M0006, len = 698
LOG (gmm-align-compiled[5.3]:main():gmm-align-compiled.cc:127) hi2509M0007
WARNING (gmm-align-compiled[5.3]:AlignUtteranceWrapper():decoder-wrappers.cc:468) Retrying utterance hi2509M0007 with beam 24
LOG (gmm-align-compiled[5.3]:main():gmm-align-compiled.cc:127) hi2509M0008
WARNING (gmm-align-compiled[5.3]:AlignUtteranceWrapper():decoder-wrappers.cc:468) Retrying utterance hi2509M0008 with beam 24
WARNING (gmm-align-compiled[5.3]:AlignUtteranceWrapper():decoder-wrappers.cc:477) Did not successfully decode file hi2509M0008, len = 698
LOG (gmm-align-compiled[5.3]:main():gmm-align-compiled.cc:127) hi2509M0009
WARNING (gmm-align-compiled[5.3]:AlignUtteranceWrapper():decoder-wrappers.cc:468) Retrying utterance hi2509M0009 with beam 24
LOG (gmm-align-compiled[5.3]:main():gmm-align-compiled.cc:127) hi2509M0010
WARNING (gmm-align-compiled[5.3]:AlignUtteranceWrapper():decoder-wrappers.cc:468) Retrying utterance hi2509M0010 with beam 24
LOG (gmm-align-compiled[5.3]:main():gmm-align-compiled.cc:127) hi2509M0011
WARNING (gmm-align-compiled[5.3]:AlignUtteranceWrapper():decoder-wrappers.cc:468) Retrying utterance hi2509M0011 with beam 24
LOG (gmm-align-compiled[5.3]:main():gmm-align-compiled.cc:127) hi2509M0012
WARNING (gmm-align-compiled[5.3]:AlignUtteranceWrapper():decoder-wrappers.cc:468) Retrying utterance hi2509M0012 with beam 24
LOG (gmm-align-compiled[5.3]:main():gmm-align-compiled.cc:127) hi2509M0013
WARNING (gmm-align-compiled[5.3]:AlignUtteranceWrapper():decoder-wrappers.cc:468) Retrying utterance hi2509M0013 with beam 24
WARNING (gmm-align-compiled[5.3]:AlignUtteranceWrapper():decoder-wrappers.cc:477) Did not successfully decode file hi2509M0013, len = 698
LOG (gmm-align-compiled[5.3]:main():gmm-align-compiled.cc:127) hi2509M0014
WARNING (gmm-align-compiled[5.3]:AlignUtteranceWrapper():decoder-wrappers.cc:468) Retrying utterance hi2509M0014 with beam 24
LOG (gmm-align-compiled[5.3]:main():gmm-align-compiled.cc:127) hi2509M0015
WARNING (gmm-align-compiled[5.3]:AlignUtteranceWrapper():decoder-wrappers.cc:468) Retrying utterance hi2509M0015 with beam 24
LOG (gmm-align-compiled[5.3]:main():gmm-align-compiled.cc:127) hi2509M0016
WARNING (gmm-align-compiled[5.3]:AlignUtteranceWrapper():decoder-wrappers.cc:468) Retrying utterance hi2509M0016 with beam 24
WARNING (gmm-align-compiled[5.3]:AlignUtteranceWrapper():decoder-wrappers.cc:477) Did not successfully decode file hi2509M0016, len = 698
LOG (gmm-align-compiled[5.3]:main():gmm-align-compiled.cc:127) hi2509M0017
WARNING (gmm-align-compiled[5.3]:AlignUtteranceWrapper():decoder-wrappers.cc:468) Retrying utterance hi2509M0017 with beam 24
WARNING (gmm-align-compiled[5.3]:AlignUtteranceWrapper():decoder-wrappers.cc:477) Did not successfully decode file hi2509M0017, len = 698
LOG (gmm-align-compiled[5.3]:main():gmm-align-compiled.cc:127) hi2509M0018
WARNING (gmm-align-compiled[5.3]:AlignUtteranceWrapper():decoder-wrappers.cc:468) Retrying utterance hi2509M0018 with beam 24
LOG (gmm-align-compiled[5.3]:main():gmm-align-compiled.cc:127) hi2509M0019
WARNING (gmm-align-compiled[5.3]:AlignUtteranceWrapper():decoder-wrappers.cc:468) Retrying utterance hi2509M0019 with beam 24
WARNING (gmm-align-compiled[5.3]:AlignUtteranceWrapper():decoder-wrappers.cc:477) Did not successfully decode file hi2509M0019, len = 698
LOG (gmm-align-compiled[5.3]:main():gmm-align-compiled.cc:127) hi2509M0020
WARNING (gmm-align-compiled[5.3]:AlignUtteranceWrapper():decoder-wrappers.cc:468) Retrying utterance hi2509M0020 with beam 24
LOG (gmm-align-compiled[5.3]:main():gmm-align-compiled.cc:127) hi2509M0021
WARNING (gmm-align-compiled[5.3]:AlignUtteranceWrapper():decoder-wrappers.cc:468) Retrying utterance hi2509M0021 with beam 24
LOG (gmm-align-compiled[5.3]:main():gmm-align-compiled.cc:127) hi2509M0022
WARNING (gmm-align-compiled[5.3]:AlignUtteranceWrapper():decoder-wrappers.cc:468) Retrying utterance hi2509M0022 with beam 24
LOG (gmm-align-compiled[5.3]:main():gmm-align-compiled.cc:127) hi2509M0023
WARNING (gmm-align-compiled[5.3]:AlignUtteranceWrapper():decoder-wrappers.cc:468) Retrying utterance hi2509M0023 with beam 24
LOG (gmm-align-compiled[5.3]:main():gmm-align-compiled.cc:127) hi2509M0024
WARNING (gmm-align-compiled[5.3]:AlignUtteranceWrapper():decoder-wrappers.cc:468) Retrying utterance hi2509M0024 with beam 24
LOG (gmm-align-compiled[5.3]:main():gmm-align-compiled.cc:127) hi2509M0025
WARNING (gmm-align-compiled[5.3]:AlignUtteranceWrapper():decoder-wrappers.cc:468) Retrying utterance hi2509M0025 with beam 24
LOG (gmm-align-compiled[5.3]:main():gmm-align-compiled.cc:127) hi2509M0026
WARNING (gmm-align-compiled[5.3]:AlignUtteranceWrapper():decoder-wrappers.cc:468) Retrying utterance hi2509M0026 with beam 24
LOG (gmm-align-compiled[5.3]:main():gmm-align-compiled.cc:127) hi2509M0027
WARNING (gmm-align-compiled[5.3]:AlignUtteranceWrapper():decoder-wrappers.cc:468) Retrying utterance hi2509M0027 with beam 24
LOG (gmm-align-compiled[5.3]:main():gmm-align-compiled.cc:127) hi2509M0028
WARNING (gmm-align-compiled[5.3]:AlignUtteranceWrapper():decoder-wrappers.cc:468) Retrying utterance hi2509M0028 with beam 24
WARNING (gmm-align-compiled[5.3]:AlignUtteranceWrapper():decoder-wrappers.cc:477) Did not successfully decode file hi2509M0028, len = 698
LOG (gmm-align-compiled[5.3]:main():gmm-align-compiled.cc:127) hi2509M0029
WARNING (gmm-align-compiled[5.3]:AlignUtteranceWrapper():decoder-wrappers.cc:468) Retrying utterance hi2509M0029 with beam 24
LOG (gmm-align-compiled[5.3]:main():gmm-align-compiled.cc:127) hi2509M0030
WARNING (gmm-align-compiled[5.3]:AlignUtteranceWrapper():decoder-wrappers.cc:468) Retrying utterance hi2509M0030 with beam 24
LOG (gmm-align-compiled[5.3]:main():gmm-align-compiled.cc:127) hi2509M0031
WARNING (gmm-align-compiled[5.3]:AlignUtteranceWrapper():decoder-wrappers.cc:468) Retrying utterance hi2509M0031 with beam 24
LOG (gmm-align-compiled[5.3]:main():gmm-align-compiled.cc:127) hi2509M0032
WARNING (gmm-align-compiled[5.3]:AlignUtteranceWrapper():decoder-wrappers.cc:468) Retrying utterance hi2509M0032 with beam 24
LOG (gmm-align-compiled[5.3]:main():gmm-align-compiled.cc:127) hi2509M0033
WARNING (gmm-align-compiled[5.3]:AlignUtteranceWrapper():decoder-wrappers.cc:468) Retrying utterance hi2509M0033 with beam 24
WARNING (gmm-align-compiled[5.3]:AlignUtteranceWrapper():decoder-wrappers.cc:477) Did not successfully decode file hi2509M0033, len = 698
LOG (gmm-align-compiled[5.3]:main():gmm-align-compiled.cc:127) hi2509M0034
WARNING (gmm-align-compiled[5.3]:AlignUtteranceWrapper():decoder-wrappers.cc:468) Retrying utterance hi2509M0034 with beam 24
LOG (gmm-align-compiled[5.3]:main():gmm-align-compiled.cc:127) hi2509M0035
WARNING (gmm-align-compiled[5.3]:AlignUtteranceWrapper():decoder-wrappers.cc:468) Retrying utterance hi2509M0035 with beam 24
LOG (gmm-align-compiled[5.3]:main():gmm-align-compiled.cc:127) hi2509M0036
WARNING (gmm-align-compiled[5.3]:AlignUtteranceWrapper():decoder-wrappers.cc:468) Retrying utterance hi2509M0036 with beam 24
LOG (gmm-align-compiled[5.3]:main():gmm-align-compiled.cc:127) hi2509M0037
WARNING (gmm-align-compiled[5.3]:AlignUtteranceWrapper():decoder-wrappers.cc:468) Retrying utterance hi2509M0037 with beam 24
LOG (gmm-align-compiled[5.3]:main():gmm-align-compiled.cc:127) hi2509M0038
WARNING (gmm-align-compiled[5.3]:AlignUtteranceWrapper():decoder-wrappers.cc:468) Retrying utterance hi2509M0038 with beam 24
WARNING (gmm-align-compiled[5.3]:AlignUtteranceWrapper():decoder-wrappers.cc:477) Did not successfully decode file hi2509M0038, len = 698
LOG (gmm-align-compiled[5.3]:main():gmm-align-compiled.cc:127) hi2509M0039
WARNING (gmm-align-compiled[5.3]:AlignUtteranceWrapper():decoder-wrappers.cc:468) Retrying utterance hi2509M0039 with beam 24
LOG (gmm-align-compiled[5.3]:main():gmm-align-compiled.cc:127) hi2509M0040
WARNING (gmm-align-compiled[5.3]:AlignUtteranceWrapper():decoder-wrappers.cc:468) Retrying utterance hi2509M0040 with beam 24
WARNING (gmm-align-compiled[5.3]:AlignUtteranceWrapper():decoder-wrappers.cc:477) Did not successfully decode file hi2509M0040, len = 698
LOG (gmm-align-compiled[5.3]:main():gmm-align-compiled.cc:127) hi2509M0041
WARNING (gmm-align-compiled[5.3]:AlignUtteranceWrapper():decoder-wrappers.cc:468) Retrying utterance hi2509M0041 with beam 24
LOG (gmm-align-compiled[5.3]:main():gmm-align-compiled.cc:127) hi2509M0042
WARNING (gmm-align-compiled[5.3]:AlignUtteranceWrapper():decoder-wrappers.cc:468) Retrying utterance hi2509M0042 with beam 24
LOG (gmm-align-compiled[5.3]:main():gmm-align-compiled.cc:127) hi2509M0043
WARNING (gmm-align-compiled[5.3]:AlignUtteranceWrapper():decoder-wrappers.cc:468) Retrying utterance hi2509M0043 with beam 24
WARNING (gmm-align-compiled[5.3]:AlignUtteranceWrapper():decoder-wrappers.cc:477) Did not successfully decode file hi2509M0043, len = 698
LOG (gmm-align-compiled[5.3]:main():gmm-align-compiled.cc:127) hi2509M0044
WARNING (gmm-align-compiled[5.3]:AlignUtteranceWrapper():decoder-wrappers.cc:468) Retrying utterance hi2509M0044 with beam 24
WARNING (gmm-align-compiled[5.3]:AlignUtteranceWrapper():decoder-wrappers.cc:477) Did not successfully decode file hi2509M0044, len = 698
LOG (gmm-align-compiled[5.3]:main():gmm-align-compiled.cc:127) hi2509M0045
WARNING (gmm-align-compiled[5.3]:AlignUtteranceWrapper():decoder-wrappers.cc:468) Retrying utterance hi2509M0045 with beam 24
WARNING (gmm-align-compiled[5.3]:AlignUtteranceWrapper():decoder-wrappers.cc:477) Did not successfully decode file hi2509M0045, len = 698
LOG (gmm-align-compiled[5.3]:main():gmm-align-compiled.cc:127) hi2509M0046
WARNING (gmm-align-compiled[5.3]:AlignUtteranceWrapper():decoder-wrappers.cc:468) Retrying utterance hi2509M0046 with beam 24
LOG (gmm-align-compiled[5.3]:main():gmm-align-compiled.cc:127) hi2509M0047
WARNING (gmm-align-compiled[5.3]:AlignUtteranceWrapper():decoder-wrappers.cc:468) Retrying utterance hi2509M0047 with beam 24
LOG (gmm-align-compiled[5.3]:main():gmm-align-compiled.cc:127) hi2509M0048
WARNING (gmm-align-compiled[5.3]:AlignUtteranceWrapper():decoder-wrappers.cc:468) Retrying utterance hi2509M0048 with beam 24
WARNING (gmm-align-compiled[5.3]:AlignUtteranceWrapper():decoder-wrappers.cc:477) Did not successfully decode file hi2509M0048, len = 698
LOG (gmm-align-compiled[5.3]:main():gmm-align-compiled.cc:127) hi2509M0049
LOG (gmm-align-compiled[5.3]:main():gmm-align-compiled.cc:127) hi2509M0050
WARNING (gmm-align-compiled[5.3]:AlignUtteranceWrapper():decoder-wrappers.cc:468) Retrying utterance hi2509M0050 with beam 24
WARNING (gmm-align-compiled[5.3]:AlignUtteranceWrapper():decoder-wrappers.cc:477) Did not successfully decode file hi2509M0050, len = 698
LOG (gmm-align-compiled[5.3]:main():gmm-align-compiled.cc:127) hi2509M0051
WARNING (gmm-align-compiled[5.3]:AlignUtteranceWrapper():decoder-wrappers.cc:468) Retrying utterance hi2509M0051 with beam 24
LOG (gmm-align-compiled[5.3]:main():gmm-align-compiled.cc:127) hi2509M0052
WARNING (gmm-align-compiled[5.3]:AlignUtteranceWrapper():decoder-wrappers.cc:468) Retrying utterance hi2509M0052 with beam 24
LOG (gmm-align-compiled[5.3]:main():gmm-align-compiled.cc:127) hi2509M0053
WARNING (gmm-align-compiled[5.3]:AlignUtteranceWrapper():decoder-wrappers.cc:468) Retrying utterance hi2509M0053 with beam 24
WARNING (gmm-align-compiled[5.3]:AlignUtteranceWrapper():decoder-wrappers.cc:477) Did not successfully decode file hi2509M0053, len = 698
LOG (gmm-align-compiled[5.3]:main():gmm-align-compiled.cc:127) hi2509M0054
WARNING (gmm-align-compiled[5.3]:AlignUtteranceWrapper():decoder-wrappers.cc:468) Retrying utterance hi2509M0054 with beam 24
LOG (gmm-align-compiled[5.3]:main():gmm-align-compiled.cc:127) hi2509M0055
WARNING (gmm-align-compiled[5.3]:AlignUtteranceWrapper():decoder-wrappers.cc:468) Retrying utterance hi2509M0055 with beam 24
WARNING (gmm-align-compiled[5.3]:AlignUtteranceWrapper():decoder-wrappers.cc:477) Did not successfully decode file hi2509M0055, len = 698
LOG (gmm-align-compiled[5.3]:main():gmm-align-compiled.cc:127) hi2509M0056
WARNING (gmm-align-compiled[5.3]:AlignUtteranceWrapper():decoder-wrappers.cc:468) Retrying utterance hi2509M0056 with beam 24
LOG (gmm-align-compiled[5.3]:main():gmm-align-compiled.cc:127) hi2509M0057
WARNING (gmm-align-compiled[5.3]:AlignUtteranceWrapper():decoder-wrappers.cc:468) Retrying utterance hi2509M0057 with beam 24
LOG (gmm-align-compiled[5.3]:main():gmm-align-compiled.cc:127) hi2509M0058
WARNING (gmm-align-compiled[5.3]:AlignUtteranceWrapper():decoder-wrappers.cc:468) Retrying utterance hi2509M0058 with beam 24
LOG (gmm-align-compiled[5.3]:main():gmm-align-compiled.cc:127) hi2509M0059
WARNING (gmm-align-compiled[5.3]:AlignUtteranceWrapper():decoder-wrappers.cc:468) Retrying utterance hi2509M0059 with beam 24
LOG (gmm-align-compiled[5.3]:main():gmm-align-compiled.cc:127) hi2509M0060
WARNING (gmm-align-compiled[5.3]:AlignUtteranceWrapper():decoder-wrappers.cc:468) Retrying utterance hi2509M0060 with beam 24
WARNING (gmm-align-compiled[5.3]:AlignUtteranceWrapper():decoder-wrappers.cc:477) Did not successfully decode file hi2509M0060, len = 698
LOG (gmm-align-compiled[5.3]:main():gmm-align-compiled.cc:127) hi2509M0061
WARNING (gmm-align-compiled[5.3]:AlignUtteranceWrapper():decoder-wrappers.cc:468) Retrying utterance hi2509M0061 with beam 24
LOG (gmm-align-compiled[5.3]:main():gmm-align-compiled.cc:127) hi2509M0062
WARNING (gmm-align-compiled[5.3]:AlignUtteranceWrapper():decoder-wrappers.cc:468) Retrying utterance hi2509M0062 with beam 24
LOG (gmm-align-compiled[5.3]:main():gmm-align-compiled.cc:127) hi2509M0063
LOG (gmm-align-compiled[5.3]:main():gmm-align-compiled.cc:127) hi2509M0064
WARNING (gmm-align-compiled[5.3]:AlignUtteranceWrapper():decoder-wrappers.cc:468) Retrying utterance hi2509M0064 with beam 24
LOG (gmm-align-compiled[5.3]:main():gmm-align-compiled.cc:127) hi2509M0065
WARNING (gmm-align-compiled[5.3]:AlignUtteranceWrapper():decoder-wrappers.cc:468) Retrying utterance hi2509M0065 with beam 24
LOG (gmm-align-compiled[5.3]:main():gmm-align-compiled.cc:127) hi2509M0066
WARNING (gmm-align-compiled[5.3]:AlignUtteranceWrapper():decoder-wrappers.cc:468) Retrying utterance hi2509M0066 with beam 24
WARNING (gmm-align-compiled[5.3]:AlignUtteranceWrapper():decoder-wrappers.cc:477) Did not successfully decode file hi2509M0066, len = 698
LOG (gmm-align-compiled[5.3]:main():gmm-align-compiled.cc:127) hi2509M0067
LOG (gmm-align-compiled[5.3]:main():gmm-align-compiled.cc:127) hi2509M0068
LOG (gmm-align-compiled[5.3]:main():gmm-align-compiled.cc:127) hi2509M0069
WARNING (gmm-align-compiled[5.3]:AlignUtteranceWrapper():decoder-wrappers.cc:468) Retrying utterance hi2509M0069 with beam 24
WARNING (gmm-align-compiled[5.3]:AlignUtteranceWrapper():decoder-wrappers.cc:477) Did not successfully decode file hi2509M0069, len = 698
LOG (gmm-align-compiled[5.3]:main():gmm-align-compiled.cc:127) hi2509M0070
WARNING (gmm-align-compiled[5.3]:AlignUtteranceWrapper():decoder-wrappers.cc:468) Retrying utterance hi2509M0070 with beam 24
LOG (gmm-align-compiled[5.3]:main():gmm-align-compiled.cc:127) hi2509M0071
WARNING (gmm-align-compiled[5.3]:AlignUtteranceWrapper():decoder-wrappers.cc:468) Retrying utterance hi2509M0071 with beam 24
LOG (gmm-align-compiled[5.3]:main():gmm-align-compiled.cc:127) hi2509M0072
WARNING (gmm-align-compiled[5.3]:AlignUtteranceWrapper():decoder-wrappers.cc:468) Retrying utterance hi2509M0072 with beam 24
LOG (gmm-align-compiled[5.3]:main():gmm-align-compiled.cc:127) hi2509M0073
WARNING (gmm-align-compiled[5.3]:AlignUtteranceWrapper():decoder-wrappers.cc:468) Retrying utterance hi2509M0073 with beam 24
LOG (gmm-align-compiled[5.3]:main():gmm-align-compiled.cc:127) hi2509M0074
WARNING (gmm-align-compiled[5.3]:AlignUtteranceWrapper():decoder-wrappers.cc:468) Retrying utterance hi2509M0074 with beam 24
WARNING (gmm-align-compiled[5.3]:AlignUtteranceWrapper():decoder-wrappers.cc:477) Did not successfully decode file hi2509M0074, len = 698
LOG (gmm-align-compiled[5.3]:main():gmm-align-compiled.cc:127) hi2509M0075
WARNING (gmm-align-compiled[5.3]:AlignUtteranceWrapper():decoder-wrappers.cc:468) Retrying utterance hi2509M0075 with beam 24
WARNING (gmm-align-compiled[5.3]:AlignUtteranceWrapper():decoder-wrappers.cc:477) Did not successfully decode file hi2509M0075, len = 698
LOG (gmm-align-compiled[5.3]:main():gmm-align-compiled.cc:127) hi2509M0076
WARNING (gmm-align-compiled[5.3]:AlignUtteranceWrapper():decoder-wrappers.cc:468) Retrying utterance hi2509M0076 with beam 24
WARNING (gmm-align-compiled[5.3]:AlignUtteranceWrapper():decoder-wrappers.cc:477) Did not successfully decode file hi2509M0076, len = 698
LOG (gmm-align-compiled[5.3]:main():gmm-align-compiled.cc:127) hi2509M0077
LOG (gmm-align-compiled[5.3]:main():gmm-align-compiled.cc:127) hi2509M0078
LOG (gmm-align-compiled[5.3]:main():gmm-align-compiled.cc:127) hi2509M0079
WARNING (gmm-align-compiled[5.3]:AlignUtteranceWrapper():decoder-wrappers.cc:468) Retrying utterance hi2509M0079 with beam 24
LOG (gmm-align-compiled[5.3]:main():gmm-align-compiled.cc:127) hi2509M0080
WARNING (gmm-align-compiled[5.3]:AlignUtteranceWrapper():decoder-wrappers.cc:468) Retrying utterance hi2509M0080 with beam 24
WARNING (gmm-align-compiled[5.3]:AlignUtteranceWrapper():decoder-wrappers.cc:477) Did not successfully decode file hi2509M0080, len = 698
LOG (gmm-align-compiled[5.3]:main():gmm-align-compiled.cc:127) hi2509M0081
WARNING (gmm-align-compiled[5.3]:AlignUtteranceWrapper():decoder-wrappers.cc:468) Retrying utterance hi2509M0081 with beam 24
LOG (gmm-align-compiled[5.3]:main():gmm-align-compiled.cc:127) hi2509M0082
WARNING (gmm-align-compiled[5.3]:AlignUtteranceWrapper():decoder-wrappers.cc:468) Retrying utterance hi2509M0082 with beam 24
LOG (gmm-align-compiled[5.3]:main():gmm-align-compiled.cc:127) hi2509M0083
WARNING (gmm-align-compiled[5.3]:AlignUtteranceWrapper():decoder-wrappers.cc:468) Retrying utterance hi2509M0083 with beam 24
LOG (gmm-align-compiled[5.3]:main():gmm-align-compiled.cc:127) hi2509M0084
WARNING (gmm-align-compiled[5.3]:AlignUtteranceWrapper():decoder-wrappers.cc:468) Retrying utterance hi2509M0084 with beam 24
WARNING (gmm-align-compiled[5.3]:AlignUtteranceWrapper():decoder-wrappers.cc:477) Did not successfully decode file hi2509M0084, len = 698
LOG (gmm-align-compiled[5.3]:main():gmm-align-compiled.cc:127) hi2509M0085
WARNING (gmm-align-compiled[5.3]:AlignUtteranceWrapper():decoder-wrappers.cc:468) Retrying utterance hi2509M0085 with beam 24
WARNING (gmm-align-compiled[5.3]:AlignUtteranceWrapper():decoder-wrappers.cc:477) Did not successfully decode file hi2509M0085, len = 698
LOG (gmm-align-compiled[5.3]:main():gmm-align-compiled.cc:127) hi2509M0086
WARNING (gmm-align-compiled[5.3]:AlignUtteranceWrapper():decoder-wrappers.cc:468) Retrying utterance hi2509M0086 with beam 24
LOG (gmm-align-compiled[5.3]:main():gmm-align-compiled.cc:127) hi2509M0087
WARNING (gmm-align-compiled[5.3]:AlignUtteranceWrapper():decoder-wrappers.cc:468) Retrying utterance hi2509M0087 with beam 24
LOG (gmm-align-compiled[5.3]:main():gmm-align-compiled.cc:127) hi2509M0088
WARNING (gmm-align-compiled[5.3]:AlignUtteranceWrapper():decoder-wrappers.cc:468) Retrying utterance hi2509M0088 with beam 24
LOG (gmm-align-compiled[5.3]:main():gmm-align-compiled.cc:127) hi2509M0089
LOG (gmm-align-compiled[5.3]:main():gmm-align-compiled.cc:127) hi2509M0090
WARNING (gmm-align-compiled[5.3]:AlignUtteranceWrapper():decoder-wrappers.cc:468) Retrying utterance hi2509M0090 with beam 24
LOG (gmm-align-compiled[5.3]:main():gmm-align-compiled.cc:127) hi2509M0091
WARNING (gmm-align-compiled[5.3]:AlignUtteranceWrapper():decoder-wrappers.cc:468) Retrying utterance hi2509M0091 with beam 24
LOG (gmm-align-compiled[5.3]:main():gmm-align-compiled.cc:127) hi2509M0092
WARNING (gmm-align-compiled[5.3]:AlignUtteranceWrapper():decoder-wrappers.cc:468) Retrying utterance hi2509M0092 with beam 24
LOG (gmm-align-compiled[5.3]:main():gmm-align-compiled.cc:127) hi2509M0093
WARNING (gmm-align-compiled[5.3]:AlignUtteranceWrapper():decoder-wrappers.cc:468) Retrying utterance hi2509M0093 with beam 24
LOG (gmm-align-compiled[5.3]:main():gmm-align-compiled.cc:127) hi2509M0094
WARNING (gmm-align-compiled[5.3]:AlignUtteranceWrapper():decoder-wrappers.cc:468) Retrying utterance hi2509M0094 with beam 24
LOG (gmm-align-compiled[5.3]:main():gmm-align-compiled.cc:127) hi2509M0095
WARNING (gmm-align-compiled[5.3]:AlignUtteranceWrapper():decoder-wrappers.cc:468) Retrying utterance hi2509M0095 with beam 24
LOG (gmm-align-compiled[5.3]:main():gmm-align-compiled.cc:127) hi2509M0096
WARNING (gmm-align-compiled[5.3]:AlignUtteranceWrapper():decoder-wrappers.cc:468) Retrying utterance hi2509M0096 with beam 24
LOG (gmm-align-compiled[5.3]:main():gmm-align-compiled.cc:127) hi2509M0097
WARNING (gmm-align-compiled[5.3]:AlignUtteranceWrapper():decoder-wrappers.cc:468) Retrying utterance hi2509M0097 with beam 24
LOG (gmm-align-compiled[5.3]:main():gmm-align-compiled.cc:127) hi2509M0098
WARNING (gmm-align-compiled[5.3]:AlignUtteranceWrapper():decoder-wrappers.cc:468) Retrying utterance hi2509M0098 with beam 24
LOG (gmm-align-compiled[5.3]:main():gmm-align-compiled.cc:127) hi2509M0099
WARNING (gmm-align-compiled[5.3]:AlignUtteranceWrapper():decoder-wrappers.cc:468) Retrying utterance hi2509M0099 with beam 24
LOG (gmm-align-compiled[5.3]:main():gmm-align-compiled.cc:127) hi2509M0100
WARNING (gmm-align-compiled[5.3]:AlignUtteranceWrapper():decoder-wrappers.cc:468) Retrying utterance hi2509M0100 with beam 24
LOG (gmm-align-compiled[5.3]:main():gmm-align-compiled.cc:127) hi2509M0101
WARNING (gmm-align-compiled[5.3]:AlignUtteranceWrapper():decoder-wrappers.cc:468) Retrying utterance hi2509M0101 with beam 24
LOG (gmm-align-compiled[5.3]:main():gmm-align-compiled.cc:127) hi2509M0102
WARNING (gmm-align-compiled[5.3]:AlignUtteranceWrapper():decoder-wrappers.cc:468) Retrying utterance hi2509M0102 with beam 24
LOG (gmm-align-compiled[5.3]:main():gmm-align-compiled.cc:127) hi2509M0103
WARNING (gmm-align-compiled[5.3]:AlignUtteranceWrapper():decoder-wrappers.cc:468) Retrying utterance hi2509M0103 with beam 24
WARNING (gmm-align-compiled[5.3]:AlignUtteranceWrapper():decoder-wrappers.cc:477) Did not successfully decode file hi2509M0103, len = 698
LOG (gmm-align-compiled[5.3]:main():gmm-align-compiled.cc:127) hi2509M0104
WARNING (gmm-align-compiled[5.3]:AlignUtteranceWrapper():decoder-wrappers.cc:468) Retrying utterance hi2509M0104 with beam 24
WARNING (gmm-align-compiled[5.3]:AlignUtteranceWrapper():decoder-wrappers.cc:477) Did not successfully decode file hi2509M0104, len = 698
LOG (gmm-align-compiled[5.3]:main():gmm-align-compiled.cc:127) hi2509M0105
WARNING (gmm-align-compiled[5.3]:AlignUtteranceWrapper():decoder-wrappers.cc:468) Retrying utterance hi2509M0105 with beam 24
LOG (gmm-align-compiled[5.3]:main():gmm-align-compiled.cc:127) hi2509M0106
LOG (gmm-align-compiled[5.3]:main():gmm-align-compiled.cc:127) hi2509M0107
LOG (gmm-align-compiled[5.3]:main():gmm-align-compiled.cc:127) hi2509M0108
WARNING (gmm-align-compiled[5.3]:AlignUtteranceWrapper():decoder-wrappers.cc:468) Retrying utterance hi2509M0108 with beam 24
LOG (gmm-align-compiled[5.3]:main():gmm-align-compiled.cc:127) hi2509M0109
LOG (gmm-align-compiled[5.3]:main():gmm-align-compiled.cc:127) hi2509M0110
WARNING (gmm-align-compiled[5.3]:AlignUtteranceWrapper():decoder-wrappers.cc:468) Retrying utterance hi2509M0110 with beam 24
WARNING (gmm-align-compiled[5.3]:AlignUtteranceWrapper():decoder-wrappers.cc:477) Did not successfully decode file hi2509M0110, len = 698
LOG (gmm-align-compiled[5.3]:main():gmm-align-compiled.cc:127) hi2509M0111
WARNING (gmm-align-compiled[5.3]:AlignUtteranceWrapper():decoder-wrappers.cc:468) Retrying utterance hi2509M0111 with beam 24
LOG (gmm-align-compiled[5.3]:main():gmm-align-compiled.cc:127) hi2509M0112
WARNING (gmm-align-compiled[5.3]:AlignUtteranceWrapper():decoder-wrappers.cc:468) Retrying utterance hi2509M0112 with beam 24
LOG (gmm-align-compiled[5.3]:main():gmm-align-compiled.cc:127) hi2509M0113
WARNING (gmm-align-compiled[5.3]:AlignUtteranceWrapper():decoder-wrappers.cc:468) Retrying utterance hi2509M0113 with beam 24
LOG (gmm-align-compiled[5.3]:main():gmm-align-compiled.cc:127) hi2509M0114
WARNING (gmm-align-compiled[5.3]:AlignUtteranceWrapper():decoder-wrappers.cc:468) Retrying utterance hi2509M0114 with beam 24
LOG (gmm-align-compiled[5.3]:main():gmm-align-compiled.cc:127) hi2509M0115
WARNING (gmm-align-compiled[5.3]:AlignUtteranceWrapper():decoder-wrappers.cc:468) Retrying utterance hi2509M0115 with beam 24
LOG (gmm-align-compiled[5.3]:main():gmm-align-compiled.cc:127) hi2509M0116
WARNING (gmm-align-compiled[5.3]:AlignUtteranceWrapper():decoder-wrappers.cc:468) Retrying utterance hi2509M0116 with beam 24
WARNING (gmm-align-compiled[5.3]:AlignUtteranceWrapper():decoder-wrappers.cc:477) Did not successfully decode file hi2509M0116, len = 698
LOG (gmm-align-compiled[5.3]:main():gmm-align-compiled.cc:127) hi2509M0117
LOG (gmm-align-compiled[5.3]:main():gmm-align-compiled.cc:127) hi2509M0118
WARNING (gmm-align-compiled[5.3]:AlignUtteranceWrapper():decoder-wrappers.cc:468) Retrying utterance hi2509M0118 with beam 24
LOG (gmm-align-compiled[5.3]:main():gmm-align-compiled.cc:127) hi2509M0119
WARNING (gmm-align-compiled[5.3]:AlignUtteranceWrapper():decoder-wrappers.cc:468) Retrying utterance hi2509M0119 with beam 24
WARNING (gmm-align-compiled[5.3]:AlignUtteranceWrapper():decoder-wrappers.cc:477) Did not successfully decode file hi2509M0119, len = 698
LOG (gmm-align-compiled[5.3]:main():gmm-align-compiled.cc:127) hi2509M0120
WARNING (gmm-align-compiled[5.3]:AlignUtteranceWrapper():decoder-wrappers.cc:468) Retrying utterance hi2509M0120 with beam 24
LOG (gmm-align-compiled[5.3]:main():gmm-align-compiled.cc:127) hi2509M0141
WARNING (gmm-align-compiled[5.3]:AlignUtteranceWrapper():decoder-wrappers.cc:468) Retrying utterance hi2509M0141 with beam 24
LOG (gmm-align-compiled[5.3]:main():gmm-align-compiled.cc:127) hi2509M0142
WARNING (gmm-align-compiled[5.3]:AlignUtteranceWrapper():decoder-wrappers.cc:468) Retrying utterance hi2509M0142 with beam 24
LOG (gmm-align-compiled[5.3]:main():gmm-align-compiled.cc:127) hi2509M0143
WARNING (gmm-align-compiled[5.3]:AlignUtteranceWrapper():decoder-wrappers.cc:468) Retrying utterance hi2509M0143 with beam 24
LOG (gmm-align-compiled[5.3]:main():gmm-align-compiled.cc:127) hi2509M0144
WARNING (gmm-align-compiled[5.3]:AlignUtteranceWrapper():decoder-wrappers.cc:468) Retrying utterance hi2509M0144 with beam 24
LOG (gmm-align-compiled[5.3]:main():gmm-align-compiled.cc:127) hi2509M0145
WARNING (gmm-align-compiled[5.3]:AlignUtteranceWrapper():decoder-wrappers.cc:468) Retrying utterance hi2509M0145 with beam 24
WARNING (gmm-align-compiled[5.3]:AlignUtteranceWrapper():decoder-wrappers.cc:477) Did not successfully decode file hi2509M0145, len = 698
LOG (gmm-align-compiled[5.3]:main():gmm-align-compiled.cc:127) hi2509M0146
WARNING (gmm-align-compiled[5.3]:AlignUtteranceWrapper():decoder-wrappers.cc:468) Retrying utterance hi2509M0146 with beam 24
LOG (apply-cmvn[5.3]:main():apply-cmvn.cc:162) Applied cepstral mean normalization to 130 utterances, errors on 0
LOG (gmm-align-compiled[5.3]:main():gmm-align-compiled.cc:127) hi2509M0147
WARNING (gmm-align-compiled[5.3]:AlignUtteranceWrapper():decoder-wrappers.cc:468) Retrying utterance hi2509M0147 with beam 24
LOG (gmm-align-compiled[5.3]:main():gmm-align-compiled.cc:127) hi2509M0148
WARNING (gmm-align-compiled[5.3]:AlignUtteranceWrapper():decoder-wrappers.cc:468) Retrying utterance hi2509M0148 with beam 24
LOG (gmm-align-compiled[5.3]:main():gmm-align-compiled.cc:127) hi2509M0149
WARNING (gmm-align-compiled[5.3]:AlignUtteranceWrapper():decoder-wrappers.cc:468) Retrying utterance hi2509M0149 with beam 24
WARNING (gmm-align-compiled[5.3]:AlignUtteranceWrapper():decoder-wrappers.cc:477) Did not successfully decode file hi2509M0149, len = 698
LOG (gmm-align-compiled[5.3]:main():gmm-align-compiled.cc:127) hi2509M0150
WARNING (gmm-align-compiled[5.3]:AlignUtteranceWrapper():decoder-wrappers.cc:468) Retrying utterance hi2509M0150 with beam 24
WARNING (gmm-align-compiled[5.3]:AlignUtteranceWrapper():decoder-wrappers.cc:477) Did not successfully decode file hi2509M0150, len = 698
LOG (gmm-align-compiled[5.3]:main():gmm-align-compiled.cc:135) Overall log-likelihood per frame is -104.457 over 64914 frames.
LOG (gmm-align-compiled[5.3]:main():gmm-align-compiled.cc:137) Retried 119 out of 130 utterances.
LOG (gmm-align-compiled[5.3]:main():gmm-align-compiled.cc:139) Done 93, errors on 37
# Accounting: time=40 threads=1
# Ended (code 0) at Sat Dec 23 21:43:35 IST 2017, elapsed time 40 seconds
