# gmm-acc-stats-ali exp/tri/1.mdl "ark,s,cs:apply-cmvn  --utt2spk=ark:data/train/split4/2/utt2spk scp:data/train/split4/2/cmvn.scp scp:data/train/split4/2/feats.scp ark:- | add-deltas  ark:- ark:- |" "ark,s,cs:gunzip -c exp/tri/ali.2.gz|" exp/tri/1.2.acc 
# Started at Sat Dec 23 22:30:35 IST 2017
#
gmm-acc-stats-ali exp/tri/1.mdl 'ark,s,cs:apply-cmvn  --utt2spk=ark:data/train/split4/2/utt2spk scp:data/train/split4/2/cmvn.scp scp:data/train/split4/2/feats.scp ark:- | add-deltas  ark:- ark:- |' 'ark,s,cs:gunzip -c exp/tri/ali.2.gz|' exp/tri/1.2.acc 
add-deltas ark:- ark:- 
apply-cmvn --utt2spk=ark:data/train/split4/2/utt2spk scp:data/train/split4/2/cmvn.scp scp:data/train/split4/2/feats.scp ark:- 
LOG (gmm-acc-stats-ali[5.3]:main():gmm-acc-stats-ali.cc:105) Processed 50 utterances; for utterance hi2503M0070 avg. like is -96.4108 over 698 frames.
WARNING (gmm-acc-stats-ali[5.3]:main():gmm-acc-stats-ali.cc:79) No alignment for utterance hi2503M0109
LOG (gmm-acc-stats-ali[5.3]:main():gmm-acc-stats-ali.cc:105) Processed 100 utterances; for utterance hi2503M0121 avg. like is -89.7914 over 698 frames.
LOG (gmm-acc-stats-ali[5.3]:main():gmm-acc-stats-ali.cc:105) Processed 150 utterances; for utterance hi2504M0021 avg. like is -93.0744 over 698 frames.
LOG (gmm-acc-stats-ali[5.3]:main():gmm-acc-stats-ali.cc:105) Processed 200 utterances; for utterance hi2504M0091 avg. like is -92.5809 over 698 frames.
WARNING (gmm-acc-stats-ali[5.3]:main():gmm-acc-stats-ali.cc:79) No alignment for utterance hi2504M0124
WARNING (gmm-acc-stats-ali[5.3]:main():gmm-acc-stats-ali.cc:79) No alignment for utterance hi2504M0125
LOG (gmm-acc-stats-ali[5.3]:main():gmm-acc-stats-ali.cc:105) Processed 250 utterances; for utterance hi2504M0143 avg. like is -91.4517 over 698 frames.
LOG (apply-cmvn[5.3]:main():apply-cmvn.cc:162) Applied cepstral mean normalization to 260 utterances, errors on 0
LOG (gmm-acc-stats-ali[5.3]:main():gmm-acc-stats-ali.cc:112) Done 257 files, 3 with errors.
LOG (gmm-acc-stats-ali[5.3]:main():gmm-acc-stats-ali.cc:115) Overall avg like per frame (Gaussian only) = -90.9303 over 179386 frames.
LOG (gmm-acc-stats-ali[5.3]:main():gmm-acc-stats-ali.cc:123) Written accs.
# Accounting: time=2 threads=1
# Ended (code 0) at Sat Dec 23 22:30:37 IST 2017, elapsed time 2 seconds
