# gmm-acc-stats-ali exp/tri/8.mdl "ark,s,cs:apply-cmvn  --utt2spk=ark:data/train/split4/1/utt2spk scp:data/train/split4/1/cmvn.scp scp:data/train/split4/1/feats.scp ark:- | add-deltas  ark:- ark:- |" "ark,s,cs:gunzip -c exp/tri/ali.1.gz|" exp/tri/8.1.acc 
# Started at Sat Dec 23 22:30:54 IST 2017
#
gmm-acc-stats-ali exp/tri/8.mdl 'ark,s,cs:apply-cmvn  --utt2spk=ark:data/train/split4/1/utt2spk scp:data/train/split4/1/cmvn.scp scp:data/train/split4/1/feats.scp ark:- | add-deltas  ark:- ark:- |' 'ark,s,cs:gunzip -c exp/tri/ali.1.gz|' exp/tri/8.1.acc 
add-deltas ark:- ark:- 
apply-cmvn --utt2spk=ark:data/train/split4/1/utt2spk scp:data/train/split4/1/cmvn.scp scp:data/train/split4/1/feats.scp ark:- 
LOG (gmm-acc-stats-ali[5.3]:main():gmm-acc-stats-ali.cc:105) Processed 50 utterances; for utterance hi2501M0070 avg. like is -93.8311 over 698 frames.
LOG (gmm-acc-stats-ali[5.3]:main():gmm-acc-stats-ali.cc:105) Processed 100 utterances; for utterance hi2501M0120 avg. like is -88.376 over 698 frames.
WARNING (gmm-acc-stats-ali[5.3]:main():gmm-acc-stats-ali.cc:79) No alignment for utterance hi2502M0001
LOG (gmm-acc-stats-ali[5.3]:main():gmm-acc-stats-ali.cc:105) Processed 150 utterances; for utterance hi2502M0041 avg. like is -93.9229 over 698 frames.
WARNING (gmm-acc-stats-ali[5.3]:main():gmm-acc-stats-ali.cc:79) No alignment for utterance hi2502M0058
LOG (gmm-acc-stats-ali[5.3]:main():gmm-acc-stats-ali.cc:105) Processed 200 utterances; for utterance hi2502M0092 avg. like is -87.5624 over 698 frames.
WARNING (gmm-acc-stats-ali[5.3]:main():gmm-acc-stats-ali.cc:79) No alignment for utterance hi2502M0116
LOG (gmm-acc-stats-ali[5.3]:main():gmm-acc-stats-ali.cc:105) Processed 250 utterances; for utterance hi2502M0143 avg. like is -90.1465 over 698 frames.
LOG (apply-cmvn[5.3]:main():apply-cmvn.cc:162) Applied cepstral mean normalization to 260 utterances, errors on 0
LOG (gmm-acc-stats-ali[5.3]:main():gmm-acc-stats-ali.cc:112) Done 257 files, 3 with errors.
LOG (gmm-acc-stats-ali[5.3]:main():gmm-acc-stats-ali.cc:115) Overall avg like per frame (Gaussian only) = -89.7329 over 179386 frames.
LOG (gmm-acc-stats-ali[5.3]:main():gmm-acc-stats-ali.cc:123) Written accs.
# Accounting: time=3 threads=1
# Ended (code 0) at Sat Dec 23 22:30:57 IST 2017, elapsed time 3 seconds
