# gmm-est --mix-up=24800 --power=0.25 --write-occs=exp/tri/21.occs exp/tri/20.mdl "gmm-sum-accs - exp/tri/20.*.acc |" exp/tri/21.mdl 
# Started at Sat Dec 23 22:34:32 IST 2017
#
gmm-est --mix-up=24800 --power=0.25 --write-occs=exp/tri/21.occs exp/tri/20.mdl 'gmm-sum-accs - exp/tri/20.*.acc |' exp/tri/21.mdl 
gmm-sum-accs - exp/tri/20.1.acc exp/tri/20.2.acc exp/tri/20.3.acc exp/tri/20.4.acc 
LOG (gmm-sum-accs[5.3]:main():gmm-sum-accs.cc:63) Summed 4 stats, total count 626106, avg like/frame -85.0484
LOG (gmm-sum-accs[5.3]:main():gmm-sum-accs.cc:66) Total count of stats is 626106
LOG (gmm-sum-accs[5.3]:main():gmm-sum-accs.cc:67) Written stats to -
LOG (gmm-est[5.3]:MleUpdate():transition-model.cc:517) TransitionModel::Update, objf change is 0.000130423 per frame over 626106 frames. 
LOG (gmm-est[5.3]:MleUpdate():transition-model.cc:520) 131 probabilities floored, 2539 out of 4556 transition-states skipped due to insuffient data (it is normal to have some skipped.)
LOG (gmm-est[5.3]:main():gmm-est.cc:102) Transition model update: Overall 0.000130423 log-like improvement per frame over 626106 frames.
WARNING (gmm-est[5.3]:MleDiagGmmUpdate():mle-diag-gmm.cc:359) Too little data - removing Gaussian (weight 0.028202, occupation count 9.250248, vector size 39)
WARNING (gmm-est[5.3]:MleDiagGmmUpdate():mle-diag-gmm.cc:359) Too little data - removing Gaussian (weight 0.188670, occupation count 9.999532, vector size 39)
WARNING (gmm-est[5.3]:MleDiagGmmUpdate():mle-diag-gmm.cc:359) Too little data - removing Gaussian (weight 0.011773, occupation count 9.595179, vector size 39)
WARNING (gmm-est[5.3]:MleDiagGmmUpdate():mle-diag-gmm.cc:359) Too little data - removing Gaussian (weight 0.016061, occupation count 8.753386, vector size 39)
WARNING (gmm-est[5.3]:MleDiagGmmUpdate():mle-diag-gmm.cc:359) Too little data - removing Gaussian (weight 0.011441, occupation count 9.999163, vector size 39)
WARNING (gmm-est[5.3]:MleDiagGmmUpdate():mle-diag-gmm.cc:359) Too little data - removing Gaussian (weight 0.011455, occupation count 9.748546, vector size 39)
WARNING (gmm-est[5.3]:MleDiagGmmUpdate():mle-diag-gmm.cc:359) Too little data - removing Gaussian (weight 0.013171, occupation count 9.733197, vector size 39)
WARNING (gmm-est[5.3]:MleDiagGmmUpdate():mle-diag-gmm.cc:359) Too little data - removing Gaussian (weight 0.019969, occupation count 9.884411, vector size 39)
WARNING (gmm-est[5.3]:MleDiagGmmUpdate():mle-diag-gmm.cc:359) Too little data - removing Gaussian (weight 0.013175, occupation count 9.683967, vector size 39)
WARNING (gmm-est[5.3]:MleDiagGmmUpdate():mle-diag-gmm.cc:359) Too little data - removing Gaussian (weight 0.028806, occupation count 9.995579, vector size 39)
WARNING (gmm-est[5.3]:MleDiagGmmUpdate():mle-diag-gmm.cc:359) Too little data - removing Gaussian (weight 0.007220, occupation count 9.573869, vector size 39)
WARNING (gmm-est[5.3]:MleDiagGmmUpdate():mle-diag-gmm.cc:359) Too little data - removing Gaussian (weight 0.048936, occupation count 9.200047, vector size 39)
WARNING (gmm-est[5.3]:MleDiagGmmUpdate():mle-diag-gmm.cc:359) Too little data - removing Gaussian (weight 0.013544, occupation count 9.819749, vector size 39)
WARNING (gmm-est[5.3]:MleDiagGmmUpdate():mle-diag-gmm.cc:359) Too little data - removing Gaussian (weight 0.021793, occupation count 9.000473, vector size 39)
WARNING (gmm-est[5.3]:MleDiagGmmUpdate():mle-diag-gmm.cc:359) Too little data - removing Gaussian (weight 0.004080, occupation count 8.589443, vector size 39)
WARNING (gmm-est[5.3]:MleDiagGmmUpdate():mle-diag-gmm.cc:359) Too little data - removing Gaussian (weight 0.004166, occupation count 8.769349, vector size 39)
WARNING (gmm-est[5.3]:MleDiagGmmUpdate():mle-diag-gmm.cc:359) Too little data - removing Gaussian (weight 0.012251, occupation count 9.800940, vector size 39)
WARNING (gmm-est[5.3]:MleDiagGmmUpdate():mle-diag-gmm.cc:359) Too little data - removing Gaussian (weight 0.067692, occupation count 9.815410, vector size 39)
WARNING (gmm-est[5.3]:MleDiagGmmUpdate():mle-diag-gmm.cc:359) Too little data - removing Gaussian (weight 0.009145, occupation count 9.511083, vector size 39)
WARNING (gmm-est[5.3]:MleDiagGmmUpdate():mle-diag-gmm.cc:359) Too little data - removing Gaussian (weight 0.021272, occupation count 9.551075, vector size 39)
WARNING (gmm-est[5.3]:MleDiagGmmUpdate():mle-diag-gmm.cc:359) Too little data - removing Gaussian (weight 0.024572, occupation count 9.976336, vector size 39)
WARNING (gmm-est[5.3]:MleDiagGmmUpdate():mle-diag-gmm.cc:359) Too little data - removing Gaussian (weight 0.024873, occupation count 9.998880, vector size 39)
WARNING (gmm-est[5.3]:MleDiagGmmUpdate():mle-diag-gmm.cc:359) Too little data - removing Gaussian (weight 0.060893, occupation count 9.012094, vector size 39)
WARNING (gmm-est[5.3]:MleDiagGmmUpdate():mle-diag-gmm.cc:359) Too little data - removing Gaussian (weight 0.009896, occupation count 8.411579, vector size 39)
WARNING (gmm-est[5.3]:MleDiagGmmUpdate():mle-diag-gmm.cc:359) Too little data - removing Gaussian (weight 0.010574, occupation count 9.410580, vector size 39)
WARNING (gmm-est[5.3]:MleDiagGmmUpdate():mle-diag-gmm.cc:359) Too little data - removing Gaussian (weight 0.043270, occupation count 9.000139, vector size 39)
WARNING (gmm-est[5.3]:MleDiagGmmUpdate():mle-diag-gmm.cc:359) Too little data - removing Gaussian (weight 0.040084, occupation count 9.980941, vector size 39)
WARNING (gmm-est[5.3]:MleDiagGmmUpdate():mle-diag-gmm.cc:359) Too little data - removing Gaussian (weight 0.035857, occupation count 8.999986, vector size 39)
WARNING (gmm-est[5.3]:MleDiagGmmUpdate():mle-diag-gmm.cc:359) Too little data - removing Gaussian (weight 0.017992, occupation count 9.985699, vector size 39)
WARNING (gmm-est[5.3]:MleDiagGmmUpdate():mle-diag-gmm.cc:359) Too little data - removing Gaussian (weight 0.011006, occupation count 9.200739, vector size 39)
WARNING (gmm-est[5.3]:MleDiagGmmUpdate():mle-diag-gmm.cc:359) Too little data - removing Gaussian (weight 0.011086, occupation count 9.711415, vector size 39)
WARNING (gmm-est[5.3]:MleDiagGmmUpdate():mle-diag-gmm.cc:359) Too little data - removing Gaussian (weight 0.037338, occupation count 8.998509, vector size 39)
WARNING (gmm-est[5.3]:MleDiagGmmUpdate():mle-diag-gmm.cc:359) Too little data - removing Gaussian (weight 0.083333, occupation count 9.999957, vector size 39)
WARNING (gmm-est[5.3]:MleDiagGmmUpdate():mle-diag-gmm.cc:359) Too little data - removing Gaussian (weight 0.005608, occupation count 7.918384, vector size 39)
WARNING (gmm-est[5.3]:MleDiagGmmUpdate():mle-diag-gmm.cc:359) Too little data - removing Gaussian (weight 0.009385, occupation count 9.243967, vector size 39)
WARNING (gmm-est[5.3]:MleDiagGmmUpdate():mle-diag-gmm.cc:359) Too little data - removing Gaussian (weight 0.007853, occupation count 8.402389, vector size 39)
WARNING (gmm-est[5.3]:MleDiagGmmUpdate():mle-diag-gmm.cc:359) Too little data - removing Gaussian (weight 0.004937, occupation count 8.333582, vector size 39)
WARNING (gmm-est[5.3]:MleDiagGmmUpdate():mle-diag-gmm.cc:359) Too little data - removing Gaussian (weight 0.012062, occupation count 9.191338, vector size 39)
WARNING (gmm-est[5.3]:MleDiagGmmUpdate():mle-diag-gmm.cc:359) Too little data - removing Gaussian (weight 0.016135, occupation count 9.874835, vector size 39)
WARNING (gmm-est[5.3]:MleDiagGmmUpdate():mle-diag-gmm.cc:359) Too little data - removing Gaussian (weight 0.005720, occupation count 8.082371, vector size 39)
WARNING (gmm-est[5.3]:MleDiagGmmUpdate():mle-diag-gmm.cc:359) Too little data - removing Gaussian (weight 0.062102, occupation count 9.998497, vector size 39)
WARNING (gmm-est[5.3]:MleDiagGmmUpdate():mle-diag-gmm.cc:359) Too little data - removing Gaussian (weight 0.010921, occupation count 9.676168, vector size 39)
WARNING (gmm-est[5.3]:MleDiagGmmUpdate():mle-diag-gmm.cc:359) Too little data - removing Gaussian (weight 0.010683, occupation count 7.915841, vector size 39)
WARNING (gmm-est[5.3]:MleDiagGmmUpdate():mle-diag-gmm.cc:359) Too little data - removing Gaussian (weight 0.042735, occupation count 9.999981, vector size 39)
WARNING (gmm-est[5.3]:MleDiagGmmUpdate():mle-diag-gmm.cc:359) Too little data - removing Gaussian (weight 0.052400, occupation count 9.956060, vector size 39)
WARNING (gmm-est[5.3]:MleDiagGmmUpdate():mle-diag-gmm.cc:359) Too little data - removing Gaussian (weight 0.010285, occupation count 9.482734, vector size 39)
WARNING (gmm-est[5.3]:MleDiagGmmUpdate():mle-diag-gmm.cc:359) Too little data - removing Gaussian (weight 0.013675, occupation count 9.846278, vector size 39)
WARNING (gmm-est[5.3]:MleDiagGmmUpdate():mle-diag-gmm.cc:359) Too little data - removing Gaussian (weight 0.013753, occupation count 9.902174, vector size 39)
WARNING (gmm-est[5.3]:MleDiagGmmUpdate():mle-diag-gmm.cc:359) Too little data - removing Gaussian (weight 0.005292, occupation count 7.514555, vector size 39)
WARNING (gmm-est[5.3]:MleDiagGmmUpdate():mle-diag-gmm.cc:359) Too little data - removing Gaussian (weight 0.011927, occupation count 9.505793, vector size 39)
WARNING (gmm-est[5.3]:MleDiagGmmUpdate():mle-diag-gmm.cc:359) Too little data - removing Gaussian (weight 0.008788, occupation count 7.751344, vector size 39)
WARNING (gmm-est[5.3]:MleDiagGmmUpdate():mle-diag-gmm.cc:359) Too little data - removing Gaussian (weight 0.023383, occupation count 9.984613, vector size 39)
WARNING (gmm-est[5.3]:MleDiagGmmUpdate():mle-diag-gmm.cc:359) Too little data - removing Gaussian (weight 0.007571, occupation count 9.629840, vector size 39)
WARNING (gmm-est[5.3]:MleDiagGmmUpdate():mle-diag-gmm.cc:359) Too little data - removing Gaussian (weight 0.012582, occupation count 9.864661, vector size 39)
WARNING (gmm-est[5.3]:MleDiagGmmUpdate():mle-diag-gmm.cc:359) Too little data - removing Gaussian (weight 0.030478, occupation count 9.996837, vector size 39)
WARNING (gmm-est[5.3]:MleDiagGmmUpdate():mle-diag-gmm.cc:359) Too little data - removing Gaussian (weight 0.026808, occupation count 9.999334, vector size 39)
WARNING (gmm-est[5.3]:MleDiagGmmUpdate():mle-diag-gmm.cc:359) Too little data - removing Gaussian (weight 0.012428, occupation count 9.607068, vector size 39)
WARNING (gmm-est[5.3]:MleDiagGmmUpdate():mle-diag-gmm.cc:359) Too little data - removing Gaussian (weight 0.006118, occupation count 8.559151, vector size 39)
WARNING (gmm-est[5.3]:MleDiagGmmUpdate():mle-diag-gmm.cc:359) Too little data - removing Gaussian (weight 0.028160, occupation count 9.996682, vector size 39)
LOG (gmm-est[5.3]:MleAmDiagGmmUpdate():mle-am-diag-gmm.cc:225) 1 variance elements floored in 1 Gaussians, out of 23552
LOG (gmm-est[5.3]:MleAmDiagGmmUpdate():mle-am-diag-gmm.cc:229) Removed 59 Gaussians due to counts < --min-gaussian-occupancy=10 and --remove-low-count-gaussians=true
LOG (gmm-est[5.3]:main():gmm-est.cc:113) GMM update: Overall 0.171367 objective function improvement per frame over 626106 frames
LOG (gmm-est[5.3]:main():gmm-est.cc:116) GMM update: Overall avg like per frame = -85.0484 over 626106 frames.
LOG (gmm-est[5.3]:SplitByCount():am-diag-gmm.cc:116) Split 1126 states with target = 24800, power = 0.25, perturb_factor = 0.01 and min_count = 20, split #Gauss from 23552 to 24886
LOG (gmm-est[5.3]:main():gmm-est.cc:146) Written model to exp/tri/21.mdl
# Accounting: time=1 threads=1
# Ended (code 0) at Sat Dec 23 22:34:33 IST 2017, elapsed time 1 seconds
