# gmm-est --mix-up=20000 --power=0.25 --write-occs=exp/tri/17.occs exp/tri/16.mdl "gmm-sum-accs - exp/tri/16.*.acc |" exp/tri/17.mdl 
# Started at Sat Dec 23 22:32:05 IST 2017
#
gmm-est --mix-up=20000 --power=0.25 --write-occs=exp/tri/17.occs exp/tri/16.mdl 'gmm-sum-accs - exp/tri/16.*.acc |' exp/tri/17.mdl 
gmm-sum-accs - exp/tri/16.1.acc exp/tri/16.2.acc exp/tri/16.3.acc exp/tri/16.4.acc 
LOG (gmm-sum-accs[5.3]:main():gmm-sum-accs.cc:63) Summed 4 stats, total count 626106, avg like/frame -86.0871
LOG (gmm-sum-accs[5.3]:main():gmm-sum-accs.cc:66) Total count of stats is 626106
LOG (gmm-sum-accs[5.3]:main():gmm-sum-accs.cc:67) Written stats to -
LOG (gmm-est[5.3]:MleUpdate():transition-model.cc:517) TransitionModel::Update, objf change is 0 per frame over 626106 frames. 
LOG (gmm-est[5.3]:MleUpdate():transition-model.cc:520) 133 probabilities floored, 2539 out of 4556 transition-states skipped due to insuffient data (it is normal to have some skipped.)
LOG (gmm-est[5.3]:main():gmm-est.cc:102) Transition model update: Overall 0 log-like improvement per frame over 626106 frames.
WARNING (gmm-est[5.3]:MleDiagGmmUpdate():mle-diag-gmm.cc:359) Too little data - removing Gaussian (weight 0.028947, occupation count 9.899773, vector size 39)
WARNING (gmm-est[5.3]:MleDiagGmmUpdate():mle-diag-gmm.cc:359) Too little data - removing Gaussian (weight 0.018593, occupation count 7.492862, vector size 39)
WARNING (gmm-est[5.3]:MleDiagGmmUpdate():mle-diag-gmm.cc:359) Too little data - removing Gaussian (weight 0.029114, occupation count 9.985990, vector size 39)
WARNING (gmm-est[5.3]:MleDiagGmmUpdate():mle-diag-gmm.cc:359) Too little data - removing Gaussian (weight 0.027033, occupation count 9.326355, vector size 39)
WARNING (gmm-est[5.3]:MleDiagGmmUpdate():mle-diag-gmm.cc:359) Too little data - removing Gaussian (weight 0.022162, occupation count 9.330210, vector size 39)
WARNING (gmm-est[5.3]:MleDiagGmmUpdate():mle-diag-gmm.cc:359) Too little data - removing Gaussian (weight 0.066157, occupation count 9.394291, vector size 39)
WARNING (gmm-est[5.3]:MleDiagGmmUpdate():mle-diag-gmm.cc:359) Too little data - removing Gaussian (weight 0.160797, occupation count 9.969417, vector size 39)
WARNING (gmm-est[5.3]:MleDiagGmmUpdate():mle-diag-gmm.cc:359) Too little data - removing Gaussian (weight 0.027519, occupation count 9.081247, vector size 39)
WARNING (gmm-est[5.3]:MleDiagGmmUpdate():mle-diag-gmm.cc:359) Too little data - removing Gaussian (weight 0.028069, occupation count 9.992474, vector size 39)
WARNING (gmm-est[5.3]:MleDiagGmmUpdate():mle-diag-gmm.cc:359) Too little data - removing Gaussian (weight 0.028223, occupation count 9.398151, vector size 39)
WARNING (gmm-est[5.3]:MleDiagGmmUpdate():mle-diag-gmm.cc:359) Too little data - removing Gaussian (weight 0.043541, occupation count 9.013068, vector size 39)
WARNING (gmm-est[5.3]:MleDiagGmmUpdate():mle-diag-gmm.cc:359) Too little data - removing Gaussian (weight 0.045869, occupation count 9.999522, vector size 39)
WARNING (gmm-est[5.3]:MleDiagGmmUpdate():mle-diag-gmm.cc:359) Too little data - removing Gaussian (weight 0.039182, occupation count 9.991319, vector size 39)
WARNING (gmm-est[5.3]:MleDiagGmmUpdate():mle-diag-gmm.cc:359) Too little data - removing Gaussian (weight 0.021263, occupation count 8.632617, vector size 39)
WARNING (gmm-est[5.3]:MleDiagGmmUpdate():mle-diag-gmm.cc:359) Too little data - removing Gaussian (weight 0.030545, occupation count 9.621732, vector size 39)
WARNING (gmm-est[5.3]:MleDiagGmmUpdate():mle-diag-gmm.cc:359) Too little data - removing Gaussian (weight 0.035404, occupation count 8.036741, vector size 39)
WARNING (gmm-est[5.3]:MleDiagGmmUpdate():mle-diag-gmm.cc:359) Too little data - removing Gaussian (weight 0.029162, occupation count 9.069369, vector size 39)
WARNING (gmm-est[5.3]:MleDiagGmmUpdate():mle-diag-gmm.cc:359) Too little data - removing Gaussian (weight 0.028661, occupation count 9.830689, vector size 39)
WARNING (gmm-est[5.3]:MleDiagGmmUpdate():mle-diag-gmm.cc:359) Too little data - removing Gaussian (weight 0.023743, occupation count 8.879994, vector size 39)
WARNING (gmm-est[5.3]:MleDiagGmmUpdate():mle-diag-gmm.cc:359) Too little data - removing Gaussian (weight 0.022710, occupation count 7.380874, vector size 39)
WARNING (gmm-est[5.3]:MleDiagGmmUpdate():mle-diag-gmm.cc:359) Too little data - removing Gaussian (weight 0.023942, occupation count 9.002009, vector size 39)
WARNING (gmm-est[5.3]:MleDiagGmmUpdate():mle-diag-gmm.cc:359) Too little data - removing Gaussian (weight 0.033100, occupation count 9.962966, vector size 39)
WARNING (gmm-est[5.3]:MleDiagGmmUpdate():mle-diag-gmm.cc:359) Too little data - removing Gaussian (weight 0.052786, occupation count 9.079238, vector size 39)
WARNING (gmm-est[5.3]:MleDiagGmmUpdate():mle-diag-gmm.cc:359) Too little data - removing Gaussian (weight 0.021443, occupation count 9.198846, vector size 39)
WARNING (gmm-est[5.3]:MleDiagGmmUpdate():mle-diag-gmm.cc:359) Too little data - removing Gaussian (weight 0.034993, occupation count 9.938116, vector size 39)
WARNING (gmm-est[5.3]:MleDiagGmmUpdate():mle-diag-gmm.cc:359) Too little data - removing Gaussian (weight 0.028913, occupation count 9.078592, vector size 39)
WARNING (gmm-est[5.3]:MleDiagGmmUpdate():mle-diag-gmm.cc:359) Too little data - removing Gaussian (weight 0.037722, occupation count 9.996271, vector size 39)
LOG (gmm-est[5.3]:MleAmDiagGmmUpdate():mle-am-diag-gmm.cc:225) 0 variance elements floored in 0 Gaussians, out of 18787
LOG (gmm-est[5.3]:MleAmDiagGmmUpdate():mle-am-diag-gmm.cc:229) Removed 27 Gaussians due to counts < --min-gaussian-occupancy=10 and --remove-low-count-gaussians=true
LOG (gmm-est[5.3]:main():gmm-est.cc:113) GMM update: Overall 0.160741 objective function improvement per frame over 626106 frames
LOG (gmm-est[5.3]:main():gmm-est.cc:116) GMM update: Overall avg like per frame = -86.0871 over 626106 frames.
LOG (gmm-est[5.3]:SplitByCount():am-diag-gmm.cc:116) Split 1126 states with target = 20000, power = 0.25, perturb_factor = 0.01 and min_count = 20, split #Gauss from 18787 to 20014
LOG (gmm-est[5.3]:main():gmm-est.cc:146) Written model to exp/tri/17.mdl
# Accounting: time=1 threads=1
# Ended (code 0) at Sat Dec 23 22:32:06 IST 2017, elapsed time 1 seconds
