# gmm-est --mix-up=11600 --power=0.25 --write-occs=exp/tri/10.occs exp/tri/9.mdl "gmm-sum-accs - exp/tri/9.*.acc |" exp/tri/10.mdl 
# Started at Sat Dec 23 22:31:02 IST 2017
#
gmm-est --mix-up=11600 --power=0.25 --write-occs=exp/tri/10.occs exp/tri/9.mdl 'gmm-sum-accs - exp/tri/9.*.acc |' exp/tri/10.mdl 
gmm-sum-accs - exp/tri/9.1.acc exp/tri/9.2.acc exp/tri/9.3.acc exp/tri/9.4.acc 
LOG (gmm-sum-accs[5.3]:main():gmm-sum-accs.cc:63) Summed 4 stats, total count 625408, avg like/frame -88.8836
LOG (gmm-sum-accs[5.3]:main():gmm-sum-accs.cc:66) Total count of stats is 625408
LOG (gmm-sum-accs[5.3]:main():gmm-sum-accs.cc:67) Written stats to -
LOG (gmm-est[5.3]:MleUpdate():transition-model.cc:517) TransitionModel::Update, objf change is -2.17296e-11 per frame over 625408 frames. 
LOG (gmm-est[5.3]:MleUpdate():transition-model.cc:520) 45 probabilities floored, 2537 out of 4556 transition-states skipped due to insuffient data (it is normal to have some skipped.)
LOG (gmm-est[5.3]:main():gmm-est.cc:102) Transition model update: Overall -2.17296e-11 log-like improvement per frame over 625408 frames.
WARNING (gmm-est[5.3]:MleDiagGmmUpdate():mle-diag-gmm.cc:359) Too little data - removing Gaussian (weight 0.133245, occupation count 8.527699, vector size 39)
WARNING (gmm-est[5.3]:MleDiagGmmUpdate():mle-diag-gmm.cc:359) Too little data - removing Gaussian (weight 0.044781, occupation count 8.150064, vector size 39)
WARNING (gmm-est[5.3]:MleDiagGmmUpdate():mle-diag-gmm.cc:359) Too little data - removing Gaussian (weight 0.049742, occupation count 9.052972, vector size 39)
WARNING (gmm-est[5.3]:MleDiagGmmUpdate():mle-diag-gmm.cc:359) Too little data - removing Gaussian (weight 0.031924, occupation count 8.587500, vector size 39)
WARNING (gmm-est[5.3]:MleDiagGmmUpdate():mle-diag-gmm.cc:359) Too little data - removing Gaussian (weight 0.021818, occupation count 5.869028, vector size 39)
WARNING (gmm-est[5.3]:MleDiagGmmUpdate():mle-diag-gmm.cc:359) Too little data - removing Gaussian (weight 0.063144, occupation count 9.219008, vector size 39)
WARNING (gmm-est[5.3]:MleDiagGmmUpdate():mle-diag-gmm.cc:359) Too little data - removing Gaussian (weight 0.082676, occupation count 9.507723, vector size 39)
WARNING (gmm-est[5.3]:MleDiagGmmUpdate():mle-diag-gmm.cc:359) Too little data - removing Gaussian (weight 0.071317, occupation count 8.629409, vector size 39)
LOG (gmm-est[5.3]:MleAmDiagGmmUpdate():mle-am-diag-gmm.cc:225) 0 variance elements floored in 0 Gaussians, out of 10392
LOG (gmm-est[5.3]:MleAmDiagGmmUpdate():mle-am-diag-gmm.cc:229) Removed 8 Gaussians due to counts < --min-gaussian-occupancy=10 and --remove-low-count-gaussians=true
LOG (gmm-est[5.3]:main():gmm-est.cc:113) GMM update: Overall 0.263511 objective function improvement per frame over 625408 frames
LOG (gmm-est[5.3]:main():gmm-est.cc:116) GMM update: Overall avg like per frame = -88.8836 over 625408 frames.
LOG (gmm-est[5.3]:SplitByCount():am-diag-gmm.cc:116) Split 1126 states with target = 11600, power = 0.25, perturb_factor = 0.01 and min_count = 20, split #Gauss from 10392 to 11600
LOG (gmm-est[5.3]:main():gmm-est.cc:146) Written model to exp/tri/10.mdl
# Accounting: time=0 threads=1
# Ended (code 0) at Sat Dec 23 22:31:02 IST 2017, elapsed time 0 seconds
