# gunzip -c exp/tri/decode/depth_stats_tmp.*.gz | steps/diagnostic/analyze_lattice_depth_stats.py exp/tri/graph 
# Started at Sat Dec 23 23:00:00 IST 2017
#
The total amount of data analyzed assuming 100 frames per second is 0.3 hours
Overall, lattice depth (10,50,90-percentile)=(1,1,2) and mean=1.5
Nonsilence phones as a group account for 69.5% of frames, with lattice depth (10,50,90-percentile)=(1,1,2) and mean=1.3
Phone sil accounts for 30.5% of frames, with lattice depth (10,50,90-percentile)=(1,1,3) and mean=1.9
Phone ei_E accounts for 8.3% of frames, with lattice depth (10,50,90-percentile)=(1,1,3) and mean=1.9
Phone a_I accounts for 4.0% of frames, with lattice depth (10,50,90-percentile)=(1,1,1) and mean=1.2
Phone ii_E accounts for 3.4% of frames, with lattice depth (10,50,90-percentile)=(1,1,2) and mean=1.3
Phone aa_I accounts for 3.2% of frames, with lattice depth (10,50,90-percentile)=(1,1,2) and mean=1.2
Phone aa_E accounts for 2.8% of frames, with lattice depth (10,50,90-percentile)=(1,1,1) and mean=1.2
Phone ee_E accounts for 2.6% of frames, with lattice depth (10,50,90-percentile)=(1,1,2) and mean=1.4
Phone h_B accounts for 2.4% of frames, with lattice depth (10,50,90-percentile)=(1,1,3) and mean=1.7
Phone s_B accounts for 1.9% of frames, with lattice depth (10,50,90-percentile)=(1,1,1) and mean=1.1
Phone k_B accounts for 1.9% of frames, with lattice depth (10,50,90-percentile)=(1,1,2) and mean=1.3
Phone m_B accounts for 1.5% of frames, with lattice depth (10,50,90-percentile)=(1,1,2) and mean=1.4
Phone ee_I accounts for 1.4% of frames, with lattice depth (10,50,90-percentile)=(1,1,2) and mean=1.5
Phone r_E accounts for 1.2% of frames, with lattice depth (10,50,90-percentile)=(1,1,1) and mean=1.3
Phone t_I accounts for 1.2% of frames, with lattice depth (10,50,90-percentile)=(1,1,1) and mean=1.1
Phone p_B accounts for 1.1% of frames, with lattice depth (10,50,90-percentile)=(1,1,1) and mean=1.2
Phone n_E accounts for 1.0% of frames, with lattice depth (10,50,90-percentile)=(1,1,2) and mean=1.4
Phone n_I accounts for 1.0% of frames, with lattice depth (10,50,90-percentile)=(1,1,2) and mean=1.2
Phone o_I accounts for 0.9% of frames, with lattice depth (10,50,90-percentile)=(1,1,1) and mean=1.1
Phone i_I accounts for 0.9% of frames, with lattice depth (10,50,90-percentile)=(1,1,1) and mean=1.2
Phone o_E accounts for 0.9% of frames, with lattice depth (10,50,90-percentile)=(1,1,1) and mean=1.1
Phone k_I accounts for 0.9% of frames, with lattice depth (10,50,90-percentile)=(1,1,1) and mean=1.1
Phone d_B accounts for 0.9% of frames, with lattice depth (10,50,90-percentile)=(1,1,2) and mean=1.4
Phone s_I accounts for 0.8% of frames, with lattice depth (10,50,90-percentile)=(1,1,1) and mean=1.1
Phone r_I accounts for 0.8% of frames, with lattice depth (10,50,90-percentile)=(1,1,1) and mean=1.2
Phone ii_I accounts for 0.7% of frames, with lattice depth (10,50,90-percentile)=(1,1,1) and mean=1.1
Phone b_B accounts for 0.7% of frames, with lattice depth (10,50,90-percentile)=(1,1,1) and mean=1.1
Phone on_E accounts for 0.7% of frames, with lattice depth (10,50,90-percentile)=(1,1,1) and mean=1.2
Phone u_I accounts for 0.7% of frames, with lattice depth (10,50,90-percentile)=(1,1,1) and mean=1.1
Phone ou_B accounts for 0.6% of frames, with lattice depth (10,50,90-percentile)=(1,1,1) and mean=1.2
Phone h_I accounts for 0.6% of frames, with lattice depth (10,50,90-percentile)=(1,1,2) and mean=1.4
Phone j_B accounts for 0.6% of frames, with lattice depth (10,50,90-percentile)=(1,1,1) and mean=1.1
Phone u_B accounts for 0.6% of frames, with lattice depth (10,50,90-percentile)=(1,1,1) and mean=1.2
Phone ei_I accounts for 0.6% of frames, with lattice depth (10,50,90-percentile)=(1,1,2) and mean=1.4
Phone y_I accounts for 0.6% of frames, with lattice depth (10,50,90-percentile)=(1,1,1) and mean=1.2
Phone uu_I accounts for 0.6% of frames, with lattice depth (10,50,90-percentile)=(1,1,1) and mean=1.1
Phone l_I accounts for 0.5% of frames, with lattice depth (10,50,90-percentile)=(1,1,1) and mean=1.2
# Accounting: time=0 threads=1
# Ended (code 0) at Sat Dec 23 23:00:00 IST 2017, elapsed time 0 seconds
